CRITICAL - 2023-05-11 06:25:44 --> Undefined array key "slug"
in APPPATH\Views\laporanharian\indexlaporan.php on line 61.
 1 APPPATH\Views\laporanharian\indexlaporan.php(61): CodeIgniter\Debug\Exceptions->errorHandler(2, 'Undefined array key "slug"', 'APPPATH\\Views\\laporanharian\\indexlaporan.php', 61)
 2 SYSTEMPATH\View\View.php(213): include('APPPATH\\Views\\laporanharian\\indexlaporan.php')
 3 SYSTEMPATH\View\View.php(216): CodeIgniter\View\View->CodeIgniter\View\{closure}()
 4 SYSTEMPATH\Common.php(1184): CodeIgniter\View\View->render('laporanharian/indexlaporan', [], true)
 5 APPPATH\Controllers\Laporan.php(23): view('laporanharian/indexlaporan', [...])
 6 SYSTEMPATH\CodeIgniter.php(934): App\Controllers\Laporan->index()
 7 SYSTEMPATH\CodeIgniter.php(499): CodeIgniter\CodeIgniter->runController(Object(App\Controllers\Laporan))
 8 SYSTEMPATH\CodeIgniter.php(368): CodeIgniter\CodeIgniter->handleRequest(null, Object(Config\Cache), false)
 9 FCPATH\index.php(67): CodeIgniter\CodeIgniter->run()
10 SYSTEMPATH\Commands\Server\rewrite.php(47): require_once('FCPATH\\index.php')
CRITICAL - 2023-05-11 09:00:50 --> A non-numeric value encountered
in APPPATH\Views\laporanharian\indexlaporan.php on line 59.
 1 APPPATH\Views\laporanharian\indexlaporan.php(59): CodeIgniter\Debug\Exceptions->errorHandler(2, 'A non-numeric value encountered', 'APPPATH\\Views\\laporanharian\\indexlaporan.php', 59)
 2 SYSTEMPATH\View\View.php(213): include('APPPATH\\Views\\laporanharian\\indexlaporan.php')
 3 SYSTEMPATH\View\View.php(216): CodeIgniter\View\View->CodeIgniter\View\{closure}()
 4 SYSTEMPATH\Common.php(1184): CodeIgniter\View\View->render('laporanharian/indexlaporan', [], true)
 5 APPPATH\Controllers\Laporan.php(23): view('laporanharian/indexlaporan', [...])
 6 SYSTEMPATH\CodeIgniter.php(934): App\Controllers\Laporan->index()
 7 SYSTEMPATH\CodeIgniter.php(499): CodeIgniter\CodeIgniter->runController(Object(App\Controllers\Laporan))
 8 SYSTEMPATH\CodeIgniter.php(368): CodeIgniter\CodeIgniter->handleRequest(null, Object(Config\Cache), false)
 9 FCPATH\index.php(67): CodeIgniter\CodeIgniter->run()
10 SYSTEMPATH\Commands\Server\rewrite.php(47): require_once('FCPATH\\index.php')
CRITICAL - 2023-05-11 12:30:35 --> Too few arguments to function App\Models\LaporanModel::getLaporan(), 0 passed in C:\xampp\htdocs\monitoring\app\Controllers\Laporan.php on line 20 and exactly 1 expected
in APPPATH\Models\LaporanModel.php on line 14.
 1 APPPATH\Controllers\Laporan.php(20): App\Models\LaporanModel->getLaporan()
 2 SYSTEMPATH\CodeIgniter.php(934): App\Controllers\Laporan->index()
 3 SYSTEMPATH\CodeIgniter.php(499): CodeIgniter\CodeIgniter->runController(Object(App\Controllers\Laporan))
 4 SYSTEMPATH\CodeIgniter.php(368): CodeIgniter\CodeIgniter->handleRequest(null, Object(Config\Cache), false)
 5 FCPATH\index.php(67): CodeIgniter\CodeIgniter->run()
 6 SYSTEMPATH\Commands\Server\rewrite.php(47): require_once('FCPATH\\index.php')
CRITICAL - 2023-05-11 12:31:40 --> Too few arguments to function App\Models\LaporanModel::getLaporan(), 0 passed in C:\xampp\htdocs\monitoring\app\Controllers\Laporan.php on line 20 and exactly 1 expected
in APPPATH\Models\LaporanModel.php on line 14.
 1 APPPATH\Controllers\Laporan.php(20): App\Models\LaporanModel->getLaporan()
 2 SYSTEMPATH\CodeIgniter.php(934): App\Controllers\Laporan->index()
 3 SYSTEMPATH\CodeIgniter.php(499): CodeIgniter\CodeIgniter->runController(Object(App\Controllers\Laporan))
 4 SYSTEMPATH\CodeIgniter.php(368): CodeIgniter\CodeIgniter->handleRequest(null, Object(Config\Cache), false)
 5 FCPATH\index.php(67): CodeIgniter\CodeIgniter->run()
 6 SYSTEMPATH\Commands\Server\rewrite.php(47): require_once('FCPATH\\index.php')
CRITICAL - 2023-05-11 12:32:18 --> Trying to access array offset on value of type null
in APPPATH\Views\laporanharian\edit.php on line 20.
 1 APPPATH\Views\laporanharian\edit.php(20): CodeIgniter\Debug\Exceptions->errorHandler(2, 'Trying to access array offset on value of type null', 'APPPATH\\Views\\laporanharian\\edit.php', 20)
 2 SYSTEMPATH\View\View.php(213): include('APPPATH\\Views\\laporanharian\\edit.php')
 3 SYSTEMPATH\View\View.php(216): CodeIgniter\View\View->CodeIgniter\View\{closure}()
 4 SYSTEMPATH\Common.php(1184): CodeIgniter\View\View->render('laporanharian/edit', [], true)
 5 APPPATH\Controllers\Laporan.php(170): view('laporanharian/edit', [...])
 6 SYSTEMPATH\CodeIgniter.php(934): App\Controllers\Laporan->edit('1')
 7 SYSTEMPATH\CodeIgniter.php(499): CodeIgniter\CodeIgniter->runController(Object(App\Controllers\Laporan))
 8 SYSTEMPATH\CodeIgniter.php(368): CodeIgniter\CodeIgniter->handleRequest(null, Object(Config\Cache), false)
 9 FCPATH\index.php(67): CodeIgniter\CodeIgniter->run()
10 SYSTEMPATH\Commands\Server\rewrite.php(47): require_once('FCPATH\\index.php')
CRITICAL - 2023-05-11 12:32:54 --> Trying to access array offset on value of type null
in APPPATH\Views\laporanharian\edit.php on line 20.
 1 APPPATH\Views\laporanharian\edit.php(20): CodeIgniter\Debug\Exceptions->errorHandler(2, 'Trying to access array offset on value of type null', 'APPPATH\\Views\\laporanharian\\edit.php', 20)
 2 SYSTEMPATH\View\View.php(213): include('APPPATH\\Views\\laporanharian\\edit.php')
 3 SYSTEMPATH\View\View.php(216): CodeIgniter\View\View->CodeIgniter\View\{closure}()
 4 SYSTEMPATH\Common.php(1184): CodeIgniter\View\View->render('laporanharian/edit', [], true)
 5 APPPATH\Controllers\Laporan.php(170): view('laporanharian/edit', [...])
 6 SYSTEMPATH\CodeIgniter.php(934): App\Controllers\Laporan->edit('1')
 7 SYSTEMPATH\CodeIgniter.php(499): CodeIgniter\CodeIgniter->runController(Object(App\Controllers\Laporan))
 8 SYSTEMPATH\CodeIgniter.php(368): CodeIgniter\CodeIgniter->handleRequest(null, Object(Config\Cache), false)
 9 FCPATH\index.php(67): CodeIgniter\CodeIgniter->run()
10 SYSTEMPATH\Commands\Server\rewrite.php(47): require_once('FCPATH\\index.php')
CRITICAL - 2023-05-11 12:33:10 --> Trying to access array offset on value of type null
in APPPATH\Views\laporanharian\edit.php on line 20.
 1 APPPATH\Views\laporanharian\edit.php(20): CodeIgniter\Debug\Exceptions->errorHandler(2, 'Trying to access array offset on value of type null', 'APPPATH\\Views\\laporanharian\\edit.php', 20)
 2 SYSTEMPATH\View\View.php(213): include('APPPATH\\Views\\laporanharian\\edit.php')
 3 SYSTEMPATH\View\View.php(216): CodeIgniter\View\View->CodeIgniter\View\{closure}()
 4 SYSTEMPATH\Common.php(1184): CodeIgniter\View\View->render('laporanharian/edit', [], true)
 5 APPPATH\Controllers\Laporan.php(170): view('laporanharian/edit', [...])
 6 SYSTEMPATH\CodeIgniter.php(934): App\Controllers\Laporan->edit('1')
 7 SYSTEMPATH\CodeIgniter.php(499): CodeIgniter\CodeIgniter->runController(Object(App\Controllers\Laporan))
 8 SYSTEMPATH\CodeIgniter.php(368): CodeIgniter\CodeIgniter->handleRequest(null, Object(Config\Cache), false)
 9 FCPATH\index.php(67): CodeIgniter\CodeIgniter->run()
10 SYSTEMPATH\Commands\Server\rewrite.php(47): require_once('FCPATH\\index.php')
CRITICAL - 2023-05-11 12:33:14 --> Trying to access array offset on value of type null
in APPPATH\Views\laporanharian\edit.php on line 20.
 1 APPPATH\Views\laporanharian\edit.php(20): CodeIgniter\Debug\Exceptions->errorHandler(2, 'Trying to access array offset on value of type null', 'APPPATH\\Views\\laporanharian\\edit.php', 20)
 2 SYSTEMPATH\View\View.php(213): include('APPPATH\\Views\\laporanharian\\edit.php')
 3 SYSTEMPATH\View\View.php(216): CodeIgniter\View\View->CodeIgniter\View\{closure}()
 4 SYSTEMPATH\Common.php(1184): CodeIgniter\View\View->render('laporanharian/edit', [], true)
 5 APPPATH\Controllers\Laporan.php(170): view('laporanharian/edit', [...])
 6 SYSTEMPATH\CodeIgniter.php(934): App\Controllers\Laporan->edit('1')
 7 SYSTEMPATH\CodeIgniter.php(499): CodeIgniter\CodeIgniter->runController(Object(App\Controllers\Laporan))
 8 SYSTEMPATH\CodeIgniter.php(368): CodeIgniter\CodeIgniter->handleRequest(null, Object(Config\Cache), false)
 9 FCPATH\index.php(67): CodeIgniter\CodeIgniter->run()
10 SYSTEMPATH\Commands\Server\rewrite.php(47): require_once('FCPATH\\index.php')
CRITICAL - 2023-05-11 12:33:23 --> Trying to access array offset on value of type null
in APPPATH\Views\laporanharian\edit.php on line 20.
 1 APPPATH\Views\laporanharian\edit.php(20): CodeIgniter\Debug\Exceptions->errorHandler(2, 'Trying to access array offset on value of type null', 'APPPATH\\Views\\laporanharian\\edit.php', 20)
 2 SYSTEMPATH\View\View.php(213): include('APPPATH\\Views\\laporanharian\\edit.php')
 3 SYSTEMPATH\View\View.php(216): CodeIgniter\View\View->CodeIgniter\View\{closure}()
 4 SYSTEMPATH\Common.php(1184): CodeIgniter\View\View->render('laporanharian/edit', [], true)
 5 APPPATH\Controllers\Laporan.php(170): view('laporanharian/edit', [...])
 6 SYSTEMPATH\CodeIgniter.php(934): App\Controllers\Laporan->edit('1')
 7 SYSTEMPATH\CodeIgniter.php(499): CodeIgniter\CodeIgniter->runController(Object(App\Controllers\Laporan))
 8 SYSTEMPATH\CodeIgniter.php(368): CodeIgniter\CodeIgniter->handleRequest(null, Object(Config\Cache), false)
 9 FCPATH\index.php(67): CodeIgniter\CodeIgniter->run()
10 SYSTEMPATH\Commands\Server\rewrite.php(47): require_once('FCPATH\\index.php')
CRITICAL - 2023-05-11 12:34:11 --> Undefined array key "id"
in APPPATH\Views\laporanharian\edit.php on line 20.
 1 APPPATH\Views\laporanharian\edit.php(20): CodeIgniter\Debug\Exceptions->errorHandler(2, 'Undefined array key "id"', 'APPPATH\\Views\\laporanharian\\edit.php', 20)
 2 SYSTEMPATH\View\View.php(213): include('APPPATH\\Views\\laporanharian\\edit.php')
 3 SYSTEMPATH\View\View.php(216): CodeIgniter\View\View->CodeIgniter\View\{closure}()
 4 SYSTEMPATH\Common.php(1184): CodeIgniter\View\View->render('laporanharian/edit', [], true)
 5 APPPATH\Controllers\Laporan.php(170): view('laporanharian/edit', [...])
 6 SYSTEMPATH\CodeIgniter.php(934): App\Controllers\Laporan->edit('1')
 7 SYSTEMPATH\CodeIgniter.php(499): CodeIgniter\CodeIgniter->runController(Object(App\Controllers\Laporan))
 8 SYSTEMPATH\CodeIgniter.php(368): CodeIgniter\CodeIgniter->handleRequest(null, Object(Config\Cache), false)
 9 FCPATH\index.php(67): CodeIgniter\CodeIgniter->run()
10 SYSTEMPATH\Commands\Server\rewrite.php(47): require_once('FCPATH\\index.php')
CRITICAL - 2023-05-11 12:34:35 --> Trying to access array offset on value of type null
in APPPATH\Views\laporanharian\edit.php on line 20.
 1 APPPATH\Views\laporanharian\edit.php(20): CodeIgniter\Debug\Exceptions->errorHandler(2, 'Trying to access array offset on value of type null', 'APPPATH\\Views\\laporanharian\\edit.php', 20)
 2 SYSTEMPATH\View\View.php(213): include('APPPATH\\Views\\laporanharian\\edit.php')
 3 SYSTEMPATH\View\View.php(216): CodeIgniter\View\View->CodeIgniter\View\{closure}()
 4 SYSTEMPATH\Common.php(1184): CodeIgniter\View\View->render('laporanharian/edit', [], true)
 5 APPPATH\Controllers\Laporan.php(170): view('laporanharian/edit', [...])
 6 SYSTEMPATH\CodeIgniter.php(934): App\Controllers\Laporan->edit('1')
 7 SYSTEMPATH\CodeIgniter.php(499): CodeIgniter\CodeIgniter->runController(Object(App\Controllers\Laporan))
 8 SYSTEMPATH\CodeIgniter.php(368): CodeIgniter\CodeIgniter->handleRequest(null, Object(Config\Cache), false)
 9 FCPATH\index.php(67): CodeIgniter\CodeIgniter->run()
10 SYSTEMPATH\Commands\Server\rewrite.php(47): require_once('FCPATH\\index.php')
CRITICAL - 2023-05-11 12:34:39 --> Trying to access array offset on value of type null
in APPPATH\Views\laporanharian\edit.php on line 20.
 1 APPPATH\Views\laporanharian\edit.php(20): CodeIgniter\Debug\Exceptions->errorHandler(2, 'Trying to access array offset on value of type null', 'APPPATH\\Views\\laporanharian\\edit.php', 20)
 2 SYSTEMPATH\View\View.php(213): include('APPPATH\\Views\\laporanharian\\edit.php')
 3 SYSTEMPATH\View\View.php(216): CodeIgniter\View\View->CodeIgniter\View\{closure}()
 4 SYSTEMPATH\Common.php(1184): CodeIgniter\View\View->render('laporanharian/edit', [], true)
 5 APPPATH\Controllers\Laporan.php(170): view('laporanharian/edit', [...])
 6 SYSTEMPATH\CodeIgniter.php(934): App\Controllers\Laporan->edit('1')
 7 SYSTEMPATH\CodeIgniter.php(499): CodeIgniter\CodeIgniter->runController(Object(App\Controllers\Laporan))
 8 SYSTEMPATH\CodeIgniter.php(368): CodeIgniter\CodeIgniter->handleRequest(null, Object(Config\Cache), false)
 9 FCPATH\index.php(67): CodeIgniter\CodeIgniter->run()
10 SYSTEMPATH\Commands\Server\rewrite.php(47): require_once('FCPATH\\index.php')
CRITICAL - 2023-05-11 12:36:07 --> Trying to access array offset on value of type null
in APPPATH\Views\laporanharian\edit.php on line 20.
 1 APPPATH\Views\laporanharian\edit.php(20): CodeIgniter\Debug\Exceptions->errorHandler(2, 'Trying to access array offset on value of type null', 'APPPATH\\Views\\laporanharian\\edit.php', 20)
 2 SYSTEMPATH\View\View.php(213): include('APPPATH\\Views\\laporanharian\\edit.php')
 3 SYSTEMPATH\View\View.php(216): CodeIgniter\View\View->CodeIgniter\View\{closure}()
 4 SYSTEMPATH\Common.php(1184): CodeIgniter\View\View->render('laporanharian/edit', [], true)
 5 APPPATH\Controllers\Laporan.php(170): view('laporanharian/edit', [...])
 6 SYSTEMPATH\CodeIgniter.php(934): App\Controllers\Laporan->edit('1')
 7 SYSTEMPATH\CodeIgniter.php(499): CodeIgniter\CodeIgniter->runController(Object(App\Controllers\Laporan))
 8 SYSTEMPATH\CodeIgniter.php(368): CodeIgniter\CodeIgniter->handleRequest(null, Object(Config\Cache), false)
 9 FCPATH\index.php(67): CodeIgniter\CodeIgniter->run()
10 SYSTEMPATH\Commands\Server\rewrite.php(47): require_once('FCPATH\\index.php')
CRITICAL - 2023-05-11 12:36:19 --> Trying to access array offset on value of type null
in APPPATH\Views\laporanharian\edit.php on line 20.
 1 APPPATH\Views\laporanharian\edit.php(20): CodeIgniter\Debug\Exceptions->errorHandler(2, 'Trying to access array offset on value of type null', 'APPPATH\\Views\\laporanharian\\edit.php', 20)
 2 SYSTEMPATH\View\View.php(213): include('APPPATH\\Views\\laporanharian\\edit.php')
 3 SYSTEMPATH\View\View.php(216): CodeIgniter\View\View->CodeIgniter\View\{closure}()
 4 SYSTEMPATH\Common.php(1184): CodeIgniter\View\View->render('laporanharian/edit', [], true)
 5 APPPATH\Controllers\Laporan.php(170): view('laporanharian/edit', [...])
 6 SYSTEMPATH\CodeIgniter.php(934): App\Controllers\Laporan->edit('1')
 7 SYSTEMPATH\CodeIgniter.php(499): CodeIgniter\CodeIgniter->runController(Object(App\Controllers\Laporan))
 8 SYSTEMPATH\CodeIgniter.php(368): CodeIgniter\CodeIgniter->handleRequest(null, Object(Config\Cache), false)
 9 FCPATH\index.php(67): CodeIgniter\CodeIgniter->run()
10 SYSTEMPATH\Commands\Server\rewrite.php(47): require_once('FCPATH\\index.php')
