CRITICAL - 2023-03-10 00:23:14 --> Undefined array key "tahun"
in APPPATH\Views\pages\indexgrafik.php on line 46.
 1 APPPATH\Views\pages\indexgrafik.php(46): CodeIgniter\Debug\Exceptions->errorHandler(2, 'Undefined array key "tahun"', 'APPPATH\\Views\\pages\\indexgrafik.php', 46)
 2 SYSTEMPATH\View\View.php(213): include('APPPATH\\Views\\pages\\indexgrafik.php')
 3 SYSTEMPATH\View\View.php(216): CodeIgniter\View\View->CodeIgniter\View\{closure}()
 4 SYSTEMPATH\Common.php(1184): CodeIgniter\View\View->render('pages/indexgrafik', [], true)
 5 APPPATH\Controllers\Pages.php(36): view('pages/indexgrafik', [...])
 6 SYSTEMPATH\CodeIgniter.php(934): App\Controllers\Pages->indexgrafik()
 7 SYSTEMPATH\CodeIgniter.php(499): CodeIgniter\CodeIgniter->runController(Object(App\Controllers\Pages))
 8 SYSTEMPATH\CodeIgniter.php(368): CodeIgniter\CodeIgniter->handleRequest(null, Object(Config\Cache), false)
 9 FCPATH\index.php(67): CodeIgniter\CodeIgniter->run()
10 SYSTEMPATH\Commands\Server\rewrite.php(47): require_once('FCPATH\\index.php')
CRITICAL - 2023-03-10 02:13:31 --> Cannot access offset of type string on string
in APPPATH\Views\laporanharian\detail.php on line 60.
 1 SYSTEMPATH\View\View.php(213): include()
 2 SYSTEMPATH\View\View.php(216): CodeIgniter\View\View->CodeIgniter\View\{closure}()
 3 SYSTEMPATH\Common.php(1184): CodeIgniter\View\View->render('laporanharian/detail', [], true)
 4 APPPATH\Controllers\Laporan.php(39): view('laporanharian/detail', [...])
 5 SYSTEMPATH\CodeIgniter.php(934): App\Controllers\Laporan->detail('clarisa-putri')
 6 SYSTEMPATH\CodeIgniter.php(499): CodeIgniter\CodeIgniter->runController(Object(App\Controllers\Laporan))
 7 SYSTEMPATH\CodeIgniter.php(368): CodeIgniter\CodeIgniter->handleRequest(null, Object(Config\Cache), false)
 8 FCPATH\index.php(67): CodeIgniter\CodeIgniter->run()
 9 SYSTEMPATH\Commands\Server\rewrite.php(47): require_once('FCPATH\\index.php')
CRITICAL - 2023-03-10 02:14:08 --> Cannot access offset of type string on string
in APPPATH\Views\laporanharian\detail.php on line 61.
 1 SYSTEMPATH\View\View.php(213): include()
 2 SYSTEMPATH\View\View.php(216): CodeIgniter\View\View->CodeIgniter\View\{closure}()
 3 SYSTEMPATH\Common.php(1184): CodeIgniter\View\View->render('laporanharian/detail', [], true)
 4 APPPATH\Controllers\Laporan.php(39): view('laporanharian/detail', [...])
 5 SYSTEMPATH\CodeIgniter.php(934): App\Controllers\Laporan->detail('clarisa-putri')
 6 SYSTEMPATH\CodeIgniter.php(499): CodeIgniter\CodeIgniter->runController(Object(App\Controllers\Laporan))
 7 SYSTEMPATH\CodeIgniter.php(368): CodeIgniter\CodeIgniter->handleRequest(null, Object(Config\Cache), false)
 8 FCPATH\index.php(67): CodeIgniter\CodeIgniter->run()
 9 SYSTEMPATH\Commands\Server\rewrite.php(47): require_once('FCPATH\\index.php')
CRITICAL - 2023-03-10 02:14:51 --> Cannot access offset of type string on string
in APPPATH\Views\laporanharian\detail.php on line 60.
 1 SYSTEMPATH\View\View.php(213): include()
 2 SYSTEMPATH\View\View.php(216): CodeIgniter\View\View->CodeIgniter\View\{closure}()
 3 SYSTEMPATH\Common.php(1184): CodeIgniter\View\View->render('laporanharian/detail', [], true)
 4 APPPATH\Controllers\Laporan.php(39): view('laporanharian/detail', [...])
 5 SYSTEMPATH\CodeIgniter.php(934): App\Controllers\Laporan->detail('clarisa-putri')
 6 SYSTEMPATH\CodeIgniter.php(499): CodeIgniter\CodeIgniter->runController(Object(App\Controllers\Laporan))
 7 SYSTEMPATH\CodeIgniter.php(368): CodeIgniter\CodeIgniter->handleRequest(null, Object(Config\Cache), false)
 8 FCPATH\index.php(67): CodeIgniter\CodeIgniter->run()
 9 SYSTEMPATH\Commands\Server\rewrite.php(47): require_once('FCPATH\\index.php')
CRITICAL - 2023-03-10 02:15:13 --> Cannot access offset of type string on string
in APPPATH\Views\laporanharian\detail.php on line 60.
 1 SYSTEMPATH\View\View.php(213): include()
 2 SYSTEMPATH\View\View.php(216): CodeIgniter\View\View->CodeIgniter\View\{closure}()
 3 SYSTEMPATH\Common.php(1184): CodeIgniter\View\View->render('laporanharian/detail', [], true)
 4 APPPATH\Controllers\Laporan.php(39): view('laporanharian/detail', [...])
 5 SYSTEMPATH\CodeIgniter.php(934): App\Controllers\Laporan->detail('clarisa-putri')
 6 SYSTEMPATH\CodeIgniter.php(499): CodeIgniter\CodeIgniter->runController(Object(App\Controllers\Laporan))
 7 SYSTEMPATH\CodeIgniter.php(368): CodeIgniter\CodeIgniter->handleRequest(null, Object(Config\Cache), false)
 8 FCPATH\index.php(67): CodeIgniter\CodeIgniter->run()
 9 SYSTEMPATH\Commands\Server\rewrite.php(47): require_once('FCPATH\\index.php')
CRITICAL - 2023-03-10 02:16:38 --> Undefined variable $l
in APPPATH\Views\laporanharian\detail.php on line 61.
 1 APPPATH\Views\laporanharian\detail.php(61): CodeIgniter\Debug\Exceptions->errorHandler(2, 'Undefined variable $l', 'APPPATH\\Views\\laporanharian\\detail.php', 61)
 2 SYSTEMPATH\View\View.php(213): include('APPPATH\\Views\\laporanharian\\detail.php')
 3 SYSTEMPATH\View\View.php(216): CodeIgniter\View\View->CodeIgniter\View\{closure}()
 4 SYSTEMPATH\Common.php(1184): CodeIgniter\View\View->render('laporanharian/detail', [], true)
 5 APPPATH\Controllers\Laporan.php(39): view('laporanharian/detail', [...])
 6 SYSTEMPATH\CodeIgniter.php(934): App\Controllers\Laporan->detail('clarisa-putri')
 7 SYSTEMPATH\CodeIgniter.php(499): CodeIgniter\CodeIgniter->runController(Object(App\Controllers\Laporan))
 8 SYSTEMPATH\CodeIgniter.php(368): CodeIgniter\CodeIgniter->handleRequest(null, Object(Config\Cache), false)
 9 FCPATH\index.php(67): CodeIgniter\CodeIgniter->run()
10 SYSTEMPATH\Commands\Server\rewrite.php(47): require_once('FCPATH\\index.php')
CRITICAL - 2023-03-10 02:17:26 --> Cannot access offset of type string on string
in APPPATH\Views\laporanharian\detail.php on line 62.
 1 SYSTEMPATH\View\View.php(213): include()
 2 SYSTEMPATH\View\View.php(216): CodeIgniter\View\View->CodeIgniter\View\{closure}()
 3 SYSTEMPATH\Common.php(1184): CodeIgniter\View\View->render('laporanharian/detail', [], true)
 4 APPPATH\Controllers\Laporan.php(39): view('laporanharian/detail', [...])
 5 SYSTEMPATH\CodeIgniter.php(934): App\Controllers\Laporan->detail('clarisa-putri')
 6 SYSTEMPATH\CodeIgniter.php(499): CodeIgniter\CodeIgniter->runController(Object(App\Controllers\Laporan))
 7 SYSTEMPATH\CodeIgniter.php(368): CodeIgniter\CodeIgniter->handleRequest(null, Object(Config\Cache), false)
 8 FCPATH\index.php(67): CodeIgniter\CodeIgniter->run()
 9 SYSTEMPATH\Commands\Server\rewrite.php(47): require_once('FCPATH\\index.php')
CRITICAL - 2023-03-10 02:38:29 --> Undefined array key "username"
in APPPATH\Views\laporanharian\indexlaporan.php on line 52.
 1 APPPATH\Views\laporanharian\indexlaporan.php(52): CodeIgniter\Debug\Exceptions->errorHandler(2, 'Undefined array key "username"', 'APPPATH\\Views\\laporanharian\\indexlaporan.php', 52)
 2 SYSTEMPATH\View\View.php(213): include('APPPATH\\Views\\laporanharian\\indexlaporan.php')
 3 SYSTEMPATH\View\View.php(216): CodeIgniter\View\View->CodeIgniter\View\{closure}()
 4 SYSTEMPATH\Common.php(1184): CodeIgniter\View\View->render('laporanharian/indexlaporan', [], true)
 5 APPPATH\Controllers\Laporan.php(23): view('laporanharian/indexlaporan', [...])
 6 SYSTEMPATH\CodeIgniter.php(934): App\Controllers\Laporan->index()
 7 SYSTEMPATH\CodeIgniter.php(499): CodeIgniter\CodeIgniter->runController(Object(App\Controllers\Laporan))
 8 SYSTEMPATH\CodeIgniter.php(368): CodeIgniter\CodeIgniter->handleRequest(null, Object(Config\Cache), false)
 9 FCPATH\index.php(67): CodeIgniter\CodeIgniter->run()
10 SYSTEMPATH\Commands\Server\rewrite.php(47): require_once('FCPATH\\index.php')
CRITICAL - 2023-03-10 08:42:41 --> Undefined array key "slug"
in APPPATH\Views\laporanharian\indexlaporan.php on line 62.
 1 APPPATH\Views\laporanharian\indexlaporan.php(62): CodeIgniter\Debug\Exceptions->errorHandler(2, 'Undefined array key "slug"', 'APPPATH\\Views\\laporanharian\\indexlaporan.php', 62)
 2 SYSTEMPATH\View\View.php(213): include('APPPATH\\Views\\laporanharian\\indexlaporan.php')
 3 SYSTEMPATH\View\View.php(216): CodeIgniter\View\View->CodeIgniter\View\{closure}()
 4 SYSTEMPATH\Common.php(1184): CodeIgniter\View\View->render('laporanharian/indexlaporan', [], true)
 5 APPPATH\Controllers\Laporan.php(23): view('laporanharian/indexlaporan', [...])
 6 SYSTEMPATH\CodeIgniter.php(934): App\Controllers\Laporan->index()
 7 SYSTEMPATH\CodeIgniter.php(499): CodeIgniter\CodeIgniter->runController(Object(App\Controllers\Laporan))
 8 SYSTEMPATH\CodeIgniter.php(368): CodeIgniter\CodeIgniter->handleRequest(null, Object(Config\Cache), false)
 9 FCPATH\index.php(67): CodeIgniter\CodeIgniter->run()
10 SYSTEMPATH\Commands\Server\rewrite.php(47): require_once('FCPATH\\index.php')
CRITICAL - 2023-03-10 08:43:28 --> Undefined variable $laporan
in APPPATH\Views\laporanharian\indexlaporan.php on line 62.
 1 APPPATH\Views\laporanharian\indexlaporan.php(62): CodeIgniter\Debug\Exceptions->errorHandler(2, 'Undefined variable $laporan', 'APPPATH\\Views\\laporanharian\\indexlaporan.php', 62)
 2 SYSTEMPATH\View\View.php(213): include('APPPATH\\Views\\laporanharian\\indexlaporan.php')
 3 SYSTEMPATH\View\View.php(216): CodeIgniter\View\View->CodeIgniter\View\{closure}()
 4 SYSTEMPATH\Common.php(1184): CodeIgniter\View\View->render('laporanharian/indexlaporan', [], true)
 5 APPPATH\Controllers\Laporan.php(23): view('laporanharian/indexlaporan', [...])
 6 SYSTEMPATH\CodeIgniter.php(934): App\Controllers\Laporan->index()
 7 SYSTEMPATH\CodeIgniter.php(499): CodeIgniter\CodeIgniter->runController(Object(App\Controllers\Laporan))
 8 SYSTEMPATH\CodeIgniter.php(368): CodeIgniter\CodeIgniter->handleRequest(null, Object(Config\Cache), false)
 9 FCPATH\index.php(67): CodeIgniter\CodeIgniter->run()
10 SYSTEMPATH\Commands\Server\rewrite.php(47): require_once('FCPATH\\index.php')
CRITICAL - 2023-03-10 08:44:11 --> Undefined array key "slug"
in APPPATH\Views\laporanharian\indexlaporan.php on line 62.
 1 APPPATH\Views\laporanharian\indexlaporan.php(62): CodeIgniter\Debug\Exceptions->errorHandler(2, 'Undefined array key "slug"', 'APPPATH\\Views\\laporanharian\\indexlaporan.php', 62)
 2 SYSTEMPATH\View\View.php(213): include('APPPATH\\Views\\laporanharian\\indexlaporan.php')
 3 SYSTEMPATH\View\View.php(216): CodeIgniter\View\View->CodeIgniter\View\{closure}()
 4 SYSTEMPATH\Common.php(1184): CodeIgniter\View\View->render('laporanharian/indexlaporan', [], true)
 5 APPPATH\Controllers\Laporan.php(23): view('laporanharian/indexlaporan', [...])
 6 SYSTEMPATH\CodeIgniter.php(934): App\Controllers\Laporan->index()
 7 SYSTEMPATH\CodeIgniter.php(499): CodeIgniter\CodeIgniter->runController(Object(App\Controllers\Laporan))
 8 SYSTEMPATH\CodeIgniter.php(368): CodeIgniter\CodeIgniter->handleRequest(null, Object(Config\Cache), false)
 9 FCPATH\index.php(67): CodeIgniter\CodeIgniter->run()
10 SYSTEMPATH\Commands\Server\rewrite.php(47): require_once('FCPATH\\index.php')
CRITICAL - 2023-03-10 08:44:24 --> Undefined array key "slug"
in APPPATH\Views\laporanharian\indexlaporan.php on line 62.
 1 APPPATH\Views\laporanharian\indexlaporan.php(62): CodeIgniter\Debug\Exceptions->errorHandler(2, 'Undefined array key "slug"', 'APPPATH\\Views\\laporanharian\\indexlaporan.php', 62)
 2 SYSTEMPATH\View\View.php(213): include('APPPATH\\Views\\laporanharian\\indexlaporan.php')
 3 SYSTEMPATH\View\View.php(216): CodeIgniter\View\View->CodeIgniter\View\{closure}()
 4 SYSTEMPATH\Common.php(1184): CodeIgniter\View\View->render('laporanharian/indexlaporan', [], true)
 5 APPPATH\Controllers\Laporan.php(23): view('laporanharian/indexlaporan', [...])
 6 SYSTEMPATH\CodeIgniter.php(934): App\Controllers\Laporan->index()
 7 SYSTEMPATH\CodeIgniter.php(499): CodeIgniter\CodeIgniter->runController(Object(App\Controllers\Laporan))
 8 SYSTEMPATH\CodeIgniter.php(368): CodeIgniter\CodeIgniter->handleRequest(null, Object(Config\Cache), false)
 9 FCPATH\index.php(67): CodeIgniter\CodeIgniter->run()
10 SYSTEMPATH\Commands\Server\rewrite.php(47): require_once('FCPATH\\index.php')
CRITICAL - 2023-03-10 08:45:11 --> Undefined variable $pemain
in APPPATH\Views\laporanharian\edit.php on line 20.
 1 APPPATH\Views\laporanharian\edit.php(20): CodeIgniter\Debug\Exceptions->errorHandler(2, 'Undefined variable $pemain', 'APPPATH\\Views\\laporanharian\\edit.php', 20)
 2 SYSTEMPATH\View\View.php(213): include('APPPATH\\Views\\laporanharian\\edit.php')
 3 SYSTEMPATH\View\View.php(216): CodeIgniter\View\View->CodeIgniter\View\{closure}()
 4 SYSTEMPATH\Common.php(1184): CodeIgniter\View\View->render('laporanharian/edit', [], true)
 5 APPPATH\Controllers\Laporan.php(177): view('laporanharian/edit', [...])
 6 SYSTEMPATH\CodeIgniter.php(934): App\Controllers\Laporan->edit('clarisa-putri')
 7 SYSTEMPATH\CodeIgniter.php(499): CodeIgniter\CodeIgniter->runController(Object(App\Controllers\Laporan))
 8 SYSTEMPATH\CodeIgniter.php(368): CodeIgniter\CodeIgniter->handleRequest(null, Object(Config\Cache), false)
 9 FCPATH\index.php(67): CodeIgniter\CodeIgniter->run()
10 SYSTEMPATH\Commands\Server\rewrite.php(47): require_once('FCPATH\\index.php')
CRITICAL - 2023-03-10 08:53:03 --> Undefined array key "id"
in APPPATH\Views\laporanharian\indexlaporan.php on line 65.
 1 APPPATH\Views\laporanharian\indexlaporan.php(65): CodeIgniter\Debug\Exceptions->errorHandler(2, 'Undefined array key "id"', 'APPPATH\\Views\\laporanharian\\indexlaporan.php', 65)
 2 SYSTEMPATH\View\View.php(213): include('APPPATH\\Views\\laporanharian\\indexlaporan.php')
 3 SYSTEMPATH\View\View.php(216): CodeIgniter\View\View->CodeIgniter\View\{closure}()
 4 SYSTEMPATH\Common.php(1184): CodeIgniter\View\View->render('laporanharian/indexlaporan', [], true)
 5 APPPATH\Controllers\Laporan.php(23): view('laporanharian/indexlaporan', [...])
 6 SYSTEMPATH\CodeIgniter.php(934): App\Controllers\Laporan->index()
 7 SYSTEMPATH\CodeIgniter.php(499): CodeIgniter\CodeIgniter->runController(Object(App\Controllers\Laporan))
 8 SYSTEMPATH\CodeIgniter.php(368): CodeIgniter\CodeIgniter->handleRequest(null, Object(Config\Cache), false)
 9 FCPATH\index.php(67): CodeIgniter\CodeIgniter->run()
10 SYSTEMPATH\Commands\Server\rewrite.php(47): require_once('FCPATH\\index.php')
CRITICAL - 2023-03-10 09:02:40 --> Undefined array key "username"
in APPPATH\Controllers\Laporan.php on line 184.
 1 APPPATH\Controllers\Laporan.php(184): CodeIgniter\Debug\Exceptions->errorHandler(2, 'Undefined array key "username"', 'APPPATH\\Controllers\\Laporan.php', 184)
 2 SYSTEMPATH\CodeIgniter.php(934): App\Controllers\Laporan->update('1')
 3 SYSTEMPATH\CodeIgniter.php(499): CodeIgniter\CodeIgniter->runController(Object(App\Controllers\Laporan))
 4 SYSTEMPATH\CodeIgniter.php(368): CodeIgniter\CodeIgniter->handleRequest(null, Object(Config\Cache), false)
 5 FCPATH\index.php(67): CodeIgniter\CodeIgniter->run()
 6 SYSTEMPATH\Commands\Server\rewrite.php(47): require_once('FCPATH\\index.php')
CRITICAL - 2023-03-10 09:02:57 --> Undefined array key "username"
in APPPATH\Controllers\Laporan.php on line 184.
 1 APPPATH\Controllers\Laporan.php(184): CodeIgniter\Debug\Exceptions->errorHandler(2, 'Undefined array key "username"', 'APPPATH\\Controllers\\Laporan.php', 184)
 2 SYSTEMPATH\CodeIgniter.php(934): App\Controllers\Laporan->update('1')
 3 SYSTEMPATH\CodeIgniter.php(499): CodeIgniter\CodeIgniter->runController(Object(App\Controllers\Laporan))
 4 SYSTEMPATH\CodeIgniter.php(368): CodeIgniter\CodeIgniter->handleRequest(null, Object(Config\Cache), false)
 5 FCPATH\index.php(67): CodeIgniter\CodeIgniter->run()
 6 SYSTEMPATH\Commands\Server\rewrite.php(47): require_once('FCPATH\\index.php')
CRITICAL - 2023-03-10 09:04:04 --> Undefined array key "username"
in APPPATH\Controllers\Laporan.php on line 184.
 1 APPPATH\Controllers\Laporan.php(184): CodeIgniter\Debug\Exceptions->errorHandler(2, 'Undefined array key "username"', 'APPPATH\\Controllers\\Laporan.php', 184)
 2 SYSTEMPATH\CodeIgniter.php(934): App\Controllers\Laporan->update('1')
 3 SYSTEMPATH\CodeIgniter.php(499): CodeIgniter\CodeIgniter->runController(Object(App\Controllers\Laporan))
 4 SYSTEMPATH\CodeIgniter.php(368): CodeIgniter\CodeIgniter->handleRequest(null, Object(Config\Cache), false)
 5 FCPATH\index.php(67): CodeIgniter\CodeIgniter->run()
 6 SYSTEMPATH\Commands\Server\rewrite.php(47): require_once('FCPATH\\index.php')
