CRITICAL - 2023-01-03 10:01:39 --> Creation of dynamic property App\Controllers\Coba::$nama is deprecated
in APPPATH\Controllers\BaseController.php on line 51.
 1 APPPATH\Controllers\BaseController.php(51): CodeIgniter\Debug\Exceptions->errorHandler(8192, 'Creation of dynamic property App\\Controllers\\Coba::$nama is deprecated', 'APPPATH\\Controllers\\BaseController.php', 51)
 2 SYSTEMPATH\CodeIgniter.php(888): App\Controllers\BaseController->initController(Object(CodeIgniter\HTTP\IncomingRequest), Object(CodeIgniter\HTTP\Response), Object(CodeIgniter\Log\Logger))
 3 SYSTEMPATH\CodeIgniter.php(471): CodeIgniter\CodeIgniter->createController()
 4 SYSTEMPATH\CodeIgniter.php(349): CodeIgniter\CodeIgniter->handleRequest(null, Object(Config\Cache), false)
 5 FCPATH\index.php(67): CodeIgniter\CodeIgniter->run()
 6 SYSTEMPATH\Commands\Server\rewrite.php(47): require_once('FCPATH\\index.php')
CRITICAL - 2023-01-03 10:09:16 --> Too few arguments to function App\Controllers\Coba::about(), 0 passed in C:\xampp\htdocs\ci4aplikasi\vendor\codeigniter4\framework\system\CodeIgniter.php on line 925 and exactly 1 expected
in APPPATH\Controllers\Coba.php on line 12.
 1 SYSTEMPATH\CodeIgniter.php(925): App\Controllers\Coba->about()
 2 SYSTEMPATH\CodeIgniter.php(480): CodeIgniter\CodeIgniter->runController(Object(App\Controllers\Coba))
 3 SYSTEMPATH\CodeIgniter.php(349): CodeIgniter\CodeIgniter->handleRequest(null, Object(Config\Cache), false)
 4 FCPATH\index.php(67): CodeIgniter\CodeIgniter->run()
 5 SYSTEMPATH\Commands\Server\rewrite.php(47): require_once('FCPATH\\index.php')
CRITICAL - 2023-01-03 10:19:01 --> Invalid file: home.php
in SYSTEMPATH\Exceptions\FrameworkException.php on line 33.
 1 SYSTEMPATH\View\View.php(201): CodeIgniter\Exceptions\FrameworkException::forInvalidFile('home.php')
 2 SYSTEMPATH\Common.php(1135): CodeIgniter\View\View->render('home', [], true)
 3 APPPATH\Controllers\Pages.php(11): view('home')
 4 SYSTEMPATH\CodeIgniter.php(925): App\Controllers\Pages->index()
 5 SYSTEMPATH\CodeIgniter.php(480): CodeIgniter\CodeIgniter->runController(Object(App\Controllers\Pages))
 6 SYSTEMPATH\CodeIgniter.php(349): CodeIgniter\CodeIgniter->handleRequest(null, Object(Config\Cache), false)
 7 FCPATH\index.php(67): CodeIgniter\CodeIgniter->run()
 8 SYSTEMPATH\Commands\Server\rewrite.php(47): require_once('FCPATH\\index.php')
CRITICAL - 2023-01-03 10:23:29 --> Invalid file: about.php
in SYSTEMPATH\Exceptions\FrameworkException.php on line 33.
 1 SYSTEMPATH\View\View.php(201): CodeIgniter\Exceptions\FrameworkException::forInvalidFile('about.php')
 2 SYSTEMPATH\Common.php(1135): CodeIgniter\View\View->render('about', [], true)
 3 APPPATH\Controllers\Pages.php(16): view('about')
 4 SYSTEMPATH\CodeIgniter.php(925): App\Controllers\Pages->about()
 5 SYSTEMPATH\CodeIgniter.php(480): CodeIgniter\CodeIgniter->runController(Object(App\Controllers\Pages))
 6 SYSTEMPATH\CodeIgniter.php(349): CodeIgniter\CodeIgniter->handleRequest(null, Object(Config\Cache), false)
 7 FCPATH\index.php(67): CodeIgniter\CodeIgniter->run()
 8 SYSTEMPATH\Commands\Server\rewrite.php(47): require_once('FCPATH\\index.php')
CRITICAL - 2023-01-03 11:25:15 --> Undefined variable $title
in APPPATH\Views\layout\header.php on line 7.
 1 APPPATH\Views\layout\header.php(7): CodeIgniter\Debug\Exceptions->errorHandler(2, 'Undefined variable $title', 'APPPATH\\Views\\layout\\header.php', 7)
 2 SYSTEMPATH\View\View.php(213): include('APPPATH\\Views\\layout\\header.php')
 3 SYSTEMPATH\View\View.php(216): CodeIgniter\View\View->CodeIgniter\View\{closure}()
 4 SYSTEMPATH\Common.php(1135): CodeIgniter\View\View->render('layout/header', [], true)
 5 APPPATH\Controllers\Pages.php(23): view('layout/header')
 6 SYSTEMPATH\CodeIgniter.php(925): App\Controllers\Pages->about()
 7 SYSTEMPATH\CodeIgniter.php(480): CodeIgniter\CodeIgniter->runController(Object(App\Controllers\Pages))
 8 SYSTEMPATH\CodeIgniter.php(349): CodeIgniter\CodeIgniter->handleRequest(null, Object(Config\Cache), false)
 9 FCPATH\index.php(67): CodeIgniter\CodeIgniter->run()
10 SYSTEMPATH\Commands\Server\rewrite.php(47): require_once('FCPATH\\index.php')
