CRITICAL - 2023-05-26 13:57:14 --> A non-numeric value encountered
in APPPATH\Controllers\Monitoring.php on line 68.
 1 APPPATH\Controllers\Monitoring.php(68): CodeIgniter\Debug\Exceptions->errorHandler(2, 'A non-numeric value encountered', 'APPPATH\\Controllers\\Monitoring.php', 68)
 2 SYSTEMPATH\CodeIgniter.php(934): App\Controllers\Monitoring->data_penjualan()
 3 SYSTEMPATH\CodeIgniter.php(499): CodeIgniter\CodeIgniter->runController(Object(App\Controllers\Monitoring))
 4 SYSTEMPATH\CodeIgniter.php(368): CodeIgniter\CodeIgniter->handleRequest(null, Object(Config\Cache), false)
 5 FCPATH\index.php(67): CodeIgniter\CodeIgniter->run()
 6 SYSTEMPATH\Commands\Server\rewrite.php(47): require_once('FCPATH\\index.php')
CRITICAL - 2023-05-26 13:57:16 --> A non-numeric value encountered
in APPPATH\Controllers\Monitoring.php on line 68.
 1 APPPATH\Controllers\Monitoring.php(68): CodeIgniter\Debug\Exceptions->errorHandler(2, 'A non-numeric value encountered', 'APPPATH\\Controllers\\Monitoring.php', 68)
 2 SYSTEMPATH\CodeIgniter.php(934): App\Controllers\Monitoring->data_penjualan()
 3 SYSTEMPATH\CodeIgniter.php(499): CodeIgniter\CodeIgniter->runController(Object(App\Controllers\Monitoring))
 4 SYSTEMPATH\CodeIgniter.php(368): CodeIgniter\CodeIgniter->handleRequest(null, Object(Config\Cache), false)
 5 FCPATH\index.php(67): CodeIgniter\CodeIgniter->run()
 6 SYSTEMPATH\Commands\Server\rewrite.php(47): require_once('FCPATH\\index.php')
CRITICAL - 2023-05-26 13:57:18 --> A non-numeric value encountered
in APPPATH\Controllers\Monitoring.php on line 68.
 1 APPPATH\Controllers\Monitoring.php(68): CodeIgniter\Debug\Exceptions->errorHandler(2, 'A non-numeric value encountered', 'APPPATH\\Controllers\\Monitoring.php', 68)
 2 SYSTEMPATH\CodeIgniter.php(934): App\Controllers\Monitoring->data_penjualan()
 3 SYSTEMPATH\CodeIgniter.php(499): CodeIgniter\CodeIgniter->runController(Object(App\Controllers\Monitoring))
 4 SYSTEMPATH\CodeIgniter.php(368): CodeIgniter\CodeIgniter->handleRequest(null, Object(Config\Cache), false)
 5 FCPATH\index.php(67): CodeIgniter\CodeIgniter->run()
 6 SYSTEMPATH\Commands\Server\rewrite.php(47): require_once('FCPATH\\index.php')
CRITICAL - 2023-05-26 13:57:19 --> A non-numeric value encountered
in APPPATH\Controllers\Monitoring.php on line 68.
 1 APPPATH\Controllers\Monitoring.php(68): CodeIgniter\Debug\Exceptions->errorHandler(2, 'A non-numeric value encountered', 'APPPATH\\Controllers\\Monitoring.php', 68)
 2 SYSTEMPATH\CodeIgniter.php(934): App\Controllers\Monitoring->data_penjualan()
 3 SYSTEMPATH\CodeIgniter.php(499): CodeIgniter\CodeIgniter->runController(Object(App\Controllers\Monitoring))
 4 SYSTEMPATH\CodeIgniter.php(368): CodeIgniter\CodeIgniter->handleRequest(null, Object(Config\Cache), false)
 5 FCPATH\index.php(67): CodeIgniter\CodeIgniter->run()
 6 SYSTEMPATH\Commands\Server\rewrite.php(47): require_once('FCPATH\\index.php')
CRITICAL - 2023-05-26 13:57:20 --> A non-numeric value encountered
in APPPATH\Controllers\Monitoring.php on line 68.
 1 APPPATH\Controllers\Monitoring.php(68): CodeIgniter\Debug\Exceptions->errorHandler(2, 'A non-numeric value encountered', 'APPPATH\\Controllers\\Monitoring.php', 68)
 2 SYSTEMPATH\CodeIgniter.php(934): App\Controllers\Monitoring->data_penjualan()
 3 SYSTEMPATH\CodeIgniter.php(499): CodeIgniter\CodeIgniter->runController(Object(App\Controllers\Monitoring))
 4 SYSTEMPATH\CodeIgniter.php(368): CodeIgniter\CodeIgniter->handleRequest(null, Object(Config\Cache), false)
 5 FCPATH\index.php(67): CodeIgniter\CodeIgniter->run()
 6 SYSTEMPATH\Commands\Server\rewrite.php(47): require_once('FCPATH\\index.php')
CRITICAL - 2023-05-26 13:57:20 --> A non-numeric value encountered
in APPPATH\Controllers\Monitoring.php on line 68.
 1 APPPATH\Controllers\Monitoring.php(68): CodeIgniter\Debug\Exceptions->errorHandler(2, 'A non-numeric value encountered', 'APPPATH\\Controllers\\Monitoring.php', 68)
 2 SYSTEMPATH\CodeIgniter.php(934): App\Controllers\Monitoring->data_penjualan()
 3 SYSTEMPATH\CodeIgniter.php(499): CodeIgniter\CodeIgniter->runController(Object(App\Controllers\Monitoring))
 4 SYSTEMPATH\CodeIgniter.php(368): CodeIgniter\CodeIgniter->handleRequest(null, Object(Config\Cache), false)
 5 FCPATH\index.php(67): CodeIgniter\CodeIgniter->run()
 6 SYSTEMPATH\Commands\Server\rewrite.php(47): require_once('FCPATH\\index.php')
CRITICAL - 2023-05-26 13:57:21 --> A non-numeric value encountered
in APPPATH\Controllers\Monitoring.php on line 68.
 1 APPPATH\Controllers\Monitoring.php(68): CodeIgniter\Debug\Exceptions->errorHandler(2, 'A non-numeric value encountered', 'APPPATH\\Controllers\\Monitoring.php', 68)
 2 SYSTEMPATH\CodeIgniter.php(934): App\Controllers\Monitoring->data_penjualan()
 3 SYSTEMPATH\CodeIgniter.php(499): CodeIgniter\CodeIgniter->runController(Object(App\Controllers\Monitoring))
 4 SYSTEMPATH\CodeIgniter.php(368): CodeIgniter\CodeIgniter->handleRequest(null, Object(Config\Cache), false)
 5 FCPATH\index.php(67): CodeIgniter\CodeIgniter->run()
 6 SYSTEMPATH\Commands\Server\rewrite.php(47): require_once('FCPATH\\index.php')
CRITICAL - 2023-05-26 13:57:22 --> A non-numeric value encountered
in APPPATH\Controllers\Monitoring.php on line 68.
 1 APPPATH\Controllers\Monitoring.php(68): CodeIgniter\Debug\Exceptions->errorHandler(2, 'A non-numeric value encountered', 'APPPATH\\Controllers\\Monitoring.php', 68)
 2 SYSTEMPATH\CodeIgniter.php(934): App\Controllers\Monitoring->data_penjualan()
 3 SYSTEMPATH\CodeIgniter.php(499): CodeIgniter\CodeIgniter->runController(Object(App\Controllers\Monitoring))
 4 SYSTEMPATH\CodeIgniter.php(368): CodeIgniter\CodeIgniter->handleRequest(null, Object(Config\Cache), false)
 5 FCPATH\index.php(67): CodeIgniter\CodeIgniter->run()
 6 SYSTEMPATH\Commands\Server\rewrite.php(47): require_once('FCPATH\\index.php')
CRITICAL - 2023-05-26 13:57:23 --> A non-numeric value encountered
in APPPATH\Controllers\Monitoring.php on line 68.
 1 APPPATH\Controllers\Monitoring.php(68): CodeIgniter\Debug\Exceptions->errorHandler(2, 'A non-numeric value encountered', 'APPPATH\\Controllers\\Monitoring.php', 68)
 2 SYSTEMPATH\CodeIgniter.php(934): App\Controllers\Monitoring->data_penjualan()
 3 SYSTEMPATH\CodeIgniter.php(499): CodeIgniter\CodeIgniter->runController(Object(App\Controllers\Monitoring))
 4 SYSTEMPATH\CodeIgniter.php(368): CodeIgniter\CodeIgniter->handleRequest(null, Object(Config\Cache), false)
 5 FCPATH\index.php(67): CodeIgniter\CodeIgniter->run()
 6 SYSTEMPATH\Commands\Server\rewrite.php(47): require_once('FCPATH\\index.php')
CRITICAL - 2023-05-26 13:57:24 --> A non-numeric value encountered
in APPPATH\Controllers\Monitoring.php on line 68.
 1 APPPATH\Controllers\Monitoring.php(68): CodeIgniter\Debug\Exceptions->errorHandler(2, 'A non-numeric value encountered', 'APPPATH\\Controllers\\Monitoring.php', 68)
 2 SYSTEMPATH\CodeIgniter.php(934): App\Controllers\Monitoring->data_penjualan()
 3 SYSTEMPATH\CodeIgniter.php(499): CodeIgniter\CodeIgniter->runController(Object(App\Controllers\Monitoring))
 4 SYSTEMPATH\CodeIgniter.php(368): CodeIgniter\CodeIgniter->handleRequest(null, Object(Config\Cache), false)
 5 FCPATH\index.php(67): CodeIgniter\CodeIgniter->run()
 6 SYSTEMPATH\Commands\Server\rewrite.php(47): require_once('FCPATH\\index.php')
CRITICAL - 2023-05-26 13:57:25 --> A non-numeric value encountered
in APPPATH\Controllers\Monitoring.php on line 68.
 1 APPPATH\Controllers\Monitoring.php(68): CodeIgniter\Debug\Exceptions->errorHandler(2, 'A non-numeric value encountered', 'APPPATH\\Controllers\\Monitoring.php', 68)
 2 SYSTEMPATH\CodeIgniter.php(934): App\Controllers\Monitoring->data_penjualan()
 3 SYSTEMPATH\CodeIgniter.php(499): CodeIgniter\CodeIgniter->runController(Object(App\Controllers\Monitoring))
 4 SYSTEMPATH\CodeIgniter.php(368): CodeIgniter\CodeIgniter->handleRequest(null, Object(Config\Cache), false)
 5 FCPATH\index.php(67): CodeIgniter\CodeIgniter->run()
 6 SYSTEMPATH\Commands\Server\rewrite.php(47): require_once('FCPATH\\index.php')
CRITICAL - 2023-05-26 13:57:26 --> A non-numeric value encountered
in APPPATH\Controllers\Monitoring.php on line 68.
 1 APPPATH\Controllers\Monitoring.php(68): CodeIgniter\Debug\Exceptions->errorHandler(2, 'A non-numeric value encountered', 'APPPATH\\Controllers\\Monitoring.php', 68)
 2 SYSTEMPATH\CodeIgniter.php(934): App\Controllers\Monitoring->data_penjualan()
 3 SYSTEMPATH\CodeIgniter.php(499): CodeIgniter\CodeIgniter->runController(Object(App\Controllers\Monitoring))
 4 SYSTEMPATH\CodeIgniter.php(368): CodeIgniter\CodeIgniter->handleRequest(null, Object(Config\Cache), false)
 5 FCPATH\index.php(67): CodeIgniter\CodeIgniter->run()
 6 SYSTEMPATH\Commands\Server\rewrite.php(47): require_once('FCPATH\\index.php')
CRITICAL - 2023-05-26 13:57:27 --> A non-numeric value encountered
in APPPATH\Controllers\Monitoring.php on line 68.
 1 APPPATH\Controllers\Monitoring.php(68): CodeIgniter\Debug\Exceptions->errorHandler(2, 'A non-numeric value encountered', 'APPPATH\\Controllers\\Monitoring.php', 68)
 2 SYSTEMPATH\CodeIgniter.php(934): App\Controllers\Monitoring->data_penjualan()
 3 SYSTEMPATH\CodeIgniter.php(499): CodeIgniter\CodeIgniter->runController(Object(App\Controllers\Monitoring))
 4 SYSTEMPATH\CodeIgniter.php(368): CodeIgniter\CodeIgniter->handleRequest(null, Object(Config\Cache), false)
 5 FCPATH\index.php(67): CodeIgniter\CodeIgniter->run()
 6 SYSTEMPATH\Commands\Server\rewrite.php(47): require_once('FCPATH\\index.php')
CRITICAL - 2023-05-26 13:57:28 --> A non-numeric value encountered
in APPPATH\Controllers\Monitoring.php on line 68.
 1 APPPATH\Controllers\Monitoring.php(68): CodeIgniter\Debug\Exceptions->errorHandler(2, 'A non-numeric value encountered', 'APPPATH\\Controllers\\Monitoring.php', 68)
 2 SYSTEMPATH\CodeIgniter.php(934): App\Controllers\Monitoring->data_penjualan()
 3 SYSTEMPATH\CodeIgniter.php(499): CodeIgniter\CodeIgniter->runController(Object(App\Controllers\Monitoring))
 4 SYSTEMPATH\CodeIgniter.php(368): CodeIgniter\CodeIgniter->handleRequest(null, Object(Config\Cache), false)
 5 FCPATH\index.php(67): CodeIgniter\CodeIgniter->run()
 6 SYSTEMPATH\Commands\Server\rewrite.php(47): require_once('FCPATH\\index.php')
CRITICAL - 2023-05-26 13:57:29 --> A non-numeric value encountered
in APPPATH\Controllers\Monitoring.php on line 68.
 1 APPPATH\Controllers\Monitoring.php(68): CodeIgniter\Debug\Exceptions->errorHandler(2, 'A non-numeric value encountered', 'APPPATH\\Controllers\\Monitoring.php', 68)
 2 SYSTEMPATH\CodeIgniter.php(934): App\Controllers\Monitoring->data_penjualan()
 3 SYSTEMPATH\CodeIgniter.php(499): CodeIgniter\CodeIgniter->runController(Object(App\Controllers\Monitoring))
 4 SYSTEMPATH\CodeIgniter.php(368): CodeIgniter\CodeIgniter->handleRequest(null, Object(Config\Cache), false)
 5 FCPATH\index.php(67): CodeIgniter\CodeIgniter->run()
 6 SYSTEMPATH\Commands\Server\rewrite.php(47): require_once('FCPATH\\index.php')
CRITICAL - 2023-05-26 13:57:30 --> A non-numeric value encountered
in APPPATH\Controllers\Monitoring.php on line 68.
 1 APPPATH\Controllers\Monitoring.php(68): CodeIgniter\Debug\Exceptions->errorHandler(2, 'A non-numeric value encountered', 'APPPATH\\Controllers\\Monitoring.php', 68)
 2 SYSTEMPATH\CodeIgniter.php(934): App\Controllers\Monitoring->data_penjualan()
 3 SYSTEMPATH\CodeIgniter.php(499): CodeIgniter\CodeIgniter->runController(Object(App\Controllers\Monitoring))
 4 SYSTEMPATH\CodeIgniter.php(368): CodeIgniter\CodeIgniter->handleRequest(null, Object(Config\Cache), false)
 5 FCPATH\index.php(67): CodeIgniter\CodeIgniter->run()
 6 SYSTEMPATH\Commands\Server\rewrite.php(47): require_once('FCPATH\\index.php')
CRITICAL - 2023-05-26 13:57:31 --> A non-numeric value encountered
in APPPATH\Controllers\Monitoring.php on line 68.
 1 APPPATH\Controllers\Monitoring.php(68): CodeIgniter\Debug\Exceptions->errorHandler(2, 'A non-numeric value encountered', 'APPPATH\\Controllers\\Monitoring.php', 68)
 2 SYSTEMPATH\CodeIgniter.php(934): App\Controllers\Monitoring->data_penjualan()
 3 SYSTEMPATH\CodeIgniter.php(499): CodeIgniter\CodeIgniter->runController(Object(App\Controllers\Monitoring))
 4 SYSTEMPATH\CodeIgniter.php(368): CodeIgniter\CodeIgniter->handleRequest(null, Object(Config\Cache), false)
 5 FCPATH\index.php(67): CodeIgniter\CodeIgniter->run()
 6 SYSTEMPATH\Commands\Server\rewrite.php(47): require_once('FCPATH\\index.php')
CRITICAL - 2023-05-26 13:57:32 --> A non-numeric value encountered
in APPPATH\Controllers\Monitoring.php on line 68.
 1 APPPATH\Controllers\Monitoring.php(68): CodeIgniter\Debug\Exceptions->errorHandler(2, 'A non-numeric value encountered', 'APPPATH\\Controllers\\Monitoring.php', 68)
 2 SYSTEMPATH\CodeIgniter.php(934): App\Controllers\Monitoring->data_penjualan()
 3 SYSTEMPATH\CodeIgniter.php(499): CodeIgniter\CodeIgniter->runController(Object(App\Controllers\Monitoring))
 4 SYSTEMPATH\CodeIgniter.php(368): CodeIgniter\CodeIgniter->handleRequest(null, Object(Config\Cache), false)
 5 FCPATH\index.php(67): CodeIgniter\CodeIgniter->run()
 6 SYSTEMPATH\Commands\Server\rewrite.php(47): require_once('FCPATH\\index.php')
CRITICAL - 2023-05-26 13:57:34 --> A non-numeric value encountered
in APPPATH\Controllers\Monitoring.php on line 68.
 1 APPPATH\Controllers\Monitoring.php(68): CodeIgniter\Debug\Exceptions->errorHandler(2, 'A non-numeric value encountered', 'APPPATH\\Controllers\\Monitoring.php', 68)
 2 SYSTEMPATH\CodeIgniter.php(934): App\Controllers\Monitoring->data_penjualan()
 3 SYSTEMPATH\CodeIgniter.php(499): CodeIgniter\CodeIgniter->runController(Object(App\Controllers\Monitoring))
 4 SYSTEMPATH\CodeIgniter.php(368): CodeIgniter\CodeIgniter->handleRequest(null, Object(Config\Cache), false)
 5 FCPATH\index.php(67): CodeIgniter\CodeIgniter->run()
 6 SYSTEMPATH\Commands\Server\rewrite.php(47): require_once('FCPATH\\index.php')
CRITICAL - 2023-05-26 13:57:34 --> A non-numeric value encountered
in APPPATH\Views\dataplts\detail.php on line 50.
 1 APPPATH\Views\dataplts\detail.php(50): CodeIgniter\Debug\Exceptions->errorHandler(2, 'A non-numeric value encountered', 'APPPATH\\Views\\dataplts\\detail.php', 50)
 2 SYSTEMPATH\View\View.php(213): include('APPPATH\\Views\\dataplts\\detail.php')
 3 SYSTEMPATH\View\View.php(216): CodeIgniter\View\View->CodeIgniter\View\{closure}()
 4 SYSTEMPATH\Common.php(1184): CodeIgniter\View\View->render('dataplts/detail', [], true)
 5 APPPATH\Controllers\Plts.php(53): view('dataplts/detail', [...])
 6 SYSTEMPATH\CodeIgniter.php(934): App\Controllers\Plts->detail()
 7 SYSTEMPATH\CodeIgniter.php(499): CodeIgniter\CodeIgniter->runController(Object(App\Controllers\Plts))
 8 SYSTEMPATH\CodeIgniter.php(368): CodeIgniter\CodeIgniter->handleRequest(null, Object(Config\Cache), false)
 9 FCPATH\index.php(67): CodeIgniter\CodeIgniter->run()
10 SYSTEMPATH\Commands\Server\rewrite.php(47): require_once('FCPATH\\index.php')
CRITICAL - 2023-05-26 13:57:36 --> A non-numeric value encountered
in APPPATH\Controllers\Monitoring.php on line 68.
 1 APPPATH\Controllers\Monitoring.php(68): CodeIgniter\Debug\Exceptions->errorHandler(2, 'A non-numeric value encountered', 'APPPATH\\Controllers\\Monitoring.php', 68)
 2 SYSTEMPATH\CodeIgniter.php(934): App\Controllers\Monitoring->data_penjualan()
 3 SYSTEMPATH\CodeIgniter.php(499): CodeIgniter\CodeIgniter->runController(Object(App\Controllers\Monitoring))
 4 SYSTEMPATH\CodeIgniter.php(368): CodeIgniter\CodeIgniter->handleRequest(null, Object(Config\Cache), false)
 5 FCPATH\index.php(67): CodeIgniter\CodeIgniter->run()
 6 SYSTEMPATH\Commands\Server\rewrite.php(47): require_once('FCPATH\\index.php')
CRITICAL - 2023-05-26 13:57:38 --> A non-numeric value encountered
in APPPATH\Controllers\Monitoring.php on line 68.
 1 APPPATH\Controllers\Monitoring.php(68): CodeIgniter\Debug\Exceptions->errorHandler(2, 'A non-numeric value encountered', 'APPPATH\\Controllers\\Monitoring.php', 68)
 2 SYSTEMPATH\CodeIgniter.php(934): App\Controllers\Monitoring->data_penjualan()
 3 SYSTEMPATH\CodeIgniter.php(499): CodeIgniter\CodeIgniter->runController(Object(App\Controllers\Monitoring))
 4 SYSTEMPATH\CodeIgniter.php(368): CodeIgniter\CodeIgniter->handleRequest(null, Object(Config\Cache), false)
 5 FCPATH\index.php(67): CodeIgniter\CodeIgniter->run()
 6 SYSTEMPATH\Commands\Server\rewrite.php(47): require_once('FCPATH\\index.php')
CRITICAL - 2023-05-26 13:57:39 --> A non-numeric value encountered
in APPPATH\Controllers\Monitoring.php on line 68.
 1 APPPATH\Controllers\Monitoring.php(68): CodeIgniter\Debug\Exceptions->errorHandler(2, 'A non-numeric value encountered', 'APPPATH\\Controllers\\Monitoring.php', 68)
 2 SYSTEMPATH\CodeIgniter.php(934): App\Controllers\Monitoring->data_penjualan()
 3 SYSTEMPATH\CodeIgniter.php(499): CodeIgniter\CodeIgniter->runController(Object(App\Controllers\Monitoring))
 4 SYSTEMPATH\CodeIgniter.php(368): CodeIgniter\CodeIgniter->handleRequest(null, Object(Config\Cache), false)
 5 FCPATH\index.php(67): CodeIgniter\CodeIgniter->run()
 6 SYSTEMPATH\Commands\Server\rewrite.php(47): require_once('FCPATH\\index.php')
CRITICAL - 2023-05-26 13:57:41 --> A non-numeric value encountered
in APPPATH\Controllers\Monitoring.php on line 68.
 1 APPPATH\Controllers\Monitoring.php(68): CodeIgniter\Debug\Exceptions->errorHandler(2, 'A non-numeric value encountered', 'APPPATH\\Controllers\\Monitoring.php', 68)
 2 SYSTEMPATH\CodeIgniter.php(934): App\Controllers\Monitoring->data_penjualan()
 3 SYSTEMPATH\CodeIgniter.php(499): CodeIgniter\CodeIgniter->runController(Object(App\Controllers\Monitoring))
 4 SYSTEMPATH\CodeIgniter.php(368): CodeIgniter\CodeIgniter->handleRequest(null, Object(Config\Cache), false)
 5 FCPATH\index.php(67): CodeIgniter\CodeIgniter->run()
 6 SYSTEMPATH\Commands\Server\rewrite.php(47): require_once('FCPATH\\index.php')
CRITICAL - 2023-05-26 13:57:43 --> A non-numeric value encountered
in APPPATH\Controllers\Monitoring.php on line 68.
 1 APPPATH\Controllers\Monitoring.php(68): CodeIgniter\Debug\Exceptions->errorHandler(2, 'A non-numeric value encountered', 'APPPATH\\Controllers\\Monitoring.php', 68)
 2 SYSTEMPATH\CodeIgniter.php(934): App\Controllers\Monitoring->data_penjualan()
 3 SYSTEMPATH\CodeIgniter.php(499): CodeIgniter\CodeIgniter->runController(Object(App\Controllers\Monitoring))
 4 SYSTEMPATH\CodeIgniter.php(368): CodeIgniter\CodeIgniter->handleRequest(null, Object(Config\Cache), false)
 5 FCPATH\index.php(67): CodeIgniter\CodeIgniter->run()
 6 SYSTEMPATH\Commands\Server\rewrite.php(47): require_once('FCPATH\\index.php')
CRITICAL - 2023-05-26 13:57:45 --> A non-numeric value encountered
in APPPATH\Controllers\Monitoring.php on line 68.
 1 APPPATH\Controllers\Monitoring.php(68): CodeIgniter\Debug\Exceptions->errorHandler(2, 'A non-numeric value encountered', 'APPPATH\\Controllers\\Monitoring.php', 68)
 2 SYSTEMPATH\CodeIgniter.php(934): App\Controllers\Monitoring->data_penjualan()
 3 SYSTEMPATH\CodeIgniter.php(499): CodeIgniter\CodeIgniter->runController(Object(App\Controllers\Monitoring))
 4 SYSTEMPATH\CodeIgniter.php(368): CodeIgniter\CodeIgniter->handleRequest(null, Object(Config\Cache), false)
 5 FCPATH\index.php(67): CodeIgniter\CodeIgniter->run()
 6 SYSTEMPATH\Commands\Server\rewrite.php(47): require_once('FCPATH\\index.php')
CRITICAL - 2023-05-26 13:57:47 --> A non-numeric value encountered
in APPPATH\Controllers\Monitoring.php on line 68.
 1 APPPATH\Controllers\Monitoring.php(68): CodeIgniter\Debug\Exceptions->errorHandler(2, 'A non-numeric value encountered', 'APPPATH\\Controllers\\Monitoring.php', 68)
 2 SYSTEMPATH\CodeIgniter.php(934): App\Controllers\Monitoring->data_penjualan()
 3 SYSTEMPATH\CodeIgniter.php(499): CodeIgniter\CodeIgniter->runController(Object(App\Controllers\Monitoring))
 4 SYSTEMPATH\CodeIgniter.php(368): CodeIgniter\CodeIgniter->handleRequest(null, Object(Config\Cache), false)
 5 FCPATH\index.php(67): CodeIgniter\CodeIgniter->run()
 6 SYSTEMPATH\Commands\Server\rewrite.php(47): require_once('FCPATH\\index.php')
CRITICAL - 2023-05-26 13:57:49 --> A non-numeric value encountered
in APPPATH\Controllers\Monitoring.php on line 68.
 1 APPPATH\Controllers\Monitoring.php(68): CodeIgniter\Debug\Exceptions->errorHandler(2, 'A non-numeric value encountered', 'APPPATH\\Controllers\\Monitoring.php', 68)
 2 SYSTEMPATH\CodeIgniter.php(934): App\Controllers\Monitoring->data_penjualan()
 3 SYSTEMPATH\CodeIgniter.php(499): CodeIgniter\CodeIgniter->runController(Object(App\Controllers\Monitoring))
 4 SYSTEMPATH\CodeIgniter.php(368): CodeIgniter\CodeIgniter->handleRequest(null, Object(Config\Cache), false)
 5 FCPATH\index.php(67): CodeIgniter\CodeIgniter->run()
 6 SYSTEMPATH\Commands\Server\rewrite.php(47): require_once('FCPATH\\index.php')
ERROR - 2023-05-26 14:07:28 --> mysqli_sql_exception: MySQL server has gone away in C:\xampp\htdocs\monitoring\vendor\codeigniter4\framework\system\Database\MySQLi\Connection.php:295
Stack trace:
#0 C:\xampp\htdocs\monitoring\vendor\codeigniter4\framework\system\Database\MySQLi\Connection.php(295): mysqli->query('SELECT *\nFROM `...', 0)
#1 C:\xampp\htdocs\monitoring\vendor\codeigniter4\framework\system\Database\BaseConnection.php(691): CodeIgniter\Database\MySQLi\Connection->execute('SELECT *\nFROM `...')
#2 C:\xampp\htdocs\monitoring\vendor\codeigniter4\framework\system\Database\BaseConnection.php(605): CodeIgniter\Database\BaseConnection->simpleQuery('SELECT *\nFROM `...')
#3 C:\xampp\htdocs\monitoring\vendor\codeigniter4\framework\system\Database\BaseBuilder.php(1616): CodeIgniter\Database\BaseConnection->query('SELECT *\nFROM `...', Array, false)
#4 C:\xampp\htdocs\monitoring\vendor\codeigniter4\framework\system\Model.php(203): CodeIgniter\Database\BaseBuilder->get()
#5 C:\xampp\htdocs\monitoring\vendor\codeigniter4\framework\system\BaseModel.php(557): CodeIgniter\Model->doFind(false, NULL)
#6 C:\xampp\htdocs\monitoring\app\Models\BateraiModel.php(16): CodeIgniter\BaseModel->find()
#7 C:\xampp\htdocs\monitoring\app\Controllers\Plts.php(60): App\Models\BateraiModel->getData()
#8 C:\xampp\htdocs\monitoring\vendor\codeigniter4\framework\system\CodeIgniter.php(934): App\Controllers\Plts->detailbaterai()
#9 C:\xampp\htdocs\monitoring\vendor\codeigniter4\framework\system\CodeIgniter.php(499): CodeIgniter\CodeIgniter->runController(Object(App\Controllers\Plts))
#10 C:\xampp\htdocs\monitoring\vendor\codeigniter4\framework\system\CodeIgniter.php(368): CodeIgniter\CodeIgniter->handleRequest(NULL, Object(Config\Cache), false)
#11 C:\xampp\htdocs\monitoring\public\index.php(67): CodeIgniter\CodeIgniter->run()
#12 C:\xampp\htdocs\monitoring\vendor\codeigniter4\framework\system\Commands\Server\rewrite.php(47): require_once('C:\\xampp\\htdocs...')
#13 {main}
CRITICAL - 2023-05-26 14:07:28 --> MySQL server has gone away
in SYSTEMPATH\Database\BaseConnection.php on line 645.
 1 SYSTEMPATH\Database\BaseBuilder.php(1616): CodeIgniter\Database\BaseConnection->query('SELECT *
FROM `grafikbaterai`
ORDER BY `id_tb` DESC
 LIMIT 20', [], false)
 2 SYSTEMPATH\Model.php(203): CodeIgniter\Database\BaseBuilder->get()
 3 SYSTEMPATH\BaseModel.php(557): CodeIgniter\Model->doFind(false, null)
 4 APPPATH\Models\BateraiModel.php(16): CodeIgniter\BaseModel->find()
 5 APPPATH\Controllers\Plts.php(60): App\Models\BateraiModel->getData()
 6 SYSTEMPATH\CodeIgniter.php(934): App\Controllers\Plts->detailbaterai()
 7 SYSTEMPATH\CodeIgniter.php(499): CodeIgniter\CodeIgniter->runController(Object(App\Controllers\Plts))
 8 SYSTEMPATH\CodeIgniter.php(368): CodeIgniter\CodeIgniter->handleRequest(null, Object(Config\Cache), false)
 9 FCPATH\index.php(67): CodeIgniter\CodeIgniter->run()
10 SYSTEMPATH\Commands\Server\rewrite.php(47): require_once('FCPATH\\index.php')
ERROR - 2023-05-26 14:07:32 --> Error connecting to the database: mysqli_sql_exception: No connection could be made because the target machine actively refused it in C:\xampp\htdocs\monitoring\vendor\codeigniter4\framework\system\Database\MySQLi\Connection.php:173
Stack trace:
#0 C:\xampp\htdocs\monitoring\vendor\codeigniter4\framework\system\Database\MySQLi\Connection.php(173): mysqli->real_connect('localhost', 'root', Object(SensitiveParameterValue), 'monitoring', 3306, '', 0)
#1 C:\xampp\htdocs\monitoring\vendor\codeigniter4\framework\system\Database\BaseConnection.php(391): CodeIgniter\Database\MySQLi\Connection->connect(false)
#2 C:\xampp\htdocs\monitoring\vendor\codeigniter4\framework\system\Database\BaseConnection.php(573): CodeIgniter\Database\BaseConnection->initialize()
#3 C:\xampp\htdocs\monitoring\vendor\codeigniter4\framework\system\Database\BaseBuilder.php(1616): CodeIgniter\Database\BaseConnection->query('SELECT *\nFROM `...', Array, false)
#4 C:\xampp\htdocs\monitoring\vendor\codeigniter4\framework\system\Model.php(200): CodeIgniter\Database\BaseBuilder->get()
#5 C:\xampp\htdocs\monitoring\vendor\codeigniter4\framework\system\BaseModel.php(557): CodeIgniter\Model->doFind(true, '30')
#6 C:\xampp\htdocs\monitoring\vendor\myth\auth\src\Authentication\AuthenticationBase.php(130): CodeIgniter\BaseModel->find('30')
#7 C:\xampp\htdocs\monitoring\vendor\myth\auth\src\Authentication\LocalAuthenticator.php(67): Myth\Auth\Authentication\AuthenticationBase->isLoggedIn()
#8 C:\xampp\htdocs\monitoring\vendor\myth\auth\src\Filters\LoginFilter.php(29): Myth\Auth\Authentication\LocalAuthenticator->check()
#9 C:\xampp\htdocs\monitoring\vendor\codeigniter4\framework\system\Filters\Filters.php(173): Myth\Auth\Filters\LoginFilter->before(Object(CodeIgniter\HTTP\IncomingRequest), NULL)
#10 C:\xampp\htdocs\monitoring\vendor\codeigniter4\framework\system\CodeIgniter.php(473): CodeIgniter\Filters\Filters->run('monitoring/data...', 'before')
#11 C:\xampp\htdocs\monitoring\vendor\codeigniter4\framework\system\CodeIgniter.php(368): CodeIgniter\CodeIgniter->handleRequest(NULL, Object(Config\Cache), false)
#12 C:\xampp\htdocs\monitoring\public\index.php(67): CodeIgniter\CodeIgniter->run()
#13 C:\xampp\htdocs\monitoring\vendor\codeigniter4\framework\system\Commands\Server\rewrite.php(47): require_once('C:\\xampp\\htdocs...')
#14 {main}

Next CodeIgniter\Database\Exceptions\DatabaseException: No connection could be made because the target machine actively refused it in C:\xampp\htdocs\monitoring\vendor\codeigniter4\framework\system\Database\MySQLi\Connection.php:218
Stack trace:
#0 C:\xampp\htdocs\monitoring\vendor\codeigniter4\framework\system\Database\BaseConnection.php(391): CodeIgniter\Database\MySQLi\Connection->connect(false)
#1 C:\xampp\htdocs\monitoring\vendor\codeigniter4\framework\system\Database\BaseConnection.php(573): CodeIgniter\Database\BaseConnection->initialize()
#2 C:\xampp\htdocs\monitoring\vendor\codeigniter4\framework\system\Database\BaseBuilder.php(1616): CodeIgniter\Database\BaseConnection->query('SELECT *\nFROM `...', Array, false)
#3 C:\xampp\htdocs\monitoring\vendor\codeigniter4\framework\system\Model.php(200): CodeIgniter\Database\BaseBuilder->get()
#4 C:\xampp\htdocs\monitoring\vendor\codeigniter4\framework\system\BaseModel.php(557): CodeIgniter\Model->doFind(true, '30')
#5 C:\xampp\htdocs\monitoring\vendor\myth\auth\src\Authentication\AuthenticationBase.php(130): CodeIgniter\BaseModel->find('30')
#6 C:\xampp\htdocs\monitoring\vendor\myth\auth\src\Authentication\LocalAuthenticator.php(67): Myth\Auth\Authentication\AuthenticationBase->isLoggedIn()
#7 C:\xampp\htdocs\monitoring\vendor\myth\auth\src\Filters\LoginFilter.php(29): Myth\Auth\Authentication\LocalAuthenticator->check()
#8 C:\xampp\htdocs\monitoring\vendor\codeigniter4\framework\system\Filters\Filters.php(173): Myth\Auth\Filters\LoginFilter->before(Object(CodeIgniter\HTTP\IncomingRequest), NULL)
#9 C:\xampp\htdocs\monitoring\vendor\codeigniter4\framework\system\CodeIgniter.php(473): CodeIgniter\Filters\Filters->run('monitoring/data...', 'before')
#10 C:\xampp\htdocs\monitoring\vendor\codeigniter4\framework\system\CodeIgniter.php(368): CodeIgniter\CodeIgniter->handleRequest(NULL, Object(Config\Cache), false)
#11 C:\xampp\htdocs\monitoring\public\index.php(67): CodeIgniter\CodeIgniter->run()
#12 C:\xampp\htdocs\monitoring\vendor\codeigniter4\framework\system\Commands\Server\rewrite.php(47): require_once('C:\\xampp\\htdocs...')
#13 {main}
CRITICAL - 2023-05-26 14:07:32 --> Unable to connect to the database.
Main connection [MySQLi]: No connection could be made because the target machine actively refused it
in SYSTEMPATH\Database\BaseConnection.php on line 427.
 1 SYSTEMPATH\Database\BaseConnection.php(573): CodeIgniter\Database\BaseConnection->initialize()
 2 SYSTEMPATH\Database\BaseBuilder.php(1616): CodeIgniter\Database\BaseConnection->query('SELECT *
FROM `users`
WHERE `users`.`deleted_at` IS NULL
AND `users`.`id` = :users.id:', [...], false)
 3 SYSTEMPATH\Model.php(200): CodeIgniter\Database\BaseBuilder->get()
 4 SYSTEMPATH\BaseModel.php(557): CodeIgniter\Model->doFind(true, '30')
 5 VENDORPATH\myth\auth\src\Authentication\AuthenticationBase.php(130): CodeIgniter\BaseModel->find('30')
 6 VENDORPATH\myth\auth\src\Authentication\LocalAuthenticator.php(67): Myth\Auth\Authentication\AuthenticationBase->isLoggedIn()
 7 VENDORPATH\myth\auth\src\Filters\LoginFilter.php(29): Myth\Auth\Authentication\LocalAuthenticator->check()
 8 SYSTEMPATH\Filters\Filters.php(173): Myth\Auth\Filters\LoginFilter->before(Object(CodeIgniter\HTTP\IncomingRequest), null)
 9 SYSTEMPATH\CodeIgniter.php(473): CodeIgniter\Filters\Filters->run('monitoring/data_baterai', 'before')
10 SYSTEMPATH\CodeIgniter.php(368): CodeIgniter\CodeIgniter->handleRequest(null, Object(Config\Cache), false)
11 FCPATH\index.php(67): CodeIgniter\CodeIgniter->run()
12 SYSTEMPATH\Commands\Server\rewrite.php(47): require_once('FCPATH\\index.php')
CRITICAL - 2023-05-26 14:15:00 --> Undefined array key "waktu"
in APPPATH\Views\dataplts\detailoutput.php on line 47.
 1 APPPATH\Views\dataplts\detailoutput.php(47): CodeIgniter\Debug\Exceptions->errorHandler(2, 'Undefined array key "waktu"', 'APPPATH\\Views\\dataplts\\detailoutput.php', 47)
 2 SYSTEMPATH\View\View.php(213): include('APPPATH\\Views\\dataplts\\detailoutput.php')
 3 SYSTEMPATH\View\View.php(216): CodeIgniter\View\View->CodeIgniter\View\{closure}()
 4 SYSTEMPATH\Common.php(1184): CodeIgniter\View\View->render('dataplts/detailoutput', [], true)
 5 APPPATH\Controllers\Plts.php(87): view('dataplts/detailoutput', [...])
 6 SYSTEMPATH\CodeIgniter.php(934): App\Controllers\Plts->detailoutput()
 7 SYSTEMPATH\CodeIgniter.php(499): CodeIgniter\CodeIgniter->runController(Object(App\Controllers\Plts))
 8 SYSTEMPATH\CodeIgniter.php(368): CodeIgniter\CodeIgniter->handleRequest(null, Object(Config\Cache), false)
 9 FCPATH\index.php(67): CodeIgniter\CodeIgniter->run()
10 SYSTEMPATH\Commands\Server\rewrite.php(47): require_once('FCPATH\\index.php')
CRITICAL - 2023-05-26 14:28:07 --> Undefined variable $grafibaterai
in APPPATH\Views\dataplts\detailbaterai.php on line 44.
 1 APPPATH\Views\dataplts\detailbaterai.php(44): CodeIgniter\Debug\Exceptions->errorHandler(2, 'Undefined variable $grafibaterai', 'APPPATH\\Views\\dataplts\\detailbaterai.php', 44)
 2 SYSTEMPATH\View\View.php(213): include('APPPATH\\Views\\dataplts\\detailbaterai.php')
 3 SYSTEMPATH\View\View.php(216): CodeIgniter\View\View->CodeIgniter\View\{closure}()
 4 SYSTEMPATH\Common.php(1184): CodeIgniter\View\View->render('dataplts/detailbaterai', [], true)
 5 APPPATH\Controllers\Plts.php(70): view('dataplts/detailbaterai', [...])
 6 SYSTEMPATH\CodeIgniter.php(934): App\Controllers\Plts->detailbaterai()
 7 SYSTEMPATH\CodeIgniter.php(499): CodeIgniter\CodeIgniter->runController(Object(App\Controllers\Plts))
 8 SYSTEMPATH\CodeIgniter.php(368): CodeIgniter\CodeIgniter->handleRequest(null, Object(Config\Cache), false)
 9 FCPATH\index.php(67): CodeIgniter\CodeIgniter->run()
10 SYSTEMPATH\Commands\Server\rewrite.php(47): require_once('FCPATH\\index.php')
CRITICAL - 2023-05-26 14:44:12 --> Undefined variable $users
in APPPATH\Views\laporanharian\indexlaporan.php on line 52.
 1 APPPATH\Views\laporanharian\indexlaporan.php(52): CodeIgniter\Debug\Exceptions->errorHandler(2, 'Undefined variable $users', 'APPPATH\\Views\\laporanharian\\indexlaporan.php', 52)
 2 SYSTEMPATH\View\View.php(213): include('APPPATH\\Views\\laporanharian\\indexlaporan.php')
 3 SYSTEMPATH\View\View.php(216): CodeIgniter\View\View->CodeIgniter\View\{closure}()
 4 SYSTEMPATH\Common.php(1184): CodeIgniter\View\View->render('laporanharian/indexlaporan', [], true)
 5 APPPATH\Controllers\Laporan.php(23): view('laporanharian/indexlaporan', [...])
 6 SYSTEMPATH\CodeIgniter.php(934): App\Controllers\Laporan->index()
 7 SYSTEMPATH\CodeIgniter.php(499): CodeIgniter\CodeIgniter->runController(Object(App\Controllers\Laporan))
 8 SYSTEMPATH\CodeIgniter.php(368): CodeIgniter\CodeIgniter->handleRequest(null, Object(Config\Cache), false)
 9 FCPATH\index.php(67): CodeIgniter\CodeIgniter->run()
10 SYSTEMPATH\Commands\Server\rewrite.php(47): require_once('FCPATH\\index.php')
CRITICAL - 2023-05-26 14:44:48 --> Undefined variable $users
in APPPATH\Views\laporanharian\indexlaporan.php on line 52.
 1 APPPATH\Views\laporanharian\indexlaporan.php(52): CodeIgniter\Debug\Exceptions->errorHandler(2, 'Undefined variable $users', 'APPPATH\\Views\\laporanharian\\indexlaporan.php', 52)
 2 SYSTEMPATH\View\View.php(213): include('APPPATH\\Views\\laporanharian\\indexlaporan.php')
 3 SYSTEMPATH\View\View.php(216): CodeIgniter\View\View->CodeIgniter\View\{closure}()
 4 SYSTEMPATH\Common.php(1184): CodeIgniter\View\View->render('laporanharian/indexlaporan', [], true)
 5 APPPATH\Controllers\Laporan.php(23): view('laporanharian/indexlaporan', [...])
 6 SYSTEMPATH\CodeIgniter.php(934): App\Controllers\Laporan->index()
 7 SYSTEMPATH\CodeIgniter.php(499): CodeIgniter\CodeIgniter->runController(Object(App\Controllers\Laporan))
 8 SYSTEMPATH\CodeIgniter.php(368): CodeIgniter\CodeIgniter->handleRequest(null, Object(Config\Cache), false)
 9 FCPATH\index.php(67): CodeIgniter\CodeIgniter->run()
10 SYSTEMPATH\Commands\Server\rewrite.php(47): require_once('FCPATH\\index.php')
CRITICAL - 2023-05-26 14:48:08 --> Undefined variable $users
in APPPATH\Views\laporanharian\indexlaporan.php on line 52.
 1 APPPATH\Views\laporanharian\indexlaporan.php(52): CodeIgniter\Debug\Exceptions->errorHandler(2, 'Undefined variable $users', 'APPPATH\\Views\\laporanharian\\indexlaporan.php', 52)
 2 SYSTEMPATH\View\View.php(213): include('APPPATH\\Views\\laporanharian\\indexlaporan.php')
 3 SYSTEMPATH\View\View.php(216): CodeIgniter\View\View->CodeIgniter\View\{closure}()
 4 SYSTEMPATH\Common.php(1184): CodeIgniter\View\View->render('laporanharian/indexlaporan', [], true)
 5 APPPATH\Controllers\Laporan.php(27): view('laporanharian/indexlaporan', [...])
 6 SYSTEMPATH\CodeIgniter.php(934): App\Controllers\Laporan->index()
 7 SYSTEMPATH\CodeIgniter.php(499): CodeIgniter\CodeIgniter->runController(Object(App\Controllers\Laporan))
 8 SYSTEMPATH\CodeIgniter.php(368): CodeIgniter\CodeIgniter->handleRequest(null, Object(Config\Cache), false)
 9 FCPATH\index.php(67): CodeIgniter\CodeIgniter->run()
10 SYSTEMPATH\Commands\Server\rewrite.php(47): require_once('FCPATH\\index.php')
CRITICAL - 2023-05-26 14:48:56 --> Undefined variable $users
in APPPATH\Views\laporanharian\indexlaporan.php on line 52.
 1 APPPATH\Views\laporanharian\indexlaporan.php(52): CodeIgniter\Debug\Exceptions->errorHandler(2, 'Undefined variable $users', 'APPPATH\\Views\\laporanharian\\indexlaporan.php', 52)
 2 SYSTEMPATH\View\View.php(213): include('APPPATH\\Views\\laporanharian\\indexlaporan.php')
 3 SYSTEMPATH\View\View.php(216): CodeIgniter\View\View->CodeIgniter\View\{closure}()
 4 SYSTEMPATH\Common.php(1184): CodeIgniter\View\View->render('laporanharian/indexlaporan', [], true)
 5 APPPATH\Controllers\Laporan.php(27): view('laporanharian/indexlaporan', [...])
 6 SYSTEMPATH\CodeIgniter.php(934): App\Controllers\Laporan->index()
 7 SYSTEMPATH\CodeIgniter.php(499): CodeIgniter\CodeIgniter->runController(Object(App\Controllers\Laporan))
 8 SYSTEMPATH\CodeIgniter.php(368): CodeIgniter\CodeIgniter->handleRequest(null, Object(Config\Cache), false)
 9 FCPATH\index.php(67): CodeIgniter\CodeIgniter->run()
10 SYSTEMPATH\Commands\Server\rewrite.php(47): require_once('FCPATH\\index.php')
CRITICAL - 2023-05-26 14:49:29 --> Undefined variable $laporanharian
in APPPATH\Views\laporanharian\indexlaporan.php on line 53.
 1 APPPATH\Views\laporanharian\indexlaporan.php(53): CodeIgniter\Debug\Exceptions->errorHandler(2, 'Undefined variable $laporanharian', 'APPPATH\\Views\\laporanharian\\indexlaporan.php', 53)
 2 SYSTEMPATH\View\View.php(213): include('APPPATH\\Views\\laporanharian\\indexlaporan.php')
 3 SYSTEMPATH\View\View.php(216): CodeIgniter\View\View->CodeIgniter\View\{closure}()
 4 SYSTEMPATH\Common.php(1184): CodeIgniter\View\View->render('laporanharian/indexlaporan', [], true)
 5 APPPATH\Controllers\Laporan.php(25): view('laporanharian/indexlaporan', [...])
 6 SYSTEMPATH\CodeIgniter.php(934): App\Controllers\Laporan->index()
 7 SYSTEMPATH\CodeIgniter.php(499): CodeIgniter\CodeIgniter->runController(Object(App\Controllers\Laporan))
 8 SYSTEMPATH\CodeIgniter.php(368): CodeIgniter\CodeIgniter->handleRequest(null, Object(Config\Cache), false)
 9 FCPATH\index.php(67): CodeIgniter\CodeIgniter->run()
10 SYSTEMPATH\Commands\Server\rewrite.php(47): require_once('FCPATH\\index.php')
CRITICAL - 2023-05-26 14:49:52 --> Undefined variable $p
in APPPATH\Views\laporanharian\indexlaporan.php on line 55.
 1 APPPATH\Views\laporanharian\indexlaporan.php(55): CodeIgniter\Debug\Exceptions->errorHandler(2, 'Undefined variable $p', 'APPPATH\\Views\\laporanharian\\indexlaporan.php', 55)
 2 SYSTEMPATH\View\View.php(213): include('APPPATH\\Views\\laporanharian\\indexlaporan.php')
 3 SYSTEMPATH\View\View.php(216): CodeIgniter\View\View->CodeIgniter\View\{closure}()
 4 SYSTEMPATH\Common.php(1184): CodeIgniter\View\View->render('laporanharian/indexlaporan', [], true)
 5 APPPATH\Controllers\Laporan.php(25): view('laporanharian/indexlaporan', [...])
 6 SYSTEMPATH\CodeIgniter.php(934): App\Controllers\Laporan->index()
 7 SYSTEMPATH\CodeIgniter.php(499): CodeIgniter\CodeIgniter->runController(Object(App\Controllers\Laporan))
 8 SYSTEMPATH\CodeIgniter.php(368): CodeIgniter\CodeIgniter->handleRequest(null, Object(Config\Cache), false)
 9 FCPATH\index.php(67): CodeIgniter\CodeIgniter->run()
10 SYSTEMPATH\Commands\Server\rewrite.php(47): require_once('FCPATH\\index.php')
CRITICAL - 2023-05-26 14:50:28 --> Undefined variable $p
in APPPATH\Views\laporanharian\indexlaporan.php on line 56.
 1 APPPATH\Views\laporanharian\indexlaporan.php(56): CodeIgniter\Debug\Exceptions->errorHandler(2, 'Undefined variable $p', 'APPPATH\\Views\\laporanharian\\indexlaporan.php', 56)
 2 SYSTEMPATH\View\View.php(213): include('APPPATH\\Views\\laporanharian\\indexlaporan.php')
 3 SYSTEMPATH\View\View.php(216): CodeIgniter\View\View->CodeIgniter\View\{closure}()
 4 SYSTEMPATH\Common.php(1184): CodeIgniter\View\View->render('laporanharian/indexlaporan', [], true)
 5 APPPATH\Controllers\Laporan.php(25): view('laporanharian/indexlaporan', [...])
 6 SYSTEMPATH\CodeIgniter.php(934): App\Controllers\Laporan->index()
 7 SYSTEMPATH\CodeIgniter.php(499): CodeIgniter\CodeIgniter->runController(Object(App\Controllers\Laporan))
 8 SYSTEMPATH\CodeIgniter.php(368): CodeIgniter\CodeIgniter->handleRequest(null, Object(Config\Cache), false)
 9 FCPATH\index.php(67): CodeIgniter\CodeIgniter->run()
10 SYSTEMPATH\Commands\Server\rewrite.php(47): require_once('FCPATH\\index.php')
CRITICAL - 2023-05-26 14:52:28 --> Undefined variable $p
in APPPATH\Views\laporanharian\indexlaporan.php on line 56.
 1 APPPATH\Views\laporanharian\indexlaporan.php(56): CodeIgniter\Debug\Exceptions->errorHandler(2, 'Undefined variable $p', 'APPPATH\\Views\\laporanharian\\indexlaporan.php', 56)
 2 SYSTEMPATH\View\View.php(213): include('APPPATH\\Views\\laporanharian\\indexlaporan.php')
 3 SYSTEMPATH\View\View.php(216): CodeIgniter\View\View->CodeIgniter\View\{closure}()
 4 SYSTEMPATH\Common.php(1184): CodeIgniter\View\View->render('laporanharian/indexlaporan', [], true)
 5 APPPATH\Controllers\Laporan.php(27): view('laporanharian/indexlaporan', [...])
 6 SYSTEMPATH\CodeIgniter.php(934): App\Controllers\Laporan->index()
 7 SYSTEMPATH\CodeIgniter.php(499): CodeIgniter\CodeIgniter->runController(Object(App\Controllers\Laporan))
 8 SYSTEMPATH\CodeIgniter.php(368): CodeIgniter\CodeIgniter->handleRequest(null, Object(Config\Cache), false)
 9 FCPATH\index.php(67): CodeIgniter\CodeIgniter->run()
10 SYSTEMPATH\Commands\Server\rewrite.php(47): require_once('FCPATH\\index.php')
CRITICAL - 2023-05-26 14:54:41 --> Undefined variable $p
in APPPATH\Views\laporanharian\indexlaporan.php on line 56.
 1 APPPATH\Views\laporanharian\indexlaporan.php(56): CodeIgniter\Debug\Exceptions->errorHandler(2, 'Undefined variable $p', 'APPPATH\\Views\\laporanharian\\indexlaporan.php', 56)
 2 SYSTEMPATH\View\View.php(213): include('APPPATH\\Views\\laporanharian\\indexlaporan.php')
 3 SYSTEMPATH\View\View.php(216): CodeIgniter\View\View->CodeIgniter\View\{closure}()
 4 SYSTEMPATH\Common.php(1184): CodeIgniter\View\View->render('laporanharian/indexlaporan', [], true)
 5 APPPATH\Controllers\Laporan.php(27): view('laporanharian/indexlaporan', [...])
 6 SYSTEMPATH\CodeIgniter.php(934): App\Controllers\Laporan->index()
 7 SYSTEMPATH\CodeIgniter.php(499): CodeIgniter\CodeIgniter->runController(Object(App\Controllers\Laporan))
 8 SYSTEMPATH\CodeIgniter.php(368): CodeIgniter\CodeIgniter->handleRequest(null, Object(Config\Cache), false)
 9 FCPATH\index.php(67): CodeIgniter\CodeIgniter->run()
10 SYSTEMPATH\Commands\Server\rewrite.php(47): require_once('FCPATH\\index.php')
CRITICAL - 2023-05-26 14:54:53 --> Cannot use object of type Myth\Auth\Entities\User as array
in APPPATH\Views\laporanharian\indexlaporan.php on line 56.
 1 SYSTEMPATH\View\View.php(213): include()
 2 SYSTEMPATH\View\View.php(216): CodeIgniter\View\View->CodeIgniter\View\{closure}()
 3 SYSTEMPATH\Common.php(1184): CodeIgniter\View\View->render('laporanharian/indexlaporan', [], true)
 4 APPPATH\Controllers\Laporan.php(27): view('laporanharian/indexlaporan', [...])
 5 SYSTEMPATH\CodeIgniter.php(934): App\Controllers\Laporan->index()
 6 SYSTEMPATH\CodeIgniter.php(499): CodeIgniter\CodeIgniter->runController(Object(App\Controllers\Laporan))
 7 SYSTEMPATH\CodeIgniter.php(368): CodeIgniter\CodeIgniter->handleRequest(null, Object(Config\Cache), false)
 8 FCPATH\index.php(67): CodeIgniter\CodeIgniter->run()
 9 SYSTEMPATH\Commands\Server\rewrite.php(47): require_once('FCPATH\\index.php')
CRITICAL - 2023-05-26 14:56:16 --> Attempt to read property "p" on array
in APPPATH\Views\laporanharian\indexlaporan.php on line 52.
 1 APPPATH\Views\laporanharian\indexlaporan.php(52): CodeIgniter\Debug\Exceptions->errorHandler(2, 'Attempt to read property "p" on array', 'APPPATH\\Views\\laporanharian\\indexlaporan.php', 52)
 2 SYSTEMPATH\View\View.php(213): include('APPPATH\\Views\\laporanharian\\indexlaporan.php')
 3 SYSTEMPATH\View\View.php(216): CodeIgniter\View\View->CodeIgniter\View\{closure}()
 4 SYSTEMPATH\Common.php(1184): CodeIgniter\View\View->render('laporanharian/indexlaporan', [], true)
 5 APPPATH\Controllers\Laporan.php(27): view('laporanharian/indexlaporan', [...])
 6 SYSTEMPATH\CodeIgniter.php(934): App\Controllers\Laporan->index()
 7 SYSTEMPATH\CodeIgniter.php(499): CodeIgniter\CodeIgniter->runController(Object(App\Controllers\Laporan))
 8 SYSTEMPATH\CodeIgniter.php(368): CodeIgniter\CodeIgniter->handleRequest(null, Object(Config\Cache), false)
 9 FCPATH\index.php(67): CodeIgniter\CodeIgniter->run()
10 SYSTEMPATH\Commands\Server\rewrite.php(47): require_once('FCPATH\\index.php')
CRITICAL - 2023-05-26 14:56:33 --> Undefined variable $p
in APPPATH\Views\laporanharian\indexlaporan.php on line 52.
 1 APPPATH\Views\laporanharian\indexlaporan.php(52): CodeIgniter\Debug\Exceptions->errorHandler(2, 'Undefined variable $p', 'APPPATH\\Views\\laporanharian\\indexlaporan.php', 52)
 2 SYSTEMPATH\View\View.php(213): include('APPPATH\\Views\\laporanharian\\indexlaporan.php')
 3 SYSTEMPATH\View\View.php(216): CodeIgniter\View\View->CodeIgniter\View\{closure}()
 4 SYSTEMPATH\Common.php(1184): CodeIgniter\View\View->render('laporanharian/indexlaporan', [], true)
 5 APPPATH\Controllers\Laporan.php(27): view('laporanharian/indexlaporan', [...])
 6 SYSTEMPATH\CodeIgniter.php(934): App\Controllers\Laporan->index()
 7 SYSTEMPATH\CodeIgniter.php(499): CodeIgniter\CodeIgniter->runController(Object(App\Controllers\Laporan))
 8 SYSTEMPATH\CodeIgniter.php(368): CodeIgniter\CodeIgniter->handleRequest(null, Object(Config\Cache), false)
 9 FCPATH\index.php(67): CodeIgniter\CodeIgniter->run()
10 SYSTEMPATH\Commands\Server\rewrite.php(47): require_once('FCPATH\\index.php')
CRITICAL - 2023-05-26 14:59:40 --> Cannot use object of type Myth\Auth\Entities\User as array
in APPPATH\Views\laporanharian\indexlaporan.php on line 58.
 1 SYSTEMPATH\View\View.php(213): include()
 2 SYSTEMPATH\View\View.php(216): CodeIgniter\View\View->CodeIgniter\View\{closure}()
 3 SYSTEMPATH\Common.php(1184): CodeIgniter\View\View->render('laporanharian/indexlaporan', [], true)
 4 APPPATH\Controllers\Laporan.php(27): view('laporanharian/indexlaporan', [...])
 5 SYSTEMPATH\CodeIgniter.php(934): App\Controllers\Laporan->index()
 6 SYSTEMPATH\CodeIgniter.php(499): CodeIgniter\CodeIgniter->runController(Object(App\Controllers\Laporan))
 7 SYSTEMPATH\CodeIgniter.php(368): CodeIgniter\CodeIgniter->handleRequest(null, Object(Config\Cache), false)
 8 FCPATH\index.php(67): CodeIgniter\CodeIgniter->run()
 9 SYSTEMPATH\Commands\Server\rewrite.php(47): require_once('FCPATH\\index.php')
