CRITICAL - 2023-01-04 01:00:13 --> Invalid file: pages/contact.php
in SYSTEMPATH\Exceptions\FrameworkException.php on line 33.
 1 SYSTEMPATH\View\View.php(201): CodeIgniter\Exceptions\FrameworkException::forInvalidFile('pages/contact.php')
 2 SYSTEMPATH\Common.php(1135): CodeIgniter\View\View->render('pages/contact', [], true)
 3 APPPATH\Controllers\Pages.php(34): view('pages/contact')
 4 SYSTEMPATH\CodeIgniter.php(925): App\Controllers\Pages->contact()
 5 SYSTEMPATH\CodeIgniter.php(480): CodeIgniter\CodeIgniter->runController(Object(App\Controllers\Pages))
 6 SYSTEMPATH\CodeIgniter.php(349): CodeIgniter\CodeIgniter->handleRequest(null, Object(Config\Cache), false)
 7 FCPATH\index.php(67): CodeIgniter\CodeIgniter->run()
 8 SYSTEMPATH\Commands\Server\rewrite.php(47): require_once('FCPATH\\index.php')
CRITICAL - 2023-01-04 01:03:35 --> Undefined variable $title
in APPPATH\Views\layout\template.php on line 7.
 1 APPPATH\Views\layout\template.php(7): CodeIgniter\Debug\Exceptions->errorHandler(2, 'Undefined variable $title', 'APPPATH\\Views\\layout\\template.php', 7)
 2 SYSTEMPATH\View\View.php(213): include('APPPATH\\Views\\layout\\template.php')
 3 SYSTEMPATH\View\View.php(216): CodeIgniter\View\View->CodeIgniter\View\{closure}()
 4 SYSTEMPATH\View\View.php(229): CodeIgniter\View\View->render('layout/template', [], true)
 5 SYSTEMPATH\Common.php(1135): CodeIgniter\View\View->render('pages/contact', [], true)
 6 APPPATH\Controllers\Pages.php(34): view('pages/contact')
 7 SYSTEMPATH\CodeIgniter.php(925): App\Controllers\Pages->contact()
 8 SYSTEMPATH\CodeIgniter.php(480): CodeIgniter\CodeIgniter->runController(Object(App\Controllers\Pages))
 9 SYSTEMPATH\CodeIgniter.php(349): CodeIgniter\CodeIgniter->handleRequest(null, Object(Config\Cache), false)
10 FCPATH\index.php(67): CodeIgniter\CodeIgniter->run()
11 SYSTEMPATH\Commands\Server\rewrite.php(47): require_once('FCPATH\\index.php')
CRITICAL - 2023-01-04 20:55:41 --> Undefined property: CodeIgniter\View\View::$endSection
in APPPATH\Views\komik\index.php on line 42.
 1 APPPATH\Views\komik\index.php(42): CodeIgniter\Debug\Exceptions->errorHandler(2, 'Undefined property: CodeIgniter\\View\\View::$endSection', 'APPPATH\\Views\\komik\\index.php', 42)
 2 SYSTEMPATH\View\View.php(213): include('APPPATH\\Views\\komik\\index.php')
 3 SYSTEMPATH\View\View.php(216): CodeIgniter\View\View->CodeIgniter\View\{closure}()
 4 SYSTEMPATH\Common.php(1135): CodeIgniter\View\View->render('komik/index', [], true)
 5 APPPATH\Controllers\Komik.php(12): view('komik/index', [...])
 6 SYSTEMPATH\CodeIgniter.php(925): App\Controllers\Komik->index()
 7 SYSTEMPATH\CodeIgniter.php(480): CodeIgniter\CodeIgniter->runController(Object(App\Controllers\Komik))
 8 SYSTEMPATH\CodeIgniter.php(349): CodeIgniter\CodeIgniter->handleRequest(null, Object(Config\Cache), false)
 9 FCPATH\index.php(67): CodeIgniter\CodeIgniter->run()
10 SYSTEMPATH\Commands\Server\rewrite.php(47): require_once('FCPATH\\index.php')
