CRITICAL - 2023-03-08 12:41:09 --> Call to a member function first() on null
in APPPATH\Models\GrafikModel.php on line 17.
 1 APPPATH\Controllers\Pages.php(33): App\Models\GrafikModel->getPenjualan()
 2 SYSTEMPATH\CodeIgniter.php(934): App\Controllers\Pages->grafik()
 3 SYSTEMPATH\CodeIgniter.php(499): CodeIgniter\CodeIgniter->runController(Object(App\Controllers\Pages))
 4 SYSTEMPATH\CodeIgniter.php(368): CodeIgniter\CodeIgniter->handleRequest(null, Object(Config\Cache), false)
 5 FCPATH\index.php(67): CodeIgniter\CodeIgniter->run()
 6 SYSTEMPATH\Commands\Server\rewrite.php(47): require_once('FCPATH\\index.php')
CRITICAL - 2023-03-08 12:51:59 --> Undefined variable $tahun
in APPPATH\Views\pages\v_chart.php on line 6.
 1 APPPATH\Views\pages\v_chart.php(6): CodeIgniter\Debug\Exceptions->errorHandler(2, 'Undefined variable $tahun', 'APPPATH\\Views\\pages\\v_chart.php', 6)
 2 SYSTEMPATH\View\View.php(213): include('APPPATH\\Views\\pages\\v_chart.php')
 3 SYSTEMPATH\View\View.php(216): CodeIgniter\View\View->CodeIgniter\View\{closure}()
 4 SYSTEMPATH\Common.php(1184): CodeIgniter\View\View->render('pages/v_chart', [], true)
 5 APPPATH\Controllers\Pages.php(38): view('pages/v_chart', [...])
 6 SYSTEMPATH\CodeIgniter.php(934): App\Controllers\Pages->grafik()
 7 SYSTEMPATH\CodeIgniter.php(499): CodeIgniter\CodeIgniter->runController(Object(App\Controllers\Pages))
 8 SYSTEMPATH\CodeIgniter.php(368): CodeIgniter\CodeIgniter->handleRequest(null, Object(Config\Cache), false)
 9 FCPATH\index.php(67): CodeIgniter\CodeIgniter->run()
10 SYSTEMPATH\Commands\Server\rewrite.php(47): require_once('FCPATH\\index.php')
CRITICAL - 2023-03-08 12:52:58 --> Undefined variable $tahun
in APPPATH\Views\pages\v_chart.php on line 25.
 1 APPPATH\Views\pages\v_chart.php(25): CodeIgniter\Debug\Exceptions->errorHandler(2, 'Undefined variable $tahun', 'APPPATH\\Views\\pages\\v_chart.php', 25)
 2 SYSTEMPATH\View\View.php(213): include('APPPATH\\Views\\pages\\v_chart.php')
 3 SYSTEMPATH\View\View.php(216): CodeIgniter\View\View->CodeIgniter\View\{closure}()
 4 SYSTEMPATH\Common.php(1184): CodeIgniter\View\View->render('pages/v_chart', [], true)
 5 APPPATH\Controllers\Pages.php(38): view('pages/v_chart', [...])
 6 SYSTEMPATH\CodeIgniter.php(934): App\Controllers\Pages->grafik()
 7 SYSTEMPATH\CodeIgniter.php(499): CodeIgniter\CodeIgniter->runController(Object(App\Controllers\Pages))
 8 SYSTEMPATH\CodeIgniter.php(368): CodeIgniter\CodeIgniter->handleRequest(null, Object(Config\Cache), false)
 9 FCPATH\index.php(67): CodeIgniter\CodeIgniter->run()
10 SYSTEMPATH\Commands\Server\rewrite.php(47): require_once('FCPATH\\index.php')
CRITICAL - 2023-03-08 12:53:12 --> Undefined variable $tahun
in APPPATH\Views\pages\v_chart.php on line 29.
 1 APPPATH\Views\pages\v_chart.php(29): CodeIgniter\Debug\Exceptions->errorHandler(2, 'Undefined variable $tahun', 'APPPATH\\Views\\pages\\v_chart.php', 29)
 2 SYSTEMPATH\View\View.php(213): include('APPPATH\\Views\\pages\\v_chart.php')
 3 SYSTEMPATH\View\View.php(216): CodeIgniter\View\View->CodeIgniter\View\{closure}()
 4 SYSTEMPATH\Common.php(1184): CodeIgniter\View\View->render('pages/v_chart', [], true)
 5 APPPATH\Controllers\Pages.php(38): view('pages/v_chart', [...])
 6 SYSTEMPATH\CodeIgniter.php(934): App\Controllers\Pages->grafik()
 7 SYSTEMPATH\CodeIgniter.php(499): CodeIgniter\CodeIgniter->runController(Object(App\Controllers\Pages))
 8 SYSTEMPATH\CodeIgniter.php(368): CodeIgniter\CodeIgniter->handleRequest(null, Object(Config\Cache), false)
 9 FCPATH\index.php(67): CodeIgniter\CodeIgniter->run()
10 SYSTEMPATH\Commands\Server\rewrite.php(47): require_once('FCPATH\\index.php')
CRITICAL - 2023-03-08 13:03:52 --> Undefined array key "id"
in APPPATH\Views\pages\v_chart.php on line 44.
 1 APPPATH\Views\pages\v_chart.php(44): CodeIgniter\Debug\Exceptions->errorHandler(2, 'Undefined array key "id"', 'APPPATH\\Views\\pages\\v_chart.php', 44)
 2 SYSTEMPATH\View\View.php(213): include('APPPATH\\Views\\pages\\v_chart.php')
 3 SYSTEMPATH\View\View.php(216): CodeIgniter\View\View->CodeIgniter\View\{closure}()
 4 SYSTEMPATH\Common.php(1184): CodeIgniter\View\View->render('pages/v_chart', [], true)
 5 APPPATH\Controllers\Pages.php(38): view('pages/v_chart', [...])
 6 SYSTEMPATH\CodeIgniter.php(934): App\Controllers\Pages->grafik()
 7 SYSTEMPATH\CodeIgniter.php(499): CodeIgniter\CodeIgniter->runController(Object(App\Controllers\Pages))
 8 SYSTEMPATH\CodeIgniter.php(368): CodeIgniter\CodeIgniter->handleRequest(null, Object(Config\Cache), false)
 9 FCPATH\index.php(67): CodeIgniter\CodeIgniter->run()
10 SYSTEMPATH\Commands\Server\rewrite.php(47): require_once('FCPATH\\index.php')
CRITICAL - 2023-03-08 13:04:09 --> Undefined array key "jumlah"
in APPPATH\Views\pages\v_chart.php on line 44.
 1 APPPATH\Views\pages\v_chart.php(44): CodeIgniter\Debug\Exceptions->errorHandler(2, 'Undefined array key "jumlah"', 'APPPATH\\Views\\pages\\v_chart.php', 44)
 2 SYSTEMPATH\View\View.php(213): include('APPPATH\\Views\\pages\\v_chart.php')
 3 SYSTEMPATH\View\View.php(216): CodeIgniter\View\View->CodeIgniter\View\{closure}()
 4 SYSTEMPATH\Common.php(1184): CodeIgniter\View\View->render('pages/v_chart', [], true)
 5 APPPATH\Controllers\Pages.php(38): view('pages/v_chart', [...])
 6 SYSTEMPATH\CodeIgniter.php(934): App\Controllers\Pages->grafik()
 7 SYSTEMPATH\CodeIgniter.php(499): CodeIgniter\CodeIgniter->runController(Object(App\Controllers\Pages))
 8 SYSTEMPATH\CodeIgniter.php(368): CodeIgniter\CodeIgniter->handleRequest(null, Object(Config\Cache), false)
 9 FCPATH\index.php(67): CodeIgniter\CodeIgniter->run()
10 SYSTEMPATH\Commands\Server\rewrite.php(47): require_once('FCPATH\\index.php')
CRITICAL - 2023-03-08 13:05:10 --> Undefined array key "id"
in APPPATH\Views\pages\v_chart.php on line 44.
 1 APPPATH\Views\pages\v_chart.php(44): CodeIgniter\Debug\Exceptions->errorHandler(2, 'Undefined array key "id"', 'APPPATH\\Views\\pages\\v_chart.php', 44)
 2 SYSTEMPATH\View\View.php(213): include('APPPATH\\Views\\pages\\v_chart.php')
 3 SYSTEMPATH\View\View.php(216): CodeIgniter\View\View->CodeIgniter\View\{closure}()
 4 SYSTEMPATH\Common.php(1184): CodeIgniter\View\View->render('pages/v_chart', [], true)
 5 APPPATH\Controllers\Pages.php(38): view('pages/v_chart', [...])
 6 SYSTEMPATH\CodeIgniter.php(934): App\Controllers\Pages->grafik()
 7 SYSTEMPATH\CodeIgniter.php(499): CodeIgniter\CodeIgniter->runController(Object(App\Controllers\Pages))
 8 SYSTEMPATH\CodeIgniter.php(368): CodeIgniter\CodeIgniter->handleRequest(null, Object(Config\Cache), false)
 9 FCPATH\index.php(67): CodeIgniter\CodeIgniter->run()
10 SYSTEMPATH\Commands\Server\rewrite.php(47): require_once('FCPATH\\index.php')
CRITICAL - 2023-03-08 13:05:42 --> Undefined array key "jumlah"
in APPPATH\Views\pages\v_chart.php on line 44.
 1 APPPATH\Views\pages\v_chart.php(44): CodeIgniter\Debug\Exceptions->errorHandler(2, 'Undefined array key "jumlah"', 'APPPATH\\Views\\pages\\v_chart.php', 44)
 2 SYSTEMPATH\View\View.php(213): include('APPPATH\\Views\\pages\\v_chart.php')
 3 SYSTEMPATH\View\View.php(216): CodeIgniter\View\View->CodeIgniter\View\{closure}()
 4 SYSTEMPATH\Common.php(1184): CodeIgniter\View\View->render('pages/v_chart', [], true)
 5 APPPATH\Controllers\Pages.php(38): view('pages/v_chart', [...])
 6 SYSTEMPATH\CodeIgniter.php(934): App\Controllers\Pages->grafik()
 7 SYSTEMPATH\CodeIgniter.php(499): CodeIgniter\CodeIgniter->runController(Object(App\Controllers\Pages))
 8 SYSTEMPATH\CodeIgniter.php(368): CodeIgniter\CodeIgniter->handleRequest(null, Object(Config\Cache), false)
 9 FCPATH\index.php(67): CodeIgniter\CodeIgniter->run()
10 SYSTEMPATH\Commands\Server\rewrite.php(47): require_once('FCPATH\\index.php')
CRITICAL - 2023-03-08 13:46:10 --> Undefined variable $pemain
in APPPATH\Views\pages\indexgrafik.php on line 43.
 1 APPPATH\Views\pages\indexgrafik.php(43): CodeIgniter\Debug\Exceptions->errorHandler(2, 'Undefined variable $pemain', 'APPPATH\\Views\\pages\\indexgrafik.php', 43)
 2 SYSTEMPATH\View\View.php(213): include('APPPATH\\Views\\pages\\indexgrafik.php')
 3 SYSTEMPATH\View\View.php(216): CodeIgniter\View\View->CodeIgniter\View\{closure}()
 4 SYSTEMPATH\Common.php(1184): CodeIgniter\View\View->render('pages/indexgrafik', [], true)
 5 APPPATH\Controllers\Pages.php(36): view('pages/indexgrafik', [...])
 6 SYSTEMPATH\CodeIgniter.php(934): App\Controllers\Pages->indexgrafik()
 7 SYSTEMPATH\CodeIgniter.php(499): CodeIgniter\CodeIgniter->runController(Object(App\Controllers\Pages))
 8 SYSTEMPATH\CodeIgniter.php(368): CodeIgniter\CodeIgniter->handleRequest(null, Object(Config\Cache), false)
 9 FCPATH\index.php(67): CodeIgniter\CodeIgniter->run()
10 SYSTEMPATH\Commands\Server\rewrite.php(47): require_once('FCPATH\\index.php')
CRITICAL - 2023-03-08 13:52:36 --> Undefined variable $validation
in APPPATH\Views\pages\creategrafik.php on line 28.
 1 APPPATH\Views\pages\creategrafik.php(28): CodeIgniter\Debug\Exceptions->errorHandler(2, 'Undefined variable $validation', 'APPPATH\\Views\\pages\\creategrafik.php', 28)
 2 SYSTEMPATH\View\View.php(213): include('APPPATH\\Views\\pages\\creategrafik.php')
 3 SYSTEMPATH\View\View.php(216): CodeIgniter\View\View->CodeIgniter\View\{closure}()
 4 SYSTEMPATH\Common.php(1184): CodeIgniter\View\View->render('pages/creategrafik', [], true)
 5 APPPATH\Controllers\Pages.php(47): view('pages/creategrafik', [...])
 6 SYSTEMPATH\CodeIgniter.php(934): App\Controllers\Pages->create()
 7 SYSTEMPATH\CodeIgniter.php(499): CodeIgniter\CodeIgniter->runController(Object(App\Controllers\Pages))
 8 SYSTEMPATH\CodeIgniter.php(368): CodeIgniter\CodeIgniter->handleRequest(null, Object(Config\Cache), false)
 9 FCPATH\index.php(67): CodeIgniter\CodeIgniter->run()
10 SYSTEMPATH\Commands\Server\rewrite.php(47): require_once('FCPATH\\index.php')
CRITICAL - 2023-03-08 13:53:52 --> Undefined variable $validation
in APPPATH\Views\pages\creategrafik.php on line 30.
 1 APPPATH\Views\pages\creategrafik.php(30): CodeIgniter\Debug\Exceptions->errorHandler(2, 'Undefined variable $validation', 'APPPATH\\Views\\pages\\creategrafik.php', 30)
 2 SYSTEMPATH\View\View.php(213): include('APPPATH\\Views\\pages\\creategrafik.php')
 3 SYSTEMPATH\View\View.php(216): CodeIgniter\View\View->CodeIgniter\View\{closure}()
 4 SYSTEMPATH\Common.php(1184): CodeIgniter\View\View->render('pages/creategrafik', [], true)
 5 APPPATH\Controllers\Pages.php(47): view('pages/creategrafik', [...])
 6 SYSTEMPATH\CodeIgniter.php(934): App\Controllers\Pages->create()
 7 SYSTEMPATH\CodeIgniter.php(499): CodeIgniter\CodeIgniter->runController(Object(App\Controllers\Pages))
 8 SYSTEMPATH\CodeIgniter.php(368): CodeIgniter\CodeIgniter->handleRequest(null, Object(Config\Cache), false)
 9 FCPATH\index.php(67): CodeIgniter\CodeIgniter->run()
10 SYSTEMPATH\Commands\Server\rewrite.php(47): require_once('FCPATH\\index.php')
