CRITICAL - 2023-01-06 07:27:51 --> Call to undefined method App\Models\KomikModel::fineAll
in SYSTEMPATH\Model.php on line 806.
 1 APPPATH\Controllers\Komik.php(25): CodeIgniter\Model->__call('fineAll', [])
 2 SYSTEMPATH\CodeIgniter.php(925): App\Controllers\Komik->index()
 3 SYSTEMPATH\CodeIgniter.php(480): CodeIgniter\CodeIgniter->runController(Object(App\Controllers\Komik))
 4 SYSTEMPATH\CodeIgniter.php(349): CodeIgniter\CodeIgniter->handleRequest(null, Object(Config\Cache), false)
 5 FCPATH\index.php(67): CodeIgniter\CodeIgniter->run()
 6 SYSTEMPATH\Commands\Server\rewrite.php(47): require_once('FCPATH\\index.php')
CRITICAL - 2023-01-06 10:30:50 --> Trying to access array offset on value of type null
in APPPATH\Views\komik\detail.php on line 7.
 1 APPPATH\Views\komik\detail.php(7): CodeIgniter\Debug\Exceptions->errorHandler(2, 'Trying to access array offset on value of type null', 'APPPATH\\Views\\komik\\detail.php', 7)
 2 SYSTEMPATH\View\View.php(213): include('APPPATH\\Views\\komik\\detail.php')
 3 SYSTEMPATH\View\View.php(216): CodeIgniter\View\View->CodeIgniter\View\{closure}()
 4 SYSTEMPATH\Common.php(1135): CodeIgniter\View\View->render('komik/detail', [], true)
 5 APPPATH\Controllers\Komik.php(51): view('komik/detail', [...])
 6 SYSTEMPATH\CodeIgniter.php(925): App\Controllers\Komik->detail('naruto.jpg')
 7 SYSTEMPATH\CodeIgniter.php(480): CodeIgniter\CodeIgniter->runController(Object(App\Controllers\Komik))
 8 SYSTEMPATH\CodeIgniter.php(349): CodeIgniter\CodeIgniter->handleRequest(null, Object(Config\Cache), false)
 9 FCPATH\index.php(67): CodeIgniter\CodeIgniter->run()
10 SYSTEMPATH\Commands\Server\rewrite.php(47): require_once('FCPATH\\index.php')
CRITICAL - 2023-01-06 10:35:53 --> Call to undefined method CodeIgniter\View\View::extends()
in APPPATH\Views\komik\detail.php on line 1.
 1 SYSTEMPATH\View\View.php(213): include()
 2 SYSTEMPATH\View\View.php(216): CodeIgniter\View\View->CodeIgniter\View\{closure}()
 3 SYSTEMPATH\Common.php(1135): CodeIgniter\View\View->render('komik/detail', [], true)
 4 APPPATH\Controllers\Komik.php(51): view('komik/detail', [...])
 5 SYSTEMPATH\CodeIgniter.php(925): App\Controllers\Komik->detail('naruto')
 6 SYSTEMPATH\CodeIgniter.php(480): CodeIgniter\CodeIgniter->runController(Object(App\Controllers\Komik))
 7 SYSTEMPATH\CodeIgniter.php(349): CodeIgniter\CodeIgniter->handleRequest(null, Object(Config\Cache), false)
 8 FCPATH\index.php(67): CodeIgniter\CodeIgniter->run()
 9 SYSTEMPATH\Commands\Server\rewrite.php(47): require_once('FCPATH\\index.php')
ERROR - 2023-01-06 20:18:32 --> Error connecting to the database: mysqli_sql_exception: No connection could be made because the target machine actively refused it in C:\xampp\htdocs\ci4aplikasi\vendor\codeigniter4\framework\system\Database\MySQLi\Connection.php:170
Stack trace:
#0 C:\xampp\htdocs\ci4aplikasi\vendor\codeigniter4\framework\system\Database\MySQLi\Connection.php(170): mysqli->real_connect('localhost', 'root', Object(SensitiveParameterValue), 'ci4', 3306, '', 0)
#1 C:\xampp\htdocs\ci4aplikasi\vendor\codeigniter4\framework\system\Database\BaseConnection.php(382): CodeIgniter\Database\MySQLi\Connection->connect(false)
#2 C:\xampp\htdocs\ci4aplikasi\vendor\codeigniter4\framework\system\Database\BaseConnection.php(561): CodeIgniter\Database\BaseConnection->initialize()
#3 C:\xampp\htdocs\ci4aplikasi\vendor\codeigniter4\framework\system\Database\BaseBuilder.php(1585): CodeIgniter\Database\BaseConnection->query('SELECT *\nFROM `...', Array, false)
#4 C:\xampp\htdocs\ci4aplikasi\vendor\codeigniter4\framework\system\Model.php(240): CodeIgniter\Database\BaseBuilder->get()
#5 C:\xampp\htdocs\ci4aplikasi\vendor\codeigniter4\framework\system\BaseModel.php(586): CodeIgniter\Model->doFindAll(0, 0)
#6 C:\xampp\htdocs\ci4aplikasi\app\Models\KomikModel.php(17): CodeIgniter\BaseModel->findAll()
#7 C:\xampp\htdocs\ci4aplikasi\app\Controllers\Komik.php(26): App\Models\KomikModel->getKomik()
#8 C:\xampp\htdocs\ci4aplikasi\vendor\codeigniter4\framework\system\CodeIgniter.php(925): App\Controllers\Komik->index()
#9 C:\xampp\htdocs\ci4aplikasi\vendor\codeigniter4\framework\system\CodeIgniter.php(480): CodeIgniter\CodeIgniter->runController(Object(App\Controllers\Komik))
#10 C:\xampp\htdocs\ci4aplikasi\vendor\codeigniter4\framework\system\CodeIgniter.php(349): CodeIgniter\CodeIgniter->handleRequest(NULL, Object(Config\Cache), false)
#11 C:\xampp\htdocs\ci4aplikasi\public\index.php(67): CodeIgniter\CodeIgniter->run()
#12 C:\xampp\htdocs\ci4aplikasi\vendor\codeigniter4\framework\system\Commands\Server\rewrite.php(47): require_once('C:\\xampp\\htdocs...')
#13 {main}

Next CodeIgniter\Database\Exceptions\DatabaseException: No connection could be made because the target machine actively refused it in C:\xampp\htdocs\ci4aplikasi\vendor\codeigniter4\framework\system\Database\MySQLi\Connection.php:215
Stack trace:
#0 C:\xampp\htdocs\ci4aplikasi\vendor\codeigniter4\framework\system\Database\BaseConnection.php(382): CodeIgniter\Database\MySQLi\Connection->connect(false)
#1 C:\xampp\htdocs\ci4aplikasi\vendor\codeigniter4\framework\system\Database\BaseConnection.php(561): CodeIgniter\Database\BaseConnection->initialize()
#2 C:\xampp\htdocs\ci4aplikasi\vendor\codeigniter4\framework\system\Database\BaseBuilder.php(1585): CodeIgniter\Database\BaseConnection->query('SELECT *\nFROM `...', Array, false)
#3 C:\xampp\htdocs\ci4aplikasi\vendor\codeigniter4\framework\system\Model.php(240): CodeIgniter\Database\BaseBuilder->get()
#4 C:\xampp\htdocs\ci4aplikasi\vendor\codeigniter4\framework\system\BaseModel.php(586): CodeIgniter\Model->doFindAll(0, 0)
#5 C:\xampp\htdocs\ci4aplikasi\app\Models\KomikModel.php(17): CodeIgniter\BaseModel->findAll()
#6 C:\xampp\htdocs\ci4aplikasi\app\Controllers\Komik.php(26): App\Models\KomikModel->getKomik()
#7 C:\xampp\htdocs\ci4aplikasi\vendor\codeigniter4\framework\system\CodeIgniter.php(925): App\Controllers\Komik->index()
#8 C:\xampp\htdocs\ci4aplikasi\vendor\codeigniter4\framework\system\CodeIgniter.php(480): CodeIgniter\CodeIgniter->runController(Object(App\Controllers\Komik))
#9 C:\xampp\htdocs\ci4aplikasi\vendor\codeigniter4\framework\system\CodeIgniter.php(349): CodeIgniter\CodeIgniter->handleRequest(NULL, Object(Config\Cache), false)
#10 C:\xampp\htdocs\ci4aplikasi\public\index.php(67): CodeIgniter\CodeIgniter->run()
#11 C:\xampp\htdocs\ci4aplikasi\vendor\codeigniter4\framework\system\Commands\Server\rewrite.php(47): require_once('C:\\xampp\\htdocs...')
#12 {main}
CRITICAL - 2023-01-06 20:18:32 --> Unable to connect to the database.
Main connection [MySQLi]: No connection could be made because the target machine actively refused it
in SYSTEMPATH\Database\BaseConnection.php on line 418.
 1 SYSTEMPATH\Database\BaseConnection.php(561): CodeIgniter\Database\BaseConnection->initialize()
 2 SYSTEMPATH\Database\BaseBuilder.php(1585): CodeIgniter\Database\BaseConnection->query('SELECT *
FROM `komik`', [], false)
 3 SYSTEMPATH\Model.php(240): CodeIgniter\Database\BaseBuilder->get()
 4 SYSTEMPATH\BaseModel.php(586): CodeIgniter\Model->doFindAll(0, 0)
 5 APPPATH\Models\KomikModel.php(17): CodeIgniter\BaseModel->findAll()
 6 APPPATH\Controllers\Komik.php(26): App\Models\KomikModel->getKomik()
 7 SYSTEMPATH\CodeIgniter.php(925): App\Controllers\Komik->index()
 8 SYSTEMPATH\CodeIgniter.php(480): CodeIgniter\CodeIgniter->runController(Object(App\Controllers\Komik))
 9 SYSTEMPATH\CodeIgniter.php(349): CodeIgniter\CodeIgniter->handleRequest(null, Object(Config\Cache), false)
10 FCPATH\index.php(67): CodeIgniter\CodeIgniter->run()
11 SYSTEMPATH\Commands\Server\rewrite.php(47): require_once('FCPATH\\index.php')
ERROR - 2023-01-06 20:19:01 --> Error connecting to the database: mysqli_sql_exception: No connection could be made because the target machine actively refused it in C:\xampp\htdocs\ci4aplikasi\vendor\codeigniter4\framework\system\Database\MySQLi\Connection.php:170
Stack trace:
#0 C:\xampp\htdocs\ci4aplikasi\vendor\codeigniter4\framework\system\Database\MySQLi\Connection.php(170): mysqli->real_connect('localhost', 'root', Object(SensitiveParameterValue), 'ci4', 3306, '', 0)
#1 C:\xampp\htdocs\ci4aplikasi\vendor\codeigniter4\framework\system\Database\BaseConnection.php(382): CodeIgniter\Database\MySQLi\Connection->connect(false)
#2 C:\xampp\htdocs\ci4aplikasi\vendor\codeigniter4\framework\system\Database\BaseConnection.php(561): CodeIgniter\Database\BaseConnection->initialize()
#3 C:\xampp\htdocs\ci4aplikasi\vendor\codeigniter4\framework\system\Database\BaseBuilder.php(1585): CodeIgniter\Database\BaseConnection->query('SELECT *\nFROM `...', Array, false)
#4 C:\xampp\htdocs\ci4aplikasi\vendor\codeigniter4\framework\system\Model.php(240): CodeIgniter\Database\BaseBuilder->get()
#5 C:\xampp\htdocs\ci4aplikasi\vendor\codeigniter4\framework\system\BaseModel.php(586): CodeIgniter\Model->doFindAll(0, 0)
#6 C:\xampp\htdocs\ci4aplikasi\app\Models\KomikModel.php(17): CodeIgniter\BaseModel->findAll()
#7 C:\xampp\htdocs\ci4aplikasi\app\Controllers\Komik.php(26): App\Models\KomikModel->getKomik()
#8 C:\xampp\htdocs\ci4aplikasi\vendor\codeigniter4\framework\system\CodeIgniter.php(925): App\Controllers\Komik->index()
#9 C:\xampp\htdocs\ci4aplikasi\vendor\codeigniter4\framework\system\CodeIgniter.php(480): CodeIgniter\CodeIgniter->runController(Object(App\Controllers\Komik))
#10 C:\xampp\htdocs\ci4aplikasi\vendor\codeigniter4\framework\system\CodeIgniter.php(349): CodeIgniter\CodeIgniter->handleRequest(NULL, Object(Config\Cache), false)
#11 C:\xampp\htdocs\ci4aplikasi\public\index.php(67): CodeIgniter\CodeIgniter->run()
#12 C:\xampp\htdocs\ci4aplikasi\vendor\codeigniter4\framework\system\Commands\Server\rewrite.php(47): require_once('C:\\xampp\\htdocs...')
#13 {main}

Next CodeIgniter\Database\Exceptions\DatabaseException: No connection could be made because the target machine actively refused it in C:\xampp\htdocs\ci4aplikasi\vendor\codeigniter4\framework\system\Database\MySQLi\Connection.php:215
Stack trace:
#0 C:\xampp\htdocs\ci4aplikasi\vendor\codeigniter4\framework\system\Database\BaseConnection.php(382): CodeIgniter\Database\MySQLi\Connection->connect(false)
#1 C:\xampp\htdocs\ci4aplikasi\vendor\codeigniter4\framework\system\Database\BaseConnection.php(561): CodeIgniter\Database\BaseConnection->initialize()
#2 C:\xampp\htdocs\ci4aplikasi\vendor\codeigniter4\framework\system\Database\BaseBuilder.php(1585): CodeIgniter\Database\BaseConnection->query('SELECT *\nFROM `...', Array, false)
#3 C:\xampp\htdocs\ci4aplikasi\vendor\codeigniter4\framework\system\Model.php(240): CodeIgniter\Database\BaseBuilder->get()
#4 C:\xampp\htdocs\ci4aplikasi\vendor\codeigniter4\framework\system\BaseModel.php(586): CodeIgniter\Model->doFindAll(0, 0)
#5 C:\xampp\htdocs\ci4aplikasi\app\Models\KomikModel.php(17): CodeIgniter\BaseModel->findAll()
#6 C:\xampp\htdocs\ci4aplikasi\app\Controllers\Komik.php(26): App\Models\KomikModel->getKomik()
#7 C:\xampp\htdocs\ci4aplikasi\vendor\codeigniter4\framework\system\CodeIgniter.php(925): App\Controllers\Komik->index()
#8 C:\xampp\htdocs\ci4aplikasi\vendor\codeigniter4\framework\system\CodeIgniter.php(480): CodeIgniter\CodeIgniter->runController(Object(App\Controllers\Komik))
#9 C:\xampp\htdocs\ci4aplikasi\vendor\codeigniter4\framework\system\CodeIgniter.php(349): CodeIgniter\CodeIgniter->handleRequest(NULL, Object(Config\Cache), false)
#10 C:\xampp\htdocs\ci4aplikasi\public\index.php(67): CodeIgniter\CodeIgniter->run()
#11 C:\xampp\htdocs\ci4aplikasi\vendor\codeigniter4\framework\system\Commands\Server\rewrite.php(47): require_once('C:\\xampp\\htdocs...')
#12 {main}
CRITICAL - 2023-01-06 20:19:01 --> Unable to connect to the database.
Main connection [MySQLi]: No connection could be made because the target machine actively refused it
in SYSTEMPATH\Database\BaseConnection.php on line 418.
 1 SYSTEMPATH\Database\BaseConnection.php(561): CodeIgniter\Database\BaseConnection->initialize()
 2 SYSTEMPATH\Database\BaseBuilder.php(1585): CodeIgniter\Database\BaseConnection->query('SELECT *
FROM `komik`', [], false)
 3 SYSTEMPATH\Model.php(240): CodeIgniter\Database\BaseBuilder->get()
 4 SYSTEMPATH\BaseModel.php(586): CodeIgniter\Model->doFindAll(0, 0)
 5 APPPATH\Models\KomikModel.php(17): CodeIgniter\BaseModel->findAll()
 6 APPPATH\Controllers\Komik.php(26): App\Models\KomikModel->getKomik()
 7 SYSTEMPATH\CodeIgniter.php(925): App\Controllers\Komik->index()
 8 SYSTEMPATH\CodeIgniter.php(480): CodeIgniter\CodeIgniter->runController(Object(App\Controllers\Komik))
 9 SYSTEMPATH\CodeIgniter.php(349): CodeIgniter\CodeIgniter->handleRequest(null, Object(Config\Cache), false)
10 FCPATH\index.php(67): CodeIgniter\CodeIgniter->run()
11 SYSTEMPATH\Commands\Server\rewrite.php(47): require_once('FCPATH\\index.php')
ERROR - 2023-01-06 20:19:08 --> Error connecting to the database: mysqli_sql_exception: No connection could be made because the target machine actively refused it in C:\xampp\htdocs\ci4aplikasi\vendor\codeigniter4\framework\system\Database\MySQLi\Connection.php:170
Stack trace:
#0 C:\xampp\htdocs\ci4aplikasi\vendor\codeigniter4\framework\system\Database\MySQLi\Connection.php(170): mysqli->real_connect('localhost', 'root', Object(SensitiveParameterValue), 'ci4', 3306, '', 0)
#1 C:\xampp\htdocs\ci4aplikasi\vendor\codeigniter4\framework\system\Database\BaseConnection.php(382): CodeIgniter\Database\MySQLi\Connection->connect(false)
#2 C:\xampp\htdocs\ci4aplikasi\vendor\codeigniter4\framework\system\Database\BaseConnection.php(561): CodeIgniter\Database\BaseConnection->initialize()
#3 C:\xampp\htdocs\ci4aplikasi\vendor\codeigniter4\framework\system\Database\BaseBuilder.php(1585): CodeIgniter\Database\BaseConnection->query('SELECT *\nFROM `...', Array, false)
#4 C:\xampp\htdocs\ci4aplikasi\vendor\codeigniter4\framework\system\Model.php(240): CodeIgniter\Database\BaseBuilder->get()
#5 C:\xampp\htdocs\ci4aplikasi\vendor\codeigniter4\framework\system\BaseModel.php(586): CodeIgniter\Model->doFindAll(0, 0)
#6 C:\xampp\htdocs\ci4aplikasi\app\Models\KomikModel.php(17): CodeIgniter\BaseModel->findAll()
#7 C:\xampp\htdocs\ci4aplikasi\app\Controllers\Komik.php(26): App\Models\KomikModel->getKomik()
#8 C:\xampp\htdocs\ci4aplikasi\vendor\codeigniter4\framework\system\CodeIgniter.php(925): App\Controllers\Komik->index()
#9 C:\xampp\htdocs\ci4aplikasi\vendor\codeigniter4\framework\system\CodeIgniter.php(480): CodeIgniter\CodeIgniter->runController(Object(App\Controllers\Komik))
#10 C:\xampp\htdocs\ci4aplikasi\vendor\codeigniter4\framework\system\CodeIgniter.php(349): CodeIgniter\CodeIgniter->handleRequest(NULL, Object(Config\Cache), false)
#11 C:\xampp\htdocs\ci4aplikasi\public\index.php(67): CodeIgniter\CodeIgniter->run()
#12 C:\xampp\htdocs\ci4aplikasi\vendor\codeigniter4\framework\system\Commands\Server\rewrite.php(47): require_once('C:\\xampp\\htdocs...')
#13 {main}

Next CodeIgniter\Database\Exceptions\DatabaseException: No connection could be made because the target machine actively refused it in C:\xampp\htdocs\ci4aplikasi\vendor\codeigniter4\framework\system\Database\MySQLi\Connection.php:215
Stack trace:
#0 C:\xampp\htdocs\ci4aplikasi\vendor\codeigniter4\framework\system\Database\BaseConnection.php(382): CodeIgniter\Database\MySQLi\Connection->connect(false)
#1 C:\xampp\htdocs\ci4aplikasi\vendor\codeigniter4\framework\system\Database\BaseConnection.php(561): CodeIgniter\Database\BaseConnection->initialize()
#2 C:\xampp\htdocs\ci4aplikasi\vendor\codeigniter4\framework\system\Database\BaseBuilder.php(1585): CodeIgniter\Database\BaseConnection->query('SELECT *\nFROM `...', Array, false)
#3 C:\xampp\htdocs\ci4aplikasi\vendor\codeigniter4\framework\system\Model.php(240): CodeIgniter\Database\BaseBuilder->get()
#4 C:\xampp\htdocs\ci4aplikasi\vendor\codeigniter4\framework\system\BaseModel.php(586): CodeIgniter\Model->doFindAll(0, 0)
#5 C:\xampp\htdocs\ci4aplikasi\app\Models\KomikModel.php(17): CodeIgniter\BaseModel->findAll()
#6 C:\xampp\htdocs\ci4aplikasi\app\Controllers\Komik.php(26): App\Models\KomikModel->getKomik()
#7 C:\xampp\htdocs\ci4aplikasi\vendor\codeigniter4\framework\system\CodeIgniter.php(925): App\Controllers\Komik->index()
#8 C:\xampp\htdocs\ci4aplikasi\vendor\codeigniter4\framework\system\CodeIgniter.php(480): CodeIgniter\CodeIgniter->runController(Object(App\Controllers\Komik))
#9 C:\xampp\htdocs\ci4aplikasi\vendor\codeigniter4\framework\system\CodeIgniter.php(349): CodeIgniter\CodeIgniter->handleRequest(NULL, Object(Config\Cache), false)
#10 C:\xampp\htdocs\ci4aplikasi\public\index.php(67): CodeIgniter\CodeIgniter->run()
#11 C:\xampp\htdocs\ci4aplikasi\vendor\codeigniter4\framework\system\Commands\Server\rewrite.php(47): require_once('C:\\xampp\\htdocs...')
#12 {main}
CRITICAL - 2023-01-06 20:19:08 --> Unable to connect to the database.
Main connection [MySQLi]: No connection could be made because the target machine actively refused it
in SYSTEMPATH\Database\BaseConnection.php on line 418.
 1 SYSTEMPATH\Database\BaseConnection.php(561): CodeIgniter\Database\BaseConnection->initialize()
 2 SYSTEMPATH\Database\BaseBuilder.php(1585): CodeIgniter\Database\BaseConnection->query('SELECT *
FROM `komik`', [], false)
 3 SYSTEMPATH\Model.php(240): CodeIgniter\Database\BaseBuilder->get()
 4 SYSTEMPATH\BaseModel.php(586): CodeIgniter\Model->doFindAll(0, 0)
 5 APPPATH\Models\KomikModel.php(17): CodeIgniter\BaseModel->findAll()
 6 APPPATH\Controllers\Komik.php(26): App\Models\KomikModel->getKomik()
 7 SYSTEMPATH\CodeIgniter.php(925): App\Controllers\Komik->index()
 8 SYSTEMPATH\CodeIgniter.php(480): CodeIgniter\CodeIgniter->runController(Object(App\Controllers\Komik))
 9 SYSTEMPATH\CodeIgniter.php(349): CodeIgniter\CodeIgniter->handleRequest(null, Object(Config\Cache), false)
10 FCPATH\index.php(67): CodeIgniter\CodeIgniter->run()
11 SYSTEMPATH\Commands\Server\rewrite.php(47): require_once('FCPATH\\index.php')
CRITICAL - 2023-01-06 21:07:17 --> Trying to access array offset on value of type null
in APPPATH\Views\komik\detail.php on line 12.
 1 APPPATH\Views\komik\detail.php(12): CodeIgniter\Debug\Exceptions->errorHandler(2, 'Trying to access array offset on value of type null', 'APPPATH\\Views\\komik\\detail.php', 12)
 2 SYSTEMPATH\View\View.php(213): include('APPPATH\\Views\\komik\\detail.php')
 3 SYSTEMPATH\View\View.php(216): CodeIgniter\View\View->CodeIgniter\View\{closure}()
 4 SYSTEMPATH\Common.php(1135): CodeIgniter\View\View->render('komik/detail', [], true)
 5 APPPATH\Controllers\Komik.php(51): view('komik/detail', [...])
 6 SYSTEMPATH\CodeIgniter.php(925): App\Controllers\Komik->detail('create')
 7 SYSTEMPATH\CodeIgniter.php(480): CodeIgniter\CodeIgniter->runController(Object(App\Controllers\Komik))
 8 SYSTEMPATH\CodeIgniter.php(349): CodeIgniter\CodeIgniter->handleRequest(null, Object(Config\Cache), false)
 9 FCPATH\index.php(67): CodeIgniter\CodeIgniter->run()
10 SYSTEMPATH\Commands\Server\rewrite.php(47): require_once('FCPATH\\index.php')
CRITICAL - 2023-01-06 21:10:20 --> Trying to access array offset on value of type null
in APPPATH\Views\komik\detail.php on line 12.
 1 APPPATH\Views\komik\detail.php(12): CodeIgniter\Debug\Exceptions->errorHandler(2, 'Trying to access array offset on value of type null', 'APPPATH\\Views\\komik\\detail.php', 12)
 2 SYSTEMPATH\View\View.php(213): include('APPPATH\\Views\\komik\\detail.php')
 3 SYSTEMPATH\View\View.php(216): CodeIgniter\View\View->CodeIgniter\View\{closure}()
 4 SYSTEMPATH\Common.php(1135): CodeIgniter\View\View->render('komik/detail', [], true)
 5 APPPATH\Controllers\Komik.php(51): view('komik/detail', [...])
 6 SYSTEMPATH\CodeIgniter.php(925): App\Controllers\Komik->detail('create')
 7 SYSTEMPATH\CodeIgniter.php(480): CodeIgniter\CodeIgniter->runController(Object(App\Controllers\Komik))
 8 SYSTEMPATH\CodeIgniter.php(349): CodeIgniter\CodeIgniter->handleRequest(null, Object(Config\Cache), false)
 9 FCPATH\index.php(67): CodeIgniter\CodeIgniter->run()
10 SYSTEMPATH\Commands\Server\rewrite.php(47): require_once('FCPATH\\index.php')
CRITICAL - 2023-01-06 21:13:48 --> Trying to access array offset on value of type null
in APPPATH\Views\komik\detail.php on line 12.
 1 APPPATH\Views\komik\detail.php(12): CodeIgniter\Debug\Exceptions->errorHandler(2, 'Trying to access array offset on value of type null', 'APPPATH\\Views\\komik\\detail.php', 12)
 2 SYSTEMPATH\View\View.php(213): include('APPPATH\\Views\\komik\\detail.php')
 3 SYSTEMPATH\View\View.php(216): CodeIgniter\View\View->CodeIgniter\View\{closure}()
 4 SYSTEMPATH\Common.php(1135): CodeIgniter\View\View->render('komik/detail', [], true)
 5 APPPATH\Controllers\Komik.php(51): view('komik/detail', [...])
 6 SYSTEMPATH\CodeIgniter.php(925): App\Controllers\Komik->detail('create')
 7 SYSTEMPATH\CodeIgniter.php(480): CodeIgniter\CodeIgniter->runController(Object(App\Controllers\Komik))
 8 SYSTEMPATH\CodeIgniter.php(349): CodeIgniter\CodeIgniter->handleRequest(null, Object(Config\Cache), false)
 9 FCPATH\index.php(67): CodeIgniter\CodeIgniter->run()
10 SYSTEMPATH\Commands\Server\rewrite.php(47): require_once('FCPATH\\index.php')
CRITICAL - 2023-01-06 21:13:53 --> Trying to access array offset on value of type null
in APPPATH\Views\komik\detail.php on line 12.
 1 APPPATH\Views\komik\detail.php(12): CodeIgniter\Debug\Exceptions->errorHandler(2, 'Trying to access array offset on value of type null', 'APPPATH\\Views\\komik\\detail.php', 12)
 2 SYSTEMPATH\View\View.php(213): include('APPPATH\\Views\\komik\\detail.php')
 3 SYSTEMPATH\View\View.php(216): CodeIgniter\View\View->CodeIgniter\View\{closure}()
 4 SYSTEMPATH\Common.php(1135): CodeIgniter\View\View->render('komik/detail', [], true)
 5 APPPATH\Controllers\Komik.php(51): view('komik/detail', [...])
 6 SYSTEMPATH\CodeIgniter.php(925): App\Controllers\Komik->detail('create')
 7 SYSTEMPATH\CodeIgniter.php(480): CodeIgniter\CodeIgniter->runController(Object(App\Controllers\Komik))
 8 SYSTEMPATH\CodeIgniter.php(349): CodeIgniter\CodeIgniter->handleRequest(null, Object(Config\Cache), false)
 9 FCPATH\index.php(67): CodeIgniter\CodeIgniter->run()
10 SYSTEMPATH\Commands\Server\rewrite.php(47): require_once('FCPATH\\index.php')
CRITICAL - 2023-01-06 21:14:41 --> Trying to access array offset on value of type null
in APPPATH\Views\komik\detail.php on line 12.
 1 APPPATH\Views\komik\detail.php(12): CodeIgniter\Debug\Exceptions->errorHandler(2, 'Trying to access array offset on value of type null', 'APPPATH\\Views\\komik\\detail.php', 12)
 2 SYSTEMPATH\View\View.php(213): include('APPPATH\\Views\\komik\\detail.php')
 3 SYSTEMPATH\View\View.php(216): CodeIgniter\View\View->CodeIgniter\View\{closure}()
 4 SYSTEMPATH\Common.php(1135): CodeIgniter\View\View->render('komik/detail', [], true)
 5 APPPATH\Controllers\Komik.php(51): view('komik/detail', [...])
 6 SYSTEMPATH\CodeIgniter.php(925): App\Controllers\Komik->detail('create')
 7 SYSTEMPATH\CodeIgniter.php(480): CodeIgniter\CodeIgniter->runController(Object(App\Controllers\Komik))
 8 SYSTEMPATH\CodeIgniter.php(349): CodeIgniter\CodeIgniter->handleRequest(null, Object(Config\Cache), false)
 9 FCPATH\index.php(67): CodeIgniter\CodeIgniter->run()
10 SYSTEMPATH\Commands\Server\rewrite.php(47): require_once('FCPATH\\index.php')
CRITICAL - 2023-01-06 21:15:30 --> Trying to access array offset on value of type null
in APPPATH\Views\komik\detail.php on line 16.
 1 APPPATH\Views\komik\detail.php(16): CodeIgniter\Debug\Exceptions->errorHandler(2, 'Trying to access array offset on value of type null', 'APPPATH\\Views\\komik\\detail.php', 16)
 2 SYSTEMPATH\View\View.php(213): include('APPPATH\\Views\\komik\\detail.php')
 3 SYSTEMPATH\View\View.php(216): CodeIgniter\View\View->CodeIgniter\View\{closure}()
 4 SYSTEMPATH\Common.php(1135): CodeIgniter\View\View->render('komik/detail', [], true)
 5 APPPATH\Controllers\Komik.php(51): view('komik/detail', [...])
 6 SYSTEMPATH\CodeIgniter.php(925): App\Controllers\Komik->detail('create')
 7 SYSTEMPATH\CodeIgniter.php(480): CodeIgniter\CodeIgniter->runController(Object(App\Controllers\Komik))
 8 SYSTEMPATH\CodeIgniter.php(349): CodeIgniter\CodeIgniter->handleRequest(null, Object(Config\Cache), false)
 9 FCPATH\index.php(67): CodeIgniter\CodeIgniter->run()
10 SYSTEMPATH\Commands\Server\rewrite.php(47): require_once('FCPATH\\index.php')
CRITICAL - 2023-01-06 21:17:15 --> Undefined variable $komikModel
in APPPATH\Views\komik\detail.php on line 12.
 1 APPPATH\Views\komik\detail.php(12): CodeIgniter\Debug\Exceptions->errorHandler(2, 'Undefined variable $komikModel', 'APPPATH\\Views\\komik\\detail.php', 12)
 2 SYSTEMPATH\View\View.php(213): include('APPPATH\\Views\\komik\\detail.php')
 3 SYSTEMPATH\View\View.php(216): CodeIgniter\View\View->CodeIgniter\View\{closure}()
 4 SYSTEMPATH\Common.php(1135): CodeIgniter\View\View->render('komik/detail', [], true)
 5 APPPATH\Controllers\Komik.php(51): view('komik/detail', [...])
 6 SYSTEMPATH\CodeIgniter.php(925): App\Controllers\Komik->detail('create')
 7 SYSTEMPATH\CodeIgniter.php(480): CodeIgniter\CodeIgniter->runController(Object(App\Controllers\Komik))
 8 SYSTEMPATH\CodeIgniter.php(349): CodeIgniter\CodeIgniter->handleRequest(null, Object(Config\Cache), false)
 9 FCPATH\index.php(67): CodeIgniter\CodeIgniter->run()
10 SYSTEMPATH\Commands\Server\rewrite.php(47): require_once('FCPATH\\index.php')
CRITICAL - 2023-01-06 21:17:39 --> Trying to access array offset on value of type null
in APPPATH\Views\komik\detail.php on line 12.
 1 APPPATH\Views\komik\detail.php(12): CodeIgniter\Debug\Exceptions->errorHandler(2, 'Trying to access array offset on value of type null', 'APPPATH\\Views\\komik\\detail.php', 12)
 2 SYSTEMPATH\View\View.php(213): include('APPPATH\\Views\\komik\\detail.php')
 3 SYSTEMPATH\View\View.php(216): CodeIgniter\View\View->CodeIgniter\View\{closure}()
 4 SYSTEMPATH\Common.php(1135): CodeIgniter\View\View->render('komik/detail', [], true)
 5 APPPATH\Controllers\Komik.php(51): view('komik/detail', [...])
 6 SYSTEMPATH\CodeIgniter.php(925): App\Controllers\Komik->detail('create')
 7 SYSTEMPATH\CodeIgniter.php(480): CodeIgniter\CodeIgniter->runController(Object(App\Controllers\Komik))
 8 SYSTEMPATH\CodeIgniter.php(349): CodeIgniter\CodeIgniter->handleRequest(null, Object(Config\Cache), false)
 9 FCPATH\index.php(67): CodeIgniter\CodeIgniter->run()
10 SYSTEMPATH\Commands\Server\rewrite.php(47): require_once('FCPATH\\index.php')
CRITICAL - 2023-01-06 21:18:30 --> Undefined variable $k
in APPPATH\Views\komik\detail.php on line 12.
 1 APPPATH\Views\komik\detail.php(12): CodeIgniter\Debug\Exceptions->errorHandler(2, 'Undefined variable $k', 'APPPATH\\Views\\komik\\detail.php', 12)
 2 SYSTEMPATH\View\View.php(213): include('APPPATH\\Views\\komik\\detail.php')
 3 SYSTEMPATH\View\View.php(216): CodeIgniter\View\View->CodeIgniter\View\{closure}()
 4 SYSTEMPATH\Common.php(1135): CodeIgniter\View\View->render('komik/detail', [], true)
 5 APPPATH\Controllers\Komik.php(51): view('komik/detail', [...])
 6 SYSTEMPATH\CodeIgniter.php(925): App\Controllers\Komik->detail('create')
 7 SYSTEMPATH\CodeIgniter.php(480): CodeIgniter\CodeIgniter->runController(Object(App\Controllers\Komik))
 8 SYSTEMPATH\CodeIgniter.php(349): CodeIgniter\CodeIgniter->handleRequest(null, Object(Config\Cache), false)
 9 FCPATH\index.php(67): CodeIgniter\CodeIgniter->run()
10 SYSTEMPATH\Commands\Server\rewrite.php(47): require_once('FCPATH\\index.php')
CRITICAL - 2023-01-06 21:18:39 --> Trying to access array offset on value of type null
in APPPATH\Views\komik\detail.php on line 12.
 1 APPPATH\Views\komik\detail.php(12): CodeIgniter\Debug\Exceptions->errorHandler(2, 'Trying to access array offset on value of type null', 'APPPATH\\Views\\komik\\detail.php', 12)
 2 SYSTEMPATH\View\View.php(213): include('APPPATH\\Views\\komik\\detail.php')
 3 SYSTEMPATH\View\View.php(216): CodeIgniter\View\View->CodeIgniter\View\{closure}()
 4 SYSTEMPATH\Common.php(1135): CodeIgniter\View\View->render('komik/detail', [], true)
 5 APPPATH\Controllers\Komik.php(51): view('komik/detail', [...])
 6 SYSTEMPATH\CodeIgniter.php(925): App\Controllers\Komik->detail('create')
 7 SYSTEMPATH\CodeIgniter.php(480): CodeIgniter\CodeIgniter->runController(Object(App\Controllers\Komik))
 8 SYSTEMPATH\CodeIgniter.php(349): CodeIgniter\CodeIgniter->handleRequest(null, Object(Config\Cache), false)
 9 FCPATH\index.php(67): CodeIgniter\CodeIgniter->run()
10 SYSTEMPATH\Commands\Server\rewrite.php(47): require_once('FCPATH\\index.php')
CRITICAL - 2023-01-06 21:38:57 --> Trying to access array offset on value of type null
in APPPATH\Views\komik\detail.php on line 12.
 1 APPPATH\Views\komik\detail.php(12): CodeIgniter\Debug\Exceptions->errorHandler(2, 'Trying to access array offset on value of type null', 'APPPATH\\Views\\komik\\detail.php', 12)
 2 SYSTEMPATH\View\View.php(213): include('APPPATH\\Views\\komik\\detail.php')
 3 SYSTEMPATH\View\View.php(216): CodeIgniter\View\View->CodeIgniter\View\{closure}()
 4 SYSTEMPATH\Common.php(1135): CodeIgniter\View\View->render('komik/detail', [], true)
 5 APPPATH\Controllers\Komik.php(51): view('komik/detail', [...])
 6 SYSTEMPATH\CodeIgniter.php(925): App\Controllers\Komik->detail('cre')
 7 SYSTEMPATH\CodeIgniter.php(480): CodeIgniter\CodeIgniter->runController(Object(App\Controllers\Komik))
 8 SYSTEMPATH\CodeIgniter.php(349): CodeIgniter\CodeIgniter->handleRequest(null, Object(Config\Cache), false)
 9 FCPATH\index.php(67): CodeIgniter\CodeIgniter->run()
10 SYSTEMPATH\Commands\Server\rewrite.php(47): require_once('FCPATH\\index.php')
CRITICAL - 2023-01-06 21:39:09 --> Trying to access array offset on value of type null
in APPPATH\Views\komik\detail.php on line 12.
 1 APPPATH\Views\komik\detail.php(12): CodeIgniter\Debug\Exceptions->errorHandler(2, 'Trying to access array offset on value of type null', 'APPPATH\\Views\\komik\\detail.php', 12)
 2 SYSTEMPATH\View\View.php(213): include('APPPATH\\Views\\komik\\detail.php')
 3 SYSTEMPATH\View\View.php(216): CodeIgniter\View\View->CodeIgniter\View\{closure}()
 4 SYSTEMPATH\Common.php(1135): CodeIgniter\View\View->render('komik/detail', [], true)
 5 APPPATH\Controllers\Komik.php(51): view('komik/detail', [...])
 6 SYSTEMPATH\CodeIgniter.php(925): App\Controllers\Komik->detail('create')
 7 SYSTEMPATH\CodeIgniter.php(480): CodeIgniter\CodeIgniter->runController(Object(App\Controllers\Komik))
 8 SYSTEMPATH\CodeIgniter.php(349): CodeIgniter\CodeIgniter->handleRequest(null, Object(Config\Cache), false)
 9 FCPATH\index.php(67): CodeIgniter\CodeIgniter->run()
10 SYSTEMPATH\Commands\Server\rewrite.php(47): require_once('FCPATH\\index.php')
CRITICAL - 2023-01-06 21:43:03 --> Trying to access array offset on value of type null
in APPPATH\Views\komik\detail.php on line 12.
 1 APPPATH\Views\komik\detail.php(12): CodeIgniter\Debug\Exceptions->errorHandler(2, 'Trying to access array offset on value of type null', 'APPPATH\\Views\\komik\\detail.php', 12)
 2 SYSTEMPATH\View\View.php(213): include('APPPATH\\Views\\komik\\detail.php')
 3 SYSTEMPATH\View\View.php(216): CodeIgniter\View\View->CodeIgniter\View\{closure}()
 4 SYSTEMPATH\Common.php(1135): CodeIgniter\View\View->render('komik/detail', [], true)
 5 APPPATH\Controllers\Komik.php(51): view('komik/detail', [...])
 6 SYSTEMPATH\CodeIgniter.php(925): App\Controllers\Komik->detail('create')
 7 SYSTEMPATH\CodeIgniter.php(480): CodeIgniter\CodeIgniter->runController(Object(App\Controllers\Komik))
 8 SYSTEMPATH\CodeIgniter.php(349): CodeIgniter\CodeIgniter->handleRequest(null, Object(Config\Cache), false)
 9 FCPATH\index.php(67): CodeIgniter\CodeIgniter->run()
10 SYSTEMPATH\Commands\Server\rewrite.php(47): require_once('FCPATH\\index.php')
CRITICAL - 2023-01-06 21:43:17 --> Trying to access array offset on value of type null
in APPPATH\Views\komik\detail.php on line 12.
 1 APPPATH\Views\komik\detail.php(12): CodeIgniter\Debug\Exceptions->errorHandler(2, 'Trying to access array offset on value of type null', 'APPPATH\\Views\\komik\\detail.php', 12)
 2 SYSTEMPATH\View\View.php(213): include('APPPATH\\Views\\komik\\detail.php')
 3 SYSTEMPATH\View\View.php(216): CodeIgniter\View\View->CodeIgniter\View\{closure}()
 4 SYSTEMPATH\Common.php(1135): CodeIgniter\View\View->render('komik/detail', [], true)
 5 APPPATH\Controllers\Komik.php(51): view('komik/detail', [...])
 6 SYSTEMPATH\CodeIgniter.php(925): App\Controllers\Komik->detail('create')
 7 SYSTEMPATH\CodeIgniter.php(480): CodeIgniter\CodeIgniter->runController(Object(App\Controllers\Komik))
 8 SYSTEMPATH\CodeIgniter.php(349): CodeIgniter\CodeIgniter->handleRequest(null, Object(Config\Cache), false)
 9 FCPATH\index.php(67): CodeIgniter\CodeIgniter->run()
10 SYSTEMPATH\Commands\Server\rewrite.php(47): require_once('FCPATH\\index.php')
CRITICAL - 2023-01-06 21:46:04 --> Trying to access array offset on value of type null
in APPPATH\Views\komik\detail.php on line 12.
 1 APPPATH\Views\komik\detail.php(12): CodeIgniter\Debug\Exceptions->errorHandler(2, 'Trying to access array offset on value of type null', 'APPPATH\\Views\\komik\\detail.php', 12)
 2 SYSTEMPATH\View\View.php(213): include('APPPATH\\Views\\komik\\detail.php')
 3 SYSTEMPATH\View\View.php(216): CodeIgniter\View\View->CodeIgniter\View\{closure}()
 4 SYSTEMPATH\Common.php(1135): CodeIgniter\View\View->render('komik/detail', [], true)
 5 APPPATH\Controllers\Komik.php(51): view('komik/detail', [...])
 6 SYSTEMPATH\CodeIgniter.php(925): App\Controllers\Komik->detail('create')
 7 SYSTEMPATH\CodeIgniter.php(480): CodeIgniter\CodeIgniter->runController(Object(App\Controllers\Komik))
 8 SYSTEMPATH\CodeIgniter.php(349): CodeIgniter\CodeIgniter->handleRequest(null, Object(Config\Cache), false)
 9 FCPATH\index.php(67): CodeIgniter\CodeIgniter->run()
10 SYSTEMPATH\Commands\Server\rewrite.php(47): require_once('FCPATH\\index.php')
