CRITICAL - 2023-05-05 03:42:12 --> Class "App\Models\UserModel" not found
in APPPATH\Controllers\Datauser.php on line 12.
 1 SYSTEMPATH\CodeIgniter.php(906): App\Controllers\Datauser->__construct()
 2 SYSTEMPATH\CodeIgniter.php(490): CodeIgniter\CodeIgniter->createController()
 3 SYSTEMPATH\CodeIgniter.php(368): CodeIgniter\CodeIgniter->handleRequest(null, Object(Config\Cache), false)
 4 FCPATH\index.php(67): CodeIgniter\CodeIgniter->run()
 5 SYSTEMPATH\Commands\Server\rewrite.php(47): require_once('FCPATH\\index.php')
CRITICAL - 2023-05-05 03:42:49 --> Undefined variable $waktu
in APPPATH\Views\sales_chart.php on line 37.
 1 APPPATH\Views\sales_chart.php(37): CodeIgniter\Debug\Exceptions->errorHandler(2, 'Undefined variable $waktu', 'APPPATH\\Views\\sales_chart.php', 37)
 2 SYSTEMPATH\View\View.php(213): include('APPPATH\\Views\\sales_chart.php')
 3 SYSTEMPATH\View\View.php(216): CodeIgniter\View\View->CodeIgniter\View\{closure}()
 4 SYSTEMPATH\Common.php(1184): CodeIgniter\View\View->render('sales_chart', [], true)
 5 APPPATH\Controllers\Sales.php(18): view('sales_chart', [...])
 6 SYSTEMPATH\CodeIgniter.php(934): App\Controllers\Sales->index()
 7 SYSTEMPATH\CodeIgniter.php(499): CodeIgniter\CodeIgniter->runController(Object(App\Controllers\Sales))
 8 SYSTEMPATH\CodeIgniter.php(368): CodeIgniter\CodeIgniter->handleRequest(null, Object(Config\Cache), false)
 9 FCPATH\index.php(67): CodeIgniter\CodeIgniter->run()
10 SYSTEMPATH\Commands\Server\rewrite.php(47): require_once('FCPATH\\index.php')
CRITICAL - 2023-05-05 03:45:49 --> Undefined variable $title
in APPPATH\Views\layout\template_admin.php on line 7.
 1 APPPATH\Views\layout\template_admin.php(7): CodeIgniter\Debug\Exceptions->errorHandler(2, 'Undefined variable $title', 'APPPATH\\Views\\layout\\template_admin.php', 7)
 2 SYSTEMPATH\View\View.php(213): include('APPPATH\\Views\\layout\\template_admin.php')
 3 SYSTEMPATH\View\View.php(216): CodeIgniter\View\View->CodeIgniter\View\{closure}()
 4 SYSTEMPATH\View\View.php(229): CodeIgniter\View\View->render('layout/template_admin', [], true)
 5 SYSTEMPATH\Common.php(1184): CodeIgniter\View\View->render('sales_chart', [], true)
 6 APPPATH\Controllers\Sales.php(18): view('sales_chart', [...])
 7 SYSTEMPATH\CodeIgniter.php(934): App\Controllers\Sales->index()
 8 SYSTEMPATH\CodeIgniter.php(499): CodeIgniter\CodeIgniter->runController(Object(App\Controllers\Sales))
 9 SYSTEMPATH\CodeIgniter.php(368): CodeIgniter\CodeIgniter->handleRequest(null, Object(Config\Cache), false)
10 FCPATH\index.php(67): CodeIgniter\CodeIgniter->run()
11 SYSTEMPATH\Commands\Server\rewrite.php(47): require_once('FCPATH\\index.php')
CRITICAL - 2023-05-05 03:46:32 --> Undefined variable $title
in APPPATH\Views\layout\template_admin.php on line 7.
 1 APPPATH\Views\layout\template_admin.php(7): CodeIgniter\Debug\Exceptions->errorHandler(2, 'Undefined variable $title', 'APPPATH\\Views\\layout\\template_admin.php', 7)
 2 SYSTEMPATH\View\View.php(213): include('APPPATH\\Views\\layout\\template_admin.php')
 3 SYSTEMPATH\View\View.php(216): CodeIgniter\View\View->CodeIgniter\View\{closure}()
 4 SYSTEMPATH\View\View.php(229): CodeIgniter\View\View->render('layout/template_admin', [], true)
 5 SYSTEMPATH\Common.php(1184): CodeIgniter\View\View->render('sales_chart', [], true)
 6 APPPATH\Controllers\Sales.php(18): view('sales_chart', [...])
 7 SYSTEMPATH\CodeIgniter.php(934): App\Controllers\Sales->index()
 8 SYSTEMPATH\CodeIgniter.php(499): CodeIgniter\CodeIgniter->runController(Object(App\Controllers\Sales))
 9 SYSTEMPATH\CodeIgniter.php(368): CodeIgniter\CodeIgniter->handleRequest(null, Object(Config\Cache), false)
10 FCPATH\index.php(67): CodeIgniter\CodeIgniter->run()
11 SYSTEMPATH\Commands\Server\rewrite.php(47): require_once('FCPATH\\index.php')
CRITICAL - 2023-05-05 03:46:33 --> Undefined variable $title
in APPPATH\Views\layout\template_admin.php on line 7.
 1 APPPATH\Views\layout\template_admin.php(7): CodeIgniter\Debug\Exceptions->errorHandler(2, 'Undefined variable $title', 'APPPATH\\Views\\layout\\template_admin.php', 7)
 2 SYSTEMPATH\View\View.php(213): include('APPPATH\\Views\\layout\\template_admin.php')
 3 SYSTEMPATH\View\View.php(216): CodeIgniter\View\View->CodeIgniter\View\{closure}()
 4 SYSTEMPATH\View\View.php(229): CodeIgniter\View\View->render('layout/template_admin', [], true)
 5 SYSTEMPATH\Common.php(1184): CodeIgniter\View\View->render('sales_chart', [], true)
 6 APPPATH\Controllers\Sales.php(18): view('sales_chart', [...])
 7 SYSTEMPATH\CodeIgniter.php(934): App\Controllers\Sales->index()
 8 SYSTEMPATH\CodeIgniter.php(499): CodeIgniter\CodeIgniter->runController(Object(App\Controllers\Sales))
 9 SYSTEMPATH\CodeIgniter.php(368): CodeIgniter\CodeIgniter->handleRequest(null, Object(Config\Cache), false)
10 FCPATH\index.php(67): CodeIgniter\CodeIgniter->run()
11 SYSTEMPATH\Commands\Server\rewrite.php(47): require_once('FCPATH\\index.php')
CRITICAL - 2023-05-05 03:46:45 --> Undefined variable $title
in APPPATH\Views\layout\template_admin.php on line 7.
 1 APPPATH\Views\layout\template_admin.php(7): CodeIgniter\Debug\Exceptions->errorHandler(2, 'Undefined variable $title', 'APPPATH\\Views\\layout\\template_admin.php', 7)
 2 SYSTEMPATH\View\View.php(213): include('APPPATH\\Views\\layout\\template_admin.php')
 3 SYSTEMPATH\View\View.php(216): CodeIgniter\View\View->CodeIgniter\View\{closure}()
 4 SYSTEMPATH\View\View.php(229): CodeIgniter\View\View->render('layout/template_admin', [], true)
 5 SYSTEMPATH\Common.php(1184): CodeIgniter\View\View->render('sales_chart', [], true)
 6 APPPATH\Controllers\Sales.php(18): view('sales_chart', [...])
 7 SYSTEMPATH\CodeIgniter.php(934): App\Controllers\Sales->index()
 8 SYSTEMPATH\CodeIgniter.php(499): CodeIgniter\CodeIgniter->runController(Object(App\Controllers\Sales))
 9 SYSTEMPATH\CodeIgniter.php(368): CodeIgniter\CodeIgniter->handleRequest(null, Object(Config\Cache), false)
10 FCPATH\index.php(67): CodeIgniter\CodeIgniter->run()
11 SYSTEMPATH\Commands\Server\rewrite.php(47): require_once('FCPATH\\index.php')
CRITICAL - 2023-05-05 03:46:45 --> Undefined variable $title
in APPPATH\Views\layout\template_admin.php on line 7.
 1 APPPATH\Views\layout\template_admin.php(7): CodeIgniter\Debug\Exceptions->errorHandler(2, 'Undefined variable $title', 'APPPATH\\Views\\layout\\template_admin.php', 7)
 2 SYSTEMPATH\View\View.php(213): include('APPPATH\\Views\\layout\\template_admin.php')
 3 SYSTEMPATH\View\View.php(216): CodeIgniter\View\View->CodeIgniter\View\{closure}()
 4 SYSTEMPATH\View\View.php(229): CodeIgniter\View\View->render('layout/template_admin', [], true)
 5 SYSTEMPATH\Common.php(1184): CodeIgniter\View\View->render('sales_chart', [], true)
 6 APPPATH\Controllers\Sales.php(18): view('sales_chart', [...])
 7 SYSTEMPATH\CodeIgniter.php(934): App\Controllers\Sales->index()
 8 SYSTEMPATH\CodeIgniter.php(499): CodeIgniter\CodeIgniter->runController(Object(App\Controllers\Sales))
 9 SYSTEMPATH\CodeIgniter.php(368): CodeIgniter\CodeIgniter->handleRequest(null, Object(Config\Cache), false)
10 FCPATH\index.php(67): CodeIgniter\CodeIgniter->run()
11 SYSTEMPATH\Commands\Server\rewrite.php(47): require_once('FCPATH\\index.php')
CRITICAL - 2023-05-05 03:46:46 --> Undefined variable $title
in APPPATH\Views\layout\template_admin.php on line 7.
 1 APPPATH\Views\layout\template_admin.php(7): CodeIgniter\Debug\Exceptions->errorHandler(2, 'Undefined variable $title', 'APPPATH\\Views\\layout\\template_admin.php', 7)
 2 SYSTEMPATH\View\View.php(213): include('APPPATH\\Views\\layout\\template_admin.php')
 3 SYSTEMPATH\View\View.php(216): CodeIgniter\View\View->CodeIgniter\View\{closure}()
 4 SYSTEMPATH\View\View.php(229): CodeIgniter\View\View->render('layout/template_admin', [], true)
 5 SYSTEMPATH\Common.php(1184): CodeIgniter\View\View->render('sales_chart', [], true)
 6 APPPATH\Controllers\Sales.php(18): view('sales_chart', [...])
 7 SYSTEMPATH\CodeIgniter.php(934): App\Controllers\Sales->index()
 8 SYSTEMPATH\CodeIgniter.php(499): CodeIgniter\CodeIgniter->runController(Object(App\Controllers\Sales))
 9 SYSTEMPATH\CodeIgniter.php(368): CodeIgniter\CodeIgniter->handleRequest(null, Object(Config\Cache), false)
10 FCPATH\index.php(67): CodeIgniter\CodeIgniter->run()
11 SYSTEMPATH\Commands\Server\rewrite.php(47): require_once('FCPATH\\index.php')
CRITICAL - 2023-05-05 03:46:46 --> Undefined variable $title
in APPPATH\Views\layout\template_admin.php on line 7.
 1 APPPATH\Views\layout\template_admin.php(7): CodeIgniter\Debug\Exceptions->errorHandler(2, 'Undefined variable $title', 'APPPATH\\Views\\layout\\template_admin.php', 7)
 2 SYSTEMPATH\View\View.php(213): include('APPPATH\\Views\\layout\\template_admin.php')
 3 SYSTEMPATH\View\View.php(216): CodeIgniter\View\View->CodeIgniter\View\{closure}()
 4 SYSTEMPATH\View\View.php(229): CodeIgniter\View\View->render('layout/template_admin', [], true)
 5 SYSTEMPATH\Common.php(1184): CodeIgniter\View\View->render('sales_chart', [], true)
 6 APPPATH\Controllers\Sales.php(18): view('sales_chart', [...])
 7 SYSTEMPATH\CodeIgniter.php(934): App\Controllers\Sales->index()
 8 SYSTEMPATH\CodeIgniter.php(499): CodeIgniter\CodeIgniter->runController(Object(App\Controllers\Sales))
 9 SYSTEMPATH\CodeIgniter.php(368): CodeIgniter\CodeIgniter->handleRequest(null, Object(Config\Cache), false)
10 FCPATH\index.php(67): CodeIgniter\CodeIgniter->run()
11 SYSTEMPATH\Commands\Server\rewrite.php(47): require_once('FCPATH\\index.php')
CRITICAL - 2023-05-05 03:46:46 --> Undefined variable $title
in APPPATH\Views\layout\template_admin.php on line 7.
 1 APPPATH\Views\layout\template_admin.php(7): CodeIgniter\Debug\Exceptions->errorHandler(2, 'Undefined variable $title', 'APPPATH\\Views\\layout\\template_admin.php', 7)
 2 SYSTEMPATH\View\View.php(213): include('APPPATH\\Views\\layout\\template_admin.php')
 3 SYSTEMPATH\View\View.php(216): CodeIgniter\View\View->CodeIgniter\View\{closure}()
 4 SYSTEMPATH\View\View.php(229): CodeIgniter\View\View->render('layout/template_admin', [], true)
 5 SYSTEMPATH\Common.php(1184): CodeIgniter\View\View->render('sales_chart', [], true)
 6 APPPATH\Controllers\Sales.php(18): view('sales_chart', [...])
 7 SYSTEMPATH\CodeIgniter.php(934): App\Controllers\Sales->index()
 8 SYSTEMPATH\CodeIgniter.php(499): CodeIgniter\CodeIgniter->runController(Object(App\Controllers\Sales))
 9 SYSTEMPATH\CodeIgniter.php(368): CodeIgniter\CodeIgniter->handleRequest(null, Object(Config\Cache), false)
10 FCPATH\index.php(67): CodeIgniter\CodeIgniter->run()
11 SYSTEMPATH\Commands\Server\rewrite.php(47): require_once('FCPATH\\index.php')
CRITICAL - 2023-05-05 03:46:49 --> Undefined variable $title
in APPPATH\Views\layout\template_admin.php on line 7.
 1 APPPATH\Views\layout\template_admin.php(7): CodeIgniter\Debug\Exceptions->errorHandler(2, 'Undefined variable $title', 'APPPATH\\Views\\layout\\template_admin.php', 7)
 2 SYSTEMPATH\View\View.php(213): include('APPPATH\\Views\\layout\\template_admin.php')
 3 SYSTEMPATH\View\View.php(216): CodeIgniter\View\View->CodeIgniter\View\{closure}()
 4 SYSTEMPATH\View\View.php(229): CodeIgniter\View\View->render('layout/template_admin', [], true)
 5 SYSTEMPATH\Common.php(1184): CodeIgniter\View\View->render('sales_chart', [], true)
 6 APPPATH\Controllers\Sales.php(18): view('sales_chart', [...])
 7 SYSTEMPATH\CodeIgniter.php(934): App\Controllers\Sales->index()
 8 SYSTEMPATH\CodeIgniter.php(499): CodeIgniter\CodeIgniter->runController(Object(App\Controllers\Sales))
 9 SYSTEMPATH\CodeIgniter.php(368): CodeIgniter\CodeIgniter->handleRequest(null, Object(Config\Cache), false)
10 FCPATH\index.php(67): CodeIgniter\CodeIgniter->run()
11 SYSTEMPATH\Commands\Server\rewrite.php(47): require_once('FCPATH\\index.php')
CRITICAL - 2023-05-05 03:46:49 --> Undefined variable $title
in APPPATH\Views\layout\template_admin.php on line 7.
 1 APPPATH\Views\layout\template_admin.php(7): CodeIgniter\Debug\Exceptions->errorHandler(2, 'Undefined variable $title', 'APPPATH\\Views\\layout\\template_admin.php', 7)
 2 SYSTEMPATH\View\View.php(213): include('APPPATH\\Views\\layout\\template_admin.php')
 3 SYSTEMPATH\View\View.php(216): CodeIgniter\View\View->CodeIgniter\View\{closure}()
 4 SYSTEMPATH\View\View.php(229): CodeIgniter\View\View->render('layout/template_admin', [], true)
 5 SYSTEMPATH\Common.php(1184): CodeIgniter\View\View->render('sales_chart', [], true)
 6 APPPATH\Controllers\Sales.php(18): view('sales_chart', [...])
 7 SYSTEMPATH\CodeIgniter.php(934): App\Controllers\Sales->index()
 8 SYSTEMPATH\CodeIgniter.php(499): CodeIgniter\CodeIgniter->runController(Object(App\Controllers\Sales))
 9 SYSTEMPATH\CodeIgniter.php(368): CodeIgniter\CodeIgniter->handleRequest(null, Object(Config\Cache), false)
10 FCPATH\index.php(67): CodeIgniter\CodeIgniter->run()
11 SYSTEMPATH\Commands\Server\rewrite.php(47): require_once('FCPATH\\index.php')
CRITICAL - 2023-05-05 03:46:50 --> Undefined variable $title
in APPPATH\Views\layout\template_admin.php on line 7.
 1 APPPATH\Views\layout\template_admin.php(7): CodeIgniter\Debug\Exceptions->errorHandler(2, 'Undefined variable $title', 'APPPATH\\Views\\layout\\template_admin.php', 7)
 2 SYSTEMPATH\View\View.php(213): include('APPPATH\\Views\\layout\\template_admin.php')
 3 SYSTEMPATH\View\View.php(216): CodeIgniter\View\View->CodeIgniter\View\{closure}()
 4 SYSTEMPATH\View\View.php(229): CodeIgniter\View\View->render('layout/template_admin', [], true)
 5 SYSTEMPATH\Common.php(1184): CodeIgniter\View\View->render('sales_chart', [], true)
 6 APPPATH\Controllers\Sales.php(18): view('sales_chart', [...])
 7 SYSTEMPATH\CodeIgniter.php(934): App\Controllers\Sales->index()
 8 SYSTEMPATH\CodeIgniter.php(499): CodeIgniter\CodeIgniter->runController(Object(App\Controllers\Sales))
 9 SYSTEMPATH\CodeIgniter.php(368): CodeIgniter\CodeIgniter->handleRequest(null, Object(Config\Cache), false)
10 FCPATH\index.php(67): CodeIgniter\CodeIgniter->run()
11 SYSTEMPATH\Commands\Server\rewrite.php(47): require_once('FCPATH\\index.php')
CRITICAL - 2023-05-05 03:46:50 --> Undefined variable $title
in APPPATH\Views\layout\template_admin.php on line 7.
 1 APPPATH\Views\layout\template_admin.php(7): CodeIgniter\Debug\Exceptions->errorHandler(2, 'Undefined variable $title', 'APPPATH\\Views\\layout\\template_admin.php', 7)
 2 SYSTEMPATH\View\View.php(213): include('APPPATH\\Views\\layout\\template_admin.php')
 3 SYSTEMPATH\View\View.php(216): CodeIgniter\View\View->CodeIgniter\View\{closure}()
 4 SYSTEMPATH\View\View.php(229): CodeIgniter\View\View->render('layout/template_admin', [], true)
 5 SYSTEMPATH\Common.php(1184): CodeIgniter\View\View->render('sales_chart', [], true)
 6 APPPATH\Controllers\Sales.php(18): view('sales_chart', [...])
 7 SYSTEMPATH\CodeIgniter.php(934): App\Controllers\Sales->index()
 8 SYSTEMPATH\CodeIgniter.php(499): CodeIgniter\CodeIgniter->runController(Object(App\Controllers\Sales))
 9 SYSTEMPATH\CodeIgniter.php(368): CodeIgniter\CodeIgniter->handleRequest(null, Object(Config\Cache), false)
10 FCPATH\index.php(67): CodeIgniter\CodeIgniter->run()
11 SYSTEMPATH\Commands\Server\rewrite.php(47): require_once('FCPATH\\index.php')
CRITICAL - 2023-05-05 03:46:50 --> Undefined variable $title
in APPPATH\Views\layout\template_admin.php on line 7.
 1 APPPATH\Views\layout\template_admin.php(7): CodeIgniter\Debug\Exceptions->errorHandler(2, 'Undefined variable $title', 'APPPATH\\Views\\layout\\template_admin.php', 7)
 2 SYSTEMPATH\View\View.php(213): include('APPPATH\\Views\\layout\\template_admin.php')
 3 SYSTEMPATH\View\View.php(216): CodeIgniter\View\View->CodeIgniter\View\{closure}()
 4 SYSTEMPATH\View\View.php(229): CodeIgniter\View\View->render('layout/template_admin', [], true)
 5 SYSTEMPATH\Common.php(1184): CodeIgniter\View\View->render('sales_chart', [], true)
 6 APPPATH\Controllers\Sales.php(18): view('sales_chart', [...])
 7 SYSTEMPATH\CodeIgniter.php(934): App\Controllers\Sales->index()
 8 SYSTEMPATH\CodeIgniter.php(499): CodeIgniter\CodeIgniter->runController(Object(App\Controllers\Sales))
 9 SYSTEMPATH\CodeIgniter.php(368): CodeIgniter\CodeIgniter->handleRequest(null, Object(Config\Cache), false)
10 FCPATH\index.php(67): CodeIgniter\CodeIgniter->run()
11 SYSTEMPATH\Commands\Server\rewrite.php(47): require_once('FCPATH\\index.php')
CRITICAL - 2023-05-05 03:47:29 --> Undefined variable $title
in APPPATH\Views\layout\template_admin.php on line 7.
 1 APPPATH\Views\layout\template_admin.php(7): CodeIgniter\Debug\Exceptions->errorHandler(2, 'Undefined variable $title', 'APPPATH\\Views\\layout\\template_admin.php', 7)
 2 SYSTEMPATH\View\View.php(213): include('APPPATH\\Views\\layout\\template_admin.php')
 3 SYSTEMPATH\View\View.php(216): CodeIgniter\View\View->CodeIgniter\View\{closure}()
 4 SYSTEMPATH\View\View.php(229): CodeIgniter\View\View->render('layout/template_admin', [], true)
 5 SYSTEMPATH\Common.php(1184): CodeIgniter\View\View->render('sales_chart', [], true)
 6 APPPATH\Controllers\Sales.php(18): view('sales_chart', [...])
 7 SYSTEMPATH\CodeIgniter.php(934): App\Controllers\Sales->index()
 8 SYSTEMPATH\CodeIgniter.php(499): CodeIgniter\CodeIgniter->runController(Object(App\Controllers\Sales))
 9 SYSTEMPATH\CodeIgniter.php(368): CodeIgniter\CodeIgniter->handleRequest(null, Object(Config\Cache), false)
10 FCPATH\index.php(67): CodeIgniter\CodeIgniter->run()
11 SYSTEMPATH\Commands\Server\rewrite.php(47): require_once('FCPATH\\index.php')
CRITICAL - 2023-05-05 03:48:25 --> Too few arguments to function App\Models\SalesModel::getSalesData(), 0 passed in C:\xampp\htdocs\monitoring\app\Controllers\Sales.php on line 21 and exactly 1 expected
in APPPATH\Models\SalesModel.php on line 12.
 1 APPPATH\Controllers\Sales.php(21): App\Models\SalesModel->getSalesData()
 2 SYSTEMPATH\CodeIgniter.php(934): App\Controllers\Sales->index()
 3 SYSTEMPATH\CodeIgniter.php(499): CodeIgniter\CodeIgniter->runController(Object(App\Controllers\Sales))
 4 SYSTEMPATH\CodeIgniter.php(368): CodeIgniter\CodeIgniter->handleRequest(null, Object(Config\Cache), false)
 5 FCPATH\index.php(67): CodeIgniter\CodeIgniter->run()
 6 SYSTEMPATH\Commands\Server\rewrite.php(47): require_once('FCPATH\\index.php')
CRITICAL - 2023-05-05 03:49:07 --> Too few arguments to function App\Models\SalesModel::getSalesData(), 0 passed in C:\xampp\htdocs\monitoring\app\Controllers\Sales.php on line 21 and exactly 1 expected
in APPPATH\Models\SalesModel.php on line 12.
 1 APPPATH\Controllers\Sales.php(21): App\Models\SalesModel->getSalesData()
 2 SYSTEMPATH\CodeIgniter.php(934): App\Controllers\Sales->index()
 3 SYSTEMPATH\CodeIgniter.php(499): CodeIgniter\CodeIgniter->runController(Object(App\Controllers\Sales))
 4 SYSTEMPATH\CodeIgniter.php(368): CodeIgniter\CodeIgniter->handleRequest(null, Object(Config\Cache), false)
 5 FCPATH\index.php(67): CodeIgniter\CodeIgniter->run()
 6 SYSTEMPATH\Commands\Server\rewrite.php(47): require_once('FCPATH\\index.php')
CRITICAL - 2023-05-05 03:49:08 --> Too few arguments to function App\Models\SalesModel::getSalesData(), 0 passed in C:\xampp\htdocs\monitoring\app\Controllers\Sales.php on line 21 and exactly 1 expected
in APPPATH\Models\SalesModel.php on line 12.
 1 APPPATH\Controllers\Sales.php(21): App\Models\SalesModel->getSalesData()
 2 SYSTEMPATH\CodeIgniter.php(934): App\Controllers\Sales->index()
 3 SYSTEMPATH\CodeIgniter.php(499): CodeIgniter\CodeIgniter->runController(Object(App\Controllers\Sales))
 4 SYSTEMPATH\CodeIgniter.php(368): CodeIgniter\CodeIgniter->handleRequest(null, Object(Config\Cache), false)
 5 FCPATH\index.php(67): CodeIgniter\CodeIgniter->run()
 6 SYSTEMPATH\Commands\Server\rewrite.php(47): require_once('FCPATH\\index.php')
CRITICAL - 2023-05-05 03:49:08 --> Too few arguments to function App\Models\SalesModel::getSalesData(), 0 passed in C:\xampp\htdocs\monitoring\app\Controllers\Sales.php on line 21 and exactly 1 expected
in APPPATH\Models\SalesModel.php on line 12.
 1 APPPATH\Controllers\Sales.php(21): App\Models\SalesModel->getSalesData()
 2 SYSTEMPATH\CodeIgniter.php(934): App\Controllers\Sales->index()
 3 SYSTEMPATH\CodeIgniter.php(499): CodeIgniter\CodeIgniter->runController(Object(App\Controllers\Sales))
 4 SYSTEMPATH\CodeIgniter.php(368): CodeIgniter\CodeIgniter->handleRequest(null, Object(Config\Cache), false)
 5 FCPATH\index.php(67): CodeIgniter\CodeIgniter->run()
 6 SYSTEMPATH\Commands\Server\rewrite.php(47): require_once('FCPATH\\index.php')
CRITICAL - 2023-05-05 03:49:09 --> Too few arguments to function App\Models\SalesModel::getSalesData(), 0 passed in C:\xampp\htdocs\monitoring\app\Controllers\Sales.php on line 21 and exactly 1 expected
in APPPATH\Models\SalesModel.php on line 12.
 1 APPPATH\Controllers\Sales.php(21): App\Models\SalesModel->getSalesData()
 2 SYSTEMPATH\CodeIgniter.php(934): App\Controllers\Sales->index()
 3 SYSTEMPATH\CodeIgniter.php(499): CodeIgniter\CodeIgniter->runController(Object(App\Controllers\Sales))
 4 SYSTEMPATH\CodeIgniter.php(368): CodeIgniter\CodeIgniter->handleRequest(null, Object(Config\Cache), false)
 5 FCPATH\index.php(67): CodeIgniter\CodeIgniter->run()
 6 SYSTEMPATH\Commands\Server\rewrite.php(47): require_once('FCPATH\\index.php')
CRITICAL - 2023-05-05 03:49:09 --> Too few arguments to function App\Models\SalesModel::getSalesData(), 0 passed in C:\xampp\htdocs\monitoring\app\Controllers\Sales.php on line 21 and exactly 1 expected
in APPPATH\Models\SalesModel.php on line 12.
 1 APPPATH\Controllers\Sales.php(21): App\Models\SalesModel->getSalesData()
 2 SYSTEMPATH\CodeIgniter.php(934): App\Controllers\Sales->index()
 3 SYSTEMPATH\CodeIgniter.php(499): CodeIgniter\CodeIgniter->runController(Object(App\Controllers\Sales))
 4 SYSTEMPATH\CodeIgniter.php(368): CodeIgniter\CodeIgniter->handleRequest(null, Object(Config\Cache), false)
 5 FCPATH\index.php(67): CodeIgniter\CodeIgniter->run()
 6 SYSTEMPATH\Commands\Server\rewrite.php(47): require_once('FCPATH\\index.php')
CRITICAL - 2023-05-05 03:49:10 --> Too few arguments to function App\Models\SalesModel::getSalesData(), 0 passed in C:\xampp\htdocs\monitoring\app\Controllers\Sales.php on line 21 and exactly 1 expected
in APPPATH\Models\SalesModel.php on line 12.
 1 APPPATH\Controllers\Sales.php(21): App\Models\SalesModel->getSalesData()
 2 SYSTEMPATH\CodeIgniter.php(934): App\Controllers\Sales->index()
 3 SYSTEMPATH\CodeIgniter.php(499): CodeIgniter\CodeIgniter->runController(Object(App\Controllers\Sales))
 4 SYSTEMPATH\CodeIgniter.php(368): CodeIgniter\CodeIgniter->handleRequest(null, Object(Config\Cache), false)
 5 FCPATH\index.php(67): CodeIgniter\CodeIgniter->run()
 6 SYSTEMPATH\Commands\Server\rewrite.php(47): require_once('FCPATH\\index.php')
CRITICAL - 2023-05-05 03:49:21 --> Too few arguments to function App\Models\SalesModel::getSalesData(), 0 passed in C:\xampp\htdocs\monitoring\app\Controllers\Sales.php on line 21 and exactly 1 expected
in APPPATH\Models\SalesModel.php on line 12.
 1 APPPATH\Controllers\Sales.php(21): App\Models\SalesModel->getSalesData()
 2 SYSTEMPATH\CodeIgniter.php(934): App\Controllers\Sales->index()
 3 SYSTEMPATH\CodeIgniter.php(499): CodeIgniter\CodeIgniter->runController(Object(App\Controllers\Sales))
 4 SYSTEMPATH\CodeIgniter.php(368): CodeIgniter\CodeIgniter->handleRequest(null, Object(Config\Cache), false)
 5 FCPATH\index.php(67): CodeIgniter\CodeIgniter->run()
 6 SYSTEMPATH\Commands\Server\rewrite.php(47): require_once('FCPATH\\index.php')
CRITICAL - 2023-05-05 03:49:21 --> Too few arguments to function App\Models\SalesModel::getSalesData(), 0 passed in C:\xampp\htdocs\monitoring\app\Controllers\Sales.php on line 21 and exactly 1 expected
in APPPATH\Models\SalesModel.php on line 12.
 1 APPPATH\Controllers\Sales.php(21): App\Models\SalesModel->getSalesData()
 2 SYSTEMPATH\CodeIgniter.php(934): App\Controllers\Sales->index()
 3 SYSTEMPATH\CodeIgniter.php(499): CodeIgniter\CodeIgniter->runController(Object(App\Controllers\Sales))
 4 SYSTEMPATH\CodeIgniter.php(368): CodeIgniter\CodeIgniter->handleRequest(null, Object(Config\Cache), false)
 5 FCPATH\index.php(67): CodeIgniter\CodeIgniter->run()
 6 SYSTEMPATH\Commands\Server\rewrite.php(47): require_once('FCPATH\\index.php')
CRITICAL - 2023-05-05 03:49:22 --> Too few arguments to function App\Models\SalesModel::getSalesData(), 0 passed in C:\xampp\htdocs\monitoring\app\Controllers\Sales.php on line 21 and exactly 1 expected
in APPPATH\Models\SalesModel.php on line 12.
 1 APPPATH\Controllers\Sales.php(21): App\Models\SalesModel->getSalesData()
 2 SYSTEMPATH\CodeIgniter.php(934): App\Controllers\Sales->index()
 3 SYSTEMPATH\CodeIgniter.php(499): CodeIgniter\CodeIgniter->runController(Object(App\Controllers\Sales))
 4 SYSTEMPATH\CodeIgniter.php(368): CodeIgniter\CodeIgniter->handleRequest(null, Object(Config\Cache), false)
 5 FCPATH\index.php(67): CodeIgniter\CodeIgniter->run()
 6 SYSTEMPATH\Commands\Server\rewrite.php(47): require_once('FCPATH\\index.php')
CRITICAL - 2023-05-05 03:49:22 --> Too few arguments to function App\Models\SalesModel::getSalesData(), 0 passed in C:\xampp\htdocs\monitoring\app\Controllers\Sales.php on line 21 and exactly 1 expected
in APPPATH\Models\SalesModel.php on line 12.
 1 APPPATH\Controllers\Sales.php(21): App\Models\SalesModel->getSalesData()
 2 SYSTEMPATH\CodeIgniter.php(934): App\Controllers\Sales->index()
 3 SYSTEMPATH\CodeIgniter.php(499): CodeIgniter\CodeIgniter->runController(Object(App\Controllers\Sales))
 4 SYSTEMPATH\CodeIgniter.php(368): CodeIgniter\CodeIgniter->handleRequest(null, Object(Config\Cache), false)
 5 FCPATH\index.php(67): CodeIgniter\CodeIgniter->run()
 6 SYSTEMPATH\Commands\Server\rewrite.php(47): require_once('FCPATH\\index.php')
CRITICAL - 2023-05-05 03:49:22 --> Too few arguments to function App\Models\SalesModel::getSalesData(), 0 passed in C:\xampp\htdocs\monitoring\app\Controllers\Sales.php on line 21 and exactly 1 expected
in APPPATH\Models\SalesModel.php on line 12.
 1 APPPATH\Controllers\Sales.php(21): App\Models\SalesModel->getSalesData()
 2 SYSTEMPATH\CodeIgniter.php(934): App\Controllers\Sales->index()
 3 SYSTEMPATH\CodeIgniter.php(499): CodeIgniter\CodeIgniter->runController(Object(App\Controllers\Sales))
 4 SYSTEMPATH\CodeIgniter.php(368): CodeIgniter\CodeIgniter->handleRequest(null, Object(Config\Cache), false)
 5 FCPATH\index.php(67): CodeIgniter\CodeIgniter->run()
 6 SYSTEMPATH\Commands\Server\rewrite.php(47): require_once('FCPATH\\index.php')
CRITICAL - 2023-05-05 03:49:23 --> Too few arguments to function App\Models\SalesModel::getSalesData(), 0 passed in C:\xampp\htdocs\monitoring\app\Controllers\Sales.php on line 21 and exactly 1 expected
in APPPATH\Models\SalesModel.php on line 12.
 1 APPPATH\Controllers\Sales.php(21): App\Models\SalesModel->getSalesData()
 2 SYSTEMPATH\CodeIgniter.php(934): App\Controllers\Sales->index()
 3 SYSTEMPATH\CodeIgniter.php(499): CodeIgniter\CodeIgniter->runController(Object(App\Controllers\Sales))
 4 SYSTEMPATH\CodeIgniter.php(368): CodeIgniter\CodeIgniter->handleRequest(null, Object(Config\Cache), false)
 5 FCPATH\index.php(67): CodeIgniter\CodeIgniter->run()
 6 SYSTEMPATH\Commands\Server\rewrite.php(47): require_once('FCPATH\\index.php')
CRITICAL - 2023-05-05 03:49:23 --> Too few arguments to function App\Models\SalesModel::getSalesData(), 0 passed in C:\xampp\htdocs\monitoring\app\Controllers\Sales.php on line 21 and exactly 1 expected
in APPPATH\Models\SalesModel.php on line 12.
 1 APPPATH\Controllers\Sales.php(21): App\Models\SalesModel->getSalesData()
 2 SYSTEMPATH\CodeIgniter.php(934): App\Controllers\Sales->index()
 3 SYSTEMPATH\CodeIgniter.php(499): CodeIgniter\CodeIgniter->runController(Object(App\Controllers\Sales))
 4 SYSTEMPATH\CodeIgniter.php(368): CodeIgniter\CodeIgniter->handleRequest(null, Object(Config\Cache), false)
 5 FCPATH\index.php(67): CodeIgniter\CodeIgniter->run()
 6 SYSTEMPATH\Commands\Server\rewrite.php(47): require_once('FCPATH\\index.php')
CRITICAL - 2023-05-05 03:49:23 --> Too few arguments to function App\Models\SalesModel::getSalesData(), 0 passed in C:\xampp\htdocs\monitoring\app\Controllers\Sales.php on line 21 and exactly 1 expected
in APPPATH\Models\SalesModel.php on line 12.
 1 APPPATH\Controllers\Sales.php(21): App\Models\SalesModel->getSalesData()
 2 SYSTEMPATH\CodeIgniter.php(934): App\Controllers\Sales->index()
 3 SYSTEMPATH\CodeIgniter.php(499): CodeIgniter\CodeIgniter->runController(Object(App\Controllers\Sales))
 4 SYSTEMPATH\CodeIgniter.php(368): CodeIgniter\CodeIgniter->handleRequest(null, Object(Config\Cache), false)
 5 FCPATH\index.php(67): CodeIgniter\CodeIgniter->run()
 6 SYSTEMPATH\Commands\Server\rewrite.php(47): require_once('FCPATH\\index.php')
CRITICAL - 2023-05-05 03:49:24 --> Too few arguments to function App\Models\SalesModel::getSalesData(), 0 passed in C:\xampp\htdocs\monitoring\app\Controllers\Sales.php on line 21 and exactly 1 expected
in APPPATH\Models\SalesModel.php on line 12.
 1 APPPATH\Controllers\Sales.php(21): App\Models\SalesModel->getSalesData()
 2 SYSTEMPATH\CodeIgniter.php(934): App\Controllers\Sales->index()
 3 SYSTEMPATH\CodeIgniter.php(499): CodeIgniter\CodeIgniter->runController(Object(App\Controllers\Sales))
 4 SYSTEMPATH\CodeIgniter.php(368): CodeIgniter\CodeIgniter->handleRequest(null, Object(Config\Cache), false)
 5 FCPATH\index.php(67): CodeIgniter\CodeIgniter->run()
 6 SYSTEMPATH\Commands\Server\rewrite.php(47): require_once('FCPATH\\index.php')
CRITICAL - 2023-05-05 03:50:23 --> Too few arguments to function App\Models\SalesModel::getSalesData(), 0 passed in C:\xampp\htdocs\monitoring\app\Controllers\Sales.php on line 21 and exactly 1 expected
in APPPATH\Models\SalesModel.php on line 12.
 1 APPPATH\Controllers\Sales.php(21): App\Models\SalesModel->getSalesData()
 2 SYSTEMPATH\CodeIgniter.php(934): App\Controllers\Sales->index()
 3 SYSTEMPATH\CodeIgniter.php(499): CodeIgniter\CodeIgniter->runController(Object(App\Controllers\Sales))
 4 SYSTEMPATH\CodeIgniter.php(368): CodeIgniter\CodeIgniter->handleRequest(null, Object(Config\Cache), false)
 5 FCPATH\index.php(67): CodeIgniter\CodeIgniter->run()
 6 SYSTEMPATH\Commands\Server\rewrite.php(47): require_once('FCPATH\\index.php')
CRITICAL - 2023-05-05 03:50:43 --> syntax error, unexpected token ";", expecting "]"
in APPPATH\Controllers\Sales.php on line 20.
 1 SYSTEMPATH\Router\Router.php(507): CodeIgniter\Router\AutoRouter->getRoute('sales')
 2 SYSTEMPATH\Router\Router.php(206): CodeIgniter\Router\Router->autoRoute('sales')
 3 SYSTEMPATH\CodeIgniter.php(815): CodeIgniter\Router\Router->handle('sales')
 4 SYSTEMPATH\CodeIgniter.php(449): CodeIgniter\CodeIgniter->tryToRouteIt(Object(CodeIgniter\Router\RouteCollection))
 5 SYSTEMPATH\CodeIgniter.php(368): CodeIgniter\CodeIgniter->handleRequest(null, Object(Config\Cache), false)
 6 FCPATH\index.php(67): CodeIgniter\CodeIgniter->run()
 7 SYSTEMPATH\Commands\Server\rewrite.php(47): require_once('FCPATH\\index.php')
CRITICAL - 2023-05-05 03:50:44 --> syntax error, unexpected token ";", expecting "]"
in APPPATH\Controllers\Sales.php on line 20.
 1 SYSTEMPATH\Router\Router.php(507): CodeIgniter\Router\AutoRouter->getRoute('sales')
 2 SYSTEMPATH\Router\Router.php(206): CodeIgniter\Router\Router->autoRoute('sales')
 3 SYSTEMPATH\CodeIgniter.php(815): CodeIgniter\Router\Router->handle('sales')
 4 SYSTEMPATH\CodeIgniter.php(449): CodeIgniter\CodeIgniter->tryToRouteIt(Object(CodeIgniter\Router\RouteCollection))
 5 SYSTEMPATH\CodeIgniter.php(368): CodeIgniter\CodeIgniter->handleRequest(null, Object(Config\Cache), false)
 6 FCPATH\index.php(67): CodeIgniter\CodeIgniter->run()
 7 SYSTEMPATH\Commands\Server\rewrite.php(47): require_once('FCPATH\\index.php')
CRITICAL - 2023-05-05 03:50:45 --> syntax error, unexpected token ";", expecting "]"
in APPPATH\Controllers\Sales.php on line 20.
 1 SYSTEMPATH\Router\Router.php(507): CodeIgniter\Router\AutoRouter->getRoute('sales')
 2 SYSTEMPATH\Router\Router.php(206): CodeIgniter\Router\Router->autoRoute('sales')
 3 SYSTEMPATH\CodeIgniter.php(815): CodeIgniter\Router\Router->handle('sales')
 4 SYSTEMPATH\CodeIgniter.php(449): CodeIgniter\CodeIgniter->tryToRouteIt(Object(CodeIgniter\Router\RouteCollection))
 5 SYSTEMPATH\CodeIgniter.php(368): CodeIgniter\CodeIgniter->handleRequest(null, Object(Config\Cache), false)
 6 FCPATH\index.php(67): CodeIgniter\CodeIgniter->run()
 7 SYSTEMPATH\Commands\Server\rewrite.php(47): require_once('FCPATH\\index.php')
CRITICAL - 2023-05-05 03:50:57 --> Undefined variable $sales_data
in APPPATH\Views\sales_chart.php on line 7.
 1 APPPATH\Views\sales_chart.php(7): CodeIgniter\Debug\Exceptions->errorHandler(2, 'Undefined variable $sales_data', 'APPPATH\\Views\\sales_chart.php', 7)
 2 SYSTEMPATH\View\View.php(213): include('APPPATH\\Views\\sales_chart.php')
 3 SYSTEMPATH\View\View.php(216): CodeIgniter\View\View->CodeIgniter\View\{closure}()
 4 SYSTEMPATH\Common.php(1184): CodeIgniter\View\View->render('sales_chart', [], true)
 5 APPPATH\Controllers\Sales.php(24): view('sales_chart', [...])
 6 SYSTEMPATH\CodeIgniter.php(934): App\Controllers\Sales->index()
 7 SYSTEMPATH\CodeIgniter.php(499): CodeIgniter\CodeIgniter->runController(Object(App\Controllers\Sales))
 8 SYSTEMPATH\CodeIgniter.php(368): CodeIgniter\CodeIgniter->handleRequest(null, Object(Config\Cache), false)
 9 FCPATH\index.php(67): CodeIgniter\CodeIgniter->run()
10 SYSTEMPATH\Commands\Server\rewrite.php(47): require_once('FCPATH\\index.php')
CRITICAL - 2023-05-05 03:50:58 --> Undefined variable $sales_data
in APPPATH\Views\sales_chart.php on line 7.
 1 APPPATH\Views\sales_chart.php(7): CodeIgniter\Debug\Exceptions->errorHandler(2, 'Undefined variable $sales_data', 'APPPATH\\Views\\sales_chart.php', 7)
 2 SYSTEMPATH\View\View.php(213): include('APPPATH\\Views\\sales_chart.php')
 3 SYSTEMPATH\View\View.php(216): CodeIgniter\View\View->CodeIgniter\View\{closure}()
 4 SYSTEMPATH\Common.php(1184): CodeIgniter\View\View->render('sales_chart', [], true)
 5 APPPATH\Controllers\Sales.php(24): view('sales_chart', [...])
 6 SYSTEMPATH\CodeIgniter.php(934): App\Controllers\Sales->index()
 7 SYSTEMPATH\CodeIgniter.php(499): CodeIgniter\CodeIgniter->runController(Object(App\Controllers\Sales))
 8 SYSTEMPATH\CodeIgniter.php(368): CodeIgniter\CodeIgniter->handleRequest(null, Object(Config\Cache), false)
 9 FCPATH\index.php(67): CodeIgniter\CodeIgniter->run()
10 SYSTEMPATH\Commands\Server\rewrite.php(47): require_once('FCPATH\\index.php')
CRITICAL - 2023-05-05 23:54:34 --> Class "App\Models\UserModel" not found
in APPPATH\Controllers\Datauser.php on line 12.
 1 SYSTEMPATH\CodeIgniter.php(906): App\Controllers\Datauser->__construct()
 2 SYSTEMPATH\CodeIgniter.php(490): CodeIgniter\CodeIgniter->createController()
 3 SYSTEMPATH\CodeIgniter.php(368): CodeIgniter\CodeIgniter->handleRequest(null, Object(Config\Cache), false)
 4 FCPATH\index.php(67): CodeIgniter\CodeIgniter->run()
 5 SYSTEMPATH\Commands\Server\rewrite.php(47): require_once('FCPATH\\index.php')
CRITICAL - 2023-05-05 23:54:48 --> Undefined variable $sales_data
in APPPATH\Views\sales_chart.php on line 7.
 1 APPPATH\Views\sales_chart.php(7): CodeIgniter\Debug\Exceptions->errorHandler(2, 'Undefined variable $sales_data', 'APPPATH\\Views\\sales_chart.php', 7)
 2 SYSTEMPATH\View\View.php(213): include('APPPATH\\Views\\sales_chart.php')
 3 SYSTEMPATH\View\View.php(216): CodeIgniter\View\View->CodeIgniter\View\{closure}()
 4 SYSTEMPATH\Common.php(1184): CodeIgniter\View\View->render('sales_chart', [], true)
 5 APPPATH\Controllers\Sales.php(24): view('sales_chart', [...])
 6 SYSTEMPATH\CodeIgniter.php(934): App\Controllers\Sales->index()
 7 SYSTEMPATH\CodeIgniter.php(499): CodeIgniter\CodeIgniter->runController(Object(App\Controllers\Sales))
 8 SYSTEMPATH\CodeIgniter.php(368): CodeIgniter\CodeIgniter->handleRequest(null, Object(Config\Cache), false)
 9 FCPATH\index.php(67): CodeIgniter\CodeIgniter->run()
10 SYSTEMPATH\Commands\Server\rewrite.php(47): require_once('FCPATH\\index.php')
CRITICAL - 2023-05-05 23:56:06 --> Undefined variable $salesdata
in APPPATH\Views\sales_chart.php on line 7.
 1 APPPATH\Views\sales_chart.php(7): CodeIgniter\Debug\Exceptions->errorHandler(2, 'Undefined variable $salesdata', 'APPPATH\\Views\\sales_chart.php', 7)
 2 SYSTEMPATH\View\View.php(213): include('APPPATH\\Views\\sales_chart.php')
 3 SYSTEMPATH\View\View.php(216): CodeIgniter\View\View->CodeIgniter\View\{closure}()
 4 SYSTEMPATH\Common.php(1184): CodeIgniter\View\View->render('sales_chart', [], true)
 5 APPPATH\Controllers\Sales.php(24): view('sales_chart', [...])
 6 SYSTEMPATH\CodeIgniter.php(934): App\Controllers\Sales->index()
 7 SYSTEMPATH\CodeIgniter.php(499): CodeIgniter\CodeIgniter->runController(Object(App\Controllers\Sales))
 8 SYSTEMPATH\CodeIgniter.php(368): CodeIgniter\CodeIgniter->handleRequest(null, Object(Config\Cache), false)
 9 FCPATH\index.php(67): CodeIgniter\CodeIgniter->run()
10 SYSTEMPATH\Commands\Server\rewrite.php(47): require_once('FCPATH\\index.php')
CRITICAL - 2023-05-05 23:56:22 --> Undefined variable $salesData
in APPPATH\Views\sales_chart.php on line 7.
 1 APPPATH\Views\sales_chart.php(7): CodeIgniter\Debug\Exceptions->errorHandler(2, 'Undefined variable $salesData', 'APPPATH\\Views\\sales_chart.php', 7)
 2 SYSTEMPATH\View\View.php(213): include('APPPATH\\Views\\sales_chart.php')
 3 SYSTEMPATH\View\View.php(216): CodeIgniter\View\View->CodeIgniter\View\{closure}()
 4 SYSTEMPATH\Common.php(1184): CodeIgniter\View\View->render('sales_chart', [], true)
 5 APPPATH\Controllers\Sales.php(24): view('sales_chart', [...])
 6 SYSTEMPATH\CodeIgniter.php(934): App\Controllers\Sales->index()
 7 SYSTEMPATH\CodeIgniter.php(499): CodeIgniter\CodeIgniter->runController(Object(App\Controllers\Sales))
 8 SYSTEMPATH\CodeIgniter.php(368): CodeIgniter\CodeIgniter->handleRequest(null, Object(Config\Cache), false)
 9 FCPATH\index.php(67): CodeIgniter\CodeIgniter->run()
10 SYSTEMPATH\Commands\Server\rewrite.php(47): require_once('FCPATH\\index.php')
CRITICAL - 2023-05-05 23:57:11 --> Undefined variable $product
in APPPATH\Views\sales_chart.php on line 7.
 1 APPPATH\Views\sales_chart.php(7): CodeIgniter\Debug\Exceptions->errorHandler(2, 'Undefined variable $product', 'APPPATH\\Views\\sales_chart.php', 7)
 2 SYSTEMPATH\View\View.php(213): include('APPPATH\\Views\\sales_chart.php')
 3 SYSTEMPATH\View\View.php(216): CodeIgniter\View\View->CodeIgniter\View\{closure}()
 4 SYSTEMPATH\Common.php(1184): CodeIgniter\View\View->render('sales_chart', [], true)
 5 APPPATH\Controllers\Sales.php(24): view('sales_chart', [...])
 6 SYSTEMPATH\CodeIgniter.php(934): App\Controllers\Sales->index()
 7 SYSTEMPATH\CodeIgniter.php(499): CodeIgniter\CodeIgniter->runController(Object(App\Controllers\Sales))
 8 SYSTEMPATH\CodeIgniter.php(368): CodeIgniter\CodeIgniter->handleRequest(null, Object(Config\Cache), false)
 9 FCPATH\index.php(67): CodeIgniter\CodeIgniter->run()
10 SYSTEMPATH\Commands\Server\rewrite.php(47): require_once('FCPATH\\index.php')
