CRITICAL - 2023-05-13 19:55:12 --> Undefined variable $tegangan
in APPPATH\Views\grafikbaterai\Bgrafik.php on line 4.
 1 APPPATH\Views\grafikbaterai\Bgrafik.php(4): CodeIgniter\Debug\Exceptions->errorHandler(2, 'Undefined variable $tegangan', 'APPPATH\\Views\\grafikbaterai\\Bgrafik.php', 4)
 2 SYSTEMPATH\View\View.php(213): include('APPPATH\\Views\\grafikbaterai\\Bgrafik.php')
 3 SYSTEMPATH\View\View.php(216): CodeIgniter\View\View->CodeIgniter\View\{closure}()
 4 SYSTEMPATH\Common.php(1184): CodeIgniter\View\View->render('grafikbaterai/Bgrafik', [], true)
 5 APPPATH\Controllers\Monitoring.php(34): view('grafikbaterai/Bgrafik', [...])
 6 SYSTEMPATH\CodeIgniter.php(934): App\Controllers\Monitoring->Bgrafik()
 7 SYSTEMPATH\CodeIgniter.php(499): CodeIgniter\CodeIgniter->runController(Object(App\Controllers\Monitoring))
 8 SYSTEMPATH\CodeIgniter.php(368): CodeIgniter\CodeIgniter->handleRequest(null, Object(Config\Cache), false)
 9 FCPATH\index.php(67): CodeIgniter\CodeIgniter->run()
10 SYSTEMPATH\Commands\Server\rewrite.php(47): require_once('FCPATH\\index.php')
CRITICAL - 2023-05-13 19:56:04 --> Undefined variable $tegangan_b
in APPPATH\Views\grafikbaterai\Bgrafik.php on line 4.
 1 APPPATH\Views\grafikbaterai\Bgrafik.php(4): CodeIgniter\Debug\Exceptions->errorHandler(2, 'Undefined variable $tegangan_b', 'APPPATH\\Views\\grafikbaterai\\Bgrafik.php', 4)
 2 SYSTEMPATH\View\View.php(213): include('APPPATH\\Views\\grafikbaterai\\Bgrafik.php')
 3 SYSTEMPATH\View\View.php(216): CodeIgniter\View\View->CodeIgniter\View\{closure}()
 4 SYSTEMPATH\Common.php(1184): CodeIgniter\View\View->render('grafikbaterai/Bgrafik', [], true)
 5 APPPATH\Controllers\Monitoring.php(34): view('grafikbaterai/Bgrafik', [...])
 6 SYSTEMPATH\CodeIgniter.php(934): App\Controllers\Monitoring->Bgrafik()
 7 SYSTEMPATH\CodeIgniter.php(499): CodeIgniter\CodeIgniter->runController(Object(App\Controllers\Monitoring))
 8 SYSTEMPATH\CodeIgniter.php(368): CodeIgniter\CodeIgniter->handleRequest(null, Object(Config\Cache), false)
 9 FCPATH\index.php(67): CodeIgniter\CodeIgniter->run()
10 SYSTEMPATH\Commands\Server\rewrite.php(47): require_once('FCPATH\\index.php')
CRITICAL - 2023-05-13 19:56:31 --> Undefined variable $tegangan_b
in APPPATH\Views\grafikbaterai\Bgrafik.php on line 43.
 1 APPPATH\Views\grafikbaterai\Bgrafik.php(43): CodeIgniter\Debug\Exceptions->errorHandler(2, 'Undefined variable $tegangan_b', 'APPPATH\\Views\\grafikbaterai\\Bgrafik.php', 43)
 2 SYSTEMPATH\View\View.php(213): include('APPPATH\\Views\\grafikbaterai\\Bgrafik.php')
 3 SYSTEMPATH\View\View.php(216): CodeIgniter\View\View->CodeIgniter\View\{closure}()
 4 SYSTEMPATH\Common.php(1184): CodeIgniter\View\View->render('grafikbaterai/Bgrafik', [], true)
 5 APPPATH\Controllers\Monitoring.php(34): view('grafikbaterai/Bgrafik', [...])
 6 SYSTEMPATH\CodeIgniter.php(934): App\Controllers\Monitoring->Bgrafik()
 7 SYSTEMPATH\CodeIgniter.php(499): CodeIgniter\CodeIgniter->runController(Object(App\Controllers\Monitoring))
 8 SYSTEMPATH\CodeIgniter.php(368): CodeIgniter\CodeIgniter->handleRequest(null, Object(Config\Cache), false)
 9 FCPATH\index.php(67): CodeIgniter\CodeIgniter->run()
10 SYSTEMPATH\Commands\Server\rewrite.php(47): require_once('FCPATH\\index.php')
CRITICAL - 2023-05-13 19:59:54 --> Undefined array key "tegangan_b"
in APPPATH\Controllers\Monitoring.php on line 41.
 1 APPPATH\Controllers\Monitoring.php(41): CodeIgniter\Debug\Exceptions->errorHandler(2, 'Undefined array key "tegangan_b"', 'APPPATH\\Controllers\\Monitoring.php', 41)
 2 SYSTEMPATH\CodeIgniter.php(934): App\Controllers\Monitoring->data_baterai()
 3 SYSTEMPATH\CodeIgniter.php(499): CodeIgniter\CodeIgniter->runController(Object(App\Controllers\Monitoring))
 4 SYSTEMPATH\CodeIgniter.php(368): CodeIgniter\CodeIgniter->handleRequest(null, Object(Config\Cache), false)
 5 FCPATH\index.php(67): CodeIgniter\CodeIgniter->run()
 6 SYSTEMPATH\Commands\Server\rewrite.php(47): require_once('FCPATH\\index.php')
CRITICAL - 2023-05-13 19:59:57 --> Undefined array key "tegangan_b"
in APPPATH\Controllers\Monitoring.php on line 41.
 1 APPPATH\Controllers\Monitoring.php(41): CodeIgniter\Debug\Exceptions->errorHandler(2, 'Undefined array key "tegangan_b"', 'APPPATH\\Controllers\\Monitoring.php', 41)
 2 SYSTEMPATH\CodeIgniter.php(934): App\Controllers\Monitoring->data_baterai()
 3 SYSTEMPATH\CodeIgniter.php(499): CodeIgniter\CodeIgniter->runController(Object(App\Controllers\Monitoring))
 4 SYSTEMPATH\CodeIgniter.php(368): CodeIgniter\CodeIgniter->handleRequest(null, Object(Config\Cache), false)
 5 FCPATH\index.php(67): CodeIgniter\CodeIgniter->run()
 6 SYSTEMPATH\Commands\Server\rewrite.php(47): require_once('FCPATH\\index.php')
CRITICAL - 2023-05-13 19:59:58 --> Undefined array key "tegangan_b"
in APPPATH\Controllers\Monitoring.php on line 41.
 1 APPPATH\Controllers\Monitoring.php(41): CodeIgniter\Debug\Exceptions->errorHandler(2, 'Undefined array key "tegangan_b"', 'APPPATH\\Controllers\\Monitoring.php', 41)
 2 SYSTEMPATH\CodeIgniter.php(934): App\Controllers\Monitoring->data_baterai()
 3 SYSTEMPATH\CodeIgniter.php(499): CodeIgniter\CodeIgniter->runController(Object(App\Controllers\Monitoring))
 4 SYSTEMPATH\CodeIgniter.php(368): CodeIgniter\CodeIgniter->handleRequest(null, Object(Config\Cache), false)
 5 FCPATH\index.php(67): CodeIgniter\CodeIgniter->run()
 6 SYSTEMPATH\Commands\Server\rewrite.php(47): require_once('FCPATH\\index.php')
CRITICAL - 2023-05-13 19:59:59 --> Undefined array key "tegangan_b"
in APPPATH\Controllers\Monitoring.php on line 41.
 1 APPPATH\Controllers\Monitoring.php(41): CodeIgniter\Debug\Exceptions->errorHandler(2, 'Undefined array key "tegangan_b"', 'APPPATH\\Controllers\\Monitoring.php', 41)
 2 SYSTEMPATH\CodeIgniter.php(934): App\Controllers\Monitoring->data_baterai()
 3 SYSTEMPATH\CodeIgniter.php(499): CodeIgniter\CodeIgniter->runController(Object(App\Controllers\Monitoring))
 4 SYSTEMPATH\CodeIgniter.php(368): CodeIgniter\CodeIgniter->handleRequest(null, Object(Config\Cache), false)
 5 FCPATH\index.php(67): CodeIgniter\CodeIgniter->run()
 6 SYSTEMPATH\Commands\Server\rewrite.php(47): require_once('FCPATH\\index.php')
CRITICAL - 2023-05-13 20:00:00 --> Undefined array key "tegangan_b"
in APPPATH\Controllers\Monitoring.php on line 41.
 1 APPPATH\Controllers\Monitoring.php(41): CodeIgniter\Debug\Exceptions->errorHandler(2, 'Undefined array key "tegangan_b"', 'APPPATH\\Controllers\\Monitoring.php', 41)
 2 SYSTEMPATH\CodeIgniter.php(934): App\Controllers\Monitoring->data_baterai()
 3 SYSTEMPATH\CodeIgniter.php(499): CodeIgniter\CodeIgniter->runController(Object(App\Controllers\Monitoring))
 4 SYSTEMPATH\CodeIgniter.php(368): CodeIgniter\CodeIgniter->handleRequest(null, Object(Config\Cache), false)
 5 FCPATH\index.php(67): CodeIgniter\CodeIgniter->run()
 6 SYSTEMPATH\Commands\Server\rewrite.php(47): require_once('FCPATH\\index.php')
CRITICAL - 2023-05-13 20:00:01 --> Undefined array key "tegangan_b"
in APPPATH\Controllers\Monitoring.php on line 41.
 1 APPPATH\Controllers\Monitoring.php(41): CodeIgniter\Debug\Exceptions->errorHandler(2, 'Undefined array key "tegangan_b"', 'APPPATH\\Controllers\\Monitoring.php', 41)
 2 SYSTEMPATH\CodeIgniter.php(934): App\Controllers\Monitoring->data_baterai()
 3 SYSTEMPATH\CodeIgniter.php(499): CodeIgniter\CodeIgniter->runController(Object(App\Controllers\Monitoring))
 4 SYSTEMPATH\CodeIgniter.php(368): CodeIgniter\CodeIgniter->handleRequest(null, Object(Config\Cache), false)
 5 FCPATH\index.php(67): CodeIgniter\CodeIgniter->run()
 6 SYSTEMPATH\Commands\Server\rewrite.php(47): require_once('FCPATH\\index.php')
CRITICAL - 2023-05-13 20:00:02 --> Undefined array key "tegangan_b"
in APPPATH\Controllers\Monitoring.php on line 41.
 1 APPPATH\Controllers\Monitoring.php(41): CodeIgniter\Debug\Exceptions->errorHandler(2, 'Undefined array key "tegangan_b"', 'APPPATH\\Controllers\\Monitoring.php', 41)
 2 SYSTEMPATH\CodeIgniter.php(934): App\Controllers\Monitoring->data_baterai()
 3 SYSTEMPATH\CodeIgniter.php(499): CodeIgniter\CodeIgniter->runController(Object(App\Controllers\Monitoring))
 4 SYSTEMPATH\CodeIgniter.php(368): CodeIgniter\CodeIgniter->handleRequest(null, Object(Config\Cache), false)
 5 FCPATH\index.php(67): CodeIgniter\CodeIgniter->run()
 6 SYSTEMPATH\Commands\Server\rewrite.php(47): require_once('FCPATH\\index.php')
CRITICAL - 2023-05-13 20:00:03 --> Undefined array key "tegangan_b"
in APPPATH\Controllers\Monitoring.php on line 41.
 1 APPPATH\Controllers\Monitoring.php(41): CodeIgniter\Debug\Exceptions->errorHandler(2, 'Undefined array key "tegangan_b"', 'APPPATH\\Controllers\\Monitoring.php', 41)
 2 SYSTEMPATH\CodeIgniter.php(934): App\Controllers\Monitoring->data_baterai()
 3 SYSTEMPATH\CodeIgniter.php(499): CodeIgniter\CodeIgniter->runController(Object(App\Controllers\Monitoring))
 4 SYSTEMPATH\CodeIgniter.php(368): CodeIgniter\CodeIgniter->handleRequest(null, Object(Config\Cache), false)
 5 FCPATH\index.php(67): CodeIgniter\CodeIgniter->run()
 6 SYSTEMPATH\Commands\Server\rewrite.php(47): require_once('FCPATH\\index.php')
CRITICAL - 2023-05-13 20:00:05 --> Undefined array key "tegangan_b"
in APPPATH\Controllers\Monitoring.php on line 41.
 1 APPPATH\Controllers\Monitoring.php(41): CodeIgniter\Debug\Exceptions->errorHandler(2, 'Undefined array key "tegangan_b"', 'APPPATH\\Controllers\\Monitoring.php', 41)
 2 SYSTEMPATH\CodeIgniter.php(934): App\Controllers\Monitoring->data_baterai()
 3 SYSTEMPATH\CodeIgniter.php(499): CodeIgniter\CodeIgniter->runController(Object(App\Controllers\Monitoring))
 4 SYSTEMPATH\CodeIgniter.php(368): CodeIgniter\CodeIgniter->handleRequest(null, Object(Config\Cache), false)
 5 FCPATH\index.php(67): CodeIgniter\CodeIgniter->run()
 6 SYSTEMPATH\Commands\Server\rewrite.php(47): require_once('FCPATH\\index.php')
CRITICAL - 2023-05-13 20:00:06 --> Undefined array key "tegangan_b"
in APPPATH\Controllers\Monitoring.php on line 41.
 1 APPPATH\Controllers\Monitoring.php(41): CodeIgniter\Debug\Exceptions->errorHandler(2, 'Undefined array key "tegangan_b"', 'APPPATH\\Controllers\\Monitoring.php', 41)
 2 SYSTEMPATH\CodeIgniter.php(934): App\Controllers\Monitoring->data_baterai()
 3 SYSTEMPATH\CodeIgniter.php(499): CodeIgniter\CodeIgniter->runController(Object(App\Controllers\Monitoring))
 4 SYSTEMPATH\CodeIgniter.php(368): CodeIgniter\CodeIgniter->handleRequest(null, Object(Config\Cache), false)
 5 FCPATH\index.php(67): CodeIgniter\CodeIgniter->run()
 6 SYSTEMPATH\Commands\Server\rewrite.php(47): require_once('FCPATH\\index.php')
CRITICAL - 2023-05-13 20:00:06 --> Undefined array key "tegangan_b"
in APPPATH\Controllers\Monitoring.php on line 41.
 1 APPPATH\Controllers\Monitoring.php(41): CodeIgniter\Debug\Exceptions->errorHandler(2, 'Undefined array key "tegangan_b"', 'APPPATH\\Controllers\\Monitoring.php', 41)
 2 SYSTEMPATH\CodeIgniter.php(934): App\Controllers\Monitoring->data_baterai()
 3 SYSTEMPATH\CodeIgniter.php(499): CodeIgniter\CodeIgniter->runController(Object(App\Controllers\Monitoring))
 4 SYSTEMPATH\CodeIgniter.php(368): CodeIgniter\CodeIgniter->handleRequest(null, Object(Config\Cache), false)
 5 FCPATH\index.php(67): CodeIgniter\CodeIgniter->run()
 6 SYSTEMPATH\Commands\Server\rewrite.php(47): require_once('FCPATH\\index.php')
CRITICAL - 2023-05-13 20:00:08 --> Undefined array key "tegangan_b"
in APPPATH\Controllers\Monitoring.php on line 41.
 1 APPPATH\Controllers\Monitoring.php(41): CodeIgniter\Debug\Exceptions->errorHandler(2, 'Undefined array key "tegangan_b"', 'APPPATH\\Controllers\\Monitoring.php', 41)
 2 SYSTEMPATH\CodeIgniter.php(934): App\Controllers\Monitoring->data_baterai()
 3 SYSTEMPATH\CodeIgniter.php(499): CodeIgniter\CodeIgniter->runController(Object(App\Controllers\Monitoring))
 4 SYSTEMPATH\CodeIgniter.php(368): CodeIgniter\CodeIgniter->handleRequest(null, Object(Config\Cache), false)
 5 FCPATH\index.php(67): CodeIgniter\CodeIgniter->run()
 6 SYSTEMPATH\Commands\Server\rewrite.php(47): require_once('FCPATH\\index.php')
CRITICAL - 2023-05-13 20:00:09 --> Undefined array key "tegangan_b"
in APPPATH\Controllers\Monitoring.php on line 41.
 1 APPPATH\Controllers\Monitoring.php(41): CodeIgniter\Debug\Exceptions->errorHandler(2, 'Undefined array key "tegangan_b"', 'APPPATH\\Controllers\\Monitoring.php', 41)
 2 SYSTEMPATH\CodeIgniter.php(934): App\Controllers\Monitoring->data_baterai()
 3 SYSTEMPATH\CodeIgniter.php(499): CodeIgniter\CodeIgniter->runController(Object(App\Controllers\Monitoring))
 4 SYSTEMPATH\CodeIgniter.php(368): CodeIgniter\CodeIgniter->handleRequest(null, Object(Config\Cache), false)
 5 FCPATH\index.php(67): CodeIgniter\CodeIgniter->run()
 6 SYSTEMPATH\Commands\Server\rewrite.php(47): require_once('FCPATH\\index.php')
CRITICAL - 2023-05-13 20:00:11 --> Undefined array key "tegangan_b"
in APPPATH\Controllers\Monitoring.php on line 41.
 1 APPPATH\Controllers\Monitoring.php(41): CodeIgniter\Debug\Exceptions->errorHandler(2, 'Undefined array key "tegangan_b"', 'APPPATH\\Controllers\\Monitoring.php', 41)
 2 SYSTEMPATH\CodeIgniter.php(934): App\Controllers\Monitoring->data_baterai()
 3 SYSTEMPATH\CodeIgniter.php(499): CodeIgniter\CodeIgniter->runController(Object(App\Controllers\Monitoring))
 4 SYSTEMPATH\CodeIgniter.php(368): CodeIgniter\CodeIgniter->handleRequest(null, Object(Config\Cache), false)
 5 FCPATH\index.php(67): CodeIgniter\CodeIgniter->run()
 6 SYSTEMPATH\Commands\Server\rewrite.php(47): require_once('FCPATH\\index.php')
CRITICAL - 2023-05-13 20:00:13 --> Undefined array key "tegangan_b"
in APPPATH\Controllers\Monitoring.php on line 41.
 1 APPPATH\Controllers\Monitoring.php(41): CodeIgniter\Debug\Exceptions->errorHandler(2, 'Undefined array key "tegangan_b"', 'APPPATH\\Controllers\\Monitoring.php', 41)
 2 SYSTEMPATH\CodeIgniter.php(934): App\Controllers\Monitoring->data_baterai()
 3 SYSTEMPATH\CodeIgniter.php(499): CodeIgniter\CodeIgniter->runController(Object(App\Controllers\Monitoring))
 4 SYSTEMPATH\CodeIgniter.php(368): CodeIgniter\CodeIgniter->handleRequest(null, Object(Config\Cache), false)
 5 FCPATH\index.php(67): CodeIgniter\CodeIgniter->run()
 6 SYSTEMPATH\Commands\Server\rewrite.php(47): require_once('FCPATH\\index.php')
CRITICAL - 2023-05-13 20:00:15 --> Undefined array key "tegangan_b"
in APPPATH\Controllers\Monitoring.php on line 41.
 1 APPPATH\Controllers\Monitoring.php(41): CodeIgniter\Debug\Exceptions->errorHandler(2, 'Undefined array key "tegangan_b"', 'APPPATH\\Controllers\\Monitoring.php', 41)
 2 SYSTEMPATH\CodeIgniter.php(934): App\Controllers\Monitoring->data_baterai()
 3 SYSTEMPATH\CodeIgniter.php(499): CodeIgniter\CodeIgniter->runController(Object(App\Controllers\Monitoring))
 4 SYSTEMPATH\CodeIgniter.php(368): CodeIgniter\CodeIgniter->handleRequest(null, Object(Config\Cache), false)
 5 FCPATH\index.php(67): CodeIgniter\CodeIgniter->run()
 6 SYSTEMPATH\Commands\Server\rewrite.php(47): require_once('FCPATH\\index.php')
CRITICAL - 2023-05-13 20:00:17 --> Undefined array key "tegangan_b"
in APPPATH\Controllers\Monitoring.php on line 41.
 1 APPPATH\Controllers\Monitoring.php(41): CodeIgniter\Debug\Exceptions->errorHandler(2, 'Undefined array key "tegangan_b"', 'APPPATH\\Controllers\\Monitoring.php', 41)
 2 SYSTEMPATH\CodeIgniter.php(934): App\Controllers\Monitoring->data_baterai()
 3 SYSTEMPATH\CodeIgniter.php(499): CodeIgniter\CodeIgniter->runController(Object(App\Controllers\Monitoring))
 4 SYSTEMPATH\CodeIgniter.php(368): CodeIgniter\CodeIgniter->handleRequest(null, Object(Config\Cache), false)
 5 FCPATH\index.php(67): CodeIgniter\CodeIgniter->run()
 6 SYSTEMPATH\Commands\Server\rewrite.php(47): require_once('FCPATH\\index.php')
CRITICAL - 2023-05-13 20:00:19 --> Undefined array key "tegangan_b"
in APPPATH\Controllers\Monitoring.php on line 41.
 1 APPPATH\Controllers\Monitoring.php(41): CodeIgniter\Debug\Exceptions->errorHandler(2, 'Undefined array key "tegangan_b"', 'APPPATH\\Controllers\\Monitoring.php', 41)
 2 SYSTEMPATH\CodeIgniter.php(934): App\Controllers\Monitoring->data_baterai()
 3 SYSTEMPATH\CodeIgniter.php(499): CodeIgniter\CodeIgniter->runController(Object(App\Controllers\Monitoring))
 4 SYSTEMPATH\CodeIgniter.php(368): CodeIgniter\CodeIgniter->handleRequest(null, Object(Config\Cache), false)
 5 FCPATH\index.php(67): CodeIgniter\CodeIgniter->run()
 6 SYSTEMPATH\Commands\Server\rewrite.php(47): require_once('FCPATH\\index.php')
CRITICAL - 2023-05-13 20:00:21 --> Undefined array key "tegangan_b"
in APPPATH\Controllers\Monitoring.php on line 41.
 1 APPPATH\Controllers\Monitoring.php(41): CodeIgniter\Debug\Exceptions->errorHandler(2, 'Undefined array key "tegangan_b"', 'APPPATH\\Controllers\\Monitoring.php', 41)
 2 SYSTEMPATH\CodeIgniter.php(934): App\Controllers\Monitoring->data_baterai()
 3 SYSTEMPATH\CodeIgniter.php(499): CodeIgniter\CodeIgniter->runController(Object(App\Controllers\Monitoring))
 4 SYSTEMPATH\CodeIgniter.php(368): CodeIgniter\CodeIgniter->handleRequest(null, Object(Config\Cache), false)
 5 FCPATH\index.php(67): CodeIgniter\CodeIgniter->run()
 6 SYSTEMPATH\Commands\Server\rewrite.php(47): require_once('FCPATH\\index.php')
CRITICAL - 2023-05-13 20:00:23 --> Undefined array key "tegangan_b"
in APPPATH\Controllers\Monitoring.php on line 41.
 1 APPPATH\Controllers\Monitoring.php(41): CodeIgniter\Debug\Exceptions->errorHandler(2, 'Undefined array key "tegangan_b"', 'APPPATH\\Controllers\\Monitoring.php', 41)
 2 SYSTEMPATH\CodeIgniter.php(934): App\Controllers\Monitoring->data_baterai()
 3 SYSTEMPATH\CodeIgniter.php(499): CodeIgniter\CodeIgniter->runController(Object(App\Controllers\Monitoring))
 4 SYSTEMPATH\CodeIgniter.php(368): CodeIgniter\CodeIgniter->handleRequest(null, Object(Config\Cache), false)
 5 FCPATH\index.php(67): CodeIgniter\CodeIgniter->run()
 6 SYSTEMPATH\Commands\Server\rewrite.php(47): require_once('FCPATH\\index.php')
CRITICAL - 2023-05-13 20:00:25 --> Undefined array key "tegangan_b"
in APPPATH\Controllers\Monitoring.php on line 41.
 1 APPPATH\Controllers\Monitoring.php(41): CodeIgniter\Debug\Exceptions->errorHandler(2, 'Undefined array key "tegangan_b"', 'APPPATH\\Controllers\\Monitoring.php', 41)
 2 SYSTEMPATH\CodeIgniter.php(934): App\Controllers\Monitoring->data_baterai()
 3 SYSTEMPATH\CodeIgniter.php(499): CodeIgniter\CodeIgniter->runController(Object(App\Controllers\Monitoring))
 4 SYSTEMPATH\CodeIgniter.php(368): CodeIgniter\CodeIgniter->handleRequest(null, Object(Config\Cache), false)
 5 FCPATH\index.php(67): CodeIgniter\CodeIgniter->run()
 6 SYSTEMPATH\Commands\Server\rewrite.php(47): require_once('FCPATH\\index.php')
CRITICAL - 2023-05-13 20:00:27 --> Undefined array key "tegangan_b"
in APPPATH\Controllers\Monitoring.php on line 41.
 1 APPPATH\Controllers\Monitoring.php(41): CodeIgniter\Debug\Exceptions->errorHandler(2, 'Undefined array key "tegangan_b"', 'APPPATH\\Controllers\\Monitoring.php', 41)
 2 SYSTEMPATH\CodeIgniter.php(934): App\Controllers\Monitoring->data_baterai()
 3 SYSTEMPATH\CodeIgniter.php(499): CodeIgniter\CodeIgniter->runController(Object(App\Controllers\Monitoring))
 4 SYSTEMPATH\CodeIgniter.php(368): CodeIgniter\CodeIgniter->handleRequest(null, Object(Config\Cache), false)
 5 FCPATH\index.php(67): CodeIgniter\CodeIgniter->run()
 6 SYSTEMPATH\Commands\Server\rewrite.php(47): require_once('FCPATH\\index.php')
CRITICAL - 2023-05-13 20:00:29 --> Undefined array key "tegangan_b"
in APPPATH\Controllers\Monitoring.php on line 41.
 1 APPPATH\Controllers\Monitoring.php(41): CodeIgniter\Debug\Exceptions->errorHandler(2, 'Undefined array key "tegangan_b"', 'APPPATH\\Controllers\\Monitoring.php', 41)
 2 SYSTEMPATH\CodeIgniter.php(934): App\Controllers\Monitoring->data_baterai()
 3 SYSTEMPATH\CodeIgniter.php(499): CodeIgniter\CodeIgniter->runController(Object(App\Controllers\Monitoring))
 4 SYSTEMPATH\CodeIgniter.php(368): CodeIgniter\CodeIgniter->handleRequest(null, Object(Config\Cache), false)
 5 FCPATH\index.php(67): CodeIgniter\CodeIgniter->run()
 6 SYSTEMPATH\Commands\Server\rewrite.php(47): require_once('FCPATH\\index.php')
CRITICAL - 2023-05-13 20:00:31 --> Undefined array key "tegangan_b"
in APPPATH\Controllers\Monitoring.php on line 41.
 1 APPPATH\Controllers\Monitoring.php(41): CodeIgniter\Debug\Exceptions->errorHandler(2, 'Undefined array key "tegangan_b"', 'APPPATH\\Controllers\\Monitoring.php', 41)
 2 SYSTEMPATH\CodeIgniter.php(934): App\Controllers\Monitoring->data_baterai()
 3 SYSTEMPATH\CodeIgniter.php(499): CodeIgniter\CodeIgniter->runController(Object(App\Controllers\Monitoring))
 4 SYSTEMPATH\CodeIgniter.php(368): CodeIgniter\CodeIgniter->handleRequest(null, Object(Config\Cache), false)
 5 FCPATH\index.php(67): CodeIgniter\CodeIgniter->run()
 6 SYSTEMPATH\Commands\Server\rewrite.php(47): require_once('FCPATH\\index.php')
CRITICAL - 2023-05-13 20:00:33 --> Undefined array key "tegangan_b"
in APPPATH\Controllers\Monitoring.php on line 41.
 1 APPPATH\Controllers\Monitoring.php(41): CodeIgniter\Debug\Exceptions->errorHandler(2, 'Undefined array key "tegangan_b"', 'APPPATH\\Controllers\\Monitoring.php', 41)
 2 SYSTEMPATH\CodeIgniter.php(934): App\Controllers\Monitoring->data_baterai()
 3 SYSTEMPATH\CodeIgniter.php(499): CodeIgniter\CodeIgniter->runController(Object(App\Controllers\Monitoring))
 4 SYSTEMPATH\CodeIgniter.php(368): CodeIgniter\CodeIgniter->handleRequest(null, Object(Config\Cache), false)
 5 FCPATH\index.php(67): CodeIgniter\CodeIgniter->run()
 6 SYSTEMPATH\Commands\Server\rewrite.php(47): require_once('FCPATH\\index.php')
CRITICAL - 2023-05-13 20:00:35 --> Undefined array key "tegangan_b"
in APPPATH\Controllers\Monitoring.php on line 41.
 1 APPPATH\Controllers\Monitoring.php(41): CodeIgniter\Debug\Exceptions->errorHandler(2, 'Undefined array key "tegangan_b"', 'APPPATH\\Controllers\\Monitoring.php', 41)
 2 SYSTEMPATH\CodeIgniter.php(934): App\Controllers\Monitoring->data_baterai()
 3 SYSTEMPATH\CodeIgniter.php(499): CodeIgniter\CodeIgniter->runController(Object(App\Controllers\Monitoring))
 4 SYSTEMPATH\CodeIgniter.php(368): CodeIgniter\CodeIgniter->handleRequest(null, Object(Config\Cache), false)
 5 FCPATH\index.php(67): CodeIgniter\CodeIgniter->run()
 6 SYSTEMPATH\Commands\Server\rewrite.php(47): require_once('FCPATH\\index.php')
CRITICAL - 2023-05-13 20:00:37 --> Undefined array key "tegangan_b"
in APPPATH\Controllers\Monitoring.php on line 41.
 1 APPPATH\Controllers\Monitoring.php(41): CodeIgniter\Debug\Exceptions->errorHandler(2, 'Undefined array key "tegangan_b"', 'APPPATH\\Controllers\\Monitoring.php', 41)
 2 SYSTEMPATH\CodeIgniter.php(934): App\Controllers\Monitoring->data_baterai()
 3 SYSTEMPATH\CodeIgniter.php(499): CodeIgniter\CodeIgniter->runController(Object(App\Controllers\Monitoring))
 4 SYSTEMPATH\CodeIgniter.php(368): CodeIgniter\CodeIgniter->handleRequest(null, Object(Config\Cache), false)
 5 FCPATH\index.php(67): CodeIgniter\CodeIgniter->run()
 6 SYSTEMPATH\Commands\Server\rewrite.php(47): require_once('FCPATH\\index.php')
CRITICAL - 2023-05-13 20:00:39 --> Undefined array key "tegangan_b"
in APPPATH\Controllers\Monitoring.php on line 41.
 1 APPPATH\Controllers\Monitoring.php(41): CodeIgniter\Debug\Exceptions->errorHandler(2, 'Undefined array key "tegangan_b"', 'APPPATH\\Controllers\\Monitoring.php', 41)
 2 SYSTEMPATH\CodeIgniter.php(934): App\Controllers\Monitoring->data_baterai()
 3 SYSTEMPATH\CodeIgniter.php(499): CodeIgniter\CodeIgniter->runController(Object(App\Controllers\Monitoring))
 4 SYSTEMPATH\CodeIgniter.php(368): CodeIgniter\CodeIgniter->handleRequest(null, Object(Config\Cache), false)
 5 FCPATH\index.php(67): CodeIgniter\CodeIgniter->run()
 6 SYSTEMPATH\Commands\Server\rewrite.php(47): require_once('FCPATH\\index.php')
CRITICAL - 2023-05-13 20:00:41 --> Undefined array key "tegangan_b"
in APPPATH\Controllers\Monitoring.php on line 41.
 1 APPPATH\Controllers\Monitoring.php(41): CodeIgniter\Debug\Exceptions->errorHandler(2, 'Undefined array key "tegangan_b"', 'APPPATH\\Controllers\\Monitoring.php', 41)
 2 SYSTEMPATH\CodeIgniter.php(934): App\Controllers\Monitoring->data_baterai()
 3 SYSTEMPATH\CodeIgniter.php(499): CodeIgniter\CodeIgniter->runController(Object(App\Controllers\Monitoring))
 4 SYSTEMPATH\CodeIgniter.php(368): CodeIgniter\CodeIgniter->handleRequest(null, Object(Config\Cache), false)
 5 FCPATH\index.php(67): CodeIgniter\CodeIgniter->run()
 6 SYSTEMPATH\Commands\Server\rewrite.php(47): require_once('FCPATH\\index.php')
CRITICAL - 2023-05-13 20:00:43 --> Undefined array key "tegangan_b"
in APPPATH\Controllers\Monitoring.php on line 41.
 1 APPPATH\Controllers\Monitoring.php(41): CodeIgniter\Debug\Exceptions->errorHandler(2, 'Undefined array key "tegangan_b"', 'APPPATH\\Controllers\\Monitoring.php', 41)
 2 SYSTEMPATH\CodeIgniter.php(934): App\Controllers\Monitoring->data_baterai()
 3 SYSTEMPATH\CodeIgniter.php(499): CodeIgniter\CodeIgniter->runController(Object(App\Controllers\Monitoring))
 4 SYSTEMPATH\CodeIgniter.php(368): CodeIgniter\CodeIgniter->handleRequest(null, Object(Config\Cache), false)
 5 FCPATH\index.php(67): CodeIgniter\CodeIgniter->run()
 6 SYSTEMPATH\Commands\Server\rewrite.php(47): require_once('FCPATH\\index.php')
CRITICAL - 2023-05-13 20:00:45 --> Undefined array key "tegangan_b"
in APPPATH\Controllers\Monitoring.php on line 41.
 1 APPPATH\Controllers\Monitoring.php(41): CodeIgniter\Debug\Exceptions->errorHandler(2, 'Undefined array key "tegangan_b"', 'APPPATH\\Controllers\\Monitoring.php', 41)
 2 SYSTEMPATH\CodeIgniter.php(934): App\Controllers\Monitoring->data_baterai()
 3 SYSTEMPATH\CodeIgniter.php(499): CodeIgniter\CodeIgniter->runController(Object(App\Controllers\Monitoring))
 4 SYSTEMPATH\CodeIgniter.php(368): CodeIgniter\CodeIgniter->handleRequest(null, Object(Config\Cache), false)
 5 FCPATH\index.php(67): CodeIgniter\CodeIgniter->run()
 6 SYSTEMPATH\Commands\Server\rewrite.php(47): require_once('FCPATH\\index.php')
CRITICAL - 2023-05-13 20:00:47 --> Undefined array key "tegangan_b"
in APPPATH\Controllers\Monitoring.php on line 41.
 1 APPPATH\Controllers\Monitoring.php(41): CodeIgniter\Debug\Exceptions->errorHandler(2, 'Undefined array key "tegangan_b"', 'APPPATH\\Controllers\\Monitoring.php', 41)
 2 SYSTEMPATH\CodeIgniter.php(934): App\Controllers\Monitoring->data_baterai()
 3 SYSTEMPATH\CodeIgniter.php(499): CodeIgniter\CodeIgniter->runController(Object(App\Controllers\Monitoring))
 4 SYSTEMPATH\CodeIgniter.php(368): CodeIgniter\CodeIgniter->handleRequest(null, Object(Config\Cache), false)
 5 FCPATH\index.php(67): CodeIgniter\CodeIgniter->run()
 6 SYSTEMPATH\Commands\Server\rewrite.php(47): require_once('FCPATH\\index.php')
CRITICAL - 2023-05-13 20:00:49 --> Undefined array key "tegangan_b"
in APPPATH\Controllers\Monitoring.php on line 41.
 1 APPPATH\Controllers\Monitoring.php(41): CodeIgniter\Debug\Exceptions->errorHandler(2, 'Undefined array key "tegangan_b"', 'APPPATH\\Controllers\\Monitoring.php', 41)
 2 SYSTEMPATH\CodeIgniter.php(934): App\Controllers\Monitoring->data_baterai()
 3 SYSTEMPATH\CodeIgniter.php(499): CodeIgniter\CodeIgniter->runController(Object(App\Controllers\Monitoring))
 4 SYSTEMPATH\CodeIgniter.php(368): CodeIgniter\CodeIgniter->handleRequest(null, Object(Config\Cache), false)
 5 FCPATH\index.php(67): CodeIgniter\CodeIgniter->run()
 6 SYSTEMPATH\Commands\Server\rewrite.php(47): require_once('FCPATH\\index.php')
CRITICAL - 2023-05-13 20:00:51 --> Undefined array key "tegangan_b"
in APPPATH\Controllers\Monitoring.php on line 41.
 1 APPPATH\Controllers\Monitoring.php(41): CodeIgniter\Debug\Exceptions->errorHandler(2, 'Undefined array key "tegangan_b"', 'APPPATH\\Controllers\\Monitoring.php', 41)
 2 SYSTEMPATH\CodeIgniter.php(934): App\Controllers\Monitoring->data_baterai()
 3 SYSTEMPATH\CodeIgniter.php(499): CodeIgniter\CodeIgniter->runController(Object(App\Controllers\Monitoring))
 4 SYSTEMPATH\CodeIgniter.php(368): CodeIgniter\CodeIgniter->handleRequest(null, Object(Config\Cache), false)
 5 FCPATH\index.php(67): CodeIgniter\CodeIgniter->run()
 6 SYSTEMPATH\Commands\Server\rewrite.php(47): require_once('FCPATH\\index.php')
CRITICAL - 2023-05-13 20:00:53 --> Undefined array key "tegangan_b"
in APPPATH\Controllers\Monitoring.php on line 41.
 1 APPPATH\Controllers\Monitoring.php(41): CodeIgniter\Debug\Exceptions->errorHandler(2, 'Undefined array key "tegangan_b"', 'APPPATH\\Controllers\\Monitoring.php', 41)
 2 SYSTEMPATH\CodeIgniter.php(934): App\Controllers\Monitoring->data_baterai()
 3 SYSTEMPATH\CodeIgniter.php(499): CodeIgniter\CodeIgniter->runController(Object(App\Controllers\Monitoring))
 4 SYSTEMPATH\CodeIgniter.php(368): CodeIgniter\CodeIgniter->handleRequest(null, Object(Config\Cache), false)
 5 FCPATH\index.php(67): CodeIgniter\CodeIgniter->run()
 6 SYSTEMPATH\Commands\Server\rewrite.php(47): require_once('FCPATH\\index.php')
CRITICAL - 2023-05-13 20:00:55 --> Undefined array key "tegangan_b"
in APPPATH\Controllers\Monitoring.php on line 41.
 1 APPPATH\Controllers\Monitoring.php(41): CodeIgniter\Debug\Exceptions->errorHandler(2, 'Undefined array key "tegangan_b"', 'APPPATH\\Controllers\\Monitoring.php', 41)
 2 SYSTEMPATH\CodeIgniter.php(934): App\Controllers\Monitoring->data_baterai()
 3 SYSTEMPATH\CodeIgniter.php(499): CodeIgniter\CodeIgniter->runController(Object(App\Controllers\Monitoring))
 4 SYSTEMPATH\CodeIgniter.php(368): CodeIgniter\CodeIgniter->handleRequest(null, Object(Config\Cache), false)
 5 FCPATH\index.php(67): CodeIgniter\CodeIgniter->run()
 6 SYSTEMPATH\Commands\Server\rewrite.php(47): require_once('FCPATH\\index.php')
CRITICAL - 2023-05-13 20:00:57 --> Undefined array key "tegangan_b"
in APPPATH\Controllers\Monitoring.php on line 41.
 1 APPPATH\Controllers\Monitoring.php(41): CodeIgniter\Debug\Exceptions->errorHandler(2, 'Undefined array key "tegangan_b"', 'APPPATH\\Controllers\\Monitoring.php', 41)
 2 SYSTEMPATH\CodeIgniter.php(934): App\Controllers\Monitoring->data_baterai()
 3 SYSTEMPATH\CodeIgniter.php(499): CodeIgniter\CodeIgniter->runController(Object(App\Controllers\Monitoring))
 4 SYSTEMPATH\CodeIgniter.php(368): CodeIgniter\CodeIgniter->handleRequest(null, Object(Config\Cache), false)
 5 FCPATH\index.php(67): CodeIgniter\CodeIgniter->run()
 6 SYSTEMPATH\Commands\Server\rewrite.php(47): require_once('FCPATH\\index.php')
CRITICAL - 2023-05-13 20:00:59 --> Undefined array key "tegangan_b"
in APPPATH\Controllers\Monitoring.php on line 41.
 1 APPPATH\Controllers\Monitoring.php(41): CodeIgniter\Debug\Exceptions->errorHandler(2, 'Undefined array key "tegangan_b"', 'APPPATH\\Controllers\\Monitoring.php', 41)
 2 SYSTEMPATH\CodeIgniter.php(934): App\Controllers\Monitoring->data_baterai()
 3 SYSTEMPATH\CodeIgniter.php(499): CodeIgniter\CodeIgniter->runController(Object(App\Controllers\Monitoring))
 4 SYSTEMPATH\CodeIgniter.php(368): CodeIgniter\CodeIgniter->handleRequest(null, Object(Config\Cache), false)
 5 FCPATH\index.php(67): CodeIgniter\CodeIgniter->run()
 6 SYSTEMPATH\Commands\Server\rewrite.php(47): require_once('FCPATH\\index.php')
CRITICAL - 2023-05-13 20:01:01 --> Undefined array key "tegangan_b"
in APPPATH\Controllers\Monitoring.php on line 41.
 1 APPPATH\Controllers\Monitoring.php(41): CodeIgniter\Debug\Exceptions->errorHandler(2, 'Undefined array key "tegangan_b"', 'APPPATH\\Controllers\\Monitoring.php', 41)
 2 SYSTEMPATH\CodeIgniter.php(934): App\Controllers\Monitoring->data_baterai()
 3 SYSTEMPATH\CodeIgniter.php(499): CodeIgniter\CodeIgniter->runController(Object(App\Controllers\Monitoring))
 4 SYSTEMPATH\CodeIgniter.php(368): CodeIgniter\CodeIgniter->handleRequest(null, Object(Config\Cache), false)
 5 FCPATH\index.php(67): CodeIgniter\CodeIgniter->run()
 6 SYSTEMPATH\Commands\Server\rewrite.php(47): require_once('FCPATH\\index.php')
CRITICAL - 2023-05-13 20:01:03 --> Undefined array key "tegangan_b"
in APPPATH\Controllers\Monitoring.php on line 41.
 1 APPPATH\Controllers\Monitoring.php(41): CodeIgniter\Debug\Exceptions->errorHandler(2, 'Undefined array key "tegangan_b"', 'APPPATH\\Controllers\\Monitoring.php', 41)
 2 SYSTEMPATH\CodeIgniter.php(934): App\Controllers\Monitoring->data_baterai()
 3 SYSTEMPATH\CodeIgniter.php(499): CodeIgniter\CodeIgniter->runController(Object(App\Controllers\Monitoring))
 4 SYSTEMPATH\CodeIgniter.php(368): CodeIgniter\CodeIgniter->handleRequest(null, Object(Config\Cache), false)
 5 FCPATH\index.php(67): CodeIgniter\CodeIgniter->run()
 6 SYSTEMPATH\Commands\Server\rewrite.php(47): require_once('FCPATH\\index.php')
CRITICAL - 2023-05-13 20:01:05 --> Undefined array key "tegangan_b"
in APPPATH\Controllers\Monitoring.php on line 41.
 1 APPPATH\Controllers\Monitoring.php(41): CodeIgniter\Debug\Exceptions->errorHandler(2, 'Undefined array key "tegangan_b"', 'APPPATH\\Controllers\\Monitoring.php', 41)
 2 SYSTEMPATH\CodeIgniter.php(934): App\Controllers\Monitoring->data_baterai()
 3 SYSTEMPATH\CodeIgniter.php(499): CodeIgniter\CodeIgniter->runController(Object(App\Controllers\Monitoring))
 4 SYSTEMPATH\CodeIgniter.php(368): CodeIgniter\CodeIgniter->handleRequest(null, Object(Config\Cache), false)
 5 FCPATH\index.php(67): CodeIgniter\CodeIgniter->run()
 6 SYSTEMPATH\Commands\Server\rewrite.php(47): require_once('FCPATH\\index.php')
CRITICAL - 2023-05-13 20:01:07 --> Undefined array key "tegangan_b"
in APPPATH\Controllers\Monitoring.php on line 41.
 1 APPPATH\Controllers\Monitoring.php(41): CodeIgniter\Debug\Exceptions->errorHandler(2, 'Undefined array key "tegangan_b"', 'APPPATH\\Controllers\\Monitoring.php', 41)
 2 SYSTEMPATH\CodeIgniter.php(934): App\Controllers\Monitoring->data_baterai()
 3 SYSTEMPATH\CodeIgniter.php(499): CodeIgniter\CodeIgniter->runController(Object(App\Controllers\Monitoring))
 4 SYSTEMPATH\CodeIgniter.php(368): CodeIgniter\CodeIgniter->handleRequest(null, Object(Config\Cache), false)
 5 FCPATH\index.php(67): CodeIgniter\CodeIgniter->run()
 6 SYSTEMPATH\Commands\Server\rewrite.php(47): require_once('FCPATH\\index.php')
CRITICAL - 2023-05-13 20:01:51 --> Undefined array key "tegangan_b"
in APPPATH\Controllers\Monitoring.php on line 41.
 1 APPPATH\Controllers\Monitoring.php(41): CodeIgniter\Debug\Exceptions->errorHandler(2, 'Undefined array key "tegangan_b"', 'APPPATH\\Controllers\\Monitoring.php', 41)
 2 SYSTEMPATH\CodeIgniter.php(934): App\Controllers\Monitoring->data_baterai()
 3 SYSTEMPATH\CodeIgniter.php(499): CodeIgniter\CodeIgniter->runController(Object(App\Controllers\Monitoring))
 4 SYSTEMPATH\CodeIgniter.php(368): CodeIgniter\CodeIgniter->handleRequest(null, Object(Config\Cache), false)
 5 FCPATH\index.php(67): CodeIgniter\CodeIgniter->run()
 6 SYSTEMPATH\Commands\Server\rewrite.php(47): require_once('FCPATH\\index.php')
