ERROR - 2023-05-17 18:09:19 --> Error connecting to the database: mysqli_sql_exception: No connection could be made because the target machine actively refused it in C:\xampp\htdocs\monitoring\vendor\codeigniter4\framework\system\Database\MySQLi\Connection.php:173
Stack trace:
#0 C:\xampp\htdocs\monitoring\vendor\codeigniter4\framework\system\Database\MySQLi\Connection.php(173): mysqli->real_connect('localhost', 'root', Object(SensitiveParameterValue), 'monitoring', 3306, '', 0)
#1 C:\xampp\htdocs\monitoring\vendor\codeigniter4\framework\system\Database\BaseConnection.php(391): CodeIgniter\Database\MySQLi\Connection->connect(false)
#2 C:\xampp\htdocs\monitoring\vendor\codeigniter4\framework\system\Database\BaseConnection.php(573): CodeIgniter\Database\BaseConnection->initialize()
#3 C:\xampp\htdocs\monitoring\vendor\codeigniter4\framework\system\Database\BaseBuilder.php(1700): CodeIgniter\Database\BaseConnection->query('SELECT COUNT(*)...', Array, false)
#4 C:\xampp\htdocs\monitoring\app\Views\dashboard\dashboard.php(38): CodeIgniter\Database\BaseBuilder->countAllResults()
#5 C:\xampp\htdocs\monitoring\app\Views\dashboard\dashboard.php(41): countData('users')
#6 C:\xampp\htdocs\monitoring\vendor\codeigniter4\framework\system\View\View.php(213): include('C:\\xampp\\htdocs...')
#7 C:\xampp\htdocs\monitoring\vendor\codeigniter4\framework\system\View\View.php(216): CodeIgniter\View\View->CodeIgniter\View\{closure}()
#8 C:\xampp\htdocs\monitoring\vendor\codeigniter4\framework\system\Common.php(1184): CodeIgniter\View\View->render('dashboard/dashb...', Array, true)
#9 C:\xampp\htdocs\monitoring\app\Controllers\Dashboard.php(21): view('dashboard/dashb...', Array)
#10 C:\xampp\htdocs\monitoring\vendor\codeigniter4\framework\system\CodeIgniter.php(934): App\Controllers\Dashboard->index()
#11 C:\xampp\htdocs\monitoring\vendor\codeigniter4\framework\system\CodeIgniter.php(499): CodeIgniter\CodeIgniter->runController(Object(App\Controllers\Dashboard))
#12 C:\xampp\htdocs\monitoring\vendor\codeigniter4\framework\system\CodeIgniter.php(368): CodeIgniter\CodeIgniter->handleRequest(NULL, Object(Config\Cache), false)
#13 C:\xampp\htdocs\monitoring\public\index.php(67): CodeIgniter\CodeIgniter->run()
#14 C:\xampp\htdocs\monitoring\vendor\codeigniter4\framework\system\Commands\Server\rewrite.php(47): require_once('C:\\xampp\\htdocs...')
#15 {main}

Next CodeIgniter\Database\Exceptions\DatabaseException: No connection could be made because the target machine actively refused it in C:\xampp\htdocs\monitoring\vendor\codeigniter4\framework\system\Database\MySQLi\Connection.php:218
Stack trace:
#0 C:\xampp\htdocs\monitoring\vendor\codeigniter4\framework\system\Database\BaseConnection.php(391): CodeIgniter\Database\MySQLi\Connection->connect(false)
#1 C:\xampp\htdocs\monitoring\vendor\codeigniter4\framework\system\Database\BaseConnection.php(573): CodeIgniter\Database\BaseConnection->initialize()
#2 C:\xampp\htdocs\monitoring\vendor\codeigniter4\framework\system\Database\BaseBuilder.php(1700): CodeIgniter\Database\BaseConnection->query('SELECT COUNT(*)...', Array, false)
#3 C:\xampp\htdocs\monitoring\app\Views\dashboard\dashboard.php(38): CodeIgniter\Database\BaseBuilder->countAllResults()
#4 C:\xampp\htdocs\monitoring\app\Views\dashboard\dashboard.php(41): countData('users')
#5 C:\xampp\htdocs\monitoring\vendor\codeigniter4\framework\system\View\View.php(213): include('C:\\xampp\\htdocs...')
#6 C:\xampp\htdocs\monitoring\vendor\codeigniter4\framework\system\View\View.php(216): CodeIgniter\View\View->CodeIgniter\View\{closure}()
#7 C:\xampp\htdocs\monitoring\vendor\codeigniter4\framework\system\Common.php(1184): CodeIgniter\View\View->render('dashboard/dashb...', Array, true)
#8 C:\xampp\htdocs\monitoring\app\Controllers\Dashboard.php(21): view('dashboard/dashb...', Array)
#9 C:\xampp\htdocs\monitoring\vendor\codeigniter4\framework\system\CodeIgniter.php(934): App\Controllers\Dashboard->index()
#10 C:\xampp\htdocs\monitoring\vendor\codeigniter4\framework\system\CodeIgniter.php(499): CodeIgniter\CodeIgniter->runController(Object(App\Controllers\Dashboard))
#11 C:\xampp\htdocs\monitoring\vendor\codeigniter4\framework\system\CodeIgniter.php(368): CodeIgniter\CodeIgniter->handleRequest(NULL, Object(Config\Cache), false)
#12 C:\xampp\htdocs\monitoring\public\index.php(67): CodeIgniter\CodeIgniter->run()
#13 C:\xampp\htdocs\monitoring\vendor\codeigniter4\framework\system\Commands\Server\rewrite.php(47): require_once('C:\\xampp\\htdocs...')
#14 {main}
CRITICAL - 2023-05-17 18:09:19 --> Unable to connect to the database.
Main connection [MySQLi]: No connection could be made because the target machine actively refused it
in SYSTEMPATH\Database\BaseConnection.php on line 427.
 1 SYSTEMPATH\Database\BaseConnection.php(573): CodeIgniter\Database\BaseConnection->initialize()
 2 SYSTEMPATH\Database\BaseBuilder.php(1700): CodeIgniter\Database\BaseConnection->query('SELECT COUNT(*) AS `numrows`
FROM `users`', [], false)
 3 APPPATH\Views\dashboard\dashboard.php(38): CodeIgniter\Database\BaseBuilder->countAllResults()
 4 APPPATH\Views\dashboard\dashboard.php(41): countData('users')
 5 SYSTEMPATH\View\View.php(213): include('APPPATH\\Views\\dashboard\\dashboard.php')
 6 SYSTEMPATH\View\View.php(216): CodeIgniter\View\View->CodeIgniter\View\{closure}()
 7 SYSTEMPATH\Common.php(1184): CodeIgniter\View\View->render('dashboard/dashboard', [], true)
 8 APPPATH\Controllers\Dashboard.php(21): view('dashboard/dashboard', [...])
 9 SYSTEMPATH\CodeIgniter.php(934): App\Controllers\Dashboard->index()
10 SYSTEMPATH\CodeIgniter.php(499): CodeIgniter\CodeIgniter->runController(Object(App\Controllers\Dashboard))
11 SYSTEMPATH\CodeIgniter.php(368): CodeIgniter\CodeIgniter->handleRequest(null, Object(Config\Cache), false)
12 FCPATH\index.php(67): CodeIgniter\CodeIgniter->run()
13 SYSTEMPATH\Commands\Server\rewrite.php(47): require_once('FCPATH\\index.php')
