CRITICAL - 2023-03-02 00:45:23 --> Invalid file: layout/app.php
in SYSTEMPATH\Exceptions\FrameworkException.php on line 33.
 1 SYSTEMPATH\View\View.php(201): CodeIgniter\Exceptions\FrameworkException::forInvalidFile('layout/app.php')
 2 SYSTEMPATH\Common.php(1135): CodeIgniter\View\View->render('layout/app', [], true)
 3 APPPATH\Controllers\Dashboard.php(9): view('layout/app')
 4 SYSTEMPATH\CodeIgniter.php(925): App\Controllers\Dashboard->index()
 5 SYSTEMPATH\CodeIgniter.php(480): CodeIgniter\CodeIgniter->runController(Object(App\Controllers\Dashboard))
 6 SYSTEMPATH\CodeIgniter.php(349): CodeIgniter\CodeIgniter->handleRequest(null, Object(Config\Cache), false)
 7 FCPATH\index.php(67): CodeIgniter\CodeIgniter->run()
 8 SYSTEMPATH\Commands\Server\rewrite.php(47): require_once('FCPATH\\index.php')
CRITICAL - 2023-03-02 01:06:46 --> Undefined array key "sampul"
in APPPATH\Views\datapemain\detail.php on line 10.
 1 APPPATH\Views\datapemain\detail.php(10): CodeIgniter\Debug\Exceptions->errorHandler(2, 'Undefined array key "sampul"', 'APPPATH\\Views\\datapemain\\detail.php', 10)
 2 SYSTEMPATH\View\View.php(213): include('APPPATH\\Views\\datapemain\\detail.php')
 3 SYSTEMPATH\View\View.php(216): CodeIgniter\View\View->CodeIgniter\View\{closure}()
 4 SYSTEMPATH\Common.php(1135): CodeIgniter\View\View->render('datapemain/detail', [], true)
 5 APPPATH\Controllers\Pemain1.php(23): view('datapemain/detail', [...])
 6 SYSTEMPATH\CodeIgniter.php(925): App\Controllers\Pemain1->index()
 7 SYSTEMPATH\CodeIgniter.php(480): CodeIgniter\CodeIgniter->runController(Object(App\Controllers\Pemain1))
 8 SYSTEMPATH\CodeIgniter.php(349): CodeIgniter\CodeIgniter->handleRequest(null, Object(Config\Cache), false)
 9 FCPATH\index.php(67): CodeIgniter\CodeIgniter->run()
10 SYSTEMPATH\Commands\Server\rewrite.php(47): require_once('FCPATH\\index.php')
CRITICAL - 2023-03-02 01:07:26 --> Undefined array key "id"
in APPPATH\Views\datapemain\edit.php on line 8.
 1 APPPATH\Views\datapemain\edit.php(8): CodeIgniter\Debug\Exceptions->errorHandler(2, 'Undefined array key "id"', 'APPPATH\\Views\\datapemain\\edit.php', 8)
 2 SYSTEMPATH\View\View.php(213): include('APPPATH\\Views\\datapemain\\edit.php')
 3 SYSTEMPATH\View\View.php(216): CodeIgniter\View\View->CodeIgniter\View\{closure}()
 4 SYSTEMPATH\Common.php(1135): CodeIgniter\View\View->render('datapemain/edit', [], true)
 5 APPPATH\Controllers\Pemain1.php(23): view('datapemain/edit', [...])
 6 SYSTEMPATH\CodeIgniter.php(925): App\Controllers\Pemain1->index()
 7 SYSTEMPATH\CodeIgniter.php(480): CodeIgniter\CodeIgniter->runController(Object(App\Controllers\Pemain1))
 8 SYSTEMPATH\CodeIgniter.php(349): CodeIgniter\CodeIgniter->handleRequest(null, Object(Config\Cache), false)
 9 FCPATH\index.php(67): CodeIgniter\CodeIgniter->run()
10 SYSTEMPATH\Commands\Server\rewrite.php(47): require_once('FCPATH\\index.php')
CRITICAL - 2023-03-02 01:07:47 --> Undefined array key "id"
in APPPATH\Views\datapemain\edit.php on line 8.
 1 APPPATH\Views\datapemain\edit.php(8): CodeIgniter\Debug\Exceptions->errorHandler(2, 'Undefined array key "id"', 'APPPATH\\Views\\datapemain\\edit.php', 8)
 2 SYSTEMPATH\View\View.php(213): include('APPPATH\\Views\\datapemain\\edit.php')
 3 SYSTEMPATH\View\View.php(216): CodeIgniter\View\View->CodeIgniter\View\{closure}()
 4 SYSTEMPATH\Common.php(1135): CodeIgniter\View\View->render('datapemain/edit', [], true)
 5 APPPATH\Controllers\Pemain1.php(23): view('datapemain/edit', [...])
 6 SYSTEMPATH\CodeIgniter.php(925): App\Controllers\Pemain1->index()
 7 SYSTEMPATH\CodeIgniter.php(480): CodeIgniter\CodeIgniter->runController(Object(App\Controllers\Pemain1))
 8 SYSTEMPATH\CodeIgniter.php(349): CodeIgniter\CodeIgniter->handleRequest(null, Object(Config\Cache), false)
 9 FCPATH\index.php(67): CodeIgniter\CodeIgniter->run()
10 SYSTEMPATH\Commands\Server\rewrite.php(47): require_once('FCPATH\\index.php')
CRITICAL - 2023-03-02 01:08:08 --> Undefined variable $pemain1
in APPPATH\Views\datapemain\edit.php on line 8.
 1 APPPATH\Views\datapemain\edit.php(8): CodeIgniter\Debug\Exceptions->errorHandler(2, 'Undefined variable $pemain1', 'APPPATH\\Views\\datapemain\\edit.php', 8)
 2 SYSTEMPATH\View\View.php(213): include('APPPATH\\Views\\datapemain\\edit.php')
 3 SYSTEMPATH\View\View.php(216): CodeIgniter\View\View->CodeIgniter\View\{closure}()
 4 SYSTEMPATH\Common.php(1135): CodeIgniter\View\View->render('datapemain/edit', [], true)
 5 APPPATH\Controllers\Pemain1.php(23): view('datapemain/edit', [...])
 6 SYSTEMPATH\CodeIgniter.php(925): App\Controllers\Pemain1->index()
 7 SYSTEMPATH\CodeIgniter.php(480): CodeIgniter\CodeIgniter->runController(Object(App\Controllers\Pemain1))
 8 SYSTEMPATH\CodeIgniter.php(349): CodeIgniter\CodeIgniter->handleRequest(null, Object(Config\Cache), false)
 9 FCPATH\index.php(67): CodeIgniter\CodeIgniter->run()
10 SYSTEMPATH\Commands\Server\rewrite.php(47): require_once('FCPATH\\index.php')
CRITICAL - 2023-03-02 03:49:33 --> Invalid file: tampilan/rumah.php
in SYSTEMPATH\Exceptions\FrameworkException.php on line 33.
 1 SYSTEMPATH\View\View.php(201): CodeIgniter\Exceptions\FrameworkException::forInvalidFile('tampilan/rumah.php')
 2 SYSTEMPATH\Common.php(1135): CodeIgniter\View\View->render('tampilan/rumah', [], true)
 3 APPPATH\Controllers\Pages.php(16): view('tampilan/rumah', [...])
 4 SYSTEMPATH\CodeIgniter.php(925): App\Controllers\Pages->index()
 5 SYSTEMPATH\CodeIgniter.php(480): CodeIgniter\CodeIgniter->runController(Object(App\Controllers\Pages))
 6 SYSTEMPATH\CodeIgniter.php(349): CodeIgniter\CodeIgniter->handleRequest(null, Object(Config\Cache), false)
 7 FCPATH\index.php(67): CodeIgniter\CodeIgniter->run()
 8 SYSTEMPATH\Commands\Server\rewrite.php(47): require_once('FCPATH\\index.php')
CRITICAL - 2023-03-02 03:49:36 --> Invalid file: tampilan/rumah.php
in SYSTEMPATH\Exceptions\FrameworkException.php on line 33.
 1 SYSTEMPATH\View\View.php(201): CodeIgniter\Exceptions\FrameworkException::forInvalidFile('tampilan/rumah.php')
 2 SYSTEMPATH\Common.php(1135): CodeIgniter\View\View->render('tampilan/rumah', [], true)
 3 APPPATH\Controllers\Pages.php(16): view('tampilan/rumah', [...])
 4 SYSTEMPATH\CodeIgniter.php(925): App\Controllers\Pages->index()
 5 SYSTEMPATH\CodeIgniter.php(480): CodeIgniter\CodeIgniter->runController(Object(App\Controllers\Pages))
 6 SYSTEMPATH\CodeIgniter.php(349): CodeIgniter\CodeIgniter->handleRequest(null, Object(Config\Cache), false)
 7 FCPATH\index.php(67): CodeIgniter\CodeIgniter->run()
 8 SYSTEMPATH\Commands\Server\rewrite.php(47): require_once('FCPATH\\index.php')
CRITICAL - 2023-03-02 03:50:42 --> Call to undefined method CodeIgniter\View\View::extends()
in APPPATH\Views\pages\rumah.php on line 1.
 1 SYSTEMPATH\View\View.php(213): include()
 2 SYSTEMPATH\View\View.php(216): CodeIgniter\View\View->CodeIgniter\View\{closure}()
 3 SYSTEMPATH\Common.php(1135): CodeIgniter\View\View->render('pages/rumah', [], true)
 4 APPPATH\Controllers\Pages.php(16): view('pages/rumah', [...])
 5 SYSTEMPATH\CodeIgniter.php(925): App\Controllers\Pages->index()
 6 SYSTEMPATH\CodeIgniter.php(480): CodeIgniter\CodeIgniter->runController(Object(App\Controllers\Pages))
 7 SYSTEMPATH\CodeIgniter.php(349): CodeIgniter\CodeIgniter->handleRequest(null, Object(Config\Cache), false)
 8 FCPATH\index.php(67): CodeIgniter\CodeIgniter->run()
 9 SYSTEMPATH\Commands\Server\rewrite.php(47): require_once('FCPATH\\index.php')
CRITICAL - 2023-03-02 04:13:17 --> Undefined variable $alamat
in APPPATH\Views\pages\contact.php on line 9.
 1 APPPATH\Views\pages\contact.php(9): CodeIgniter\Debug\Exceptions->errorHandler(2, 'Undefined variable $alamat', 'APPPATH\\Views\\pages\\contact.php', 9)
 2 SYSTEMPATH\View\View.php(213): include('APPPATH\\Views\\pages\\contact.php')
 3 SYSTEMPATH\View\View.php(216): CodeIgniter\View\View->CodeIgniter\View\{closure}()
 4 SYSTEMPATH\Common.php(1135): CodeIgniter\View\View->render('pages/contact', [], true)
 5 APPPATH\Controllers\Pages.php(42): view('pages/contact', [...])
 6 SYSTEMPATH\CodeIgniter.php(925): App\Controllers\Pages->kontak()
 7 SYSTEMPATH\CodeIgniter.php(480): CodeIgniter\CodeIgniter->runController(Object(App\Controllers\Pages))
 8 SYSTEMPATH\CodeIgniter.php(349): CodeIgniter\CodeIgniter->handleRequest(null, Object(Config\Cache), false)
 9 FCPATH\index.php(67): CodeIgniter\CodeIgniter->run()
10 SYSTEMPATH\Commands\Server\rewrite.php(47): require_once('FCPATH\\index.php')
CRITICAL - 2023-03-02 04:25:12 --> Undefined variable $a
in APPPATH\Views\pages\Kontak.php on line 47.
 1 APPPATH\Views\pages\Kontak.php(47): CodeIgniter\Debug\Exceptions->errorHandler(2, 'Undefined variable $a', 'APPPATH\\Views\\pages\\Kontak.php', 47)
 2 SYSTEMPATH\View\View.php(213): include('APPPATH\\Views\\pages\\Kontak.php')
 3 SYSTEMPATH\View\View.php(216): CodeIgniter\View\View->CodeIgniter\View\{closure}()
 4 SYSTEMPATH\Common.php(1135): CodeIgniter\View\View->render('pages/kontak', [], true)
 5 APPPATH\Controllers\Pages.php(68): view('pages/kontak', [...])
 6 SYSTEMPATH\CodeIgniter.php(925): App\Controllers\Pages->kontak()
 7 SYSTEMPATH\CodeIgniter.php(480): CodeIgniter\CodeIgniter->runController(Object(App\Controllers\Pages))
 8 SYSTEMPATH\CodeIgniter.php(349): CodeIgniter\CodeIgniter->handleRequest(null, Object(Config\Cache), false)
 9 FCPATH\index.php(67): CodeIgniter\CodeIgniter->run()
10 SYSTEMPATH\Commands\Server\rewrite.php(47): require_once('FCPATH\\index.php')
CRITICAL - 2023-03-02 04:37:03 --> Invalid file: layout/header.php
in SYSTEMPATH\Exceptions\FrameworkException.php on line 33.
 1 SYSTEMPATH\View\View.php(201): CodeIgniter\Exceptions\FrameworkException::forInvalidFile('layout/header.php')
 2 SYSTEMPATH\View\View.php(431): CodeIgniter\View\View->render('layout/header', null, true)
 3 APPPATH\Views\datapemain\formpemain.php(1): CodeIgniter\View\View->include('layout/header')
 4 SYSTEMPATH\View\View.php(213): include('APPPATH\\Views\\datapemain\\formpemain.php')
 5 SYSTEMPATH\View\View.php(216): CodeIgniter\View\View->CodeIgniter\View\{closure}()
 6 SYSTEMPATH\Common.php(1135): CodeIgniter\View\View->render('datapemain/formpemain', [], true)
 7 APPPATH\Controllers\Pemain1.php(23): view('datapemain/formpemain', [...])
 8 SYSTEMPATH\CodeIgniter.php(925): App\Controllers\Pemain1->index()
 9 SYSTEMPATH\CodeIgniter.php(480): CodeIgniter\CodeIgniter->runController(Object(App\Controllers\Pemain1))
10 SYSTEMPATH\CodeIgniter.php(349): CodeIgniter\CodeIgniter->handleRequest(null, Object(Config\Cache), false)
11 FCPATH\index.php(67): CodeIgniter\CodeIgniter->run()
12 SYSTEMPATH\Commands\Server\rewrite.php(47): require_once('FCPATH\\index.php')
CRITICAL - 2023-03-02 04:37:45 --> Invalid file: layout/header.php
in SYSTEMPATH\Exceptions\FrameworkException.php on line 33.
 1 SYSTEMPATH\View\View.php(201): CodeIgniter\Exceptions\FrameworkException::forInvalidFile('layout/header.php')
 2 SYSTEMPATH\View\View.php(431): CodeIgniter\View\View->render('layout/header', null, true)
 3 APPPATH\Views\datapemain\formpemain.php(1): CodeIgniter\View\View->include('layout/header')
 4 SYSTEMPATH\View\View.php(213): include('APPPATH\\Views\\datapemain\\formpemain.php')
 5 SYSTEMPATH\View\View.php(216): CodeIgniter\View\View->CodeIgniter\View\{closure}()
 6 SYSTEMPATH\Common.php(1135): CodeIgniter\View\View->render('datapemain/formpemain', [], true)
 7 APPPATH\Controllers\Pemain1.php(23): view('datapemain/formpemain', [...])
 8 SYSTEMPATH\CodeIgniter.php(925): App\Controllers\Pemain1->index()
 9 SYSTEMPATH\CodeIgniter.php(480): CodeIgniter\CodeIgniter->runController(Object(App\Controllers\Pemain1))
10 SYSTEMPATH\CodeIgniter.php(349): CodeIgniter\CodeIgniter->handleRequest(null, Object(Config\Cache), false)
11 FCPATH\index.php(67): CodeIgniter\CodeIgniter->run()
12 SYSTEMPATH\Commands\Server\rewrite.php(47): require_once('FCPATH\\index.php')
