CRITICAL - 2023-01-07 09:46:41 --> Trying to access array offset on value of type null
in APPPATH\Views\komik\detail.php on line 12.
 1 APPPATH\Views\komik\detail.php(12): CodeIgniter\Debug\Exceptions->errorHandler(2, 'Trying to access array offset on value of type null', 'APPPATH\\Views\\komik\\detail.php', 12)
 2 SYSTEMPATH\View\View.php(213): include('APPPATH\\Views\\komik\\detail.php')
 3 SYSTEMPATH\View\View.php(216): CodeIgniter\View\View->CodeIgniter\View\{closure}()
 4 SYSTEMPATH\Common.php(1135): CodeIgniter\View\View->render('komik/detail', [], true)
 5 APPPATH\Controllers\Komik.php(51): view('komik/detail', [...])
 6 SYSTEMPATH\CodeIgniter.php(925): App\Controllers\Komik->detail('create')
 7 SYSTEMPATH\CodeIgniter.php(480): CodeIgniter\CodeIgniter->runController(Object(App\Controllers\Komik))
 8 SYSTEMPATH\CodeIgniter.php(349): CodeIgniter\CodeIgniter->handleRequest(null, Object(Config\Cache), false)
 9 FCPATH\index.php(67): CodeIgniter\CodeIgniter->run()
10 SYSTEMPATH\Commands\Server\rewrite.php(47): require_once('FCPATH\\index.php')
CRITICAL - 2023-01-07 09:48:03 --> Trying to access array offset on value of type null
in APPPATH\Views\komik\detail.php on line 12.
 1 APPPATH\Views\komik\detail.php(12): CodeIgniter\Debug\Exceptions->errorHandler(2, 'Trying to access array offset on value of type null', 'APPPATH\\Views\\komik\\detail.php', 12)
 2 SYSTEMPATH\View\View.php(213): include('APPPATH\\Views\\komik\\detail.php')
 3 SYSTEMPATH\View\View.php(216): CodeIgniter\View\View->CodeIgniter\View\{closure}()
 4 SYSTEMPATH\Common.php(1135): CodeIgniter\View\View->render('komik/detail', [], true)
 5 APPPATH\Controllers\Komik.php(51): view('komik/detail', [...])
 6 SYSTEMPATH\CodeIgniter.php(925): App\Controllers\Komik->detail('create')
 7 SYSTEMPATH\CodeIgniter.php(480): CodeIgniter\CodeIgniter->runController(Object(App\Controllers\Komik))
 8 SYSTEMPATH\CodeIgniter.php(349): CodeIgniter\CodeIgniter->handleRequest(null, Object(Config\Cache), false)
 9 FCPATH\index.php(67): CodeIgniter\CodeIgniter->run()
10 SYSTEMPATH\Commands\Server\rewrite.php(47): require_once('FCPATH\\index.php')
CRITICAL - 2023-01-07 09:48:27 --> Trying to access array offset on value of type null
in APPPATH\Views\komik\detail.php on line 12.
 1 APPPATH\Views\komik\detail.php(12): CodeIgniter\Debug\Exceptions->errorHandler(2, 'Trying to access array offset on value of type null', 'APPPATH\\Views\\komik\\detail.php', 12)
 2 SYSTEMPATH\View\View.php(213): include('APPPATH\\Views\\komik\\detail.php')
 3 SYSTEMPATH\View\View.php(216): CodeIgniter\View\View->CodeIgniter\View\{closure}()
 4 SYSTEMPATH\Common.php(1135): CodeIgniter\View\View->render('komik/detail', [], true)
 5 APPPATH\Controllers\Komik.php(51): view('komik/detail', [...])
 6 SYSTEMPATH\CodeIgniter.php(925): App\Controllers\Komik->detail('create')
 7 SYSTEMPATH\CodeIgniter.php(480): CodeIgniter\CodeIgniter->runController(Object(App\Controllers\Komik))
 8 SYSTEMPATH\CodeIgniter.php(349): CodeIgniter\CodeIgniter->handleRequest(null, Object(Config\Cache), false)
 9 FCPATH\index.php(67): CodeIgniter\CodeIgniter->run()
10 SYSTEMPATH\Commands\Server\rewrite.php(47): require_once('FCPATH\\index.php')
CRITICAL - 2023-01-07 09:49:51 --> Trying to access array offset on value of type null
in APPPATH\Views\komik\detail.php on line 12.
 1 APPPATH\Views\komik\detail.php(12): CodeIgniter\Debug\Exceptions->errorHandler(2, 'Trying to access array offset on value of type null', 'APPPATH\\Views\\komik\\detail.php', 12)
 2 SYSTEMPATH\View\View.php(213): include('APPPATH\\Views\\komik\\detail.php')
 3 SYSTEMPATH\View\View.php(216): CodeIgniter\View\View->CodeIgniter\View\{closure}()
 4 SYSTEMPATH\Common.php(1135): CodeIgniter\View\View->render('komik/detail', [], true)
 5 APPPATH\Controllers\Komik.php(51): view('komik/detail', [...])
 6 SYSTEMPATH\CodeIgniter.php(925): App\Controllers\Komik->detail('create')
 7 SYSTEMPATH\CodeIgniter.php(480): CodeIgniter\CodeIgniter->runController(Object(App\Controllers\Komik))
 8 SYSTEMPATH\CodeIgniter.php(349): CodeIgniter\CodeIgniter->handleRequest(null, Object(Config\Cache), false)
 9 FCPATH\index.php(67): CodeIgniter\CodeIgniter->run()
10 SYSTEMPATH\Commands\Server\rewrite.php(47): require_once('FCPATH\\index.php')
CRITICAL - 2023-01-07 09:50:13 --> Trying to access array offset on value of type null
in APPPATH\Views\komik\detail.php on line 12.
 1 APPPATH\Views\komik\detail.php(12): CodeIgniter\Debug\Exceptions->errorHandler(2, 'Trying to access array offset on value of type null', 'APPPATH\\Views\\komik\\detail.php', 12)
 2 SYSTEMPATH\View\View.php(213): include('APPPATH\\Views\\komik\\detail.php')
 3 SYSTEMPATH\View\View.php(216): CodeIgniter\View\View->CodeIgniter\View\{closure}()
 4 SYSTEMPATH\Common.php(1135): CodeIgniter\View\View->render('komik/detail', [], true)
 5 APPPATH\Controllers\Komik.php(51): view('komik/detail', [...])
 6 SYSTEMPATH\CodeIgniter.php(925): App\Controllers\Komik->detail('create')
 7 SYSTEMPATH\CodeIgniter.php(480): CodeIgniter\CodeIgniter->runController(Object(App\Controllers\Komik))
 8 SYSTEMPATH\CodeIgniter.php(349): CodeIgniter\CodeIgniter->handleRequest(null, Object(Config\Cache), false)
 9 FCPATH\index.php(67): CodeIgniter\CodeIgniter->run()
10 SYSTEMPATH\Commands\Server\rewrite.php(47): require_once('FCPATH\\index.php')
CRITICAL - 2023-01-07 09:50:25 --> Trying to access array offset on value of type null
in APPPATH\Views\komik\detail.php on line 12.
 1 APPPATH\Views\komik\detail.php(12): CodeIgniter\Debug\Exceptions->errorHandler(2, 'Trying to access array offset on value of type null', 'APPPATH\\Views\\komik\\detail.php', 12)
 2 SYSTEMPATH\View\View.php(213): include('APPPATH\\Views\\komik\\detail.php')
 3 SYSTEMPATH\View\View.php(216): CodeIgniter\View\View->CodeIgniter\View\{closure}()
 4 SYSTEMPATH\Common.php(1135): CodeIgniter\View\View->render('komik/detail', [], true)
 5 APPPATH\Controllers\Komik.php(51): view('komik/detail', [...])
 6 SYSTEMPATH\CodeIgniter.php(925): App\Controllers\Komik->detail('create')
 7 SYSTEMPATH\CodeIgniter.php(480): CodeIgniter\CodeIgniter->runController(Object(App\Controllers\Komik))
 8 SYSTEMPATH\CodeIgniter.php(349): CodeIgniter\CodeIgniter->handleRequest(null, Object(Config\Cache), false)
 9 FCPATH\index.php(67): CodeIgniter\CodeIgniter->run()
10 SYSTEMPATH\Commands\Server\rewrite.php(47): require_once('FCPATH\\index.php')
CRITICAL - 2023-01-07 09:52:25 --> Trying to access array offset on value of type null
in APPPATH\Views\komik\detail.php on line 12.
 1 APPPATH\Views\komik\detail.php(12): CodeIgniter\Debug\Exceptions->errorHandler(2, 'Trying to access array offset on value of type null', 'APPPATH\\Views\\komik\\detail.php', 12)
 2 SYSTEMPATH\View\View.php(213): include('APPPATH\\Views\\komik\\detail.php')
 3 SYSTEMPATH\View\View.php(216): CodeIgniter\View\View->CodeIgniter\View\{closure}()
 4 SYSTEMPATH\Common.php(1135): CodeIgniter\View\View->render('komik/detail', [], true)
 5 APPPATH\Controllers\Komik.php(51): view('komik/detail', [...])
 6 SYSTEMPATH\CodeIgniter.php(925): App\Controllers\Komik->detail('create')
 7 SYSTEMPATH\CodeIgniter.php(480): CodeIgniter\CodeIgniter->runController(Object(App\Controllers\Komik))
 8 SYSTEMPATH\CodeIgniter.php(349): CodeIgniter\CodeIgniter->handleRequest(null, Object(Config\Cache), false)
 9 FCPATH\index.php(67): CodeIgniter\CodeIgniter->run()
10 SYSTEMPATH\Commands\Server\rewrite.php(47): require_once('FCPATH\\index.php')
CRITICAL - 2023-01-07 09:52:30 --> Trying to access array offset on value of type null
in APPPATH\Views\komik\detail.php on line 12.
 1 APPPATH\Views\komik\detail.php(12): CodeIgniter\Debug\Exceptions->errorHandler(2, 'Trying to access array offset on value of type null', 'APPPATH\\Views\\komik\\detail.php', 12)
 2 SYSTEMPATH\View\View.php(213): include('APPPATH\\Views\\komik\\detail.php')
 3 SYSTEMPATH\View\View.php(216): CodeIgniter\View\View->CodeIgniter\View\{closure}()
 4 SYSTEMPATH\Common.php(1135): CodeIgniter\View\View->render('komik/detail', [], true)
 5 APPPATH\Controllers\Komik.php(51): view('komik/detail', [...])
 6 SYSTEMPATH\CodeIgniter.php(925): App\Controllers\Komik->detail('create')
 7 SYSTEMPATH\CodeIgniter.php(480): CodeIgniter\CodeIgniter->runController(Object(App\Controllers\Komik))
 8 SYSTEMPATH\CodeIgniter.php(349): CodeIgniter\CodeIgniter->handleRequest(null, Object(Config\Cache), false)
 9 FCPATH\index.php(67): CodeIgniter\CodeIgniter->run()
10 SYSTEMPATH\Commands\Server\rewrite.php(47): require_once('FCPATH\\index.php')
CRITICAL - 2023-01-07 09:53:47 --> Trying to access array offset on value of type null
in APPPATH\Views\komik\detail.php on line 12.
 1 APPPATH\Views\komik\detail.php(12): CodeIgniter\Debug\Exceptions->errorHandler(2, 'Trying to access array offset on value of type null', 'APPPATH\\Views\\komik\\detail.php', 12)
 2 SYSTEMPATH\View\View.php(213): include('APPPATH\\Views\\komik\\detail.php')
 3 SYSTEMPATH\View\View.php(216): CodeIgniter\View\View->CodeIgniter\View\{closure}()
 4 SYSTEMPATH\Common.php(1135): CodeIgniter\View\View->render('komik/detail', [], true)
 5 APPPATH\Controllers\Komik.php(51): view('komik/detail', [...])
 6 SYSTEMPATH\CodeIgniter.php(925): App\Controllers\Komik->detail('create')
 7 SYSTEMPATH\CodeIgniter.php(480): CodeIgniter\CodeIgniter->runController(Object(App\Controllers\Komik))
 8 SYSTEMPATH\CodeIgniter.php(349): CodeIgniter\CodeIgniter->handleRequest(null, Object(Config\Cache), false)
 9 FCPATH\index.php(67): CodeIgniter\CodeIgniter->run()
10 SYSTEMPATH\Commands\Server\rewrite.php(47): require_once('FCPATH\\index.php')
CRITICAL - 2023-01-07 09:55:05 --> Trying to access array offset on value of type null
in APPPATH\Views\komik\detail.php on line 12.
 1 APPPATH\Views\komik\detail.php(12): CodeIgniter\Debug\Exceptions->errorHandler(2, 'Trying to access array offset on value of type null', 'APPPATH\\Views\\komik\\detail.php', 12)
 2 SYSTEMPATH\View\View.php(213): include('APPPATH\\Views\\komik\\detail.php')
 3 SYSTEMPATH\View\View.php(216): CodeIgniter\View\View->CodeIgniter\View\{closure}()
 4 SYSTEMPATH\Common.php(1135): CodeIgniter\View\View->render('komik/detail', [], true)
 5 APPPATH\Controllers\Komik.php(51): view('komik/detail', [...])
 6 SYSTEMPATH\CodeIgniter.php(925): App\Controllers\Komik->detail('detail')
 7 SYSTEMPATH\CodeIgniter.php(480): CodeIgniter\CodeIgniter->runController(Object(App\Controllers\Komik))
 8 SYSTEMPATH\CodeIgniter.php(349): CodeIgniter\CodeIgniter->handleRequest(null, Object(Config\Cache), false)
 9 FCPATH\index.php(67): CodeIgniter\CodeIgniter->run()
10 SYSTEMPATH\Commands\Server\rewrite.php(47): require_once('FCPATH\\index.php')
CRITICAL - 2023-01-07 10:02:38 --> Trying to access array offset on value of type null
in APPPATH\Views\komik\detail.php on line 12.
 1 APPPATH\Views\komik\detail.php(12): CodeIgniter\Debug\Exceptions->errorHandler(2, 'Trying to access array offset on value of type null', 'APPPATH\\Views\\komik\\detail.php', 12)
 2 SYSTEMPATH\View\View.php(213): include('APPPATH\\Views\\komik\\detail.php')
 3 SYSTEMPATH\View\View.php(216): CodeIgniter\View\View->CodeIgniter\View\{closure}()
 4 SYSTEMPATH\Common.php(1135): CodeIgniter\View\View->render('komik/detail', [], true)
 5 APPPATH\Controllers\Komik.php(51): view('komik/detail', [...])
 6 SYSTEMPATH\CodeIgniter.php(925): App\Controllers\Komik->detail('create')
 7 SYSTEMPATH\CodeIgniter.php(480): CodeIgniter\CodeIgniter->runController(Object(App\Controllers\Komik))
 8 SYSTEMPATH\CodeIgniter.php(349): CodeIgniter\CodeIgniter->handleRequest(null, Object(Config\Cache), false)
 9 FCPATH\index.php(67): CodeIgniter\CodeIgniter->run()
10 SYSTEMPATH\Commands\Server\rewrite.php(47): require_once('FCPATH\\index.php')
CRITICAL - 2023-01-07 10:03:07 --> Trying to access array offset on value of type null
in APPPATH\Views\komik\detail.php on line 12.
 1 APPPATH\Views\komik\detail.php(12): CodeIgniter\Debug\Exceptions->errorHandler(2, 'Trying to access array offset on value of type null', 'APPPATH\\Views\\komik\\detail.php', 12)
 2 SYSTEMPATH\View\View.php(213): include('APPPATH\\Views\\komik\\detail.php')
 3 SYSTEMPATH\View\View.php(216): CodeIgniter\View\View->CodeIgniter\View\{closure}()
 4 SYSTEMPATH\Common.php(1135): CodeIgniter\View\View->render('komik/detail', [], true)
 5 APPPATH\Controllers\Komik.php(51): view('komik/detail', [...])
 6 SYSTEMPATH\CodeIgniter.php(925): App\Controllers\Komik->detail('createnaruto')
 7 SYSTEMPATH\CodeIgniter.php(480): CodeIgniter\CodeIgniter->runController(Object(App\Controllers\Komik))
 8 SYSTEMPATH\CodeIgniter.php(349): CodeIgniter\CodeIgniter->handleRequest(null, Object(Config\Cache), false)
 9 FCPATH\index.php(67): CodeIgniter\CodeIgniter->run()
10 SYSTEMPATH\Commands\Server\rewrite.php(47): require_once('FCPATH\\index.php')
CRITICAL - 2023-01-07 10:03:23 --> Trying to access array offset on value of type null
in APPPATH\Views\komik\detail.php on line 12.
 1 APPPATH\Views\komik\detail.php(12): CodeIgniter\Debug\Exceptions->errorHandler(2, 'Trying to access array offset on value of type null', 'APPPATH\\Views\\komik\\detail.php', 12)
 2 SYSTEMPATH\View\View.php(213): include('APPPATH\\Views\\komik\\detail.php')
 3 SYSTEMPATH\View\View.php(216): CodeIgniter\View\View->CodeIgniter\View\{closure}()
 4 SYSTEMPATH\Common.php(1135): CodeIgniter\View\View->render('komik/detail', [], true)
 5 APPPATH\Controllers\Komik.php(51): view('komik/detail', [...])
 6 SYSTEMPATH\CodeIgniter.php(925): App\Controllers\Komik->detail('createnaruto')
 7 SYSTEMPATH\CodeIgniter.php(480): CodeIgniter\CodeIgniter->runController(Object(App\Controllers\Komik))
 8 SYSTEMPATH\CodeIgniter.php(349): CodeIgniter\CodeIgniter->handleRequest(null, Object(Config\Cache), false)
 9 FCPATH\index.php(67): CodeIgniter\CodeIgniter->run()
10 SYSTEMPATH\Commands\Server\rewrite.php(47): require_once('FCPATH\\index.php')
CRITICAL - 2023-01-07 10:03:43 --> Trying to access array offset on value of type null
in APPPATH\Views\komik\detail.php on line 12.
 1 APPPATH\Views\komik\detail.php(12): CodeIgniter\Debug\Exceptions->errorHandler(2, 'Trying to access array offset on value of type null', 'APPPATH\\Views\\komik\\detail.php', 12)
 2 SYSTEMPATH\View\View.php(213): include('APPPATH\\Views\\komik\\detail.php')
 3 SYSTEMPATH\View\View.php(216): CodeIgniter\View\View->CodeIgniter\View\{closure}()
 4 SYSTEMPATH\Common.php(1135): CodeIgniter\View\View->render('komik/detail', [], true)
 5 APPPATH\Controllers\Komik.php(51): view('komik/detail', [...])
 6 SYSTEMPATH\CodeIgniter.php(925): App\Controllers\Komik->detail('tambah')
 7 SYSTEMPATH\CodeIgniter.php(480): CodeIgniter\CodeIgniter->runController(Object(App\Controllers\Komik))
 8 SYSTEMPATH\CodeIgniter.php(349): CodeIgniter\CodeIgniter->handleRequest(null, Object(Config\Cache), false)
 9 FCPATH\index.php(67): CodeIgniter\CodeIgniter->run()
10 SYSTEMPATH\Commands\Server\rewrite.php(47): require_once('FCPATH\\index.php')
CRITICAL - 2023-01-07 10:12:03 --> Trying to access array offset on value of type null
in APPPATH\Views\komik\detail.php on line 12.
 1 APPPATH\Views\komik\detail.php(12): CodeIgniter\Debug\Exceptions->errorHandler(2, 'Trying to access array offset on value of type null', 'APPPATH\\Views\\komik\\detail.php', 12)
 2 SYSTEMPATH\View\View.php(213): include('APPPATH\\Views\\komik\\detail.php')
 3 SYSTEMPATH\View\View.php(216): CodeIgniter\View\View->CodeIgniter\View\{closure}()
 4 SYSTEMPATH\Common.php(1135): CodeIgniter\View\View->render('komik/detail', [], true)
 5 APPPATH\Controllers\Komik.php(51): view('komik/detail', [...])
 6 SYSTEMPATH\CodeIgniter.php(925): App\Controllers\Komik->detail('create')
 7 SYSTEMPATH\CodeIgniter.php(480): CodeIgniter\CodeIgniter->runController(Object(App\Controllers\Komik))
 8 SYSTEMPATH\CodeIgniter.php(349): CodeIgniter\CodeIgniter->handleRequest(null, Object(Config\Cache), false)
 9 FCPATH\index.php(67): CodeIgniter\CodeIgniter->run()
10 SYSTEMPATH\Commands\Server\rewrite.php(47): require_once('FCPATH\\index.php')
CRITICAL - 2023-01-07 10:13:02 --> Trying to access array offset on value of type null
in APPPATH\Views\komik\detail.php on line 12.
 1 APPPATH\Views\komik\detail.php(12): CodeIgniter\Debug\Exceptions->errorHandler(2, 'Trying to access array offset on value of type null', 'APPPATH\\Views\\komik\\detail.php', 12)
 2 SYSTEMPATH\View\View.php(213): include('APPPATH\\Views\\komik\\detail.php')
 3 SYSTEMPATH\View\View.php(216): CodeIgniter\View\View->CodeIgniter\View\{closure}()
 4 SYSTEMPATH\Common.php(1135): CodeIgniter\View\View->render('komik/detail', [], true)
 5 APPPATH\Controllers\Komik.php(51): view('komik/detail', [...])
 6 SYSTEMPATH\CodeIgniter.php(925): App\Controllers\Komik->detail('create')
 7 SYSTEMPATH\CodeIgniter.php(480): CodeIgniter\CodeIgniter->runController(Object(App\Controllers\Komik))
 8 SYSTEMPATH\CodeIgniter.php(349): CodeIgniter\CodeIgniter->handleRequest(null, Object(Config\Cache), false)
 9 FCPATH\index.php(67): CodeIgniter\CodeIgniter->run()
10 SYSTEMPATH\Commands\Server\rewrite.php(47): require_once('FCPATH\\index.php')
CRITICAL - 2023-01-07 10:13:15 --> Trying to access array offset on value of type null
in APPPATH\Views\komik\detail.php on line 12.
 1 APPPATH\Views\komik\detail.php(12): CodeIgniter\Debug\Exceptions->errorHandler(2, 'Trying to access array offset on value of type null', 'APPPATH\\Views\\komik\\detail.php', 12)
 2 SYSTEMPATH\View\View.php(213): include('APPPATH\\Views\\komik\\detail.php')
 3 SYSTEMPATH\View\View.php(216): CodeIgniter\View\View->CodeIgniter\View\{closure}()
 4 SYSTEMPATH\Common.php(1135): CodeIgniter\View\View->render('komik/detail', [], true)
 5 APPPATH\Controllers\Komik.php(51): view('komik/detail', [...])
 6 SYSTEMPATH\CodeIgniter.php(925): App\Controllers\Komik->detail('create')
 7 SYSTEMPATH\CodeIgniter.php(480): CodeIgniter\CodeIgniter->runController(Object(App\Controllers\Komik))
 8 SYSTEMPATH\CodeIgniter.php(349): CodeIgniter\CodeIgniter->handleRequest(null, Object(Config\Cache), false)
 9 FCPATH\index.php(67): CodeIgniter\CodeIgniter->run()
10 SYSTEMPATH\Commands\Server\rewrite.php(47): require_once('FCPATH\\index.php')
CRITICAL - 2023-01-07 10:13:33 --> Trying to access array offset on value of type null
in APPPATH\Views\komik\detail.php on line 12.
 1 APPPATH\Views\komik\detail.php(12): CodeIgniter\Debug\Exceptions->errorHandler(2, 'Trying to access array offset on value of type null', 'APPPATH\\Views\\komik\\detail.php', 12)
 2 SYSTEMPATH\View\View.php(213): include('APPPATH\\Views\\komik\\detail.php')
 3 SYSTEMPATH\View\View.php(216): CodeIgniter\View\View->CodeIgniter\View\{closure}()
 4 SYSTEMPATH\Common.php(1135): CodeIgniter\View\View->render('komik/detail', [], true)
 5 APPPATH\Controllers\Komik.php(51): view('komik/detail', [...])
 6 SYSTEMPATH\CodeIgniter.php(925): App\Controllers\Komik->detail('create')
 7 SYSTEMPATH\CodeIgniter.php(480): CodeIgniter\CodeIgniter->runController(Object(App\Controllers\Komik))
 8 SYSTEMPATH\CodeIgniter.php(349): CodeIgniter\CodeIgniter->handleRequest(null, Object(Config\Cache), false)
 9 FCPATH\index.php(67): CodeIgniter\CodeIgniter->run()
10 SYSTEMPATH\Commands\Server\rewrite.php(47): require_once('FCPATH\\index.php')
CRITICAL - 2023-01-07 10:13:36 --> Trying to access array offset on value of type null
in APPPATH\Views\komik\detail.php on line 12.
 1 APPPATH\Views\komik\detail.php(12): CodeIgniter\Debug\Exceptions->errorHandler(2, 'Trying to access array offset on value of type null', 'APPPATH\\Views\\komik\\detail.php', 12)
 2 SYSTEMPATH\View\View.php(213): include('APPPATH\\Views\\komik\\detail.php')
 3 SYSTEMPATH\View\View.php(216): CodeIgniter\View\View->CodeIgniter\View\{closure}()
 4 SYSTEMPATH\Common.php(1135): CodeIgniter\View\View->render('komik/detail', [], true)
 5 APPPATH\Controllers\Komik.php(51): view('komik/detail', [...])
 6 SYSTEMPATH\CodeIgniter.php(925): App\Controllers\Komik->detail('aja')
 7 SYSTEMPATH\CodeIgniter.php(480): CodeIgniter\CodeIgniter->runController(Object(App\Controllers\Komik))
 8 SYSTEMPATH\CodeIgniter.php(349): CodeIgniter\CodeIgniter->handleRequest(null, Object(Config\Cache), false)
 9 FCPATH\index.php(67): CodeIgniter\CodeIgniter->run()
10 SYSTEMPATH\Commands\Server\rewrite.php(47): require_once('FCPATH\\index.php')
CRITICAL - 2023-01-07 10:13:53 --> Trying to access array offset on value of type null
in APPPATH\Views\komik\detail.php on line 12.
 1 APPPATH\Views\komik\detail.php(12): CodeIgniter\Debug\Exceptions->errorHandler(2, 'Trying to access array offset on value of type null', 'APPPATH\\Views\\komik\\detail.php', 12)
 2 SYSTEMPATH\View\View.php(213): include('APPPATH\\Views\\komik\\detail.php')
 3 SYSTEMPATH\View\View.php(216): CodeIgniter\View\View->CodeIgniter\View\{closure}()
 4 SYSTEMPATH\Common.php(1135): CodeIgniter\View\View->render('komik/detail', [], true)
 5 APPPATH\Controllers\Komik.php(51): view('komik/detail', [...])
 6 SYSTEMPATH\CodeIgniter.php(925): App\Controllers\Komik->detail('aja')
 7 SYSTEMPATH\CodeIgniter.php(480): CodeIgniter\CodeIgniter->runController(Object(App\Controllers\Komik))
 8 SYSTEMPATH\CodeIgniter.php(349): CodeIgniter\CodeIgniter->handleRequest(null, Object(Config\Cache), false)
 9 FCPATH\index.php(67): CodeIgniter\CodeIgniter->run()
10 SYSTEMPATH\Commands\Server\rewrite.php(47): require_once('FCPATH\\index.php')
CRITICAL - 2023-01-07 10:13:56 --> Trying to access array offset on value of type null
in APPPATH\Views\komik\detail.php on line 12.
 1 APPPATH\Views\komik\detail.php(12): CodeIgniter\Debug\Exceptions->errorHandler(2, 'Trying to access array offset on value of type null', 'APPPATH\\Views\\komik\\detail.php', 12)
 2 SYSTEMPATH\View\View.php(213): include('APPPATH\\Views\\komik\\detail.php')
 3 SYSTEMPATH\View\View.php(216): CodeIgniter\View\View->CodeIgniter\View\{closure}()
 4 SYSTEMPATH\Common.php(1135): CodeIgniter\View\View->render('komik/detail', [], true)
 5 APPPATH\Controllers\Komik.php(51): view('komik/detail', [...])
 6 SYSTEMPATH\CodeIgniter.php(925): App\Controllers\Komik->detail('aja')
 7 SYSTEMPATH\CodeIgniter.php(480): CodeIgniter\CodeIgniter->runController(Object(App\Controllers\Komik))
 8 SYSTEMPATH\CodeIgniter.php(349): CodeIgniter\CodeIgniter->handleRequest(null, Object(Config\Cache), false)
 9 FCPATH\index.php(67): CodeIgniter\CodeIgniter->run()
10 SYSTEMPATH\Commands\Server\rewrite.php(47): require_once('FCPATH\\index.php')
CRITICAL - 2023-01-07 10:14:06 --> Trying to access array offset on value of type null
in APPPATH\Views\komik\detail.php on line 12.
 1 APPPATH\Views\komik\detail.php(12): CodeIgniter\Debug\Exceptions->errorHandler(2, 'Trying to access array offset on value of type null', 'APPPATH\\Views\\komik\\detail.php', 12)
 2 SYSTEMPATH\View\View.php(213): include('APPPATH\\Views\\komik\\detail.php')
 3 SYSTEMPATH\View\View.php(216): CodeIgniter\View\View->CodeIgniter\View\{closure}()
 4 SYSTEMPATH\Common.php(1135): CodeIgniter\View\View->render('komik/detail', [], true)
 5 APPPATH\Controllers\Komik.php(51): view('komik/detail', [...])
 6 SYSTEMPATH\CodeIgniter.php(925): App\Controllers\Komik->detail('aja')
 7 SYSTEMPATH\CodeIgniter.php(480): CodeIgniter\CodeIgniter->runController(Object(App\Controllers\Komik))
 8 SYSTEMPATH\CodeIgniter.php(349): CodeIgniter\CodeIgniter->handleRequest(null, Object(Config\Cache), false)
 9 FCPATH\index.php(67): CodeIgniter\CodeIgniter->run()
10 SYSTEMPATH\Commands\Server\rewrite.php(47): require_once('FCPATH\\index.php')
CRITICAL - 2023-01-07 10:14:38 --> Trying to access array offset on value of type null
in APPPATH\Views\komik\detail.php on line 12.
 1 APPPATH\Views\komik\detail.php(12): CodeIgniter\Debug\Exceptions->errorHandler(2, 'Trying to access array offset on value of type null', 'APPPATH\\Views\\komik\\detail.php', 12)
 2 SYSTEMPATH\View\View.php(213): include('APPPATH\\Views\\komik\\detail.php')
 3 SYSTEMPATH\View\View.php(216): CodeIgniter\View\View->CodeIgniter\View\{closure}()
 4 SYSTEMPATH\Common.php(1135): CodeIgniter\View\View->render('komik/detail', [], true)
 5 APPPATH\Controllers\Komik.php(51): view('komik/detail', [...])
 6 SYSTEMPATH\CodeIgniter.php(925): App\Controllers\Komik->detail('createnaruto')
 7 SYSTEMPATH\CodeIgniter.php(480): CodeIgniter\CodeIgniter->runController(Object(App\Controllers\Komik))
 8 SYSTEMPATH\CodeIgniter.php(349): CodeIgniter\CodeIgniter->handleRequest(null, Object(Config\Cache), false)
 9 FCPATH\index.php(67): CodeIgniter\CodeIgniter->run()
10 SYSTEMPATH\Commands\Server\rewrite.php(47): require_once('FCPATH\\index.php')
CRITICAL - 2023-01-07 10:14:49 --> Trying to access array offset on value of type null
in APPPATH\Views\komik\detail.php on line 12.
 1 APPPATH\Views\komik\detail.php(12): CodeIgniter\Debug\Exceptions->errorHandler(2, 'Trying to access array offset on value of type null', 'APPPATH\\Views\\komik\\detail.php', 12)
 2 SYSTEMPATH\View\View.php(213): include('APPPATH\\Views\\komik\\detail.php')
 3 SYSTEMPATH\View\View.php(216): CodeIgniter\View\View->CodeIgniter\View\{closure}()
 4 SYSTEMPATH\Common.php(1135): CodeIgniter\View\View->render('komik/detail', [], true)
 5 APPPATH\Controllers\Komik.php(51): view('komik/detail', [...])
 6 SYSTEMPATH\CodeIgniter.php(925): App\Controllers\Komik->detail('createnaruto')
 7 SYSTEMPATH\CodeIgniter.php(480): CodeIgniter\CodeIgniter->runController(Object(App\Controllers\Komik))
 8 SYSTEMPATH\CodeIgniter.php(349): CodeIgniter\CodeIgniter->handleRequest(null, Object(Config\Cache), false)
 9 FCPATH\index.php(67): CodeIgniter\CodeIgniter->run()
10 SYSTEMPATH\Commands\Server\rewrite.php(47): require_once('FCPATH\\index.php')
CRITICAL - 2023-01-07 10:46:31 --> Undefined variable $csrf_field
in APPPATH\Views\komik\create.php on line 9.
 1 APPPATH\Views\komik\create.php(9): CodeIgniter\Debug\Exceptions->errorHandler(2, 'Undefined variable $csrf_field', 'APPPATH\\Views\\komik\\create.php', 9)
 2 SYSTEMPATH\View\View.php(213): include('APPPATH\\Views\\komik\\create.php')
 3 SYSTEMPATH\View\View.php(216): CodeIgniter\View\View->CodeIgniter\View\{closure}()
 4 SYSTEMPATH\Common.php(1135): CodeIgniter\View\View->render('komik/create', [], true)
 5 APPPATH\Controllers\Komik.php(60): view('komik/create', [...])
 6 SYSTEMPATH\CodeIgniter.php(925): App\Controllers\Komik->create('create')
 7 SYSTEMPATH\CodeIgniter.php(480): CodeIgniter\CodeIgniter->runController(Object(App\Controllers\Komik))
 8 SYSTEMPATH\CodeIgniter.php(349): CodeIgniter\CodeIgniter->handleRequest(null, Object(Config\Cache), false)
 9 FCPATH\index.php(67): CodeIgniter\CodeIgniter->run()
10 SYSTEMPATH\Commands\Server\rewrite.php(47): require_once('FCPATH\\index.php')
CRITICAL - 2023-01-07 10:52:46 --> Trying to access array offset on value of type null
in APPPATH\Views\komik\detail.php on line 12.
 1 APPPATH\Views\komik\detail.php(12): CodeIgniter\Debug\Exceptions->errorHandler(2, 'Trying to access array offset on value of type null', 'APPPATH\\Views\\komik\\detail.php', 12)
 2 SYSTEMPATH\View\View.php(213): include('APPPATH\\Views\\komik\\detail.php')
 3 SYSTEMPATH\View\View.php(216): CodeIgniter\View\View->CodeIgniter\View\{closure}()
 4 SYSTEMPATH\Common.php(1135): CodeIgniter\View\View->render('komik/detail', [], true)
 5 APPPATH\Controllers\Komik.php(51): view('komik/detail', [...])
 6 SYSTEMPATH\CodeIgniter.php(925): App\Controllers\Komik->detail('save')
 7 SYSTEMPATH\CodeIgniter.php(480): CodeIgniter\CodeIgniter->runController(Object(App\Controllers\Komik))
 8 SYSTEMPATH\CodeIgniter.php(349): CodeIgniter\CodeIgniter->handleRequest(null, Object(Config\Cache), false)
 9 FCPATH\index.php(67): CodeIgniter\CodeIgniter->run()
10 SYSTEMPATH\Commands\Server\rewrite.php(47): require_once('FCPATH\\index.php')
CRITICAL - 2023-01-07 11:01:29 --> Class "Codeigniter\Exceptions\PageNotFoundException" not found
in APPPATH\Controllers\Komik.php on line 54.
 1 SYSTEMPATH\CodeIgniter.php(925): App\Controllers\Komik->detail('save')
 2 SYSTEMPATH\CodeIgniter.php(480): CodeIgniter\CodeIgniter->runController(Object(App\Controllers\Komik))
 3 SYSTEMPATH\CodeIgniter.php(349): CodeIgniter\CodeIgniter->handleRequest(null, Object(Config\Cache), false)
 4 FCPATH\index.php(67): CodeIgniter\CodeIgniter->run()
 5 SYSTEMPATH\Commands\Server\rewrite.php(47): require_once('FCPATH\\index.php')
CRITICAL - 2023-01-07 11:22:17 --> Allowed fields must be specified for model: App\Models\KomikModel
in SYSTEMPATH\BaseModel.php on line 1162.
 1 SYSTEMPATH\BaseModel.php(1162): CodeIgniter\Database\Exceptions\DataException::forInvalidAllowedFields('App\\Models\\KomikModel')
 2 SYSTEMPATH\BaseModel.php(725): CodeIgniter\BaseModel->doProtectFields([...])
 3 SYSTEMPATH\Model.php(695): CodeIgniter\BaseModel->insert([...], false)
 4 SYSTEMPATH\BaseModel.php(660): CodeIgniter\Model->insert([...], false)
 5 APPPATH\Controllers\Komik.php(74): CodeIgniter\BaseModel->save([...])
 6 SYSTEMPATH\CodeIgniter.php(925): App\Controllers\Komik->save()
 7 SYSTEMPATH\CodeIgniter.php(480): CodeIgniter\CodeIgniter->runController(Object(App\Controllers\Komik))
 8 SYSTEMPATH\CodeIgniter.php(349): CodeIgniter\CodeIgniter->handleRequest(null, Object(Config\Cache), false)
 9 FCPATH\index.php(67): CodeIgniter\CodeIgniter->run()
10 SYSTEMPATH\Commands\Server\rewrite.php(47): require_once('FCPATH\\index.php')
CRITICAL - 2023-01-07 11:23:20 --> Allowed fields must be specified for model: App\Models\KomikModel
in SYSTEMPATH\BaseModel.php on line 1162.
 1 SYSTEMPATH\BaseModel.php(1162): CodeIgniter\Database\Exceptions\DataException::forInvalidAllowedFields('App\\Models\\KomikModel')
 2 SYSTEMPATH\BaseModel.php(725): CodeIgniter\BaseModel->doProtectFields([...])
 3 SYSTEMPATH\Model.php(695): CodeIgniter\BaseModel->insert([...], false)
 4 SYSTEMPATH\BaseModel.php(660): CodeIgniter\Model->insert([...], false)
 5 APPPATH\Controllers\Komik.php(74): CodeIgniter\BaseModel->save([...])
 6 SYSTEMPATH\CodeIgniter.php(925): App\Controllers\Komik->save()
 7 SYSTEMPATH\CodeIgniter.php(480): CodeIgniter\CodeIgniter->runController(Object(App\Controllers\Komik))
 8 SYSTEMPATH\CodeIgniter.php(349): CodeIgniter\CodeIgniter->handleRequest(null, Object(Config\Cache), false)
 9 FCPATH\index.php(67): CodeIgniter\CodeIgniter->run()
10 SYSTEMPATH\Commands\Server\rewrite.php(47): require_once('FCPATH\\index.php')
