ERROR - 2023-01-27 07:07:51 --> Error connecting to the database: mysqli_sql_exception: No connection could be made because the target machine actively refused it in C:\xampp\htdocs\ci4aplikasi\vendor\codeigniter4\framework\system\Database\MySQLi\Connection.php:170
Stack trace:
#0 C:\xampp\htdocs\ci4aplikasi\vendor\codeigniter4\framework\system\Database\MySQLi\Connection.php(170): mysqli->real_connect('localhost', 'root', Object(SensitiveParameterValue), 'ci4', 3306, '', 0)
#1 C:\xampp\htdocs\ci4aplikasi\vendor\codeigniter4\framework\system\Database\BaseConnection.php(382): CodeIgniter\Database\MySQLi\Connection->connect(false)
#2 C:\xampp\htdocs\ci4aplikasi\vendor\codeigniter4\framework\system\Database\BaseConnection.php(561): CodeIgniter\Database\BaseConnection->initialize()
#3 C:\xampp\htdocs\ci4aplikasi\vendor\codeigniter4\framework\system\Database\BaseBuilder.php(1585): CodeIgniter\Database\BaseConnection->query('SELECT *\nFROM `...', Array, false)
#4 C:\xampp\htdocs\ci4aplikasi\vendor\codeigniter4\framework\system\Model.php(240): CodeIgniter\Database\BaseBuilder->get()
#5 C:\xampp\htdocs\ci4aplikasi\vendor\codeigniter4\framework\system\BaseModel.php(586): CodeIgniter\Model->doFindAll(0, 0)
#6 C:\xampp\htdocs\ci4aplikasi\app\Models\KomikModel.php(18): CodeIgniter\BaseModel->findAll()
#7 C:\xampp\htdocs\ci4aplikasi\app\Controllers\Komik.php(26): App\Models\KomikModel->getKomik()
#8 C:\xampp\htdocs\ci4aplikasi\vendor\codeigniter4\framework\system\CodeIgniter.php(925): App\Controllers\Komik->index()
#9 C:\xampp\htdocs\ci4aplikasi\vendor\codeigniter4\framework\system\CodeIgniter.php(480): CodeIgniter\CodeIgniter->runController(Object(App\Controllers\Komik))
#10 C:\xampp\htdocs\ci4aplikasi\vendor\codeigniter4\framework\system\CodeIgniter.php(349): CodeIgniter\CodeIgniter->handleRequest(NULL, Object(Config\Cache), false)
#11 C:\xampp\htdocs\ci4aplikasi\public\index.php(67): CodeIgniter\CodeIgniter->run()
#12 C:\xampp\htdocs\ci4aplikasi\vendor\codeigniter4\framework\system\Commands\Server\rewrite.php(47): require_once('C:\\xampp\\htdocs...')
#13 {main}

Next CodeIgniter\Database\Exceptions\DatabaseException: No connection could be made because the target machine actively refused it in C:\xampp\htdocs\ci4aplikasi\vendor\codeigniter4\framework\system\Database\MySQLi\Connection.php:215
Stack trace:
#0 C:\xampp\htdocs\ci4aplikasi\vendor\codeigniter4\framework\system\Database\BaseConnection.php(382): CodeIgniter\Database\MySQLi\Connection->connect(false)
#1 C:\xampp\htdocs\ci4aplikasi\vendor\codeigniter4\framework\system\Database\BaseConnection.php(561): CodeIgniter\Database\BaseConnection->initialize()
#2 C:\xampp\htdocs\ci4aplikasi\vendor\codeigniter4\framework\system\Database\BaseBuilder.php(1585): CodeIgniter\Database\BaseConnection->query('SELECT *\nFROM `...', Array, false)
#3 C:\xampp\htdocs\ci4aplikasi\vendor\codeigniter4\framework\system\Model.php(240): CodeIgniter\Database\BaseBuilder->get()
#4 C:\xampp\htdocs\ci4aplikasi\vendor\codeigniter4\framework\system\BaseModel.php(586): CodeIgniter\Model->doFindAll(0, 0)
#5 C:\xampp\htdocs\ci4aplikasi\app\Models\KomikModel.php(18): CodeIgniter\BaseModel->findAll()
#6 C:\xampp\htdocs\ci4aplikasi\app\Controllers\Komik.php(26): App\Models\KomikModel->getKomik()
#7 C:\xampp\htdocs\ci4aplikasi\vendor\codeigniter4\framework\system\CodeIgniter.php(925): App\Controllers\Komik->index()
#8 C:\xampp\htdocs\ci4aplikasi\vendor\codeigniter4\framework\system\CodeIgniter.php(480): CodeIgniter\CodeIgniter->runController(Object(App\Controllers\Komik))
#9 C:\xampp\htdocs\ci4aplikasi\vendor\codeigniter4\framework\system\CodeIgniter.php(349): CodeIgniter\CodeIgniter->handleRequest(NULL, Object(Config\Cache), false)
#10 C:\xampp\htdocs\ci4aplikasi\public\index.php(67): CodeIgniter\CodeIgniter->run()
#11 C:\xampp\htdocs\ci4aplikasi\vendor\codeigniter4\framework\system\Commands\Server\rewrite.php(47): require_once('C:\\xampp\\htdocs...')
#12 {main}
CRITICAL - 2023-01-27 07:07:51 --> Unable to connect to the database.
Main connection [MySQLi]: No connection could be made because the target machine actively refused it
in SYSTEMPATH\Database\BaseConnection.php on line 418.
 1 SYSTEMPATH\Database\BaseConnection.php(561): CodeIgniter\Database\BaseConnection->initialize()
 2 SYSTEMPATH\Database\BaseBuilder.php(1585): CodeIgniter\Database\BaseConnection->query('SELECT *
FROM `komik`', [], false)
 3 SYSTEMPATH\Model.php(240): CodeIgniter\Database\BaseBuilder->get()
 4 SYSTEMPATH\BaseModel.php(586): CodeIgniter\Model->doFindAll(0, 0)
 5 APPPATH\Models\KomikModel.php(18): CodeIgniter\BaseModel->findAll()
 6 APPPATH\Controllers\Komik.php(26): App\Models\KomikModel->getKomik()
 7 SYSTEMPATH\CodeIgniter.php(925): App\Controllers\Komik->index()
 8 SYSTEMPATH\CodeIgniter.php(480): CodeIgniter\CodeIgniter->runController(Object(App\Controllers\Komik))
 9 SYSTEMPATH\CodeIgniter.php(349): CodeIgniter\CodeIgniter->handleRequest(null, Object(Config\Cache), false)
10 FCPATH\index.php(67): CodeIgniter\CodeIgniter->run()
11 SYSTEMPATH\Commands\Server\rewrite.php(47): require_once('FCPATH\\index.php')
