ERROR - 2023-05-07 00:28:38 --> Email: Unable to send email using SMTP. Your server might not be configured to send mail using this method.
ERROR - 2023-05-07 00:28:38 --> 220 smtp.gmail.com ESMTP mp8-20020a17090b190800b0023d0c2f39f2sm7533084pjb.19 - gsmtp

hello: 250-smtp.gmail.com at your service, [125.166.1.186]
250-SIZE 35882577
250-8BITMIME
250-AUTH LOGIN PLAIN XOAUTH2 PLAIN-CLIENTTOKEN OAUTHBEARER XOAUTH
250-ENHANCEDSTATUSCODES
250-PIPELINING
250-CHUNKING
250 SMTPUTF8

Failed to authenticate password. Error: 535-5.7.8 Username and Password not accepted. Learn more at
535 5.7.8  https://support.google.com/mail/?p=BadCredentials mp8-20020a17090b190800b0023d0c2f39f2sm7533084pjb.19 - gsmtp

ERROR - 2023-05-07 00:28:38 --> Failed to send activation message to: caturmaldini@gmail.com
CRITICAL - 2023-05-07 00:37:32 --> Cannot declare class Myth\Auth\Models\UserModel, because the name is already in use
in APPPATH\Models\UserModel.php on line 13.
 1 [internal function]: CodeIgniter\Debug\Exceptions->shutdownHandler()
CRITICAL - 2023-05-07 00:37:39 --> Cannot declare class Myth\Auth\Models\UserModel, because the name is already in use
in APPPATH\Models\UserModel.php on line 13.
 1 [internal function]: CodeIgniter\Debug\Exceptions->shutdownHandler()
CRITICAL - 2023-05-07 00:38:45 --> Undefined variable $sales_data
in APPPATH\Views\sales_chart.php on line 33.
 1 APPPATH\Views\sales_chart.php(33): CodeIgniter\Debug\Exceptions->errorHandler(2, 'Undefined variable $sales_data', 'APPPATH\\Views\\sales_chart.php', 33)
 2 SYSTEMPATH\View\View.php(213): include('APPPATH\\Views\\sales_chart.php')
 3 SYSTEMPATH\View\View.php(216): CodeIgniter\View\View->CodeIgniter\View\{closure}()
 4 SYSTEMPATH\Common.php(1184): CodeIgniter\View\View->render('sales_chart', [], true)
 5 APPPATH\Controllers\Sales.php(21): view('sales_chart', [...])
 6 SYSTEMPATH\CodeIgniter.php(934): App\Controllers\Sales->index()
 7 SYSTEMPATH\CodeIgniter.php(499): CodeIgniter\CodeIgniter->runController(Object(App\Controllers\Sales))
 8 SYSTEMPATH\CodeIgniter.php(368): CodeIgniter\CodeIgniter->handleRequest(null, Object(Config\Cache), false)
 9 FCPATH\index.php(67): CodeIgniter\CodeIgniter->run()
10 SYSTEMPATH\Commands\Server\rewrite.php(47): require_once('FCPATH\\index.php')
CRITICAL - 2023-05-07 00:39:00 --> Cannot declare class Myth\Auth\Models\UserModel, because the name is already in use
in APPPATH\Models\UserModel.php on line 13.
 1 [internal function]: CodeIgniter\Debug\Exceptions->shutdownHandler()
CRITICAL - 2023-05-07 00:39:36 --> Cannot declare class Myth\Auth\Models\UserModel, because the name is already in use
in APPPATH\Models\UserModel.php on line 13.
 1 [internal function]: CodeIgniter\Debug\Exceptions->shutdownHandler()
CRITICAL - 2023-05-07 00:41:00 --> Cannot declare class Myth\Auth\Models\UserModel, because the name is already in use
in APPPATH\Models\UserModel.php on line 13.
 1 [internal function]: CodeIgniter\Debug\Exceptions->shutdownHandler()
CRITICAL - 2023-05-07 00:41:04 --> Cannot declare class Myth\Auth\Models\UserModel, because the name is already in use
in APPPATH\Models\UserModel.php on line 13.
 1 [internal function]: CodeIgniter\Debug\Exceptions->shutdownHandler()
CRITICAL - 2023-05-07 01:49:59 --> Undefined variable $sales_data
in APPPATH\Views\sales_chart.php on line 33.
 1 APPPATH\Views\sales_chart.php(33): CodeIgniter\Debug\Exceptions->errorHandler(2, 'Undefined variable $sales_data', 'APPPATH\\Views\\sales_chart.php', 33)
 2 SYSTEMPATH\View\View.php(213): include('APPPATH\\Views\\sales_chart.php')
 3 SYSTEMPATH\View\View.php(216): CodeIgniter\View\View->CodeIgniter\View\{closure}()
 4 SYSTEMPATH\Common.php(1184): CodeIgniter\View\View->render('sales_chart', [], true)
 5 APPPATH\Controllers\Sales.php(21): view('sales_chart', [...])
 6 SYSTEMPATH\CodeIgniter.php(934): App\Controllers\Sales->index()
 7 SYSTEMPATH\CodeIgniter.php(499): CodeIgniter\CodeIgniter->runController(Object(App\Controllers\Sales))
 8 SYSTEMPATH\CodeIgniter.php(368): CodeIgniter\CodeIgniter->handleRequest(null, Object(Config\Cache), false)
 9 FCPATH\index.php(67): CodeIgniter\CodeIgniter->run()
10 SYSTEMPATH\Commands\Server\rewrite.php(47): require_once('FCPATH\\index.php')
CRITICAL - 2023-05-07 09:20:54 --> Undefined array key "waktu"
in APPPATH\Controllers\Monitoring.php on line 42.
 1 APPPATH\Controllers\Monitoring.php(42): CodeIgniter\Debug\Exceptions->errorHandler(2, 'Undefined array key "waktu"', 'APPPATH\\Controllers\\Monitoring.php', 42)
 2 SYSTEMPATH\CodeIgniter.php(934): App\Controllers\Monitoring->data_penjualan()
 3 SYSTEMPATH\CodeIgniter.php(499): CodeIgniter\CodeIgniter->runController(Object(App\Controllers\Monitoring))
 4 SYSTEMPATH\CodeIgniter.php(368): CodeIgniter\CodeIgniter->handleRequest(null, Object(Config\Cache), false)
 5 FCPATH\index.php(67): CodeIgniter\CodeIgniter->run()
 6 SYSTEMPATH\Commands\Server\rewrite.php(47): require_once('FCPATH\\index.php')
CRITICAL - 2023-05-07 09:20:56 --> Undefined array key "waktu"
in APPPATH\Controllers\Monitoring.php on line 42.
 1 APPPATH\Controllers\Monitoring.php(42): CodeIgniter\Debug\Exceptions->errorHandler(2, 'Undefined array key "waktu"', 'APPPATH\\Controllers\\Monitoring.php', 42)
 2 SYSTEMPATH\CodeIgniter.php(934): App\Controllers\Monitoring->data_penjualan()
 3 SYSTEMPATH\CodeIgniter.php(499): CodeIgniter\CodeIgniter->runController(Object(App\Controllers\Monitoring))
 4 SYSTEMPATH\CodeIgniter.php(368): CodeIgniter\CodeIgniter->handleRequest(null, Object(Config\Cache), false)
 5 FCPATH\index.php(67): CodeIgniter\CodeIgniter->run()
 6 SYSTEMPATH\Commands\Server\rewrite.php(47): require_once('FCPATH\\index.php')
CRITICAL - 2023-05-07 09:20:58 --> Undefined array key "waktu"
in APPPATH\Controllers\Monitoring.php on line 42.
 1 APPPATH\Controllers\Monitoring.php(42): CodeIgniter\Debug\Exceptions->errorHandler(2, 'Undefined array key "waktu"', 'APPPATH\\Controllers\\Monitoring.php', 42)
 2 SYSTEMPATH\CodeIgniter.php(934): App\Controllers\Monitoring->data_penjualan()
 3 SYSTEMPATH\CodeIgniter.php(499): CodeIgniter\CodeIgniter->runController(Object(App\Controllers\Monitoring))
 4 SYSTEMPATH\CodeIgniter.php(368): CodeIgniter\CodeIgniter->handleRequest(null, Object(Config\Cache), false)
 5 FCPATH\index.php(67): CodeIgniter\CodeIgniter->run()
 6 SYSTEMPATH\Commands\Server\rewrite.php(47): require_once('FCPATH\\index.php')
CRITICAL - 2023-05-07 09:21:00 --> Undefined array key "waktu"
in APPPATH\Controllers\Monitoring.php on line 42.
 1 APPPATH\Controllers\Monitoring.php(42): CodeIgniter\Debug\Exceptions->errorHandler(2, 'Undefined array key "waktu"', 'APPPATH\\Controllers\\Monitoring.php', 42)
 2 SYSTEMPATH\CodeIgniter.php(934): App\Controllers\Monitoring->data_penjualan()
 3 SYSTEMPATH\CodeIgniter.php(499): CodeIgniter\CodeIgniter->runController(Object(App\Controllers\Monitoring))
 4 SYSTEMPATH\CodeIgniter.php(368): CodeIgniter\CodeIgniter->handleRequest(null, Object(Config\Cache), false)
 5 FCPATH\index.php(67): CodeIgniter\CodeIgniter->run()
 6 SYSTEMPATH\Commands\Server\rewrite.php(47): require_once('FCPATH\\index.php')
CRITICAL - 2023-05-07 09:21:02 --> Undefined array key "waktu"
in APPPATH\Controllers\Monitoring.php on line 42.
 1 APPPATH\Controllers\Monitoring.php(42): CodeIgniter\Debug\Exceptions->errorHandler(2, 'Undefined array key "waktu"', 'APPPATH\\Controllers\\Monitoring.php', 42)
 2 SYSTEMPATH\CodeIgniter.php(934): App\Controllers\Monitoring->data_penjualan()
 3 SYSTEMPATH\CodeIgniter.php(499): CodeIgniter\CodeIgniter->runController(Object(App\Controllers\Monitoring))
 4 SYSTEMPATH\CodeIgniter.php(368): CodeIgniter\CodeIgniter->handleRequest(null, Object(Config\Cache), false)
 5 FCPATH\index.php(67): CodeIgniter\CodeIgniter->run()
 6 SYSTEMPATH\Commands\Server\rewrite.php(47): require_once('FCPATH\\index.php')
CRITICAL - 2023-05-07 09:21:04 --> Undefined array key "waktu"
in APPPATH\Controllers\Monitoring.php on line 42.
 1 APPPATH\Controllers\Monitoring.php(42): CodeIgniter\Debug\Exceptions->errorHandler(2, 'Undefined array key "waktu"', 'APPPATH\\Controllers\\Monitoring.php', 42)
 2 SYSTEMPATH\CodeIgniter.php(934): App\Controllers\Monitoring->data_penjualan()
 3 SYSTEMPATH\CodeIgniter.php(499): CodeIgniter\CodeIgniter->runController(Object(App\Controllers\Monitoring))
 4 SYSTEMPATH\CodeIgniter.php(368): CodeIgniter\CodeIgniter->handleRequest(null, Object(Config\Cache), false)
 5 FCPATH\index.php(67): CodeIgniter\CodeIgniter->run()
 6 SYSTEMPATH\Commands\Server\rewrite.php(47): require_once('FCPATH\\index.php')
CRITICAL - 2023-05-07 09:21:06 --> Undefined array key "waktu"
in APPPATH\Controllers\Monitoring.php on line 42.
 1 APPPATH\Controllers\Monitoring.php(42): CodeIgniter\Debug\Exceptions->errorHandler(2, 'Undefined array key "waktu"', 'APPPATH\\Controllers\\Monitoring.php', 42)
 2 SYSTEMPATH\CodeIgniter.php(934): App\Controllers\Monitoring->data_penjualan()
 3 SYSTEMPATH\CodeIgniter.php(499): CodeIgniter\CodeIgniter->runController(Object(App\Controllers\Monitoring))
 4 SYSTEMPATH\CodeIgniter.php(368): CodeIgniter\CodeIgniter->handleRequest(null, Object(Config\Cache), false)
 5 FCPATH\index.php(67): CodeIgniter\CodeIgniter->run()
 6 SYSTEMPATH\Commands\Server\rewrite.php(47): require_once('FCPATH\\index.php')
CRITICAL - 2023-05-07 09:21:08 --> Undefined array key "waktu"
in APPPATH\Controllers\Monitoring.php on line 42.
 1 APPPATH\Controllers\Monitoring.php(42): CodeIgniter\Debug\Exceptions->errorHandler(2, 'Undefined array key "waktu"', 'APPPATH\\Controllers\\Monitoring.php', 42)
 2 SYSTEMPATH\CodeIgniter.php(934): App\Controllers\Monitoring->data_penjualan()
 3 SYSTEMPATH\CodeIgniter.php(499): CodeIgniter\CodeIgniter->runController(Object(App\Controllers\Monitoring))
 4 SYSTEMPATH\CodeIgniter.php(368): CodeIgniter\CodeIgniter->handleRequest(null, Object(Config\Cache), false)
 5 FCPATH\index.php(67): CodeIgniter\CodeIgniter->run()
 6 SYSTEMPATH\Commands\Server\rewrite.php(47): require_once('FCPATH\\index.php')
CRITICAL - 2023-05-07 09:21:10 --> Undefined array key "waktu"
in APPPATH\Controllers\Monitoring.php on line 42.
 1 APPPATH\Controllers\Monitoring.php(42): CodeIgniter\Debug\Exceptions->errorHandler(2, 'Undefined array key "waktu"', 'APPPATH\\Controllers\\Monitoring.php', 42)
 2 SYSTEMPATH\CodeIgniter.php(934): App\Controllers\Monitoring->data_penjualan()
 3 SYSTEMPATH\CodeIgniter.php(499): CodeIgniter\CodeIgniter->runController(Object(App\Controllers\Monitoring))
 4 SYSTEMPATH\CodeIgniter.php(368): CodeIgniter\CodeIgniter->handleRequest(null, Object(Config\Cache), false)
 5 FCPATH\index.php(67): CodeIgniter\CodeIgniter->run()
 6 SYSTEMPATH\Commands\Server\rewrite.php(47): require_once('FCPATH\\index.php')
CRITICAL - 2023-05-07 09:21:12 --> Undefined array key "waktu"
in APPPATH\Controllers\Monitoring.php on line 42.
 1 APPPATH\Controllers\Monitoring.php(42): CodeIgniter\Debug\Exceptions->errorHandler(2, 'Undefined array key "waktu"', 'APPPATH\\Controllers\\Monitoring.php', 42)
 2 SYSTEMPATH\CodeIgniter.php(934): App\Controllers\Monitoring->data_penjualan()
 3 SYSTEMPATH\CodeIgniter.php(499): CodeIgniter\CodeIgniter->runController(Object(App\Controllers\Monitoring))
 4 SYSTEMPATH\CodeIgniter.php(368): CodeIgniter\CodeIgniter->handleRequest(null, Object(Config\Cache), false)
 5 FCPATH\index.php(67): CodeIgniter\CodeIgniter->run()
 6 SYSTEMPATH\Commands\Server\rewrite.php(47): require_once('FCPATH\\index.php')
CRITICAL - 2023-05-07 09:21:14 --> Undefined array key "waktu"
in APPPATH\Controllers\Monitoring.php on line 42.
 1 APPPATH\Controllers\Monitoring.php(42): CodeIgniter\Debug\Exceptions->errorHandler(2, 'Undefined array key "waktu"', 'APPPATH\\Controllers\\Monitoring.php', 42)
 2 SYSTEMPATH\CodeIgniter.php(934): App\Controllers\Monitoring->data_penjualan()
 3 SYSTEMPATH\CodeIgniter.php(499): CodeIgniter\CodeIgniter->runController(Object(App\Controllers\Monitoring))
 4 SYSTEMPATH\CodeIgniter.php(368): CodeIgniter\CodeIgniter->handleRequest(null, Object(Config\Cache), false)
 5 FCPATH\index.php(67): CodeIgniter\CodeIgniter->run()
 6 SYSTEMPATH\Commands\Server\rewrite.php(47): require_once('FCPATH\\index.php')
CRITICAL - 2023-05-07 09:21:16 --> Undefined array key "waktu"
in APPPATH\Controllers\Monitoring.php on line 42.
 1 APPPATH\Controllers\Monitoring.php(42): CodeIgniter\Debug\Exceptions->errorHandler(2, 'Undefined array key "waktu"', 'APPPATH\\Controllers\\Monitoring.php', 42)
 2 SYSTEMPATH\CodeIgniter.php(934): App\Controllers\Monitoring->data_penjualan()
 3 SYSTEMPATH\CodeIgniter.php(499): CodeIgniter\CodeIgniter->runController(Object(App\Controllers\Monitoring))
 4 SYSTEMPATH\CodeIgniter.php(368): CodeIgniter\CodeIgniter->handleRequest(null, Object(Config\Cache), false)
 5 FCPATH\index.php(67): CodeIgniter\CodeIgniter->run()
 6 SYSTEMPATH\Commands\Server\rewrite.php(47): require_once('FCPATH\\index.php')
CRITICAL - 2023-05-07 09:21:21 --> Undefined array key "waktu"
in APPPATH\Controllers\Monitoring.php on line 42.
 1 APPPATH\Controllers\Monitoring.php(42): CodeIgniter\Debug\Exceptions->errorHandler(2, 'Undefined array key "waktu"', 'APPPATH\\Controllers\\Monitoring.php', 42)
 2 SYSTEMPATH\CodeIgniter.php(934): App\Controllers\Monitoring->data_penjualan()
 3 SYSTEMPATH\CodeIgniter.php(499): CodeIgniter\CodeIgniter->runController(Object(App\Controllers\Monitoring))
 4 SYSTEMPATH\CodeIgniter.php(368): CodeIgniter\CodeIgniter->handleRequest(null, Object(Config\Cache), false)
 5 FCPATH\index.php(67): CodeIgniter\CodeIgniter->run()
 6 SYSTEMPATH\Commands\Server\rewrite.php(47): require_once('FCPATH\\index.php')
CRITICAL - 2023-05-07 09:21:21 --> Undefined array key "waktu"
in APPPATH\Controllers\Monitoring.php on line 42.
 1 APPPATH\Controllers\Monitoring.php(42): CodeIgniter\Debug\Exceptions->errorHandler(2, 'Undefined array key "waktu"', 'APPPATH\\Controllers\\Monitoring.php', 42)
 2 SYSTEMPATH\CodeIgniter.php(934): App\Controllers\Monitoring->data_penjualan()
 3 SYSTEMPATH\CodeIgniter.php(499): CodeIgniter\CodeIgniter->runController(Object(App\Controllers\Monitoring))
 4 SYSTEMPATH\CodeIgniter.php(368): CodeIgniter\CodeIgniter->handleRequest(null, Object(Config\Cache), false)
 5 FCPATH\index.php(67): CodeIgniter\CodeIgniter->run()
 6 SYSTEMPATH\Commands\Server\rewrite.php(47): require_once('FCPATH\\index.php')
CRITICAL - 2023-05-07 09:25:43 --> Undefined array key "waktu"
in APPPATH\Controllers\Monitoring.php on line 42.
 1 APPPATH\Controllers\Monitoring.php(42): CodeIgniter\Debug\Exceptions->errorHandler(2, 'Undefined array key "waktu"', 'APPPATH\\Controllers\\Monitoring.php', 42)
 2 SYSTEMPATH\CodeIgniter.php(934): App\Controllers\Monitoring->data_penjualan()
 3 SYSTEMPATH\CodeIgniter.php(499): CodeIgniter\CodeIgniter->runController(Object(App\Controllers\Monitoring))
 4 SYSTEMPATH\CodeIgniter.php(368): CodeIgniter\CodeIgniter->handleRequest(null, Object(Config\Cache), false)
 5 FCPATH\index.php(67): CodeIgniter\CodeIgniter->run()
 6 SYSTEMPATH\Commands\Server\rewrite.php(47): require_once('FCPATH\\index.php')
CRITICAL - 2023-05-07 09:25:45 --> Undefined array key "waktu"
in APPPATH\Controllers\Monitoring.php on line 42.
 1 APPPATH\Controllers\Monitoring.php(42): CodeIgniter\Debug\Exceptions->errorHandler(2, 'Undefined array key "waktu"', 'APPPATH\\Controllers\\Monitoring.php', 42)
 2 SYSTEMPATH\CodeIgniter.php(934): App\Controllers\Monitoring->data_penjualan()
 3 SYSTEMPATH\CodeIgniter.php(499): CodeIgniter\CodeIgniter->runController(Object(App\Controllers\Monitoring))
 4 SYSTEMPATH\CodeIgniter.php(368): CodeIgniter\CodeIgniter->handleRequest(null, Object(Config\Cache), false)
 5 FCPATH\index.php(67): CodeIgniter\CodeIgniter->run()
 6 SYSTEMPATH\Commands\Server\rewrite.php(47): require_once('FCPATH\\index.php')
CRITICAL - 2023-05-07 09:25:47 --> Undefined array key "waktu"
in APPPATH\Controllers\Monitoring.php on line 42.
 1 APPPATH\Controllers\Monitoring.php(42): CodeIgniter\Debug\Exceptions->errorHandler(2, 'Undefined array key "waktu"', 'APPPATH\\Controllers\\Monitoring.php', 42)
 2 SYSTEMPATH\CodeIgniter.php(934): App\Controllers\Monitoring->data_penjualan()
 3 SYSTEMPATH\CodeIgniter.php(499): CodeIgniter\CodeIgniter->runController(Object(App\Controllers\Monitoring))
 4 SYSTEMPATH\CodeIgniter.php(368): CodeIgniter\CodeIgniter->handleRequest(null, Object(Config\Cache), false)
 5 FCPATH\index.php(67): CodeIgniter\CodeIgniter->run()
 6 SYSTEMPATH\Commands\Server\rewrite.php(47): require_once('FCPATH\\index.php')
CRITICAL - 2023-05-07 09:25:49 --> Undefined array key "waktu"
in APPPATH\Controllers\Monitoring.php on line 42.
 1 APPPATH\Controllers\Monitoring.php(42): CodeIgniter\Debug\Exceptions->errorHandler(2, 'Undefined array key "waktu"', 'APPPATH\\Controllers\\Monitoring.php', 42)
 2 SYSTEMPATH\CodeIgniter.php(934): App\Controllers\Monitoring->data_penjualan()
 3 SYSTEMPATH\CodeIgniter.php(499): CodeIgniter\CodeIgniter->runController(Object(App\Controllers\Monitoring))
 4 SYSTEMPATH\CodeIgniter.php(368): CodeIgniter\CodeIgniter->handleRequest(null, Object(Config\Cache), false)
 5 FCPATH\index.php(67): CodeIgniter\CodeIgniter->run()
 6 SYSTEMPATH\Commands\Server\rewrite.php(47): require_once('FCPATH\\index.php')
CRITICAL - 2023-05-07 09:25:51 --> Undefined array key "waktu"
in APPPATH\Controllers\Monitoring.php on line 42.
 1 APPPATH\Controllers\Monitoring.php(42): CodeIgniter\Debug\Exceptions->errorHandler(2, 'Undefined array key "waktu"', 'APPPATH\\Controllers\\Monitoring.php', 42)
 2 SYSTEMPATH\CodeIgniter.php(934): App\Controllers\Monitoring->data_penjualan()
 3 SYSTEMPATH\CodeIgniter.php(499): CodeIgniter\CodeIgniter->runController(Object(App\Controllers\Monitoring))
 4 SYSTEMPATH\CodeIgniter.php(368): CodeIgniter\CodeIgniter->handleRequest(null, Object(Config\Cache), false)
 5 FCPATH\index.php(67): CodeIgniter\CodeIgniter->run()
 6 SYSTEMPATH\Commands\Server\rewrite.php(47): require_once('FCPATH\\index.php')
CRITICAL - 2023-05-07 09:25:53 --> Undefined array key "waktu"
in APPPATH\Controllers\Monitoring.php on line 42.
 1 APPPATH\Controllers\Monitoring.php(42): CodeIgniter\Debug\Exceptions->errorHandler(2, 'Undefined array key "waktu"', 'APPPATH\\Controllers\\Monitoring.php', 42)
 2 SYSTEMPATH\CodeIgniter.php(934): App\Controllers\Monitoring->data_penjualan()
 3 SYSTEMPATH\CodeIgniter.php(499): CodeIgniter\CodeIgniter->runController(Object(App\Controllers\Monitoring))
 4 SYSTEMPATH\CodeIgniter.php(368): CodeIgniter\CodeIgniter->handleRequest(null, Object(Config\Cache), false)
 5 FCPATH\index.php(67): CodeIgniter\CodeIgniter->run()
 6 SYSTEMPATH\Commands\Server\rewrite.php(47): require_once('FCPATH\\index.php')
CRITICAL - 2023-05-07 09:25:55 --> Undefined array key "waktu"
in APPPATH\Controllers\Monitoring.php on line 42.
 1 APPPATH\Controllers\Monitoring.php(42): CodeIgniter\Debug\Exceptions->errorHandler(2, 'Undefined array key "waktu"', 'APPPATH\\Controllers\\Monitoring.php', 42)
 2 SYSTEMPATH\CodeIgniter.php(934): App\Controllers\Monitoring->data_penjualan()
 3 SYSTEMPATH\CodeIgniter.php(499): CodeIgniter\CodeIgniter->runController(Object(App\Controllers\Monitoring))
 4 SYSTEMPATH\CodeIgniter.php(368): CodeIgniter\CodeIgniter->handleRequest(null, Object(Config\Cache), false)
 5 FCPATH\index.php(67): CodeIgniter\CodeIgniter->run()
 6 SYSTEMPATH\Commands\Server\rewrite.php(47): require_once('FCPATH\\index.php')
CRITICAL - 2023-05-07 09:25:57 --> Undefined array key "waktu"
in APPPATH\Controllers\Monitoring.php on line 42.
 1 APPPATH\Controllers\Monitoring.php(42): CodeIgniter\Debug\Exceptions->errorHandler(2, 'Undefined array key "waktu"', 'APPPATH\\Controllers\\Monitoring.php', 42)
 2 SYSTEMPATH\CodeIgniter.php(934): App\Controllers\Monitoring->data_penjualan()
 3 SYSTEMPATH\CodeIgniter.php(499): CodeIgniter\CodeIgniter->runController(Object(App\Controllers\Monitoring))
 4 SYSTEMPATH\CodeIgniter.php(368): CodeIgniter\CodeIgniter->handleRequest(null, Object(Config\Cache), false)
 5 FCPATH\index.php(67): CodeIgniter\CodeIgniter->run()
 6 SYSTEMPATH\Commands\Server\rewrite.php(47): require_once('FCPATH\\index.php')
CRITICAL - 2023-05-07 09:25:59 --> Undefined array key "waktu"
in APPPATH\Controllers\Monitoring.php on line 42.
 1 APPPATH\Controllers\Monitoring.php(42): CodeIgniter\Debug\Exceptions->errorHandler(2, 'Undefined array key "waktu"', 'APPPATH\\Controllers\\Monitoring.php', 42)
 2 SYSTEMPATH\CodeIgniter.php(934): App\Controllers\Monitoring->data_penjualan()
 3 SYSTEMPATH\CodeIgniter.php(499): CodeIgniter\CodeIgniter->runController(Object(App\Controllers\Monitoring))
 4 SYSTEMPATH\CodeIgniter.php(368): CodeIgniter\CodeIgniter->handleRequest(null, Object(Config\Cache), false)
 5 FCPATH\index.php(67): CodeIgniter\CodeIgniter->run()
 6 SYSTEMPATH\Commands\Server\rewrite.php(47): require_once('FCPATH\\index.php')
CRITICAL - 2023-05-07 09:26:01 --> Undefined array key "waktu"
in APPPATH\Controllers\Monitoring.php on line 42.
 1 APPPATH\Controllers\Monitoring.php(42): CodeIgniter\Debug\Exceptions->errorHandler(2, 'Undefined array key "waktu"', 'APPPATH\\Controllers\\Monitoring.php', 42)
 2 SYSTEMPATH\CodeIgniter.php(934): App\Controllers\Monitoring->data_penjualan()
 3 SYSTEMPATH\CodeIgniter.php(499): CodeIgniter\CodeIgniter->runController(Object(App\Controllers\Monitoring))
 4 SYSTEMPATH\CodeIgniter.php(368): CodeIgniter\CodeIgniter->handleRequest(null, Object(Config\Cache), false)
 5 FCPATH\index.php(67): CodeIgniter\CodeIgniter->run()
 6 SYSTEMPATH\Commands\Server\rewrite.php(47): require_once('FCPATH\\index.php')
CRITICAL - 2023-05-07 09:26:03 --> Undefined array key "waktu"
in APPPATH\Controllers\Monitoring.php on line 42.
 1 APPPATH\Controllers\Monitoring.php(42): CodeIgniter\Debug\Exceptions->errorHandler(2, 'Undefined array key "waktu"', 'APPPATH\\Controllers\\Monitoring.php', 42)
 2 SYSTEMPATH\CodeIgniter.php(934): App\Controllers\Monitoring->data_penjualan()
 3 SYSTEMPATH\CodeIgniter.php(499): CodeIgniter\CodeIgniter->runController(Object(App\Controllers\Monitoring))
 4 SYSTEMPATH\CodeIgniter.php(368): CodeIgniter\CodeIgniter->handleRequest(null, Object(Config\Cache), false)
 5 FCPATH\index.php(67): CodeIgniter\CodeIgniter->run()
 6 SYSTEMPATH\Commands\Server\rewrite.php(47): require_once('FCPATH\\index.php')
CRITICAL - 2023-05-07 09:26:05 --> Undefined array key "waktu"
in APPPATH\Controllers\Monitoring.php on line 42.
 1 APPPATH\Controllers\Monitoring.php(42): CodeIgniter\Debug\Exceptions->errorHandler(2, 'Undefined array key "waktu"', 'APPPATH\\Controllers\\Monitoring.php', 42)
 2 SYSTEMPATH\CodeIgniter.php(934): App\Controllers\Monitoring->data_penjualan()
 3 SYSTEMPATH\CodeIgniter.php(499): CodeIgniter\CodeIgniter->runController(Object(App\Controllers\Monitoring))
 4 SYSTEMPATH\CodeIgniter.php(368): CodeIgniter\CodeIgniter->handleRequest(null, Object(Config\Cache), false)
 5 FCPATH\index.php(67): CodeIgniter\CodeIgniter->run()
 6 SYSTEMPATH\Commands\Server\rewrite.php(47): require_once('FCPATH\\index.php')
CRITICAL - 2023-05-07 09:26:07 --> Undefined array key "waktu"
in APPPATH\Controllers\Monitoring.php on line 42.
 1 APPPATH\Controllers\Monitoring.php(42): CodeIgniter\Debug\Exceptions->errorHandler(2, 'Undefined array key "waktu"', 'APPPATH\\Controllers\\Monitoring.php', 42)
 2 SYSTEMPATH\CodeIgniter.php(934): App\Controllers\Monitoring->data_penjualan()
 3 SYSTEMPATH\CodeIgniter.php(499): CodeIgniter\CodeIgniter->runController(Object(App\Controllers\Monitoring))
 4 SYSTEMPATH\CodeIgniter.php(368): CodeIgniter\CodeIgniter->handleRequest(null, Object(Config\Cache), false)
 5 FCPATH\index.php(67): CodeIgniter\CodeIgniter->run()
 6 SYSTEMPATH\Commands\Server\rewrite.php(47): require_once('FCPATH\\index.php')
CRITICAL - 2023-05-07 09:26:09 --> Undefined array key "waktu"
in APPPATH\Controllers\Monitoring.php on line 42.
 1 APPPATH\Controllers\Monitoring.php(42): CodeIgniter\Debug\Exceptions->errorHandler(2, 'Undefined array key "waktu"', 'APPPATH\\Controllers\\Monitoring.php', 42)
 2 SYSTEMPATH\CodeIgniter.php(934): App\Controllers\Monitoring->data_penjualan()
 3 SYSTEMPATH\CodeIgniter.php(499): CodeIgniter\CodeIgniter->runController(Object(App\Controllers\Monitoring))
 4 SYSTEMPATH\CodeIgniter.php(368): CodeIgniter\CodeIgniter->handleRequest(null, Object(Config\Cache), false)
 5 FCPATH\index.php(67): CodeIgniter\CodeIgniter->run()
 6 SYSTEMPATH\Commands\Server\rewrite.php(47): require_once('FCPATH\\index.php')
CRITICAL - 2023-05-07 09:26:11 --> Undefined array key "waktu"
in APPPATH\Controllers\Monitoring.php on line 42.
 1 APPPATH\Controllers\Monitoring.php(42): CodeIgniter\Debug\Exceptions->errorHandler(2, 'Undefined array key "waktu"', 'APPPATH\\Controllers\\Monitoring.php', 42)
 2 SYSTEMPATH\CodeIgniter.php(934): App\Controllers\Monitoring->data_penjualan()
 3 SYSTEMPATH\CodeIgniter.php(499): CodeIgniter\CodeIgniter->runController(Object(App\Controllers\Monitoring))
 4 SYSTEMPATH\CodeIgniter.php(368): CodeIgniter\CodeIgniter->handleRequest(null, Object(Config\Cache), false)
 5 FCPATH\index.php(67): CodeIgniter\CodeIgniter->run()
 6 SYSTEMPATH\Commands\Server\rewrite.php(47): require_once('FCPATH\\index.php')
CRITICAL - 2023-05-07 09:26:13 --> Undefined array key "waktu"
in APPPATH\Controllers\Monitoring.php on line 42.
 1 APPPATH\Controllers\Monitoring.php(42): CodeIgniter\Debug\Exceptions->errorHandler(2, 'Undefined array key "waktu"', 'APPPATH\\Controllers\\Monitoring.php', 42)
 2 SYSTEMPATH\CodeIgniter.php(934): App\Controllers\Monitoring->data_penjualan()
 3 SYSTEMPATH\CodeIgniter.php(499): CodeIgniter\CodeIgniter->runController(Object(App\Controllers\Monitoring))
 4 SYSTEMPATH\CodeIgniter.php(368): CodeIgniter\CodeIgniter->handleRequest(null, Object(Config\Cache), false)
 5 FCPATH\index.php(67): CodeIgniter\CodeIgniter->run()
 6 SYSTEMPATH\Commands\Server\rewrite.php(47): require_once('FCPATH\\index.php')
CRITICAL - 2023-05-07 09:26:15 --> Undefined array key "waktu"
in APPPATH\Controllers\Monitoring.php on line 42.
 1 APPPATH\Controllers\Monitoring.php(42): CodeIgniter\Debug\Exceptions->errorHandler(2, 'Undefined array key "waktu"', 'APPPATH\\Controllers\\Monitoring.php', 42)
 2 SYSTEMPATH\CodeIgniter.php(934): App\Controllers\Monitoring->data_penjualan()
 3 SYSTEMPATH\CodeIgniter.php(499): CodeIgniter\CodeIgniter->runController(Object(App\Controllers\Monitoring))
 4 SYSTEMPATH\CodeIgniter.php(368): CodeIgniter\CodeIgniter->handleRequest(null, Object(Config\Cache), false)
 5 FCPATH\index.php(67): CodeIgniter\CodeIgniter->run()
 6 SYSTEMPATH\Commands\Server\rewrite.php(47): require_once('FCPATH\\index.php')
CRITICAL - 2023-05-07 09:27:13 --> Undefined array key "waktu"
in APPPATH\Controllers\Monitoring.php on line 42.
 1 APPPATH\Controllers\Monitoring.php(42): CodeIgniter\Debug\Exceptions->errorHandler(2, 'Undefined array key "waktu"', 'APPPATH\\Controllers\\Monitoring.php', 42)
 2 SYSTEMPATH\CodeIgniter.php(934): App\Controllers\Monitoring->data_penjualan()
 3 SYSTEMPATH\CodeIgniter.php(499): CodeIgniter\CodeIgniter->runController(Object(App\Controllers\Monitoring))
 4 SYSTEMPATH\CodeIgniter.php(368): CodeIgniter\CodeIgniter->handleRequest(null, Object(Config\Cache), false)
 5 FCPATH\index.php(67): CodeIgniter\CodeIgniter->run()
 6 SYSTEMPATH\Commands\Server\rewrite.php(47): require_once('FCPATH\\index.php')
CRITICAL - 2023-05-07 09:28:13 --> Undefined array key "waktu"
in APPPATH\Controllers\Monitoring.php on line 42.
 1 APPPATH\Controllers\Monitoring.php(42): CodeIgniter\Debug\Exceptions->errorHandler(2, 'Undefined array key "waktu"', 'APPPATH\\Controllers\\Monitoring.php', 42)
 2 SYSTEMPATH\CodeIgniter.php(934): App\Controllers\Monitoring->data_penjualan()
 3 SYSTEMPATH\CodeIgniter.php(499): CodeIgniter\CodeIgniter->runController(Object(App\Controllers\Monitoring))
 4 SYSTEMPATH\CodeIgniter.php(368): CodeIgniter\CodeIgniter->handleRequest(null, Object(Config\Cache), false)
 5 FCPATH\index.php(67): CodeIgniter\CodeIgniter->run()
 6 SYSTEMPATH\Commands\Server\rewrite.php(47): require_once('FCPATH\\index.php')
CRITICAL - 2023-05-07 09:28:48 --> Undefined array key "waktu"
in APPPATH\Views\grafikarus\Agrafik.php on line 5.
 1 APPPATH\Views\grafikarus\Agrafik.php(5): CodeIgniter\Debug\Exceptions->errorHandler(2, 'Undefined array key "waktu"', 'APPPATH\\Views\\grafikarus\\Agrafik.php', 5)
 2 SYSTEMPATH\View\View.php(213): include('APPPATH\\Views\\grafikarus\\Agrafik.php')
 3 SYSTEMPATH\View\View.php(216): CodeIgniter\View\View->CodeIgniter\View\{closure}()
 4 SYSTEMPATH\Common.php(1184): CodeIgniter\View\View->render('grafikarus/Agrafik', [], true)
 5 APPPATH\Controllers\Monitoring.php(34): view('grafikarus/Agrafik', [...])
 6 SYSTEMPATH\CodeIgniter.php(934): App\Controllers\Monitoring->Agrafik()
 7 SYSTEMPATH\CodeIgniter.php(499): CodeIgniter\CodeIgniter->runController(Object(App\Controllers\Monitoring))
 8 SYSTEMPATH\CodeIgniter.php(368): CodeIgniter\CodeIgniter->handleRequest(null, Object(Config\Cache), false)
 9 FCPATH\index.php(67): CodeIgniter\CodeIgniter->run()
10 SYSTEMPATH\Commands\Server\rewrite.php(47): require_once('FCPATH\\index.php')
CRITICAL - 2023-05-07 09:29:24 --> Undefined variable $waktu
in APPPATH\Views\grafikarus\Agrafik.php on line 43.
 1 APPPATH\Views\grafikarus\Agrafik.php(43): CodeIgniter\Debug\Exceptions->errorHandler(2, 'Undefined variable $waktu', 'APPPATH\\Views\\grafikarus\\Agrafik.php', 43)
 2 SYSTEMPATH\View\View.php(213): include('APPPATH\\Views\\grafikarus\\Agrafik.php')
 3 SYSTEMPATH\View\View.php(216): CodeIgniter\View\View->CodeIgniter\View\{closure}()
 4 SYSTEMPATH\Common.php(1184): CodeIgniter\View\View->render('grafikarus/Agrafik', [], true)
 5 APPPATH\Controllers\Monitoring.php(34): view('grafikarus/Agrafik', [...])
 6 SYSTEMPATH\CodeIgniter.php(934): App\Controllers\Monitoring->Agrafik()
 7 SYSTEMPATH\CodeIgniter.php(499): CodeIgniter\CodeIgniter->runController(Object(App\Controllers\Monitoring))
 8 SYSTEMPATH\CodeIgniter.php(368): CodeIgniter\CodeIgniter->handleRequest(null, Object(Config\Cache), false)
 9 FCPATH\index.php(67): CodeIgniter\CodeIgniter->run()
10 SYSTEMPATH\Commands\Server\rewrite.php(47): require_once('FCPATH\\index.php')
CRITICAL - 2023-05-07 09:31:06 --> Undefined array key "waktu"
in APPPATH\Views\grafikTegangan\Tgrafik.php on line 5.
 1 APPPATH\Views\grafikTegangan\Tgrafik.php(5): CodeIgniter\Debug\Exceptions->errorHandler(2, 'Undefined array key "waktu"', 'APPPATH\\Views\\grafikTegangan\\Tgrafik.php', 5)
 2 SYSTEMPATH\View\View.php(213): include('APPPATH\\Views\\grafikTegangan\\Tgrafik.php')
 3 SYSTEMPATH\View\View.php(216): CodeIgniter\View\View->CodeIgniter\View\{closure}()
 4 SYSTEMPATH\Common.php(1184): CodeIgniter\View\View->render('grafiktegangan/Tgrafik', [], true)
 5 APPPATH\Controllers\Monitoring.php(24): view('grafiktegangan/Tgrafik', [...])
 6 SYSTEMPATH\CodeIgniter.php(934): App\Controllers\Monitoring->Tgrafik()
 7 SYSTEMPATH\CodeIgniter.php(499): CodeIgniter\CodeIgniter->runController(Object(App\Controllers\Monitoring))
 8 SYSTEMPATH\CodeIgniter.php(368): CodeIgniter\CodeIgniter->handleRequest(null, Object(Config\Cache), false)
 9 FCPATH\index.php(67): CodeIgniter\CodeIgniter->run()
10 SYSTEMPATH\Commands\Server\rewrite.php(47): require_once('FCPATH\\index.php')
CRITICAL - 2023-05-07 09:59:47 --> Undefined property: App\Controllers\Monitoring::$grafikMBaterai
in APPPATH\Controllers\Monitoring.php on line 21.
 1 APPPATH\Controllers\Monitoring.php(21): CodeIgniter\Debug\Exceptions->errorHandler(2, 'Undefined property: App\\Controllers\\Monitoring::$grafikMBaterai', 'APPPATH\\Controllers\\Monitoring.php', 21)
 2 SYSTEMPATH\CodeIgniter.php(934): App\Controllers\Monitoring->Bgrafik()
 3 SYSTEMPATH\CodeIgniter.php(499): CodeIgniter\CodeIgniter->runController(Object(App\Controllers\Monitoring))
 4 SYSTEMPATH\CodeIgniter.php(368): CodeIgniter\CodeIgniter->handleRequest(null, Object(Config\Cache), false)
 5 FCPATH\index.php(67): CodeIgniter\CodeIgniter->run()
 6 SYSTEMPATH\Commands\Server\rewrite.php(47): require_once('FCPATH\\index.php')
CRITICAL - 2023-05-07 10:00:46 --> Undefined property: App\Controllers\Monitoring::$grafikMBaterai
in APPPATH\Controllers\Monitoring.php on line 21.
 1 APPPATH\Controllers\Monitoring.php(21): CodeIgniter\Debug\Exceptions->errorHandler(2, 'Undefined property: App\\Controllers\\Monitoring::$grafikMBaterai', 'APPPATH\\Controllers\\Monitoring.php', 21)
 2 SYSTEMPATH\CodeIgniter.php(934): App\Controllers\Monitoring->Bgrafik()
 3 SYSTEMPATH\CodeIgniter.php(499): CodeIgniter\CodeIgniter->runController(Object(App\Controllers\Monitoring))
 4 SYSTEMPATH\CodeIgniter.php(368): CodeIgniter\CodeIgniter->handleRequest(null, Object(Config\Cache), false)
 5 FCPATH\index.php(67): CodeIgniter\CodeIgniter->run()
 6 SYSTEMPATH\Commands\Server\rewrite.php(47): require_once('FCPATH\\index.php')
CRITICAL - 2023-05-07 10:00:48 --> Undefined property: App\Controllers\Monitoring::$grafikMBaterai
in APPPATH\Controllers\Monitoring.php on line 21.
 1 APPPATH\Controllers\Monitoring.php(21): CodeIgniter\Debug\Exceptions->errorHandler(2, 'Undefined property: App\\Controllers\\Monitoring::$grafikMBaterai', 'APPPATH\\Controllers\\Monitoring.php', 21)
 2 SYSTEMPATH\CodeIgniter.php(934): App\Controllers\Monitoring->Bgrafik()
 3 SYSTEMPATH\CodeIgniter.php(499): CodeIgniter\CodeIgniter->runController(Object(App\Controllers\Monitoring))
 4 SYSTEMPATH\CodeIgniter.php(368): CodeIgniter\CodeIgniter->handleRequest(null, Object(Config\Cache), false)
 5 FCPATH\index.php(67): CodeIgniter\CodeIgniter->run()
 6 SYSTEMPATH\Commands\Server\rewrite.php(47): require_once('FCPATH\\index.php')
CRITICAL - 2023-05-07 10:02:44 --> Undefined property: App\Controllers\Monitoring::$grafikMBaterai
in APPPATH\Controllers\Monitoring.php on line 21.
 1 APPPATH\Controllers\Monitoring.php(21): CodeIgniter\Debug\Exceptions->errorHandler(2, 'Undefined property: App\\Controllers\\Monitoring::$grafikMBaterai', 'APPPATH\\Controllers\\Monitoring.php', 21)
 2 SYSTEMPATH\CodeIgniter.php(934): App\Controllers\Monitoring->Bgrafik()
 3 SYSTEMPATH\CodeIgniter.php(499): CodeIgniter\CodeIgniter->runController(Object(App\Controllers\Monitoring))
 4 SYSTEMPATH\CodeIgniter.php(368): CodeIgniter\CodeIgniter->handleRequest(null, Object(Config\Cache), false)
 5 FCPATH\index.php(67): CodeIgniter\CodeIgniter->run()
 6 SYSTEMPATH\Commands\Server\rewrite.php(47): require_once('FCPATH\\index.php')
CRITICAL - 2023-05-07 10:02:45 --> Undefined property: App\Controllers\Monitoring::$grafikMBaterai
in APPPATH\Controllers\Monitoring.php on line 21.
 1 APPPATH\Controllers\Monitoring.php(21): CodeIgniter\Debug\Exceptions->errorHandler(2, 'Undefined property: App\\Controllers\\Monitoring::$grafikMBaterai', 'APPPATH\\Controllers\\Monitoring.php', 21)
 2 SYSTEMPATH\CodeIgniter.php(934): App\Controllers\Monitoring->Bgrafik()
 3 SYSTEMPATH\CodeIgniter.php(499): CodeIgniter\CodeIgniter->runController(Object(App\Controllers\Monitoring))
 4 SYSTEMPATH\CodeIgniter.php(368): CodeIgniter\CodeIgniter->handleRequest(null, Object(Config\Cache), false)
 5 FCPATH\index.php(67): CodeIgniter\CodeIgniter->run()
 6 SYSTEMPATH\Commands\Server\rewrite.php(47): require_once('FCPATH\\index.php')
CRITICAL - 2023-05-07 10:03:56 --> Undefined property: App\Controllers\Monitoring::$grafikMBaterai
in APPPATH\Controllers\Monitoring.php on line 21.
 1 APPPATH\Controllers\Monitoring.php(21): CodeIgniter\Debug\Exceptions->errorHandler(2, 'Undefined property: App\\Controllers\\Monitoring::$grafikMBaterai', 'APPPATH\\Controllers\\Monitoring.php', 21)
 2 SYSTEMPATH\CodeIgniter.php(934): App\Controllers\Monitoring->Bgrafik()
 3 SYSTEMPATH\CodeIgniter.php(499): CodeIgniter\CodeIgniter->runController(Object(App\Controllers\Monitoring))
 4 SYSTEMPATH\CodeIgniter.php(368): CodeIgniter\CodeIgniter->handleRequest(null, Object(Config\Cache), false)
 5 FCPATH\index.php(67): CodeIgniter\CodeIgniter->run()
 6 SYSTEMPATH\Commands\Server\rewrite.php(47): require_once('FCPATH\\index.php')
CRITICAL - 2023-05-07 10:03:57 --> Undefined property: App\Controllers\Monitoring::$grafikMBaterai
in APPPATH\Controllers\Monitoring.php on line 21.
 1 APPPATH\Controllers\Monitoring.php(21): CodeIgniter\Debug\Exceptions->errorHandler(2, 'Undefined property: App\\Controllers\\Monitoring::$grafikMBaterai', 'APPPATH\\Controllers\\Monitoring.php', 21)
 2 SYSTEMPATH\CodeIgniter.php(934): App\Controllers\Monitoring->Bgrafik()
 3 SYSTEMPATH\CodeIgniter.php(499): CodeIgniter\CodeIgniter->runController(Object(App\Controllers\Monitoring))
 4 SYSTEMPATH\CodeIgniter.php(368): CodeIgniter\CodeIgniter->handleRequest(null, Object(Config\Cache), false)
 5 FCPATH\index.php(67): CodeIgniter\CodeIgniter->run()
 6 SYSTEMPATH\Commands\Server\rewrite.php(47): require_once('FCPATH\\index.php')
CRITICAL - 2023-05-07 10:03:58 --> Undefined property: App\Controllers\Monitoring::$grafikMBaterai
in APPPATH\Controllers\Monitoring.php on line 21.
 1 APPPATH\Controllers\Monitoring.php(21): CodeIgniter\Debug\Exceptions->errorHandler(2, 'Undefined property: App\\Controllers\\Monitoring::$grafikMBaterai', 'APPPATH\\Controllers\\Monitoring.php', 21)
 2 SYSTEMPATH\CodeIgniter.php(934): App\Controllers\Monitoring->Bgrafik()
 3 SYSTEMPATH\CodeIgniter.php(499): CodeIgniter\CodeIgniter->runController(Object(App\Controllers\Monitoring))
 4 SYSTEMPATH\CodeIgniter.php(368): CodeIgniter\CodeIgniter->handleRequest(null, Object(Config\Cache), false)
 5 FCPATH\index.php(67): CodeIgniter\CodeIgniter->run()
 6 SYSTEMPATH\Commands\Server\rewrite.php(47): require_once('FCPATH\\index.php')
CRITICAL - 2023-05-07 10:03:58 --> Undefined property: App\Controllers\Monitoring::$grafikMBaterai
in APPPATH\Controllers\Monitoring.php on line 21.
 1 APPPATH\Controllers\Monitoring.php(21): CodeIgniter\Debug\Exceptions->errorHandler(2, 'Undefined property: App\\Controllers\\Monitoring::$grafikMBaterai', 'APPPATH\\Controllers\\Monitoring.php', 21)
 2 SYSTEMPATH\CodeIgniter.php(934): App\Controllers\Monitoring->Bgrafik()
 3 SYSTEMPATH\CodeIgniter.php(499): CodeIgniter\CodeIgniter->runController(Object(App\Controllers\Monitoring))
 4 SYSTEMPATH\CodeIgniter.php(368): CodeIgniter\CodeIgniter->handleRequest(null, Object(Config\Cache), false)
 5 FCPATH\index.php(67): CodeIgniter\CodeIgniter->run()
 6 SYSTEMPATH\Commands\Server\rewrite.php(47): require_once('FCPATH\\index.php')
CRITICAL - 2023-05-07 10:03:58 --> Undefined property: App\Controllers\Monitoring::$grafikMBaterai
in APPPATH\Controllers\Monitoring.php on line 21.
 1 APPPATH\Controllers\Monitoring.php(21): CodeIgniter\Debug\Exceptions->errorHandler(2, 'Undefined property: App\\Controllers\\Monitoring::$grafikMBaterai', 'APPPATH\\Controllers\\Monitoring.php', 21)
 2 SYSTEMPATH\CodeIgniter.php(934): App\Controllers\Monitoring->Bgrafik()
 3 SYSTEMPATH\CodeIgniter.php(499): CodeIgniter\CodeIgniter->runController(Object(App\Controllers\Monitoring))
 4 SYSTEMPATH\CodeIgniter.php(368): CodeIgniter\CodeIgniter->handleRequest(null, Object(Config\Cache), false)
 5 FCPATH\index.php(67): CodeIgniter\CodeIgniter->run()
 6 SYSTEMPATH\Commands\Server\rewrite.php(47): require_once('FCPATH\\index.php')
CRITICAL - 2023-05-07 10:30:21 --> Undefined property: App\Controllers\Monitoring::$bateraiModel
in APPPATH\Controllers\Monitoring.php on line 26.
 1 APPPATH\Controllers\Monitoring.php(26): CodeIgniter\Debug\Exceptions->errorHandler(2, 'Undefined property: App\\Controllers\\Monitoring::$bateraiModel', 'APPPATH\\Controllers\\Monitoring.php', 26)
 2 SYSTEMPATH\CodeIgniter.php(934): App\Controllers\Monitoring->Bgrafik()
 3 SYSTEMPATH\CodeIgniter.php(499): CodeIgniter\CodeIgniter->runController(Object(App\Controllers\Monitoring))
 4 SYSTEMPATH\CodeIgniter.php(368): CodeIgniter\CodeIgniter->handleRequest(null, Object(Config\Cache), false)
 5 FCPATH\index.php(67): CodeIgniter\CodeIgniter->run()
 6 SYSTEMPATH\Commands\Server\rewrite.php(47): require_once('FCPATH\\index.php')
CRITICAL - 2023-05-07 10:30:22 --> Undefined property: App\Controllers\Monitoring::$bateraiModel
in APPPATH\Controllers\Monitoring.php on line 26.
 1 APPPATH\Controllers\Monitoring.php(26): CodeIgniter\Debug\Exceptions->errorHandler(2, 'Undefined property: App\\Controllers\\Monitoring::$bateraiModel', 'APPPATH\\Controllers\\Monitoring.php', 26)
 2 SYSTEMPATH\CodeIgniter.php(934): App\Controllers\Monitoring->Bgrafik()
 3 SYSTEMPATH\CodeIgniter.php(499): CodeIgniter\CodeIgniter->runController(Object(App\Controllers\Monitoring))
 4 SYSTEMPATH\CodeIgniter.php(368): CodeIgniter\CodeIgniter->handleRequest(null, Object(Config\Cache), false)
 5 FCPATH\index.php(67): CodeIgniter\CodeIgniter->run()
 6 SYSTEMPATH\Commands\Server\rewrite.php(47): require_once('FCPATH\\index.php')
CRITICAL - 2023-05-07 10:30:23 --> Undefined property: App\Controllers\Monitoring::$bateraiModel
in APPPATH\Controllers\Monitoring.php on line 26.
 1 APPPATH\Controllers\Monitoring.php(26): CodeIgniter\Debug\Exceptions->errorHandler(2, 'Undefined property: App\\Controllers\\Monitoring::$bateraiModel', 'APPPATH\\Controllers\\Monitoring.php', 26)
 2 SYSTEMPATH\CodeIgniter.php(934): App\Controllers\Monitoring->Bgrafik()
 3 SYSTEMPATH\CodeIgniter.php(499): CodeIgniter\CodeIgniter->runController(Object(App\Controllers\Monitoring))
 4 SYSTEMPATH\CodeIgniter.php(368): CodeIgniter\CodeIgniter->handleRequest(null, Object(Config\Cache), false)
 5 FCPATH\index.php(67): CodeIgniter\CodeIgniter->run()
 6 SYSTEMPATH\Commands\Server\rewrite.php(47): require_once('FCPATH\\index.php')
CRITICAL - 2023-05-07 10:30:23 --> Undefined property: App\Controllers\Monitoring::$bateraiModel
in APPPATH\Controllers\Monitoring.php on line 26.
 1 APPPATH\Controllers\Monitoring.php(26): CodeIgniter\Debug\Exceptions->errorHandler(2, 'Undefined property: App\\Controllers\\Monitoring::$bateraiModel', 'APPPATH\\Controllers\\Monitoring.php', 26)
 2 SYSTEMPATH\CodeIgniter.php(934): App\Controllers\Monitoring->Bgrafik()
 3 SYSTEMPATH\CodeIgniter.php(499): CodeIgniter\CodeIgniter->runController(Object(App\Controllers\Monitoring))
 4 SYSTEMPATH\CodeIgniter.php(368): CodeIgniter\CodeIgniter->handleRequest(null, Object(Config\Cache), false)
 5 FCPATH\index.php(67): CodeIgniter\CodeIgniter->run()
 6 SYSTEMPATH\Commands\Server\rewrite.php(47): require_once('FCPATH\\index.php')
CRITICAL - 2023-05-07 10:30:24 --> Undefined property: App\Controllers\Monitoring::$bateraiModel
in APPPATH\Controllers\Monitoring.php on line 26.
 1 APPPATH\Controllers\Monitoring.php(26): CodeIgniter\Debug\Exceptions->errorHandler(2, 'Undefined property: App\\Controllers\\Monitoring::$bateraiModel', 'APPPATH\\Controllers\\Monitoring.php', 26)
 2 SYSTEMPATH\CodeIgniter.php(934): App\Controllers\Monitoring->Bgrafik()
 3 SYSTEMPATH\CodeIgniter.php(499): CodeIgniter\CodeIgniter->runController(Object(App\Controllers\Monitoring))
 4 SYSTEMPATH\CodeIgniter.php(368): CodeIgniter\CodeIgniter->handleRequest(null, Object(Config\Cache), false)
 5 FCPATH\index.php(67): CodeIgniter\CodeIgniter->run()
 6 SYSTEMPATH\Commands\Server\rewrite.php(47): require_once('FCPATH\\index.php')
CRITICAL - 2023-05-07 10:30:24 --> Undefined property: App\Controllers\Monitoring::$bateraiModel
in APPPATH\Controllers\Monitoring.php on line 26.
 1 APPPATH\Controllers\Monitoring.php(26): CodeIgniter\Debug\Exceptions->errorHandler(2, 'Undefined property: App\\Controllers\\Monitoring::$bateraiModel', 'APPPATH\\Controllers\\Monitoring.php', 26)
 2 SYSTEMPATH\CodeIgniter.php(934): App\Controllers\Monitoring->Bgrafik()
 3 SYSTEMPATH\CodeIgniter.php(499): CodeIgniter\CodeIgniter->runController(Object(App\Controllers\Monitoring))
 4 SYSTEMPATH\CodeIgniter.php(368): CodeIgniter\CodeIgniter->handleRequest(null, Object(Config\Cache), false)
 5 FCPATH\index.php(67): CodeIgniter\CodeIgniter->run()
 6 SYSTEMPATH\Commands\Server\rewrite.php(47): require_once('FCPATH\\index.php')
CRITICAL - 2023-05-07 10:30:25 --> Undefined property: App\Controllers\Monitoring::$bateraiModel
in APPPATH\Controllers\Monitoring.php on line 26.
 1 APPPATH\Controllers\Monitoring.php(26): CodeIgniter\Debug\Exceptions->errorHandler(2, 'Undefined property: App\\Controllers\\Monitoring::$bateraiModel', 'APPPATH\\Controllers\\Monitoring.php', 26)
 2 SYSTEMPATH\CodeIgniter.php(934): App\Controllers\Monitoring->Bgrafik()
 3 SYSTEMPATH\CodeIgniter.php(499): CodeIgniter\CodeIgniter->runController(Object(App\Controllers\Monitoring))
 4 SYSTEMPATH\CodeIgniter.php(368): CodeIgniter\CodeIgniter->handleRequest(null, Object(Config\Cache), false)
 5 FCPATH\index.php(67): CodeIgniter\CodeIgniter->run()
 6 SYSTEMPATH\Commands\Server\rewrite.php(47): require_once('FCPATH\\index.php')
CRITICAL - 2023-05-07 10:30:25 --> Undefined property: App\Controllers\Monitoring::$bateraiModel
in APPPATH\Controllers\Monitoring.php on line 26.
 1 APPPATH\Controllers\Monitoring.php(26): CodeIgniter\Debug\Exceptions->errorHandler(2, 'Undefined property: App\\Controllers\\Monitoring::$bateraiModel', 'APPPATH\\Controllers\\Monitoring.php', 26)
 2 SYSTEMPATH\CodeIgniter.php(934): App\Controllers\Monitoring->Bgrafik()
 3 SYSTEMPATH\CodeIgniter.php(499): CodeIgniter\CodeIgniter->runController(Object(App\Controllers\Monitoring))
 4 SYSTEMPATH\CodeIgniter.php(368): CodeIgniter\CodeIgniter->handleRequest(null, Object(Config\Cache), false)
 5 FCPATH\index.php(67): CodeIgniter\CodeIgniter->run()
 6 SYSTEMPATH\Commands\Server\rewrite.php(47): require_once('FCPATH\\index.php')
CRITICAL - 2023-05-07 10:31:22 --> Call to undefined function App\Models\find()
in APPPATH\Models\BateraiModel.php on line 16.
 1 APPPATH\Controllers\Monitoring.php(26): App\Models\BateraiModel->getBtr()
 2 SYSTEMPATH\CodeIgniter.php(934): App\Controllers\Monitoring->Bgrafik()
 3 SYSTEMPATH\CodeIgniter.php(499): CodeIgniter\CodeIgniter->runController(Object(App\Controllers\Monitoring))
 4 SYSTEMPATH\CodeIgniter.php(368): CodeIgniter\CodeIgniter->handleRequest(null, Object(Config\Cache), false)
 5 FCPATH\index.php(67): CodeIgniter\CodeIgniter->run()
 6 SYSTEMPATH\Commands\Server\rewrite.php(47): require_once('FCPATH\\index.php')
CRITICAL - 2023-05-07 10:31:23 --> Call to undefined function App\Models\find()
in APPPATH\Models\BateraiModel.php on line 16.
 1 APPPATH\Controllers\Monitoring.php(26): App\Models\BateraiModel->getBtr()
 2 SYSTEMPATH\CodeIgniter.php(934): App\Controllers\Monitoring->Bgrafik()
 3 SYSTEMPATH\CodeIgniter.php(499): CodeIgniter\CodeIgniter->runController(Object(App\Controllers\Monitoring))
 4 SYSTEMPATH\CodeIgniter.php(368): CodeIgniter\CodeIgniter->handleRequest(null, Object(Config\Cache), false)
 5 FCPATH\index.php(67): CodeIgniter\CodeIgniter->run()
 6 SYSTEMPATH\Commands\Server\rewrite.php(47): require_once('FCPATH\\index.php')
CRITICAL - 2023-05-07 10:32:18 --> Call to undefined function App\Models\find()
in APPPATH\Models\BateraiModel.php on line 16.
 1 APPPATH\Controllers\Monitoring.php(26): App\Models\BateraiModel->getBtr()
 2 SYSTEMPATH\CodeIgniter.php(934): App\Controllers\Monitoring->Bgrafik()
 3 SYSTEMPATH\CodeIgniter.php(499): CodeIgniter\CodeIgniter->runController(Object(App\Controllers\Monitoring))
 4 SYSTEMPATH\CodeIgniter.php(368): CodeIgniter\CodeIgniter->handleRequest(null, Object(Config\Cache), false)
 5 FCPATH\index.php(67): CodeIgniter\CodeIgniter->run()
 6 SYSTEMPATH\Commands\Server\rewrite.php(47): require_once('FCPATH\\index.php')
CRITICAL - 2023-05-07 10:32:27 --> Call to undefined function App\Models\find()
in APPPATH\Models\BateraiModel.php on line 16.
 1 APPPATH\Controllers\Monitoring.php(26): App\Models\BateraiModel->getBtr()
 2 SYSTEMPATH\CodeIgniter.php(934): App\Controllers\Monitoring->Bgrafik()
 3 SYSTEMPATH\CodeIgniter.php(499): CodeIgniter\CodeIgniter->runController(Object(App\Controllers\Monitoring))
 4 SYSTEMPATH\CodeIgniter.php(368): CodeIgniter\CodeIgniter->handleRequest(null, Object(Config\Cache), false)
 5 FCPATH\index.php(67): CodeIgniter\CodeIgniter->run()
 6 SYSTEMPATH\Commands\Server\rewrite.php(47): require_once('FCPATH\\index.php')
CRITICAL - 2023-05-07 10:32:28 --> Call to undefined function App\Models\find()
in APPPATH\Models\BateraiModel.php on line 16.
 1 APPPATH\Controllers\Monitoring.php(26): App\Models\BateraiModel->getBtr()
 2 SYSTEMPATH\CodeIgniter.php(934): App\Controllers\Monitoring->Bgrafik()
 3 SYSTEMPATH\CodeIgniter.php(499): CodeIgniter\CodeIgniter->runController(Object(App\Controllers\Monitoring))
 4 SYSTEMPATH\CodeIgniter.php(368): CodeIgniter\CodeIgniter->handleRequest(null, Object(Config\Cache), false)
 5 FCPATH\index.php(67): CodeIgniter\CodeIgniter->run()
 6 SYSTEMPATH\Commands\Server\rewrite.php(47): require_once('FCPATH\\index.php')
CRITICAL - 2023-05-07 10:32:28 --> Call to undefined function App\Models\find()
in APPPATH\Models\BateraiModel.php on line 16.
 1 APPPATH\Controllers\Monitoring.php(26): App\Models\BateraiModel->getBtr()
 2 SYSTEMPATH\CodeIgniter.php(934): App\Controllers\Monitoring->Bgrafik()
 3 SYSTEMPATH\CodeIgniter.php(499): CodeIgniter\CodeIgniter->runController(Object(App\Controllers\Monitoring))
 4 SYSTEMPATH\CodeIgniter.php(368): CodeIgniter\CodeIgniter->handleRequest(null, Object(Config\Cache), false)
 5 FCPATH\index.php(67): CodeIgniter\CodeIgniter->run()
 6 SYSTEMPATH\Commands\Server\rewrite.php(47): require_once('FCPATH\\index.php')
CRITICAL - 2023-05-07 10:32:28 --> Call to undefined function App\Models\find()
in APPPATH\Models\BateraiModel.php on line 16.
 1 APPPATH\Controllers\Monitoring.php(26): App\Models\BateraiModel->getBtr()
 2 SYSTEMPATH\CodeIgniter.php(934): App\Controllers\Monitoring->Bgrafik()
 3 SYSTEMPATH\CodeIgniter.php(499): CodeIgniter\CodeIgniter->runController(Object(App\Controllers\Monitoring))
 4 SYSTEMPATH\CodeIgniter.php(368): CodeIgniter\CodeIgniter->handleRequest(null, Object(Config\Cache), false)
 5 FCPATH\index.php(67): CodeIgniter\CodeIgniter->run()
 6 SYSTEMPATH\Commands\Server\rewrite.php(47): require_once('FCPATH\\index.php')
CRITICAL - 2023-05-07 10:32:29 --> Call to undefined function App\Models\find()
in APPPATH\Models\BateraiModel.php on line 16.
 1 APPPATH\Controllers\Monitoring.php(26): App\Models\BateraiModel->getBtr()
 2 SYSTEMPATH\CodeIgniter.php(934): App\Controllers\Monitoring->Bgrafik()
 3 SYSTEMPATH\CodeIgniter.php(499): CodeIgniter\CodeIgniter->runController(Object(App\Controllers\Monitoring))
 4 SYSTEMPATH\CodeIgniter.php(368): CodeIgniter\CodeIgniter->handleRequest(null, Object(Config\Cache), false)
 5 FCPATH\index.php(67): CodeIgniter\CodeIgniter->run()
 6 SYSTEMPATH\Commands\Server\rewrite.php(47): require_once('FCPATH\\index.php')
CRITICAL - 2023-05-07 10:32:29 --> Call to undefined function App\Models\find()
in APPPATH\Models\BateraiModel.php on line 16.
 1 APPPATH\Controllers\Monitoring.php(26): App\Models\BateraiModel->getBtr()
 2 SYSTEMPATH\CodeIgniter.php(934): App\Controllers\Monitoring->Bgrafik()
 3 SYSTEMPATH\CodeIgniter.php(499): CodeIgniter\CodeIgniter->runController(Object(App\Controllers\Monitoring))
 4 SYSTEMPATH\CodeIgniter.php(368): CodeIgniter\CodeIgniter->handleRequest(null, Object(Config\Cache), false)
 5 FCPATH\index.php(67): CodeIgniter\CodeIgniter->run()
 6 SYSTEMPATH\Commands\Server\rewrite.php(47): require_once('FCPATH\\index.php')
CRITICAL - 2023-05-07 10:32:30 --> Call to undefined function App\Models\find()
in APPPATH\Models\BateraiModel.php on line 16.
 1 APPPATH\Controllers\Monitoring.php(26): App\Models\BateraiModel->getBtr()
 2 SYSTEMPATH\CodeIgniter.php(934): App\Controllers\Monitoring->Bgrafik()
 3 SYSTEMPATH\CodeIgniter.php(499): CodeIgniter\CodeIgniter->runController(Object(App\Controllers\Monitoring))
 4 SYSTEMPATH\CodeIgniter.php(368): CodeIgniter\CodeIgniter->handleRequest(null, Object(Config\Cache), false)
 5 FCPATH\index.php(67): CodeIgniter\CodeIgniter->run()
 6 SYSTEMPATH\Commands\Server\rewrite.php(47): require_once('FCPATH\\index.php')
CRITICAL - 2023-05-07 10:32:30 --> Call to undefined function App\Models\find()
in APPPATH\Models\BateraiModel.php on line 16.
 1 APPPATH\Controllers\Monitoring.php(26): App\Models\BateraiModel->getBtr()
 2 SYSTEMPATH\CodeIgniter.php(934): App\Controllers\Monitoring->Bgrafik()
 3 SYSTEMPATH\CodeIgniter.php(499): CodeIgniter\CodeIgniter->runController(Object(App\Controllers\Monitoring))
 4 SYSTEMPATH\CodeIgniter.php(368): CodeIgniter\CodeIgniter->handleRequest(null, Object(Config\Cache), false)
 5 FCPATH\index.php(67): CodeIgniter\CodeIgniter->run()
 6 SYSTEMPATH\Commands\Server\rewrite.php(47): require_once('FCPATH\\index.php')
CRITICAL - 2023-05-07 10:32:45 --> Unsupported operand types: App\Models\BateraiModel - array
in APPPATH\Models\BateraiModel.php on line 16.
 1 APPPATH\Controllers\Monitoring.php(26): App\Models\BateraiModel->getBtr()
 2 SYSTEMPATH\CodeIgniter.php(934): App\Controllers\Monitoring->Bgrafik()
 3 SYSTEMPATH\CodeIgniter.php(499): CodeIgniter\CodeIgniter->runController(Object(App\Controllers\Monitoring))
 4 SYSTEMPATH\CodeIgniter.php(368): CodeIgniter\CodeIgniter->handleRequest(null, Object(Config\Cache), false)
 5 FCPATH\index.php(67): CodeIgniter\CodeIgniter->run()
 6 SYSTEMPATH\Commands\Server\rewrite.php(47): require_once('FCPATH\\index.php')
CRITICAL - 2023-05-07 10:32:46 --> Unsupported operand types: App\Models\BateraiModel - array
in APPPATH\Models\BateraiModel.php on line 16.
 1 APPPATH\Controllers\Monitoring.php(26): App\Models\BateraiModel->getBtr()
 2 SYSTEMPATH\CodeIgniter.php(934): App\Controllers\Monitoring->Bgrafik()
 3 SYSTEMPATH\CodeIgniter.php(499): CodeIgniter\CodeIgniter->runController(Object(App\Controllers\Monitoring))
 4 SYSTEMPATH\CodeIgniter.php(368): CodeIgniter\CodeIgniter->handleRequest(null, Object(Config\Cache), false)
 5 FCPATH\index.php(67): CodeIgniter\CodeIgniter->run()
 6 SYSTEMPATH\Commands\Server\rewrite.php(47): require_once('FCPATH\\index.php')
CRITICAL - 2023-05-07 10:32:47 --> Unsupported operand types: App\Models\BateraiModel - array
in APPPATH\Models\BateraiModel.php on line 16.
 1 APPPATH\Controllers\Monitoring.php(26): App\Models\BateraiModel->getBtr()
 2 SYSTEMPATH\CodeIgniter.php(934): App\Controllers\Monitoring->Bgrafik()
 3 SYSTEMPATH\CodeIgniter.php(499): CodeIgniter\CodeIgniter->runController(Object(App\Controllers\Monitoring))
 4 SYSTEMPATH\CodeIgniter.php(368): CodeIgniter\CodeIgniter->handleRequest(null, Object(Config\Cache), false)
 5 FCPATH\index.php(67): CodeIgniter\CodeIgniter->run()
 6 SYSTEMPATH\Commands\Server\rewrite.php(47): require_once('FCPATH\\index.php')
CRITICAL - 2023-05-07 10:32:47 --> Unsupported operand types: App\Models\BateraiModel - array
in APPPATH\Models\BateraiModel.php on line 16.
 1 APPPATH\Controllers\Monitoring.php(26): App\Models\BateraiModel->getBtr()
 2 SYSTEMPATH\CodeIgniter.php(934): App\Controllers\Monitoring->Bgrafik()
 3 SYSTEMPATH\CodeIgniter.php(499): CodeIgniter\CodeIgniter->runController(Object(App\Controllers\Monitoring))
 4 SYSTEMPATH\CodeIgniter.php(368): CodeIgniter\CodeIgniter->handleRequest(null, Object(Config\Cache), false)
 5 FCPATH\index.php(67): CodeIgniter\CodeIgniter->run()
 6 SYSTEMPATH\Commands\Server\rewrite.php(47): require_once('FCPATH\\index.php')
CRITICAL - 2023-05-07 10:32:48 --> Unsupported operand types: App\Models\BateraiModel - array
in APPPATH\Models\BateraiModel.php on line 16.
 1 APPPATH\Controllers\Monitoring.php(26): App\Models\BateraiModel->getBtr()
 2 SYSTEMPATH\CodeIgniter.php(934): App\Controllers\Monitoring->Bgrafik()
 3 SYSTEMPATH\CodeIgniter.php(499): CodeIgniter\CodeIgniter->runController(Object(App\Controllers\Monitoring))
 4 SYSTEMPATH\CodeIgniter.php(368): CodeIgniter\CodeIgniter->handleRequest(null, Object(Config\Cache), false)
 5 FCPATH\index.php(67): CodeIgniter\CodeIgniter->run()
 6 SYSTEMPATH\Commands\Server\rewrite.php(47): require_once('FCPATH\\index.php')
CRITICAL - 2023-05-07 10:33:07 --> Call to undefined function App\Models\find()
in APPPATH\Models\BateraiModel.php on line 16.
 1 APPPATH\Controllers\Monitoring.php(26): App\Models\BateraiModel->getBtr()
 2 SYSTEMPATH\CodeIgniter.php(934): App\Controllers\Monitoring->Bgrafik()
 3 SYSTEMPATH\CodeIgniter.php(499): CodeIgniter\CodeIgniter->runController(Object(App\Controllers\Monitoring))
 4 SYSTEMPATH\CodeIgniter.php(368): CodeIgniter\CodeIgniter->handleRequest(null, Object(Config\Cache), false)
 5 FCPATH\index.php(67): CodeIgniter\CodeIgniter->run()
 6 SYSTEMPATH\Commands\Server\rewrite.php(47): require_once('FCPATH\\index.php')
CRITICAL - 2023-05-07 10:33:55 --> Call to undefined function App\Models\find()
in APPPATH\Models\BateraiModel.php on line 16.
 1 APPPATH\Controllers\Monitoring.php(26): App\Models\BateraiModel->getBtr()
 2 SYSTEMPATH\CodeIgniter.php(934): App\Controllers\Monitoring->Bgrafik()
 3 SYSTEMPATH\CodeIgniter.php(499): CodeIgniter\CodeIgniter->runController(Object(App\Controllers\Monitoring))
 4 SYSTEMPATH\CodeIgniter.php(368): CodeIgniter\CodeIgniter->handleRequest(null, Object(Config\Cache), false)
 5 FCPATH\index.php(67): CodeIgniter\CodeIgniter->run()
 6 SYSTEMPATH\Commands\Server\rewrite.php(47): require_once('FCPATH\\index.php')
CRITICAL - 2023-05-07 10:35:35 --> Call to undefined method App\Models\BateraiModel::getData
in SYSTEMPATH\Model.php on line 842.
 1 APPPATH\Controllers\Monitoring.php(26): CodeIgniter\Model->__call('getData', [])
 2 SYSTEMPATH\CodeIgniter.php(934): App\Controllers\Monitoring->Bgrafik()
 3 SYSTEMPATH\CodeIgniter.php(499): CodeIgniter\CodeIgniter->runController(Object(App\Controllers\Monitoring))
 4 SYSTEMPATH\CodeIgniter.php(368): CodeIgniter\CodeIgniter->handleRequest(null, Object(Config\Cache), false)
 5 FCPATH\index.php(67): CodeIgniter\CodeIgniter->run()
 6 SYSTEMPATH\Commands\Server\rewrite.php(47): require_once('FCPATH\\index.php')
CRITICAL - 2023-05-07 10:35:43 --> Call to undefined method App\Models\BateraiModel::getData
in SYSTEMPATH\Model.php on line 842.
 1 APPPATH\Controllers\Monitoring.php(26): CodeIgniter\Model->__call('getData', [])
 2 SYSTEMPATH\CodeIgniter.php(934): App\Controllers\Monitoring->Bgrafik()
 3 SYSTEMPATH\CodeIgniter.php(499): CodeIgniter\CodeIgniter->runController(Object(App\Controllers\Monitoring))
 4 SYSTEMPATH\CodeIgniter.php(368): CodeIgniter\CodeIgniter->handleRequest(null, Object(Config\Cache), false)
 5 FCPATH\index.php(67): CodeIgniter\CodeIgniter->run()
 6 SYSTEMPATH\Commands\Server\rewrite.php(47): require_once('FCPATH\\index.php')
CRITICAL - 2023-05-07 10:35:49 --> Call to undefined function App\Models\find()
in APPPATH\Models\BateraiModel.php on line 16.
 1 APPPATH\Controllers\Monitoring.php(26): App\Models\BateraiModel->getData()
 2 SYSTEMPATH\CodeIgniter.php(934): App\Controllers\Monitoring->Bgrafik()
 3 SYSTEMPATH\CodeIgniter.php(499): CodeIgniter\CodeIgniter->runController(Object(App\Controllers\Monitoring))
 4 SYSTEMPATH\CodeIgniter.php(368): CodeIgniter\CodeIgniter->handleRequest(null, Object(Config\Cache), false)
 5 FCPATH\index.php(67): CodeIgniter\CodeIgniter->run()
 6 SYSTEMPATH\Commands\Server\rewrite.php(47): require_once('FCPATH\\index.php')
CRITICAL - 2023-05-07 10:37:01 --> Call to undefined function App\Models\find()
in APPPATH\Models\BateraiModel.php on line 16.
 1 APPPATH\Controllers\Monitoring.php(26): App\Models\BateraiModel->getData()
 2 SYSTEMPATH\CodeIgniter.php(934): App\Controllers\Monitoring->Bgrafik()
 3 SYSTEMPATH\CodeIgniter.php(499): CodeIgniter\CodeIgniter->runController(Object(App\Controllers\Monitoring))
 4 SYSTEMPATH\CodeIgniter.php(368): CodeIgniter\CodeIgniter->handleRequest(null, Object(Config\Cache), false)
 5 FCPATH\index.php(67): CodeIgniter\CodeIgniter->run()
 6 SYSTEMPATH\Commands\Server\rewrite.php(47): require_once('FCPATH\\index.php')
CRITICAL - 2023-05-07 10:37:02 --> Call to undefined function App\Models\find()
in APPPATH\Models\BateraiModel.php on line 16.
 1 APPPATH\Controllers\Monitoring.php(26): App\Models\BateraiModel->getData()
 2 SYSTEMPATH\CodeIgniter.php(934): App\Controllers\Monitoring->Bgrafik()
 3 SYSTEMPATH\CodeIgniter.php(499): CodeIgniter\CodeIgniter->runController(Object(App\Controllers\Monitoring))
 4 SYSTEMPATH\CodeIgniter.php(368): CodeIgniter\CodeIgniter->handleRequest(null, Object(Config\Cache), false)
 5 FCPATH\index.php(67): CodeIgniter\CodeIgniter->run()
 6 SYSTEMPATH\Commands\Server\rewrite.php(47): require_once('FCPATH\\index.php')
CRITICAL - 2023-05-07 10:37:03 --> Call to undefined function App\Models\find()
in APPPATH\Models\BateraiModel.php on line 16.
 1 APPPATH\Controllers\Monitoring.php(26): App\Models\BateraiModel->getData()
 2 SYSTEMPATH\CodeIgniter.php(934): App\Controllers\Monitoring->Bgrafik()
 3 SYSTEMPATH\CodeIgniter.php(499): CodeIgniter\CodeIgniter->runController(Object(App\Controllers\Monitoring))
 4 SYSTEMPATH\CodeIgniter.php(368): CodeIgniter\CodeIgniter->handleRequest(null, Object(Config\Cache), false)
 5 FCPATH\index.php(67): CodeIgniter\CodeIgniter->run()
 6 SYSTEMPATH\Commands\Server\rewrite.php(47): require_once('FCPATH\\index.php')
CRITICAL - 2023-05-07 10:37:03 --> Call to undefined function App\Models\find()
in APPPATH\Models\BateraiModel.php on line 16.
 1 APPPATH\Controllers\Monitoring.php(26): App\Models\BateraiModel->getData()
 2 SYSTEMPATH\CodeIgniter.php(934): App\Controllers\Monitoring->Bgrafik()
 3 SYSTEMPATH\CodeIgniter.php(499): CodeIgniter\CodeIgniter->runController(Object(App\Controllers\Monitoring))
 4 SYSTEMPATH\CodeIgniter.php(368): CodeIgniter\CodeIgniter->handleRequest(null, Object(Config\Cache), false)
 5 FCPATH\index.php(67): CodeIgniter\CodeIgniter->run()
 6 SYSTEMPATH\Commands\Server\rewrite.php(47): require_once('FCPATH\\index.php')
CRITICAL - 2023-05-07 10:48:05 --> Unclosed '{' on line 13
in APPPATH\Controllers\Monitoring.php on line 100.
 1 SYSTEMPATH\Router\Router.php(507): CodeIgniter\Router\AutoRouter->getRoute('monitoring/data_baterai')
 2 SYSTEMPATH\Router\Router.php(206): CodeIgniter\Router\Router->autoRoute('monitoring/data_baterai')
 3 SYSTEMPATH\CodeIgniter.php(815): CodeIgniter\Router\Router->handle('monitoring/data_baterai')
 4 SYSTEMPATH\CodeIgniter.php(449): CodeIgniter\CodeIgniter->tryToRouteIt(Object(CodeIgniter\Router\RouteCollection))
 5 SYSTEMPATH\CodeIgniter.php(368): CodeIgniter\CodeIgniter->handleRequest(null, Object(Config\Cache), false)
 6 FCPATH\index.php(67): CodeIgniter\CodeIgniter->run()
 7 SYSTEMPATH\Commands\Server\rewrite.php(47): require_once('FCPATH\\index.php')
CRITICAL - 2023-05-07 10:48:06 --> Unclosed '{' on line 13
in APPPATH\Controllers\Monitoring.php on line 100.
 1 SYSTEMPATH\Router\Router.php(507): CodeIgniter\Router\AutoRouter->getRoute('monitoring/data_baterai')
 2 SYSTEMPATH\Router\Router.php(206): CodeIgniter\Router\Router->autoRoute('monitoring/data_baterai')
 3 SYSTEMPATH\CodeIgniter.php(815): CodeIgniter\Router\Router->handle('monitoring/data_baterai')
 4 SYSTEMPATH\CodeIgniter.php(449): CodeIgniter\CodeIgniter->tryToRouteIt(Object(CodeIgniter\Router\RouteCollection))
 5 SYSTEMPATH\CodeIgniter.php(368): CodeIgniter\CodeIgniter->handleRequest(null, Object(Config\Cache), false)
 6 FCPATH\index.php(67): CodeIgniter\CodeIgniter->run()
 7 SYSTEMPATH\Commands\Server\rewrite.php(47): require_once('FCPATH\\index.php')
CRITICAL - 2023-05-07 10:48:07 --> Unclosed '{' on line 13
in APPPATH\Controllers\Monitoring.php on line 100.
 1 SYSTEMPATH\Router\Router.php(507): CodeIgniter\Router\AutoRouter->getRoute('monitoring/data_baterai')
 2 SYSTEMPATH\Router\Router.php(206): CodeIgniter\Router\Router->autoRoute('monitoring/data_baterai')
 3 SYSTEMPATH\CodeIgniter.php(815): CodeIgniter\Router\Router->handle('monitoring/data_baterai')
 4 SYSTEMPATH\CodeIgniter.php(449): CodeIgniter\CodeIgniter->tryToRouteIt(Object(CodeIgniter\Router\RouteCollection))
 5 SYSTEMPATH\CodeIgniter.php(368): CodeIgniter\CodeIgniter->handleRequest(null, Object(Config\Cache), false)
 6 FCPATH\index.php(67): CodeIgniter\CodeIgniter->run()
 7 SYSTEMPATH\Commands\Server\rewrite.php(47): require_once('FCPATH\\index.php')
CRITICAL - 2023-05-07 10:48:08 --> Unclosed '{' on line 13
in APPPATH\Controllers\Monitoring.php on line 100.
 1 SYSTEMPATH\Router\Router.php(507): CodeIgniter\Router\AutoRouter->getRoute('monitoring/data_baterai')
 2 SYSTEMPATH\Router\Router.php(206): CodeIgniter\Router\Router->autoRoute('monitoring/data_baterai')
 3 SYSTEMPATH\CodeIgniter.php(815): CodeIgniter\Router\Router->handle('monitoring/data_baterai')
 4 SYSTEMPATH\CodeIgniter.php(449): CodeIgniter\CodeIgniter->tryToRouteIt(Object(CodeIgniter\Router\RouteCollection))
 5 SYSTEMPATH\CodeIgniter.php(368): CodeIgniter\CodeIgniter->handleRequest(null, Object(Config\Cache), false)
 6 FCPATH\index.php(67): CodeIgniter\CodeIgniter->run()
 7 SYSTEMPATH\Commands\Server\rewrite.php(47): require_once('FCPATH\\index.php')
CRITICAL - 2023-05-07 10:48:09 --> Unclosed '{' on line 13
in APPPATH\Controllers\Monitoring.php on line 100.
 1 SYSTEMPATH\Router\Router.php(507): CodeIgniter\Router\AutoRouter->getRoute('monitoring/data_baterai')
 2 SYSTEMPATH\Router\Router.php(206): CodeIgniter\Router\Router->autoRoute('monitoring/data_baterai')
 3 SYSTEMPATH\CodeIgniter.php(815): CodeIgniter\Router\Router->handle('monitoring/data_baterai')
 4 SYSTEMPATH\CodeIgniter.php(449): CodeIgniter\CodeIgniter->tryToRouteIt(Object(CodeIgniter\Router\RouteCollection))
 5 SYSTEMPATH\CodeIgniter.php(368): CodeIgniter\CodeIgniter->handleRequest(null, Object(Config\Cache), false)
 6 FCPATH\index.php(67): CodeIgniter\CodeIgniter->run()
 7 SYSTEMPATH\Commands\Server\rewrite.php(47): require_once('FCPATH\\index.php')
CRITICAL - 2023-05-07 10:48:10 --> Unclosed '{' on line 13
in APPPATH\Controllers\Monitoring.php on line 100.
 1 SYSTEMPATH\Router\Router.php(507): CodeIgniter\Router\AutoRouter->getRoute('monitoring/data_baterai')
 2 SYSTEMPATH\Router\Router.php(206): CodeIgniter\Router\Router->autoRoute('monitoring/data_baterai')
 3 SYSTEMPATH\CodeIgniter.php(815): CodeIgniter\Router\Router->handle('monitoring/data_baterai')
 4 SYSTEMPATH\CodeIgniter.php(449): CodeIgniter\CodeIgniter->tryToRouteIt(Object(CodeIgniter\Router\RouteCollection))
 5 SYSTEMPATH\CodeIgniter.php(368): CodeIgniter\CodeIgniter->handleRequest(null, Object(Config\Cache), false)
 6 FCPATH\index.php(67): CodeIgniter\CodeIgniter->run()
 7 SYSTEMPATH\Commands\Server\rewrite.php(47): require_once('FCPATH\\index.php')
CRITICAL - 2023-05-07 10:48:11 --> Unclosed '{' on line 13
in APPPATH\Controllers\Monitoring.php on line 100.
 1 SYSTEMPATH\Router\Router.php(507): CodeIgniter\Router\AutoRouter->getRoute('monitoring/data_baterai')
 2 SYSTEMPATH\Router\Router.php(206): CodeIgniter\Router\Router->autoRoute('monitoring/data_baterai')
 3 SYSTEMPATH\CodeIgniter.php(815): CodeIgniter\Router\Router->handle('monitoring/data_baterai')
 4 SYSTEMPATH\CodeIgniter.php(449): CodeIgniter\CodeIgniter->tryToRouteIt(Object(CodeIgniter\Router\RouteCollection))
 5 SYSTEMPATH\CodeIgniter.php(368): CodeIgniter\CodeIgniter->handleRequest(null, Object(Config\Cache), false)
 6 FCPATH\index.php(67): CodeIgniter\CodeIgniter->run()
 7 SYSTEMPATH\Commands\Server\rewrite.php(47): require_once('FCPATH\\index.php')
CRITICAL - 2023-05-07 10:48:12 --> Unclosed '{' on line 13
in APPPATH\Controllers\Monitoring.php on line 100.
 1 SYSTEMPATH\Router\Router.php(507): CodeIgniter\Router\AutoRouter->getRoute('monitoring/data_baterai')
 2 SYSTEMPATH\Router\Router.php(206): CodeIgniter\Router\Router->autoRoute('monitoring/data_baterai')
 3 SYSTEMPATH\CodeIgniter.php(815): CodeIgniter\Router\Router->handle('monitoring/data_baterai')
 4 SYSTEMPATH\CodeIgniter.php(449): CodeIgniter\CodeIgniter->tryToRouteIt(Object(CodeIgniter\Router\RouteCollection))
 5 SYSTEMPATH\CodeIgniter.php(368): CodeIgniter\CodeIgniter->handleRequest(null, Object(Config\Cache), false)
 6 FCPATH\index.php(67): CodeIgniter\CodeIgniter->run()
 7 SYSTEMPATH\Commands\Server\rewrite.php(47): require_once('FCPATH\\index.php')
CRITICAL - 2023-05-07 10:48:13 --> Unclosed '{' on line 13
in APPPATH\Controllers\Monitoring.php on line 100.
 1 SYSTEMPATH\Router\Router.php(507): CodeIgniter\Router\AutoRouter->getRoute('monitoring/data_baterai')
 2 SYSTEMPATH\Router\Router.php(206): CodeIgniter\Router\Router->autoRoute('monitoring/data_baterai')
 3 SYSTEMPATH\CodeIgniter.php(815): CodeIgniter\Router\Router->handle('monitoring/data_baterai')
 4 SYSTEMPATH\CodeIgniter.php(449): CodeIgniter\CodeIgniter->tryToRouteIt(Object(CodeIgniter\Router\RouteCollection))
 5 SYSTEMPATH\CodeIgniter.php(368): CodeIgniter\CodeIgniter->handleRequest(null, Object(Config\Cache), false)
 6 FCPATH\index.php(67): CodeIgniter\CodeIgniter->run()
 7 SYSTEMPATH\Commands\Server\rewrite.php(47): require_once('FCPATH\\index.php')
CRITICAL - 2023-05-07 10:48:14 --> Unclosed '{' on line 13
in APPPATH\Controllers\Monitoring.php on line 100.
 1 SYSTEMPATH\Router\Router.php(507): CodeIgniter\Router\AutoRouter->getRoute('monitoring/data_baterai')
 2 SYSTEMPATH\Router\Router.php(206): CodeIgniter\Router\Router->autoRoute('monitoring/data_baterai')
 3 SYSTEMPATH\CodeIgniter.php(815): CodeIgniter\Router\Router->handle('monitoring/data_baterai')
 4 SYSTEMPATH\CodeIgniter.php(449): CodeIgniter\CodeIgniter->tryToRouteIt(Object(CodeIgniter\Router\RouteCollection))
 5 SYSTEMPATH\CodeIgniter.php(368): CodeIgniter\CodeIgniter->handleRequest(null, Object(Config\Cache), false)
 6 FCPATH\index.php(67): CodeIgniter\CodeIgniter->run()
 7 SYSTEMPATH\Commands\Server\rewrite.php(47): require_once('FCPATH\\index.php')
CRITICAL - 2023-05-07 10:48:15 --> Unclosed '{' on line 13
in APPPATH\Controllers\Monitoring.php on line 100.
 1 SYSTEMPATH\Router\Router.php(507): CodeIgniter\Router\AutoRouter->getRoute('monitoring/data_baterai')
 2 SYSTEMPATH\Router\Router.php(206): CodeIgniter\Router\Router->autoRoute('monitoring/data_baterai')
 3 SYSTEMPATH\CodeIgniter.php(815): CodeIgniter\Router\Router->handle('monitoring/data_baterai')
 4 SYSTEMPATH\CodeIgniter.php(449): CodeIgniter\CodeIgniter->tryToRouteIt(Object(CodeIgniter\Router\RouteCollection))
 5 SYSTEMPATH\CodeIgniter.php(368): CodeIgniter\CodeIgniter->handleRequest(null, Object(Config\Cache), false)
 6 FCPATH\index.php(67): CodeIgniter\CodeIgniter->run()
 7 SYSTEMPATH\Commands\Server\rewrite.php(47): require_once('FCPATH\\index.php')
CRITICAL - 2023-05-07 10:48:16 --> Unclosed '{' on line 13
in APPPATH\Controllers\Monitoring.php on line 100.
 1 SYSTEMPATH\Router\Router.php(507): CodeIgniter\Router\AutoRouter->getRoute('monitoring/data_baterai')
 2 SYSTEMPATH\Router\Router.php(206): CodeIgniter\Router\Router->autoRoute('monitoring/data_baterai')
 3 SYSTEMPATH\CodeIgniter.php(815): CodeIgniter\Router\Router->handle('monitoring/data_baterai')
 4 SYSTEMPATH\CodeIgniter.php(449): CodeIgniter\CodeIgniter->tryToRouteIt(Object(CodeIgniter\Router\RouteCollection))
 5 SYSTEMPATH\CodeIgniter.php(368): CodeIgniter\CodeIgniter->handleRequest(null, Object(Config\Cache), false)
 6 FCPATH\index.php(67): CodeIgniter\CodeIgniter->run()
 7 SYSTEMPATH\Commands\Server\rewrite.php(47): require_once('FCPATH\\index.php')
CRITICAL - 2023-05-07 10:48:17 --> Unclosed '{' on line 13
in APPPATH\Controllers\Monitoring.php on line 100.
 1 SYSTEMPATH\Router\Router.php(507): CodeIgniter\Router\AutoRouter->getRoute('monitoring/data_baterai')
 2 SYSTEMPATH\Router\Router.php(206): CodeIgniter\Router\Router->autoRoute('monitoring/data_baterai')
 3 SYSTEMPATH\CodeIgniter.php(815): CodeIgniter\Router\Router->handle('monitoring/data_baterai')
 4 SYSTEMPATH\CodeIgniter.php(449): CodeIgniter\CodeIgniter->tryToRouteIt(Object(CodeIgniter\Router\RouteCollection))
 5 SYSTEMPATH\CodeIgniter.php(368): CodeIgniter\CodeIgniter->handleRequest(null, Object(Config\Cache), false)
 6 FCPATH\index.php(67): CodeIgniter\CodeIgniter->run()
 7 SYSTEMPATH\Commands\Server\rewrite.php(47): require_once('FCPATH\\index.php')
CRITICAL - 2023-05-07 10:48:18 --> Unclosed '{' on line 13
in APPPATH\Controllers\Monitoring.php on line 100.
 1 SYSTEMPATH\Router\Router.php(507): CodeIgniter\Router\AutoRouter->getRoute('monitoring/data_baterai')
 2 SYSTEMPATH\Router\Router.php(206): CodeIgniter\Router\Router->autoRoute('monitoring/data_baterai')
 3 SYSTEMPATH\CodeIgniter.php(815): CodeIgniter\Router\Router->handle('monitoring/data_baterai')
 4 SYSTEMPATH\CodeIgniter.php(449): CodeIgniter\CodeIgniter->tryToRouteIt(Object(CodeIgniter\Router\RouteCollection))
 5 SYSTEMPATH\CodeIgniter.php(368): CodeIgniter\CodeIgniter->handleRequest(null, Object(Config\Cache), false)
 6 FCPATH\index.php(67): CodeIgniter\CodeIgniter->run()
 7 SYSTEMPATH\Commands\Server\rewrite.php(47): require_once('FCPATH\\index.php')
CRITICAL - 2023-05-07 10:48:19 --> Unclosed '{' on line 13
in APPPATH\Controllers\Monitoring.php on line 100.
 1 SYSTEMPATH\Router\Router.php(507): CodeIgniter\Router\AutoRouter->getRoute('monitoring/data_baterai')
 2 SYSTEMPATH\Router\Router.php(206): CodeIgniter\Router\Router->autoRoute('monitoring/data_baterai')
 3 SYSTEMPATH\CodeIgniter.php(815): CodeIgniter\Router\Router->handle('monitoring/data_baterai')
 4 SYSTEMPATH\CodeIgniter.php(449): CodeIgniter\CodeIgniter->tryToRouteIt(Object(CodeIgniter\Router\RouteCollection))
 5 SYSTEMPATH\CodeIgniter.php(368): CodeIgniter\CodeIgniter->handleRequest(null, Object(Config\Cache), false)
 6 FCPATH\index.php(67): CodeIgniter\CodeIgniter->run()
 7 SYSTEMPATH\Commands\Server\rewrite.php(47): require_once('FCPATH\\index.php')
CRITICAL - 2023-05-07 10:48:20 --> Unclosed '{' on line 13
in APPPATH\Controllers\Monitoring.php on line 100.
 1 SYSTEMPATH\Router\Router.php(507): CodeIgniter\Router\AutoRouter->getRoute('monitoring/data_baterai')
 2 SYSTEMPATH\Router\Router.php(206): CodeIgniter\Router\Router->autoRoute('monitoring/data_baterai')
 3 SYSTEMPATH\CodeIgniter.php(815): CodeIgniter\Router\Router->handle('monitoring/data_baterai')
 4 SYSTEMPATH\CodeIgniter.php(449): CodeIgniter\CodeIgniter->tryToRouteIt(Object(CodeIgniter\Router\RouteCollection))
 5 SYSTEMPATH\CodeIgniter.php(368): CodeIgniter\CodeIgniter->handleRequest(null, Object(Config\Cache), false)
 6 FCPATH\index.php(67): CodeIgniter\CodeIgniter->run()
 7 SYSTEMPATH\Commands\Server\rewrite.php(47): require_once('FCPATH\\index.php')
CRITICAL - 2023-05-07 10:48:21 --> Unclosed '{' on line 13
in APPPATH\Controllers\Monitoring.php on line 100.
 1 SYSTEMPATH\Router\Router.php(507): CodeIgniter\Router\AutoRouter->getRoute('monitoring/data_baterai')
 2 SYSTEMPATH\Router\Router.php(206): CodeIgniter\Router\Router->autoRoute('monitoring/data_baterai')
 3 SYSTEMPATH\CodeIgniter.php(815): CodeIgniter\Router\Router->handle('monitoring/data_baterai')
 4 SYSTEMPATH\CodeIgniter.php(449): CodeIgniter\CodeIgniter->tryToRouteIt(Object(CodeIgniter\Router\RouteCollection))
 5 SYSTEMPATH\CodeIgniter.php(368): CodeIgniter\CodeIgniter->handleRequest(null, Object(Config\Cache), false)
 6 FCPATH\index.php(67): CodeIgniter\CodeIgniter->run()
 7 SYSTEMPATH\Commands\Server\rewrite.php(47): require_once('FCPATH\\index.php')
CRITICAL - 2023-05-07 10:48:22 --> Unclosed '{' on line 13
in APPPATH\Controllers\Monitoring.php on line 100.
 1 SYSTEMPATH\Router\Router.php(507): CodeIgniter\Router\AutoRouter->getRoute('monitoring/data_baterai')
 2 SYSTEMPATH\Router\Router.php(206): CodeIgniter\Router\Router->autoRoute('monitoring/data_baterai')
 3 SYSTEMPATH\CodeIgniter.php(815): CodeIgniter\Router\Router->handle('monitoring/data_baterai')
 4 SYSTEMPATH\CodeIgniter.php(449): CodeIgniter\CodeIgniter->tryToRouteIt(Object(CodeIgniter\Router\RouteCollection))
 5 SYSTEMPATH\CodeIgniter.php(368): CodeIgniter\CodeIgniter->handleRequest(null, Object(Config\Cache), false)
 6 FCPATH\index.php(67): CodeIgniter\CodeIgniter->run()
 7 SYSTEMPATH\Commands\Server\rewrite.php(47): require_once('FCPATH\\index.php')
CRITICAL - 2023-05-07 10:48:23 --> Unclosed '{' on line 13
in APPPATH\Controllers\Monitoring.php on line 100.
 1 SYSTEMPATH\Router\Router.php(507): CodeIgniter\Router\AutoRouter->getRoute('monitoring/data_baterai')
 2 SYSTEMPATH\Router\Router.php(206): CodeIgniter\Router\Router->autoRoute('monitoring/data_baterai')
 3 SYSTEMPATH\CodeIgniter.php(815): CodeIgniter\Router\Router->handle('monitoring/data_baterai')
 4 SYSTEMPATH\CodeIgniter.php(449): CodeIgniter\CodeIgniter->tryToRouteIt(Object(CodeIgniter\Router\RouteCollection))
 5 SYSTEMPATH\CodeIgniter.php(368): CodeIgniter\CodeIgniter->handleRequest(null, Object(Config\Cache), false)
 6 FCPATH\index.php(67): CodeIgniter\CodeIgniter->run()
 7 SYSTEMPATH\Commands\Server\rewrite.php(47): require_once('FCPATH\\index.php')
CRITICAL - 2023-05-07 10:48:24 --> Unclosed '{' on line 13
in APPPATH\Controllers\Monitoring.php on line 100.
 1 SYSTEMPATH\Router\Router.php(507): CodeIgniter\Router\AutoRouter->getRoute('monitoring/data_baterai')
 2 SYSTEMPATH\Router\Router.php(206): CodeIgniter\Router\Router->autoRoute('monitoring/data_baterai')
 3 SYSTEMPATH\CodeIgniter.php(815): CodeIgniter\Router\Router->handle('monitoring/data_baterai')
 4 SYSTEMPATH\CodeIgniter.php(449): CodeIgniter\CodeIgniter->tryToRouteIt(Object(CodeIgniter\Router\RouteCollection))
 5 SYSTEMPATH\CodeIgniter.php(368): CodeIgniter\CodeIgniter->handleRequest(null, Object(Config\Cache), false)
 6 FCPATH\index.php(67): CodeIgniter\CodeIgniter->run()
 7 SYSTEMPATH\Commands\Server\rewrite.php(47): require_once('FCPATH\\index.php')
CRITICAL - 2023-05-07 10:50:40 --> Undefined array key "tegangan_b"
in APPPATH\Views\grafikoutput\Ografik.php on line 5.
 1 APPPATH\Views\grafikoutput\Ografik.php(5): CodeIgniter\Debug\Exceptions->errorHandler(2, 'Undefined array key "tegangan_b"', 'APPPATH\\Views\\grafikoutput\\Ografik.php', 5)
 2 SYSTEMPATH\View\View.php(213): include('APPPATH\\Views\\grafikoutput\\Ografik.php')
 3 SYSTEMPATH\View\View.php(216): CodeIgniter\View\View->CodeIgniter\View\{closure}()
 4 SYSTEMPATH\Common.php(1184): CodeIgniter\View\View->render('grafikoutput/Ografik', [], true)
 5 APPPATH\Controllers\Monitoring.php(76): view('grafikoutput/Ografik', [...])
 6 SYSTEMPATH\CodeIgniter.php(934): App\Controllers\Monitoring->Outputgrafik()
 7 SYSTEMPATH\CodeIgniter.php(499): CodeIgniter\CodeIgniter->runController(Object(App\Controllers\Monitoring))
 8 SYSTEMPATH\CodeIgniter.php(368): CodeIgniter\CodeIgniter->handleRequest(null, Object(Config\Cache), false)
 9 FCPATH\index.php(67): CodeIgniter\CodeIgniter->run()
10 SYSTEMPATH\Commands\Server\rewrite.php(47): require_once('FCPATH\\index.php')
CRITICAL - 2023-05-07 10:51:13 --> Undefined array key "tegangan_b"
in APPPATH\Views\grafikoutput\Ografik.php on line 5.
 1 APPPATH\Views\grafikoutput\Ografik.php(5): CodeIgniter\Debug\Exceptions->errorHandler(2, 'Undefined array key "tegangan_b"', 'APPPATH\\Views\\grafikoutput\\Ografik.php', 5)
 2 SYSTEMPATH\View\View.php(213): include('APPPATH\\Views\\grafikoutput\\Ografik.php')
 3 SYSTEMPATH\View\View.php(216): CodeIgniter\View\View->CodeIgniter\View\{closure}()
 4 SYSTEMPATH\Common.php(1184): CodeIgniter\View\View->render('grafikoutput/Ografik', [], true)
 5 APPPATH\Controllers\Monitoring.php(76): view('grafikoutput/Ografik', [...])
 6 SYSTEMPATH\CodeIgniter.php(934): App\Controllers\Monitoring->Outputgrafik()
 7 SYSTEMPATH\CodeIgniter.php(499): CodeIgniter\CodeIgniter->runController(Object(App\Controllers\Monitoring))
 8 SYSTEMPATH\CodeIgniter.php(368): CodeIgniter\CodeIgniter->handleRequest(null, Object(Config\Cache), false)
 9 FCPATH\index.php(67): CodeIgniter\CodeIgniter->run()
10 SYSTEMPATH\Commands\Server\rewrite.php(47): require_once('FCPATH\\index.php')
CRITICAL - 2023-05-07 10:51:48 --> Undefined array key "tegangan_b"
in APPPATH\Views\grafikoutput\Ografik.php on line 5.
 1 APPPATH\Views\grafikoutput\Ografik.php(5): CodeIgniter\Debug\Exceptions->errorHandler(2, 'Undefined array key "tegangan_b"', 'APPPATH\\Views\\grafikoutput\\Ografik.php', 5)
 2 SYSTEMPATH\View\View.php(213): include('APPPATH\\Views\\grafikoutput\\Ografik.php')
 3 SYSTEMPATH\View\View.php(216): CodeIgniter\View\View->CodeIgniter\View\{closure}()
 4 SYSTEMPATH\Common.php(1184): CodeIgniter\View\View->render('grafikoutput/Ografik', [], true)
 5 APPPATH\Controllers\Monitoring.php(76): view('grafikoutput/Ografik', [...])
 6 SYSTEMPATH\CodeIgniter.php(934): App\Controllers\Monitoring->Outputgrafik()
 7 SYSTEMPATH\CodeIgniter.php(499): CodeIgniter\CodeIgniter->runController(Object(App\Controllers\Monitoring))
 8 SYSTEMPATH\CodeIgniter.php(368): CodeIgniter\CodeIgniter->handleRequest(null, Object(Config\Cache), false)
 9 FCPATH\index.php(67): CodeIgniter\CodeIgniter->run()
10 SYSTEMPATH\Commands\Server\rewrite.php(47): require_once('FCPATH\\index.php')
CRITICAL - 2023-05-07 10:51:49 --> Undefined array key "tegangan_b"
in APPPATH\Views\grafikoutput\Ografik.php on line 5.
 1 APPPATH\Views\grafikoutput\Ografik.php(5): CodeIgniter\Debug\Exceptions->errorHandler(2, 'Undefined array key "tegangan_b"', 'APPPATH\\Views\\grafikoutput\\Ografik.php', 5)
 2 SYSTEMPATH\View\View.php(213): include('APPPATH\\Views\\grafikoutput\\Ografik.php')
 3 SYSTEMPATH\View\View.php(216): CodeIgniter\View\View->CodeIgniter\View\{closure}()
 4 SYSTEMPATH\Common.php(1184): CodeIgniter\View\View->render('grafikoutput/Ografik', [], true)
 5 APPPATH\Controllers\Monitoring.php(76): view('grafikoutput/Ografik', [...])
 6 SYSTEMPATH\CodeIgniter.php(934): App\Controllers\Monitoring->Outputgrafik()
 7 SYSTEMPATH\CodeIgniter.php(499): CodeIgniter\CodeIgniter->runController(Object(App\Controllers\Monitoring))
 8 SYSTEMPATH\CodeIgniter.php(368): CodeIgniter\CodeIgniter->handleRequest(null, Object(Config\Cache), false)
 9 FCPATH\index.php(67): CodeIgniter\CodeIgniter->run()
10 SYSTEMPATH\Commands\Server\rewrite.php(47): require_once('FCPATH\\index.php')
CRITICAL - 2023-05-07 10:51:49 --> Undefined array key "tegangan_b"
in APPPATH\Views\grafikoutput\Ografik.php on line 5.
 1 APPPATH\Views\grafikoutput\Ografik.php(5): CodeIgniter\Debug\Exceptions->errorHandler(2, 'Undefined array key "tegangan_b"', 'APPPATH\\Views\\grafikoutput\\Ografik.php', 5)
 2 SYSTEMPATH\View\View.php(213): include('APPPATH\\Views\\grafikoutput\\Ografik.php')
 3 SYSTEMPATH\View\View.php(216): CodeIgniter\View\View->CodeIgniter\View\{closure}()
 4 SYSTEMPATH\Common.php(1184): CodeIgniter\View\View->render('grafikoutput/Ografik', [], true)
 5 APPPATH\Controllers\Monitoring.php(76): view('grafikoutput/Ografik', [...])
 6 SYSTEMPATH\CodeIgniter.php(934): App\Controllers\Monitoring->Outputgrafik()
 7 SYSTEMPATH\CodeIgniter.php(499): CodeIgniter\CodeIgniter->runController(Object(App\Controllers\Monitoring))
 8 SYSTEMPATH\CodeIgniter.php(368): CodeIgniter\CodeIgniter->handleRequest(null, Object(Config\Cache), false)
 9 FCPATH\index.php(67): CodeIgniter\CodeIgniter->run()
10 SYSTEMPATH\Commands\Server\rewrite.php(47): require_once('FCPATH\\index.php')
CRITICAL - 2023-05-07 10:53:05 --> Undefined variable $tegangan_o
in APPPATH\Views\grafikoutput\Ografik.php on line 43.
 1 APPPATH\Views\grafikoutput\Ografik.php(43): CodeIgniter\Debug\Exceptions->errorHandler(2, 'Undefined variable $tegangan_o', 'APPPATH\\Views\\grafikoutput\\Ografik.php', 43)
 2 SYSTEMPATH\View\View.php(213): include('APPPATH\\Views\\grafikoutput\\Ografik.php')
 3 SYSTEMPATH\View\View.php(216): CodeIgniter\View\View->CodeIgniter\View\{closure}()
 4 SYSTEMPATH\Common.php(1184): CodeIgniter\View\View->render('grafikoutput/Ografik', [], true)
 5 APPPATH\Controllers\Monitoring.php(76): view('grafikoutput/Ografik', [...])
 6 SYSTEMPATH\CodeIgniter.php(934): App\Controllers\Monitoring->Outputgrafik()
 7 SYSTEMPATH\CodeIgniter.php(499): CodeIgniter\CodeIgniter->runController(Object(App\Controllers\Monitoring))
 8 SYSTEMPATH\CodeIgniter.php(368): CodeIgniter\CodeIgniter->handleRequest(null, Object(Config\Cache), false)
 9 FCPATH\index.php(67): CodeIgniter\CodeIgniter->run()
10 SYSTEMPATH\Commands\Server\rewrite.php(47): require_once('FCPATH\\index.php')
