CRITICAL - 2023-02-28 00:04:13 --> Invalid file: layout/admin.header
in SYSTEMPATH\Exceptions\FrameworkException.php on line 33.
 1 SYSTEMPATH\View\View.php(201): CodeIgniter\Exceptions\FrameworkException::forInvalidFile('layout/admin.header')
 2 SYSTEMPATH\View\View.php(431): CodeIgniter\View\View->render('layout/admin.header', null, true)
 3 APPPATH\Views\layout\template.php(17): CodeIgniter\View\View->include('layout/admin.header')
 4 SYSTEMPATH\View\View.php(213): include('APPPATH\\Views\\layout\\template.php')
 5 SYSTEMPATH\View\View.php(216): CodeIgniter\View\View->CodeIgniter\View\{closure}()
 6 SYSTEMPATH\View\View.php(229): CodeIgniter\View\View->render('layout/template', [], true)
 7 SYSTEMPATH\Common.php(1135): CodeIgniter\View\View->render('datapemain/detail', [], true)
 8 APPPATH\Controllers\Pemain.php(39): view('datapemain/detail', [...])
 9 SYSTEMPATH\CodeIgniter.php(925): App\Controllers\Pemain->detail('maldini')
10 SYSTEMPATH\CodeIgniter.php(480): CodeIgniter\CodeIgniter->runController(Object(App\Controllers\Pemain))
11 SYSTEMPATH\CodeIgniter.php(349): CodeIgniter\CodeIgniter->handleRequest(null, Object(Config\Cache), false)
12 FCPATH\index.php(67): CodeIgniter\CodeIgniter->run()
13 SYSTEMPATH\Commands\Server\rewrite.php(47): require_once('FCPATH\\index.php')
CRITICAL - 2023-02-28 00:04:53 --> Invalid file: layout/admin.header
in SYSTEMPATH\Exceptions\FrameworkException.php on line 33.
 1 SYSTEMPATH\View\View.php(201): CodeIgniter\Exceptions\FrameworkException::forInvalidFile('layout/admin.header')
 2 SYSTEMPATH\View\View.php(431): CodeIgniter\View\View->render('layout/admin.header', null, true)
 3 APPPATH\Views\layout\template.php(17): CodeIgniter\View\View->include('layout/admin.header')
 4 SYSTEMPATH\View\View.php(213): include('APPPATH\\Views\\layout\\template.php')
 5 SYSTEMPATH\View\View.php(216): CodeIgniter\View\View->CodeIgniter\View\{closure}()
 6 SYSTEMPATH\View\View.php(229): CodeIgniter\View\View->render('layout/template', [], true)
 7 SYSTEMPATH\Common.php(1135): CodeIgniter\View\View->render('datapemain/detail', [], true)
 8 APPPATH\Controllers\Pemain.php(39): view('datapemain/detail', [...])
 9 SYSTEMPATH\CodeIgniter.php(925): App\Controllers\Pemain->detail('maldini')
10 SYSTEMPATH\CodeIgniter.php(480): CodeIgniter\CodeIgniter->runController(Object(App\Controllers\Pemain))
11 SYSTEMPATH\CodeIgniter.php(349): CodeIgniter\CodeIgniter->handleRequest(null, Object(Config\Cache), false)
12 FCPATH\index.php(67): CodeIgniter\CodeIgniter->run()
13 SYSTEMPATH\Commands\Server\rewrite.php(47): require_once('FCPATH\\index.php')
CRITICAL - 2023-02-28 00:05:02 --> Invalid file: layout/admin.header
in SYSTEMPATH\Exceptions\FrameworkException.php on line 33.
 1 SYSTEMPATH\View\View.php(201): CodeIgniter\Exceptions\FrameworkException::forInvalidFile('layout/admin.header')
 2 SYSTEMPATH\View\View.php(431): CodeIgniter\View\View->render('layout/admin.header', null, true)
 3 APPPATH\Views\layout\template.php(17): CodeIgniter\View\View->include('layout/admin.header')
 4 SYSTEMPATH\View\View.php(213): include('APPPATH\\Views\\layout\\template.php')
 5 SYSTEMPATH\View\View.php(216): CodeIgniter\View\View->CodeIgniter\View\{closure}()
 6 SYSTEMPATH\View\View.php(229): CodeIgniter\View\View->render('layout/template', [], true)
 7 SYSTEMPATH\Common.php(1135): CodeIgniter\View\View->render('datapemain/index', [], true)
 8 APPPATH\Controllers\Pemain.php(23): view('datapemain/index', [...])
 9 SYSTEMPATH\CodeIgniter.php(925): App\Controllers\Pemain->index()
10 SYSTEMPATH\CodeIgniter.php(480): CodeIgniter\CodeIgniter->runController(Object(App\Controllers\Pemain))
11 SYSTEMPATH\CodeIgniter.php(349): CodeIgniter\CodeIgniter->handleRequest(null, Object(Config\Cache), false)
12 FCPATH\index.php(67): CodeIgniter\CodeIgniter->run()
13 SYSTEMPATH\Commands\Server\rewrite.php(47): require_once('FCPATH\\index.php')
CRITICAL - 2023-02-28 00:05:04 --> Invalid file: layout/admin.header
in SYSTEMPATH\Exceptions\FrameworkException.php on line 33.
 1 SYSTEMPATH\View\View.php(201): CodeIgniter\Exceptions\FrameworkException::forInvalidFile('layout/admin.header')
 2 SYSTEMPATH\View\View.php(431): CodeIgniter\View\View->render('layout/admin.header', null, true)
 3 APPPATH\Views\layout\template.php(17): CodeIgniter\View\View->include('layout/admin.header')
 4 SYSTEMPATH\View\View.php(213): include('APPPATH\\Views\\layout\\template.php')
 5 SYSTEMPATH\View\View.php(216): CodeIgniter\View\View->CodeIgniter\View\{closure}()
 6 SYSTEMPATH\View\View.php(229): CodeIgniter\View\View->render('layout/template', [], true)
 7 SYSTEMPATH\Common.php(1135): CodeIgniter\View\View->render('datapemain/index', [], true)
 8 APPPATH\Controllers\Pemain.php(23): view('datapemain/index', [...])
 9 SYSTEMPATH\CodeIgniter.php(925): App\Controllers\Pemain->index()
10 SYSTEMPATH\CodeIgniter.php(480): CodeIgniter\CodeIgniter->runController(Object(App\Controllers\Pemain))
11 SYSTEMPATH\CodeIgniter.php(349): CodeIgniter\CodeIgniter->handleRequest(null, Object(Config\Cache), false)
12 FCPATH\index.php(67): CodeIgniter\CodeIgniter->run()
13 SYSTEMPATH\Commands\Server\rewrite.php(47): require_once('FCPATH\\index.php')
CRITICAL - 2023-02-28 00:05:07 --> Invalid file: layout/admin.header
in SYSTEMPATH\Exceptions\FrameworkException.php on line 33.
 1 SYSTEMPATH\View\View.php(201): CodeIgniter\Exceptions\FrameworkException::forInvalidFile('layout/admin.header')
 2 SYSTEMPATH\View\View.php(431): CodeIgniter\View\View->render('layout/admin.header', null, true)
 3 APPPATH\Views\layout\template.php(17): CodeIgniter\View\View->include('layout/admin.header')
 4 SYSTEMPATH\View\View.php(213): include('APPPATH\\Views\\layout\\template.php')
 5 SYSTEMPATH\View\View.php(216): CodeIgniter\View\View->CodeIgniter\View\{closure}()
 6 SYSTEMPATH\View\View.php(229): CodeIgniter\View\View->render('layout/template', [], true)
 7 SYSTEMPATH\Common.php(1135): CodeIgniter\View\View->render('datapemain/index', [], true)
 8 APPPATH\Controllers\Pemain.php(23): view('datapemain/index', [...])
 9 SYSTEMPATH\CodeIgniter.php(925): App\Controllers\Pemain->index()
10 SYSTEMPATH\CodeIgniter.php(480): CodeIgniter\CodeIgniter->runController(Object(App\Controllers\Pemain))
11 SYSTEMPATH\CodeIgniter.php(349): CodeIgniter\CodeIgniter->handleRequest(null, Object(Config\Cache), false)
12 FCPATH\index.php(67): CodeIgniter\CodeIgniter->run()
13 SYSTEMPATH\Commands\Server\rewrite.php(47): require_once('FCPATH\\index.php')
CRITICAL - 2023-02-28 00:08:11 --> Invalid file: layout/admin.header
in SYSTEMPATH\Exceptions\FrameworkException.php on line 33.
 1 SYSTEMPATH\View\View.php(201): CodeIgniter\Exceptions\FrameworkException::forInvalidFile('layout/admin.header')
 2 SYSTEMPATH\View\View.php(431): CodeIgniter\View\View->render('layout/admin.header', null, true)
 3 APPPATH\Views\layout\template.php(17): CodeIgniter\View\View->include('layout/admin.header')
 4 SYSTEMPATH\View\View.php(213): include('APPPATH\\Views\\layout\\template.php')
 5 SYSTEMPATH\View\View.php(216): CodeIgniter\View\View->CodeIgniter\View\{closure}()
 6 SYSTEMPATH\View\View.php(229): CodeIgniter\View\View->render('layout/template', [], true)
 7 SYSTEMPATH\Common.php(1135): CodeIgniter\View\View->render('datapemain/index', [], true)
 8 APPPATH\Controllers\Pemain.php(23): view('datapemain/index', [...])
 9 SYSTEMPATH\CodeIgniter.php(925): App\Controllers\Pemain->index()
10 SYSTEMPATH\CodeIgniter.php(480): CodeIgniter\CodeIgniter->runController(Object(App\Controllers\Pemain))
11 SYSTEMPATH\CodeIgniter.php(349): CodeIgniter\CodeIgniter->handleRequest(null, Object(Config\Cache), false)
12 FCPATH\index.php(67): CodeIgniter\CodeIgniter->run()
13 SYSTEMPATH\Commands\Server\rewrite.php(47): require_once('FCPATH\\index.php')
CRITICAL - 2023-02-28 00:08:15 --> Invalid file: layout/admin.header
in SYSTEMPATH\Exceptions\FrameworkException.php on line 33.
 1 SYSTEMPATH\View\View.php(201): CodeIgniter\Exceptions\FrameworkException::forInvalidFile('layout/admin.header')
 2 SYSTEMPATH\View\View.php(431): CodeIgniter\View\View->render('layout/admin.header', null, true)
 3 APPPATH\Views\layout\template.php(17): CodeIgniter\View\View->include('layout/admin.header')
 4 SYSTEMPATH\View\View.php(213): include('APPPATH\\Views\\layout\\template.php')
 5 SYSTEMPATH\View\View.php(216): CodeIgniter\View\View->CodeIgniter\View\{closure}()
 6 SYSTEMPATH\View\View.php(229): CodeIgniter\View\View->render('layout/template', [], true)
 7 SYSTEMPATH\Common.php(1135): CodeIgniter\View\View->render('datapemain/index', [], true)
 8 APPPATH\Controllers\Pemain.php(23): view('datapemain/index', [...])
 9 SYSTEMPATH\CodeIgniter.php(925): App\Controllers\Pemain->index()
10 SYSTEMPATH\CodeIgniter.php(480): CodeIgniter\CodeIgniter->runController(Object(App\Controllers\Pemain))
11 SYSTEMPATH\CodeIgniter.php(349): CodeIgniter\CodeIgniter->handleRequest(null, Object(Config\Cache), false)
12 FCPATH\index.php(67): CodeIgniter\CodeIgniter->run()
13 SYSTEMPATH\Commands\Server\rewrite.php(47): require_once('FCPATH\\index.php')
CRITICAL - 2023-02-28 08:51:30 --> Undefined variable $title
in APPPATH\Views\layout\template.php on line 7.
 1 APPPATH\Views\layout\template.php(7): CodeIgniter\Debug\Exceptions->errorHandler(2, 'Undefined variable $title', 'APPPATH\\Views\\layout\\template.php', 7)
 2 SYSTEMPATH\View\View.php(213): include('APPPATH\\Views\\layout\\template.php')
 3 SYSTEMPATH\View\View.php(216): CodeIgniter\View\View->CodeIgniter\View\{closure}()
 4 SYSTEMPATH\View\View.php(229): CodeIgniter\View\View->render('layout/template', [], true)
 5 SYSTEMPATH\Common.php(1135): CodeIgniter\View\View->render('pages/about1', [], true)
 6 APPPATH\Controllers\Dashboard.php(9): view('pages/about1')
 7 SYSTEMPATH\CodeIgniter.php(925): App\Controllers\Dashboard->index()
 8 SYSTEMPATH\CodeIgniter.php(480): CodeIgniter\CodeIgniter->runController(Object(App\Controllers\Dashboard))
 9 SYSTEMPATH\CodeIgniter.php(349): CodeIgniter\CodeIgniter->handleRequest(null, Object(Config\Cache), false)
10 FCPATH\index.php(67): CodeIgniter\CodeIgniter->run()
11 SYSTEMPATH\Commands\Server\rewrite.php(47): require_once('FCPATH\\index.php')
CRITICAL - 2023-02-28 11:00:17 --> Undefined variable $alamat
in APPPATH\Views\layout\app.php on line 11.
 1 APPPATH\Views\layout\app.php(11): CodeIgniter\Debug\Exceptions->errorHandler(2, 'Undefined variable $alamat', 'APPPATH\\Views\\layout\\app.php', 11)
 2 SYSTEMPATH\View\View.php(213): include('APPPATH\\Views\\layout\\app.php')
 3 SYSTEMPATH\View\View.php(216): CodeIgniter\View\View->CodeIgniter\View\{closure}()
 4 SYSTEMPATH\Common.php(1135): CodeIgniter\View\View->render('layout/app', [], true)
 5 APPPATH\Controllers\Dashboard.php(9): view('layout/app')
 6 SYSTEMPATH\CodeIgniter.php(925): App\Controllers\Dashboard->index()
 7 SYSTEMPATH\CodeIgniter.php(480): CodeIgniter\CodeIgniter->runController(Object(App\Controllers\Dashboard))
 8 SYSTEMPATH\CodeIgniter.php(349): CodeIgniter\CodeIgniter->handleRequest(null, Object(Config\Cache), false)
 9 FCPATH\index.php(67): CodeIgniter\CodeIgniter->run()
10 SYSTEMPATH\Commands\Server\rewrite.php(47): require_once('FCPATH\\index.php')
CRITICAL - 2023-02-28 11:00:54 --> Undefined variable $alamat
in APPPATH\Views\layout\app.php on line 11.
 1 APPPATH\Views\layout\app.php(11): CodeIgniter\Debug\Exceptions->errorHandler(2, 'Undefined variable $alamat', 'APPPATH\\Views\\layout\\app.php', 11)
 2 SYSTEMPATH\View\View.php(213): include('APPPATH\\Views\\layout\\app.php')
 3 SYSTEMPATH\View\View.php(216): CodeIgniter\View\View->CodeIgniter\View\{closure}()
 4 SYSTEMPATH\Common.php(1135): CodeIgniter\View\View->render('layout/app', [], true)
 5 APPPATH\Controllers\Dashboard.php(9): view('layout/app')
 6 SYSTEMPATH\CodeIgniter.php(925): App\Controllers\Dashboard->index()
 7 SYSTEMPATH\CodeIgniter.php(480): CodeIgniter\CodeIgniter->runController(Object(App\Controllers\Dashboard))
 8 SYSTEMPATH\CodeIgniter.php(349): CodeIgniter\CodeIgniter->handleRequest(null, Object(Config\Cache), false)
 9 FCPATH\index.php(67): CodeIgniter\CodeIgniter->run()
10 SYSTEMPATH\Commands\Server\rewrite.php(47): require_once('FCPATH\\index.php')
CRITICAL - 2023-02-28 22:39:01 --> Invalid file: pages/app.php
in SYSTEMPATH\Exceptions\FrameworkException.php on line 33.
 1 SYSTEMPATH\View\View.php(201): CodeIgniter\Exceptions\FrameworkException::forInvalidFile('pages/app.php')
 2 SYSTEMPATH\Common.php(1135): CodeIgniter\View\View->render('pages/app', [], true)
 3 APPPATH\Controllers\Pages.php(16): view('pages/app', [...])
 4 SYSTEMPATH\CodeIgniter.php(925): App\Controllers\Pages->index()
 5 SYSTEMPATH\CodeIgniter.php(480): CodeIgniter\CodeIgniter->runController(Object(App\Controllers\Pages))
 6 SYSTEMPATH\CodeIgniter.php(349): CodeIgniter\CodeIgniter->handleRequest(null, Object(Config\Cache), false)
 7 FCPATH\index.php(67): CodeIgniter\CodeIgniter->run()
 8 SYSTEMPATH\Commands\Server\rewrite.php(47): require_once('FCPATH\\index.php')
CRITICAL - 2023-02-28 22:41:49 --> Invalid file: layout/home.php
in SYSTEMPATH\Exceptions\FrameworkException.php on line 33.
 1 SYSTEMPATH\View\View.php(201): CodeIgniter\Exceptions\FrameworkException::forInvalidFile('layout/home.php')
 2 SYSTEMPATH\Common.php(1135): CodeIgniter\View\View->render('layout/home', [], true)
 3 APPPATH\Controllers\Pages.php(16): view('layout/home', [...])
 4 SYSTEMPATH\CodeIgniter.php(925): App\Controllers\Pages->index()
 5 SYSTEMPATH\CodeIgniter.php(480): CodeIgniter\CodeIgniter->runController(Object(App\Controllers\Pages))
 6 SYSTEMPATH\CodeIgniter.php(349): CodeIgniter\CodeIgniter->handleRequest(null, Object(Config\Cache), false)
 7 FCPATH\index.php(67): CodeIgniter\CodeIgniter->run()
 8 SYSTEMPATH\Commands\Server\rewrite.php(47): require_once('FCPATH\\index.php')
CRITICAL - 2023-02-28 23:22:26 --> Invalid file: layout.php
in SYSTEMPATH\Exceptions\FrameworkException.php on line 33.
 1 SYSTEMPATH\View\View.php(201): CodeIgniter\Exceptions\FrameworkException::forInvalidFile('layout.php')
 2 SYSTEMPATH\View\View.php(431): CodeIgniter\View\View->render('layout', null, true)
 3 APPPATH\Views\pages\home.php(162): CodeIgniter\View\View->include('layout')
 4 SYSTEMPATH\View\View.php(213): include('APPPATH\\Views\\pages\\home.php')
 5 SYSTEMPATH\View\View.php(216): CodeIgniter\View\View->CodeIgniter\View\{closure}()
 6 SYSTEMPATH\Common.php(1135): CodeIgniter\View\View->render('pages/home', [], true)
 7 APPPATH\Controllers\Pages.php(16): view('pages/home', [...])
 8 SYSTEMPATH\CodeIgniter.php(925): App\Controllers\Pages->index()
 9 SYSTEMPATH\CodeIgniter.php(480): CodeIgniter\CodeIgniter->runController(Object(App\Controllers\Pages))
10 SYSTEMPATH\CodeIgniter.php(349): CodeIgniter\CodeIgniter->handleRequest(null, Object(Config\Cache), false)
11 FCPATH\index.php(67): CodeIgniter\CodeIgniter->run()
12 SYSTEMPATH\Commands\Server\rewrite.php(47): require_once('FCPATH\\index.php')
