CRITICAL - 2023-04-10 07:22:22 --> syntax error, unexpected token "else", expecting end of file
in APPPATH\Views\layout\sidebar.php on line 60.
 1 SYSTEMPATH\View\View.php(216): CodeIgniter\View\View->CodeIgniter\View\{closure}()
 2 SYSTEMPATH\View\View.php(431): CodeIgniter\View\View->render('layout/sidebar', null, true)
 3 APPPATH\Views\layout\template_admin.php(137): CodeIgniter\View\View->include('layout/sidebar')
 4 SYSTEMPATH\View\View.php(213): include('APPPATH\\Views\\layout\\template_admin.php')
 5 SYSTEMPATH\View\View.php(216): CodeIgniter\View\View->CodeIgniter\View\{closure}()
 6 SYSTEMPATH\View\View.php(229): CodeIgniter\View\View->render('layout/template_admin', [], true)
 7 SYSTEMPATH\Common.php(1184): CodeIgniter\View\View->render('dashboard/dashboard', [], true)
 8 APPPATH\Controllers\Dashboard.php(21): view('dashboard/dashboard', [...])
 9 SYSTEMPATH\CodeIgniter.php(934): App\Controllers\Dashboard->index()
10 SYSTEMPATH\CodeIgniter.php(499): CodeIgniter\CodeIgniter->runController(Object(App\Controllers\Dashboard))
11 SYSTEMPATH\CodeIgniter.php(368): CodeIgniter\CodeIgniter->handleRequest(null, Object(Config\Cache), false)
12 FCPATH\index.php(67): CodeIgniter\CodeIgniter->run()
13 SYSTEMPATH\Commands\Server\rewrite.php(47): require_once('FCPATH\\index.php')
CRITICAL - 2023-04-10 07:57:01 --> Class "App\Models\UserModel" not found
in APPPATH\Controllers\Datauser.php on line 12.
 1 SYSTEMPATH\CodeIgniter.php(906): App\Controllers\Datauser->__construct()
 2 SYSTEMPATH\CodeIgniter.php(490): CodeIgniter\CodeIgniter->createController()
 3 SYSTEMPATH\CodeIgniter.php(368): CodeIgniter\CodeIgniter->handleRequest(null, Object(Config\Cache), false)
 4 FCPATH\index.php(67): CodeIgniter\CodeIgniter->run()
 5 SYSTEMPATH\Commands\Server\rewrite.php(47): require_once('FCPATH\\index.php')
CRITICAL - 2023-04-10 07:57:05 --> Class "App\Models\UserModel" not found
in APPPATH\Controllers\Datauser.php on line 12.
 1 SYSTEMPATH\CodeIgniter.php(906): App\Controllers\Datauser->__construct()
 2 SYSTEMPATH\CodeIgniter.php(490): CodeIgniter\CodeIgniter->createController()
 3 SYSTEMPATH\CodeIgniter.php(368): CodeIgniter\CodeIgniter->handleRequest(null, Object(Config\Cache), false)
 4 FCPATH\index.php(67): CodeIgniter\CodeIgniter->run()
 5 SYSTEMPATH\Commands\Server\rewrite.php(47): require_once('FCPATH\\index.php')
CRITICAL - 2023-04-10 07:57:27 --> Class "App\Models\UserModel" not found
in APPPATH\Controllers\Datauser.php on line 12.
 1 SYSTEMPATH\CodeIgniter.php(906): App\Controllers\Datauser->__construct()
 2 SYSTEMPATH\CodeIgniter.php(490): CodeIgniter\CodeIgniter->createController()
 3 SYSTEMPATH\CodeIgniter.php(368): CodeIgniter\CodeIgniter->handleRequest(null, Object(Config\Cache), false)
 4 FCPATH\index.php(67): CodeIgniter\CodeIgniter->run()
 5 SYSTEMPATH\Commands\Server\rewrite.php(47): require_once('FCPATH\\index.php')
ERROR - 2023-04-10 08:01:00 --> Email: Unable to send email using SMTP. Your server might not be configured to send mail using this method.
ERROR - 2023-04-10 08:01:00 --> 220 smtp.googlemail.com ESMTP c14-20020a655a8e000000b004fb26a80875sm6977451pgt.22 - gsmtp

hello: 250-smtp.googlemail.com at your service, [2001:448a:5040:64c8:9894:8a9f:9dca:64a]
250-SIZE 35882577
250-8BITMIME
250-AUTH LOGIN PLAIN XOAUTH2 PLAIN-CLIENTTOKEN OAUTHBEARER XOAUTH
250-ENHANCEDSTATUSCODES
250-PIPELINING
250-CHUNKING
250 SMTPUTF8

from: 250 2.1.0 OK c14-20020a655a8e000000b004fb26a80875sm6977451pgt.22 - gsmtp

to: 250 2.1.5 OK c14-20020a655a8e000000b004fb26a80875sm6977451pgt.22 - gsmtp

data: 550 5.4.5 Daily user sending quota exceeded. c14-20020a655a8e000000b004fb26a80875sm6977451pgt.22 - gsmtp

The following SMTP error was encountered: 550 5.4.5 Daily user sending quota exceeded. c14-20020a655a8e000000b004fb26a80875sm6977451pgt.22 - gsmtp

quit: 221 2.0.0 closing connection c14-20020a655a8e000000b004fb26a80875sm6977451pgt.22 - gsmtp

ERROR - 2023-04-10 08:01:00 --> Failed to send activation message to: cputriaurellia@gmail.com
ERROR - 2023-04-10 08:02:03 --> Email: Unable to send email using SMTP. Your server might not be configured to send mail using this method.
ERROR - 2023-04-10 08:02:03 --> 220 smtp.googlemail.com ESMTP f7-20020a63e307000000b004fc1d91e695sm6864405pgh.79 - gsmtp

hello: 250-smtp.googlemail.com at your service, [2001:448a:5040:64c8:9894:8a9f:9dca:64a]
250-SIZE 35882577
250-8BITMIME
250-AUTH LOGIN PLAIN XOAUTH2 PLAIN-CLIENTTOKEN OAUTHBEARER XOAUTH
250-ENHANCEDSTATUSCODES
250-PIPELINING
250-CHUNKING
250 SMTPUTF8

from: 250 2.1.0 OK f7-20020a63e307000000b004fc1d91e695sm6864405pgh.79 - gsmtp

to: 250 2.1.5 OK f7-20020a63e307000000b004fc1d91e695sm6864405pgh.79 - gsmtp

data: 550 5.4.5 Daily user sending quota exceeded. f7-20020a63e307000000b004fc1d91e695sm6864405pgh.79 - gsmtp

The following SMTP error was encountered: 550 5.4.5 Daily user sending quota exceeded. f7-20020a63e307000000b004fc1d91e695sm6864405pgh.79 - gsmtp

quit: 221 2.0.0 closing connection f7-20020a63e307000000b004fc1d91e695sm6864405pgh.79 - gsmtp

ERROR - 2023-04-10 08:02:03 --> Failed to send activation message to: clarissaurellia37@student.uns.ac.id
ERROR - 2023-04-10 08:04:54 --> Email: Unable to send email using SMTP. Your server might not be configured to send mail using this method.
ERROR - 2023-04-10 08:04:54 --> 220 smtp.googlemail.com ESMTP a15-20020aa7864f000000b0062d8107b3c8sm7817765pfo.42 - gsmtp

hello: 250-smtp.googlemail.com at your service, [2001:448a:5040:64c8:9894:8a9f:9dca:64a]
250-SIZE 35882577
250-8BITMIME
250-AUTH LOGIN PLAIN XOAUTH2 PLAIN-CLIENTTOKEN OAUTHBEARER XOAUTH
250-ENHANCEDSTATUSCODES
250-PIPELINING
250-CHUNKING
250 SMTPUTF8

from: 250 2.1.0 OK a15-20020aa7864f000000b0062d8107b3c8sm7817765pfo.42 - gsmtp

to: 250 2.1.5 OK a15-20020aa7864f000000b0062d8107b3c8sm7817765pfo.42 - gsmtp

data: 550 5.4.5 Daily user sending quota exceeded. a15-20020aa7864f000000b0062d8107b3c8sm7817765pfo.42 - gsmtp

The following SMTP error was encountered: 550 5.4.5 Daily user sending quota exceeded. a15-20020aa7864f000000b0062d8107b3c8sm7817765pfo.42 - gsmtp

quit: 221 2.0.0 closing connection a15-20020aa7864f000000b0062d8107b3c8sm7817765pfo.42 - gsmtp

ERROR - 2023-04-10 08:04:54 --> Failed to send activation message to: cputriaurellia@gmail.com
