CRITICAL - 2023-05-06 00:00:04 --> Undefined variable $sales
in APPPATH\Views\sales_chart.php on line 7.
 1 APPPATH\Views\sales_chart.php(7): CodeIgniter\Debug\Exceptions->errorHandler(2, 'Undefined variable $sales', 'APPPATH\\Views\\sales_chart.php', 7)
 2 SYSTEMPATH\View\View.php(213): include('APPPATH\\Views\\sales_chart.php')
 3 SYSTEMPATH\View\View.php(216): CodeIgniter\View\View->CodeIgniter\View\{closure}()
 4 SYSTEMPATH\Common.php(1184): CodeIgniter\View\View->render('sales_chart', [], true)
 5 APPPATH\Controllers\Sales.php(18): view('sales_chart', [...])
 6 SYSTEMPATH\CodeIgniter.php(934): App\Controllers\Sales->index()
 7 SYSTEMPATH\CodeIgniter.php(499): CodeIgniter\CodeIgniter->runController(Object(App\Controllers\Sales))
 8 SYSTEMPATH\CodeIgniter.php(368): CodeIgniter\CodeIgniter->handleRequest(null, Object(Config\Cache), false)
 9 FCPATH\index.php(67): CodeIgniter\CodeIgniter->run()
10 SYSTEMPATH\Commands\Server\rewrite.php(47): require_once('FCPATH\\index.php')
CRITICAL - 2023-05-06 00:04:26 --> Class "App\Models\UserModel" not found
in APPPATH\Controllers\Datauser.php on line 12.
 1 SYSTEMPATH\CodeIgniter.php(906): App\Controllers\Datauser->__construct()
 2 SYSTEMPATH\CodeIgniter.php(490): CodeIgniter\CodeIgniter->createController()
 3 SYSTEMPATH\CodeIgniter.php(368): CodeIgniter\CodeIgniter->handleRequest(null, Object(Config\Cache), false)
 4 FCPATH\index.php(67): CodeIgniter\CodeIgniter->run()
 5 SYSTEMPATH\Commands\Server\rewrite.php(47): require_once('FCPATH\\index.php')
CRITICAL - 2023-05-06 00:08:20 --> Undefined variable $date
in APPPATH\Views\sales_chart.php on line 43.
 1 APPPATH\Views\sales_chart.php(43): CodeIgniter\Debug\Exceptions->errorHandler(2, 'Undefined variable $date', 'APPPATH\\Views\\sales_chart.php', 43)
 2 SYSTEMPATH\View\View.php(213): include('APPPATH\\Views\\sales_chart.php')
 3 SYSTEMPATH\View\View.php(216): CodeIgniter\View\View->CodeIgniter\View\{closure}()
 4 SYSTEMPATH\Common.php(1184): CodeIgniter\View\View->render('sales_chart', [], true)
 5 APPPATH\Controllers\Sales.php(24): view('sales_chart', [...])
 6 SYSTEMPATH\CodeIgniter.php(934): App\Controllers\Sales->index()
 7 SYSTEMPATH\CodeIgniter.php(499): CodeIgniter\CodeIgniter->runController(Object(App\Controllers\Sales))
 8 SYSTEMPATH\CodeIgniter.php(368): CodeIgniter\CodeIgniter->handleRequest(null, Object(Config\Cache), false)
 9 FCPATH\index.php(67): CodeIgniter\CodeIgniter->run()
10 SYSTEMPATH\Commands\Server\rewrite.php(47): require_once('FCPATH\\index.php')
CRITICAL - 2023-05-06 00:11:06 --> Undefined variable $date
in APPPATH\Views\sales_chart.php on line 51.
 1 APPPATH\Views\sales_chart.php(51): CodeIgniter\Debug\Exceptions->errorHandler(2, 'Undefined variable $date', 'APPPATH\\Views\\sales_chart.php', 51)
 2 SYSTEMPATH\View\View.php(213): include('APPPATH\\Views\\sales_chart.php')
 3 SYSTEMPATH\View\View.php(216): CodeIgniter\View\View->CodeIgniter\View\{closure}()
 4 SYSTEMPATH\Common.php(1184): CodeIgniter\View\View->render('sales_chart', [], true)
 5 APPPATH\Controllers\Sales.php(24): view('sales_chart', [...])
 6 SYSTEMPATH\CodeIgniter.php(934): App\Controllers\Sales->index()
 7 SYSTEMPATH\CodeIgniter.php(499): CodeIgniter\CodeIgniter->runController(Object(App\Controllers\Sales))
 8 SYSTEMPATH\CodeIgniter.php(368): CodeIgniter\CodeIgniter->handleRequest(null, Object(Config\Cache), false)
 9 FCPATH\index.php(67): CodeIgniter\CodeIgniter->run()
10 SYSTEMPATH\Commands\Server\rewrite.php(47): require_once('FCPATH\\index.php')
CRITICAL - 2023-05-06 00:16:01 --> Undefined variable $sales_data
in APPPATH\Views\sales_chart.php on line 38.
 1 APPPATH\Views\sales_chart.php(38): CodeIgniter\Debug\Exceptions->errorHandler(2, 'Undefined variable $sales_data', 'APPPATH\\Views\\sales_chart.php', 38)
 2 SYSTEMPATH\View\View.php(213): include('APPPATH\\Views\\sales_chart.php')
 3 SYSTEMPATH\View\View.php(216): CodeIgniter\View\View->CodeIgniter\View\{closure}()
 4 SYSTEMPATH\Common.php(1184): CodeIgniter\View\View->render('sales_chart', [], true)
 5 APPPATH\Controllers\Sales.php(24): view('sales_chart', [...])
 6 SYSTEMPATH\CodeIgniter.php(934): App\Controllers\Sales->index()
 7 SYSTEMPATH\CodeIgniter.php(499): CodeIgniter\CodeIgniter->runController(Object(App\Controllers\Sales))
 8 SYSTEMPATH\CodeIgniter.php(368): CodeIgniter\CodeIgniter->handleRequest(null, Object(Config\Cache), false)
 9 FCPATH\index.php(67): CodeIgniter\CodeIgniter->run()
10 SYSTEMPATH\Commands\Server\rewrite.php(47): require_once('FCPATH\\index.php')
CRITICAL - 2023-05-06 00:17:11 --> Undefined variable $sales
in APPPATH\Views\sales_chart.php on line 5.
 1 APPPATH\Views\sales_chart.php(5): CodeIgniter\Debug\Exceptions->errorHandler(2, 'Undefined variable $sales', 'APPPATH\\Views\\sales_chart.php', 5)
 2 SYSTEMPATH\View\View.php(213): include('APPPATH\\Views\\sales_chart.php')
 3 SYSTEMPATH\View\View.php(216): CodeIgniter\View\View->CodeIgniter\View\{closure}()
 4 SYSTEMPATH\Common.php(1184): CodeIgniter\View\View->render('sales_chart', [], true)
 5 APPPATH\Controllers\Sales.php(18): view('sales_chart', [...])
 6 SYSTEMPATH\CodeIgniter.php(934): App\Controllers\Sales->index()
 7 SYSTEMPATH\CodeIgniter.php(499): CodeIgniter\CodeIgniter->runController(Object(App\Controllers\Sales))
 8 SYSTEMPATH\CodeIgniter.php(368): CodeIgniter\CodeIgniter->handleRequest(null, Object(Config\Cache), false)
 9 FCPATH\index.php(67): CodeIgniter\CodeIgniter->run()
10 SYSTEMPATH\Commands\Server\rewrite.php(47): require_once('FCPATH\\index.php')
CRITICAL - 2023-05-06 00:17:37 --> Undefined variable $salesModel
in APPPATH\Views\sales_chart.php on line 5.
 1 APPPATH\Views\sales_chart.php(5): CodeIgniter\Debug\Exceptions->errorHandler(2, 'Undefined variable $salesModel', 'APPPATH\\Views\\sales_chart.php', 5)
 2 SYSTEMPATH\View\View.php(213): include('APPPATH\\Views\\sales_chart.php')
 3 SYSTEMPATH\View\View.php(216): CodeIgniter\View\View->CodeIgniter\View\{closure}()
 4 SYSTEMPATH\Common.php(1184): CodeIgniter\View\View->render('sales_chart', [], true)
 5 APPPATH\Controllers\Sales.php(18): view('sales_chart', [...])
 6 SYSTEMPATH\CodeIgniter.php(934): App\Controllers\Sales->index()
 7 SYSTEMPATH\CodeIgniter.php(499): CodeIgniter\CodeIgniter->runController(Object(App\Controllers\Sales))
 8 SYSTEMPATH\CodeIgniter.php(368): CodeIgniter\CodeIgniter->handleRequest(null, Object(Config\Cache), false)
 9 FCPATH\index.php(67): CodeIgniter\CodeIgniter->run()
10 SYSTEMPATH\Commands\Server\rewrite.php(47): require_once('FCPATH\\index.php')
CRITICAL - 2023-05-06 00:17:51 --> Undefined variable $title
in APPPATH\Views\layout\template_admin.php on line 7.
 1 APPPATH\Views\layout\template_admin.php(7): CodeIgniter\Debug\Exceptions->errorHandler(2, 'Undefined variable $title', 'APPPATH\\Views\\layout\\template_admin.php', 7)
 2 SYSTEMPATH\View\View.php(213): include('APPPATH\\Views\\layout\\template_admin.php')
 3 SYSTEMPATH\View\View.php(216): CodeIgniter\View\View->CodeIgniter\View\{closure}()
 4 SYSTEMPATH\View\View.php(229): CodeIgniter\View\View->render('layout/template_admin', [], true)
 5 SYSTEMPATH\Common.php(1184): CodeIgniter\View\View->render('sales_chart', [], true)
 6 APPPATH\Controllers\Sales.php(18): view('sales_chart', [...])
 7 SYSTEMPATH\CodeIgniter.php(934): App\Controllers\Sales->index()
 8 SYSTEMPATH\CodeIgniter.php(499): CodeIgniter\CodeIgniter->runController(Object(App\Controllers\Sales))
 9 SYSTEMPATH\CodeIgniter.php(368): CodeIgniter\CodeIgniter->handleRequest(null, Object(Config\Cache), false)
10 FCPATH\index.php(67): CodeIgniter\CodeIgniter->run()
11 SYSTEMPATH\Commands\Server\rewrite.php(47): require_once('FCPATH\\index.php')
CRITICAL - 2023-05-06 00:18:57 --> Undefined variable $salesModel
in APPPATH\Views\sales_chart.php on line 5.
 1 APPPATH\Views\sales_chart.php(5): CodeIgniter\Debug\Exceptions->errorHandler(2, 'Undefined variable $salesModel', 'APPPATH\\Views\\sales_chart.php', 5)
 2 SYSTEMPATH\View\View.php(213): include('APPPATH\\Views\\sales_chart.php')
 3 SYSTEMPATH\View\View.php(216): CodeIgniter\View\View->CodeIgniter\View\{closure}()
 4 SYSTEMPATH\Common.php(1184): CodeIgniter\View\View->render('sales_chart', [], true)
 5 APPPATH\Controllers\Sales.php(24): view('sales_chart', [...])
 6 SYSTEMPATH\CodeIgniter.php(934): App\Controllers\Sales->index()
 7 SYSTEMPATH\CodeIgniter.php(499): CodeIgniter\CodeIgniter->runController(Object(App\Controllers\Sales))
 8 SYSTEMPATH\CodeIgniter.php(368): CodeIgniter\CodeIgniter->handleRequest(null, Object(Config\Cache), false)
 9 FCPATH\index.php(67): CodeIgniter\CodeIgniter->run()
10 SYSTEMPATH\Commands\Server\rewrite.php(47): require_once('FCPATH\\index.php')
CRITICAL - 2023-05-06 00:19:17 --> Undefined variable $sales_data
in APPPATH\Views\sales_chart.php on line 38.
 1 APPPATH\Views\sales_chart.php(38): CodeIgniter\Debug\Exceptions->errorHandler(2, 'Undefined variable $sales_data', 'APPPATH\\Views\\sales_chart.php', 38)
 2 SYSTEMPATH\View\View.php(213): include('APPPATH\\Views\\sales_chart.php')
 3 SYSTEMPATH\View\View.php(216): CodeIgniter\View\View->CodeIgniter\View\{closure}()
 4 SYSTEMPATH\Common.php(1184): CodeIgniter\View\View->render('sales_chart', [], true)
 5 APPPATH\Controllers\Sales.php(24): view('sales_chart', [...])
 6 SYSTEMPATH\CodeIgniter.php(934): App\Controllers\Sales->index()
 7 SYSTEMPATH\CodeIgniter.php(499): CodeIgniter\CodeIgniter->runController(Object(App\Controllers\Sales))
 8 SYSTEMPATH\CodeIgniter.php(368): CodeIgniter\CodeIgniter->handleRequest(null, Object(Config\Cache), false)
 9 FCPATH\index.php(67): CodeIgniter\CodeIgniter->run()
10 SYSTEMPATH\Commands\Server\rewrite.php(47): require_once('FCPATH\\index.php')
CRITICAL - 2023-05-06 00:19:40 --> Undefined variable $sales_data
in APPPATH\Views\sales_chart.php on line 38.
 1 APPPATH\Views\sales_chart.php(38): CodeIgniter\Debug\Exceptions->errorHandler(2, 'Undefined variable $sales_data', 'APPPATH\\Views\\sales_chart.php', 38)
 2 SYSTEMPATH\View\View.php(213): include('APPPATH\\Views\\sales_chart.php')
 3 SYSTEMPATH\View\View.php(216): CodeIgniter\View\View->CodeIgniter\View\{closure}()
 4 SYSTEMPATH\Common.php(1184): CodeIgniter\View\View->render('sales_chart', [], true)
 5 APPPATH\Controllers\Sales.php(24): view('sales_chart', [...])
 6 SYSTEMPATH\CodeIgniter.php(934): App\Controllers\Sales->index()
 7 SYSTEMPATH\CodeIgniter.php(499): CodeIgniter\CodeIgniter->runController(Object(App\Controllers\Sales))
 8 SYSTEMPATH\CodeIgniter.php(368): CodeIgniter\CodeIgniter->handleRequest(null, Object(Config\Cache), false)
 9 FCPATH\index.php(67): CodeIgniter\CodeIgniter->run()
10 SYSTEMPATH\Commands\Server\rewrite.php(47): require_once('FCPATH\\index.php')
CRITICAL - 2023-05-06 00:22:52 --> Undefined variable $date
in APPPATH\Views\sales_chart.php on line 50.
 1 APPPATH\Views\sales_chart.php(50): CodeIgniter\Debug\Exceptions->errorHandler(2, 'Undefined variable $date', 'APPPATH\\Views\\sales_chart.php', 50)
 2 SYSTEMPATH\View\View.php(213): include('APPPATH\\Views\\sales_chart.php')
 3 SYSTEMPATH\View\View.php(216): CodeIgniter\View\View->CodeIgniter\View\{closure}()
 4 SYSTEMPATH\Common.php(1184): CodeIgniter\View\View->render('sales_chart', [], true)
 5 APPPATH\Controllers\Sales.php(24): view('sales_chart', [...])
 6 SYSTEMPATH\CodeIgniter.php(934): App\Controllers\Sales->index()
 7 SYSTEMPATH\CodeIgniter.php(499): CodeIgniter\CodeIgniter->runController(Object(App\Controllers\Sales))
 8 SYSTEMPATH\CodeIgniter.php(368): CodeIgniter\CodeIgniter->handleRequest(null, Object(Config\Cache), false)
 9 FCPATH\index.php(67): CodeIgniter\CodeIgniter->run()
10 SYSTEMPATH\Commands\Server\rewrite.php(47): require_once('FCPATH\\index.php')
CRITICAL - 2023-05-06 00:23:29 --> Undefined variable $date
in APPPATH\Views\sales_chart.php on line 50.
 1 APPPATH\Views\sales_chart.php(50): CodeIgniter\Debug\Exceptions->errorHandler(2, 'Undefined variable $date', 'APPPATH\\Views\\sales_chart.php', 50)
 2 SYSTEMPATH\View\View.php(213): include('APPPATH\\Views\\sales_chart.php')
 3 SYSTEMPATH\View\View.php(216): CodeIgniter\View\View->CodeIgniter\View\{closure}()
 4 SYSTEMPATH\Common.php(1184): CodeIgniter\View\View->render('sales_chart', [], true)
 5 APPPATH\Controllers\Sales.php(24): view('sales_chart', [...])
 6 SYSTEMPATH\CodeIgniter.php(934): App\Controllers\Sales->index()
 7 SYSTEMPATH\CodeIgniter.php(499): CodeIgniter\CodeIgniter->runController(Object(App\Controllers\Sales))
 8 SYSTEMPATH\CodeIgniter.php(368): CodeIgniter\CodeIgniter->handleRequest(null, Object(Config\Cache), false)
 9 FCPATH\index.php(67): CodeIgniter\CodeIgniter->run()
10 SYSTEMPATH\Commands\Server\rewrite.php(47): require_once('FCPATH\\index.php')
CRITICAL - 2023-05-06 00:25:01 --> Undefined variable $date
in APPPATH\Views\sales_chart.php on line 53.
 1 APPPATH\Views\sales_chart.php(53): CodeIgniter\Debug\Exceptions->errorHandler(2, 'Undefined variable $date', 'APPPATH\\Views\\sales_chart.php', 53)
 2 SYSTEMPATH\View\View.php(213): include('APPPATH\\Views\\sales_chart.php')
 3 SYSTEMPATH\View\View.php(216): CodeIgniter\View\View->CodeIgniter\View\{closure}()
 4 SYSTEMPATH\Common.php(1184): CodeIgniter\View\View->render('sales_chart', [], true)
 5 APPPATH\Controllers\Sales.php(24): view('sales_chart', [...])
 6 SYSTEMPATH\CodeIgniter.php(934): App\Controllers\Sales->index()
 7 SYSTEMPATH\CodeIgniter.php(499): CodeIgniter\CodeIgniter->runController(Object(App\Controllers\Sales))
 8 SYSTEMPATH\CodeIgniter.php(368): CodeIgniter\CodeIgniter->handleRequest(null, Object(Config\Cache), false)
 9 FCPATH\index.php(67): CodeIgniter\CodeIgniter->run()
10 SYSTEMPATH\Commands\Server\rewrite.php(47): require_once('FCPATH\\index.php')
CRITICAL - 2023-05-06 00:27:11 --> Undefined variable $sales
in APPPATH\Views\sales_chart.php on line 33.
 1 APPPATH\Views\sales_chart.php(33): CodeIgniter\Debug\Exceptions->errorHandler(2, 'Undefined variable $sales', 'APPPATH\\Views\\sales_chart.php', 33)
 2 SYSTEMPATH\View\View.php(213): include('APPPATH\\Views\\sales_chart.php')
 3 SYSTEMPATH\View\View.php(216): CodeIgniter\View\View->CodeIgniter\View\{closure}()
 4 SYSTEMPATH\Common.php(1184): CodeIgniter\View\View->render('sales_chart', [], true)
 5 APPPATH\Controllers\Sales.php(18): view('sales_chart', [...])
 6 SYSTEMPATH\CodeIgniter.php(934): App\Controllers\Sales->index()
 7 SYSTEMPATH\CodeIgniter.php(499): CodeIgniter\CodeIgniter->runController(Object(App\Controllers\Sales))
 8 SYSTEMPATH\CodeIgniter.php(368): CodeIgniter\CodeIgniter->handleRequest(null, Object(Config\Cache), false)
 9 FCPATH\index.php(67): CodeIgniter\CodeIgniter->run()
10 SYSTEMPATH\Commands\Server\rewrite.php(47): require_once('FCPATH\\index.php')
CRITICAL - 2023-05-06 00:27:27 --> Undefined variable $title
in APPPATH\Views\layout\template_admin.php on line 7.
 1 APPPATH\Views\layout\template_admin.php(7): CodeIgniter\Debug\Exceptions->errorHandler(2, 'Undefined variable $title', 'APPPATH\\Views\\layout\\template_admin.php', 7)
 2 SYSTEMPATH\View\View.php(213): include('APPPATH\\Views\\layout\\template_admin.php')
 3 SYSTEMPATH\View\View.php(216): CodeIgniter\View\View->CodeIgniter\View\{closure}()
 4 SYSTEMPATH\View\View.php(229): CodeIgniter\View\View->render('layout/template_admin', [], true)
 5 SYSTEMPATH\Common.php(1184): CodeIgniter\View\View->render('sales_chart', [], true)
 6 APPPATH\Controllers\Sales.php(18): view('sales_chart', [...])
 7 SYSTEMPATH\CodeIgniter.php(934): App\Controllers\Sales->index()
 8 SYSTEMPATH\CodeIgniter.php(499): CodeIgniter\CodeIgniter->runController(Object(App\Controllers\Sales))
 9 SYSTEMPATH\CodeIgniter.php(368): CodeIgniter\CodeIgniter->handleRequest(null, Object(Config\Cache), false)
10 FCPATH\index.php(67): CodeIgniter\CodeIgniter->run()
11 SYSTEMPATH\Commands\Server\rewrite.php(47): require_once('FCPATH\\index.php')
CRITICAL - 2023-05-06 00:29:35 --> Undefined variable $title
in APPPATH\Views\layout\template_admin.php on line 7.
 1 APPPATH\Views\layout\template_admin.php(7): CodeIgniter\Debug\Exceptions->errorHandler(2, 'Undefined variable $title', 'APPPATH\\Views\\layout\\template_admin.php', 7)
 2 SYSTEMPATH\View\View.php(213): include('APPPATH\\Views\\layout\\template_admin.php')
 3 SYSTEMPATH\View\View.php(216): CodeIgniter\View\View->CodeIgniter\View\{closure}()
 4 SYSTEMPATH\View\View.php(229): CodeIgniter\View\View->render('layout/template_admin', [], true)
 5 SYSTEMPATH\Common.php(1184): CodeIgniter\View\View->render('sales_chart', [], true)
 6 APPPATH\Controllers\Sales.php(20): view('sales_chart', [...])
 7 SYSTEMPATH\CodeIgniter.php(934): App\Controllers\Sales->index()
 8 SYSTEMPATH\CodeIgniter.php(499): CodeIgniter\CodeIgniter->runController(Object(App\Controllers\Sales))
 9 SYSTEMPATH\CodeIgniter.php(368): CodeIgniter\CodeIgniter->handleRequest(null, Object(Config\Cache), false)
10 FCPATH\index.php(67): CodeIgniter\CodeIgniter->run()
11 SYSTEMPATH\Commands\Server\rewrite.php(47): require_once('FCPATH\\index.php')
CRITICAL - 2023-05-06 00:52:32 --> Undefined variable $sales_data
in APPPATH\Views\sales_chart.php on line 33.
 1 APPPATH\Views\sales_chart.php(33): CodeIgniter\Debug\Exceptions->errorHandler(2, 'Undefined variable $sales_data', 'APPPATH\\Views\\sales_chart.php', 33)
 2 SYSTEMPATH\View\View.php(213): include('APPPATH\\Views\\sales_chart.php')
 3 SYSTEMPATH\View\View.php(216): CodeIgniter\View\View->CodeIgniter\View\{closure}()
 4 SYSTEMPATH\Common.php(1184): CodeIgniter\View\View->render('sales_chart', [], true)
 5 APPPATH\Controllers\Sales.php(21): view('sales_chart', [...])
 6 SYSTEMPATH\CodeIgniter.php(934): App\Controllers\Sales->index()
 7 SYSTEMPATH\CodeIgniter.php(499): CodeIgniter\CodeIgniter->runController(Object(App\Controllers\Sales))
 8 SYSTEMPATH\CodeIgniter.php(368): CodeIgniter\CodeIgniter->handleRequest(null, Object(Config\Cache), false)
 9 FCPATH\index.php(67): CodeIgniter\CodeIgniter->run()
10 SYSTEMPATH\Commands\Server\rewrite.php(47): require_once('FCPATH\\index.php')
ERROR - 2023-05-06 07:10:44 --> Error connecting to the database: mysqli_sql_exception: No connection could be made because the target machine actively refused it in C:\xampp\htdocs\monitoring\vendor\codeigniter4\framework\system\Database\MySQLi\Connection.php:173
Stack trace:
#0 C:\xampp\htdocs\monitoring\vendor\codeigniter4\framework\system\Database\MySQLi\Connection.php(173): mysqli->real_connect('localhost', 'root', Object(SensitiveParameterValue), 'monitoring', 3306, '', 0)
#1 C:\xampp\htdocs\monitoring\vendor\codeigniter4\framework\system\Database\BaseConnection.php(391): CodeIgniter\Database\MySQLi\Connection->connect(false)
#2 C:\xampp\htdocs\monitoring\vendor\codeigniter4\framework\system\Database\BaseConnection.php(573): CodeIgniter\Database\BaseConnection->initialize()
#3 C:\xampp\htdocs\monitoring\app\Models\SalesModel.php(14): CodeIgniter\Database\BaseConnection->query('SELECT date, su...')
#4 C:\xampp\htdocs\monitoring\app\Controllers\Sales.php(19): App\Models\SalesModel->getSalesData('Product A')
#5 C:\xampp\htdocs\monitoring\vendor\codeigniter4\framework\system\CodeIgniter.php(934): App\Controllers\Sales->index()
#6 C:\xampp\htdocs\monitoring\vendor\codeigniter4\framework\system\CodeIgniter.php(499): CodeIgniter\CodeIgniter->runController(Object(App\Controllers\Sales))
#7 C:\xampp\htdocs\monitoring\vendor\codeigniter4\framework\system\CodeIgniter.php(368): CodeIgniter\CodeIgniter->handleRequest(NULL, Object(Config\Cache), false)
#8 C:\xampp\htdocs\monitoring\public\index.php(67): CodeIgniter\CodeIgniter->run()
#9 C:\xampp\htdocs\monitoring\vendor\codeigniter4\framework\system\Commands\Server\rewrite.php(47): require_once('C:\\xampp\\htdocs...')
#10 {main}

Next CodeIgniter\Database\Exceptions\DatabaseException: No connection could be made because the target machine actively refused it in C:\xampp\htdocs\monitoring\vendor\codeigniter4\framework\system\Database\MySQLi\Connection.php:218
Stack trace:
#0 C:\xampp\htdocs\monitoring\vendor\codeigniter4\framework\system\Database\BaseConnection.php(391): CodeIgniter\Database\MySQLi\Connection->connect(false)
#1 C:\xampp\htdocs\monitoring\vendor\codeigniter4\framework\system\Database\BaseConnection.php(573): CodeIgniter\Database\BaseConnection->initialize()
#2 C:\xampp\htdocs\monitoring\app\Models\SalesModel.php(14): CodeIgniter\Database\BaseConnection->query('SELECT date, su...')
#3 C:\xampp\htdocs\monitoring\app\Controllers\Sales.php(19): App\Models\SalesModel->getSalesData('Product A')
#4 C:\xampp\htdocs\monitoring\vendor\codeigniter4\framework\system\CodeIgniter.php(934): App\Controllers\Sales->index()
#5 C:\xampp\htdocs\monitoring\vendor\codeigniter4\framework\system\CodeIgniter.php(499): CodeIgniter\CodeIgniter->runController(Object(App\Controllers\Sales))
#6 C:\xampp\htdocs\monitoring\vendor\codeigniter4\framework\system\CodeIgniter.php(368): CodeIgniter\CodeIgniter->handleRequest(NULL, Object(Config\Cache), false)
#7 C:\xampp\htdocs\monitoring\public\index.php(67): CodeIgniter\CodeIgniter->run()
#8 C:\xampp\htdocs\monitoring\vendor\codeigniter4\framework\system\Commands\Server\rewrite.php(47): require_once('C:\\xampp\\htdocs...')
#9 {main}
CRITICAL - 2023-05-06 07:10:44 --> Unable to connect to the database.
Main connection [MySQLi]: No connection could be made because the target machine actively refused it
in SYSTEMPATH\Database\BaseConnection.php on line 427.
 1 SYSTEMPATH\Database\BaseConnection.php(573): CodeIgniter\Database\BaseConnection->initialize()
 2 APPPATH\Models\SalesModel.php(14): CodeIgniter\Database\BaseConnection->query('SELECT date, sum(amount) as total_amount FROM sales WHERE product = \'Product A\' GROUP BY date')
 3 APPPATH\Controllers\Sales.php(19): App\Models\SalesModel->getSalesData('Product A')
 4 SYSTEMPATH\CodeIgniter.php(934): App\Controllers\Sales->index()
 5 SYSTEMPATH\CodeIgniter.php(499): CodeIgniter\CodeIgniter->runController(Object(App\Controllers\Sales))
 6 SYSTEMPATH\CodeIgniter.php(368): CodeIgniter\CodeIgniter->handleRequest(null, Object(Config\Cache), false)
 7 FCPATH\index.php(67): CodeIgniter\CodeIgniter->run()
 8 SYSTEMPATH\Commands\Server\rewrite.php(47): require_once('FCPATH\\index.php')
